<?xml version="1.0" encoding="UTF-8"?>
<coverage generated="1547057074551" clover="3.2.0">
  <project timestamp="1547057074551" name="All files">
    <metrics statements="2411" coveredstatements="18" conditionals="2773" coveredconditionals="0" methods="618" coveredmethods="3" elements="5802" coveredelements="21" complexity="0" loc="2411" ncloc="2411" packages="10" files="83" classes="83">
      <package name="dist.js.webpack:.(webpack).buildin">
        <metrics statements="6" coveredstatements="0" conditionals="4" coveredconditionals="0" methods="1" coveredmethods="0"/>
        <file name="global.js" path="/Users/Ben/Documents/Turing/Mod4/nasa-vues/dist/js/webpack:/(webpack)/buildin/global.js">
          <metrics statements="6" coveredstatements="0" conditionals="4" coveredconditionals="0" methods="1" coveredmethods="0"/>
          <line num="4" count="0" type="stmt"/>
          <line num="5" count="0" type="stmt"/>
          <line num="8" count="0" type="stmt"/>
          <line num="10" count="0" type="cond" truecount="0" falsecount="2"/>
          <line num="13" count="0" type="cond" truecount="0" falsecount="2"/>
          <line num="20" count="0" type="stmt"/>
        </file>
      </package>
      <package name="dist.js.webpack:.node_modules.core-js.modules">
        <metrics statements="563" coveredstatements="0" conditionals="487" coveredconditionals="0" methods="138" coveredmethods="0"/>
        <file name="_a-function.js" path="/Users/Ben/Documents/Turing/Mod4/nasa-vues/dist/js/webpack:/node_modules/core-js/modules/_a-function.js">
          <metrics statements="3" coveredstatements="0" conditionals="2" coveredconditionals="0" methods="1" coveredmethods="0"/>
          <line num="1" count="0" type="stmt"/>
          <line num="2" count="0" type="cond" truecount="0" falsecount="2"/>
          <line num="3" count="0" type="stmt"/>
        </file>
        <file name="_add-to-unscopables.js" path="/Users/Ben/Documents/Turing/Mod4/nasa-vues/dist/js/webpack:/node_modules/core-js/modules/_add-to-unscopables.js">
          <metrics statements="3" coveredstatements="0" conditionals="2" coveredconditionals="0" methods="1" coveredmethods="0"/>
          <line num="2" count="0" type="stmt"/>
          <line num="3" count="0" type="cond" truecount="0" falsecount="2"/>
          <line num="6" count="0" type="stmt"/>
        </file>
        <file name="_an-instance.js" path="/Users/Ben/Documents/Turing/Mod4/nasa-vues/dist/js/webpack:/node_modules/core-js/modules/_an-instance.js">
          <metrics statements="4" coveredstatements="0" conditionals="5" coveredconditionals="0" methods="1" coveredmethods="0"/>
          <line num="1" count="0" type="stmt"/>
          <line num="2" count="0" type="cond" truecount="0" falsecount="5"/>
          <line num="3" count="0" type="stmt"/>
          <line num="4" count="0" type="stmt"/>
        </file>
        <file name="_an-object.js" path="/Users/Ben/Documents/Turing/Mod4/nasa-vues/dist/js/webpack:/node_modules/core-js/modules/_an-object.js">
          <metrics statements="4" coveredstatements="0" conditionals="2" coveredconditionals="0" methods="1" coveredmethods="0"/>
          <line num="1" count="0" type="stmt"/>
          <line num="2" count="0" type="stmt"/>
          <line num="3" count="0" type="cond" truecount="0" falsecount="2"/>
          <line num="4" count="0" type="stmt"/>
        </file>
        <file name="_array-includes.js" path="/Users/Ben/Documents/Turing/Mod4/nasa-vues/dist/js/webpack:/node_modules/core-js/modules/_array-includes.js">
          <metrics statements="13" coveredstatements="0" conditionals="16" coveredconditionals="0" methods="2" coveredmethods="0"/>
          <line num="3" count="0" type="stmt"/>
          <line num="4" count="0" type="stmt"/>
          <line num="5" count="0" type="stmt"/>
          <line num="6" count="0" type="stmt"/>
          <line num="7" count="0" type="stmt"/>
          <line num="8" count="0" type="stmt"/>
          <line num="9" count="0" type="stmt"/>
          <line num="10" count="0" type="stmt"/>
          <line num="14" count="0" type="cond" truecount="0" falsecount="4"/>
          <line num="17" count="0" type="cond" truecount="0" falsecount="2"/>
          <line num="19" count="0" type="cond" truecount="0" falsecount="5"/>
          <line num="20" count="0" type="cond" truecount="0" falsecount="3"/>
          <line num="21" count="0" type="cond" truecount="0" falsecount="2"/>
        </file>
        <file name="_classof.js" path="/Users/Ben/Documents/Turing/Mod4/nasa-vues/dist/js/webpack:/node_modules/core-js/modules/_classof.js">
          <metrics statements="8" coveredstatements="0" conditionals="12" coveredconditionals="0" methods="3" coveredmethods="0"/>
          <line num="2" count="0" type="stmt"/>
          <line num="3" count="0" type="stmt"/>
          <line num="5" count="0" type="stmt"/>
          <line num="8" count="0" type="stmt"/>
          <line num="9" count="0" type="stmt"/>
          <line num="10" count="0" type="stmt"/>
          <line num="14" count="0" type="stmt"/>
          <line num="16" count="0" type="cond" truecount="0" falsecount="4"/>
        </file>
        <file name="_cof.js" path="/Users/Ben/Documents/Turing/Mod4/nasa-vues/dist/js/webpack:/node_modules/core-js/modules/_cof.js">
          <metrics statements="2" coveredstatements="0" conditionals="0" coveredconditionals="0" methods="1" coveredmethods="0"/>
          <line num="3" count="0" type="stmt"/>
          <line num="4" count="0" type="stmt"/>
        </file>
        <file name="_core.js" path="/Users/Ben/Documents/Turing/Mod4/nasa-vues/dist/js/webpack:/node_modules/core-js/modules/_core.js">
          <metrics statements="2" coveredstatements="0" conditionals="2" coveredconditionals="0" methods="0" coveredmethods="0"/>
          <line num="1" count="0" type="stmt"/>
          <line num="2" count="0" type="cond" truecount="0" falsecount="2"/>
        </file>
        <file name="_ctx.js" path="/Users/Ben/Documents/Turing/Mod4/nasa-vues/dist/js/webpack:/node_modules/core-js/modules/_ctx.js">
          <metrics statements="12" coveredstatements="0" conditionals="5" coveredconditionals="0" methods="5" coveredmethods="0"/>
          <line num="2" count="0" type="stmt"/>
          <line num="3" count="0" type="stmt"/>
          <line num="5" count="0" type="cond" truecount="0" falsecount="2"/>
          <line num="6" count="0" type="stmt"/>
          <line num="7" count="0" type="cond" truecount="0" falsecount="3"/>
          <line num="8" count="0" type="stmt"/>
          <line num="10" count="0" type="stmt"/>
          <line num="11" count="0" type="stmt"/>
          <line num="13" count="0" type="stmt"/>
          <line num="14" count="0" type="stmt"/>
          <line num="17" count="0" type="stmt"/>
          <line num="18" count="0" type="stmt"/>
        </file>
        <file name="_defined.js" path="/Users/Ben/Documents/Turing/Mod4/nasa-vues/dist/js/webpack:/node_modules/core-js/modules/_defined.js">
          <metrics statements="3" coveredstatements="0" conditionals="2" coveredconditionals="0" methods="1" coveredmethods="0"/>
          <line num="2" count="0" type="stmt"/>
          <line num="3" count="0" type="cond" truecount="0" falsecount="2"/>
          <line num="4" count="0" type="stmt"/>
        </file>
        <file name="_descriptors.js" path="/Users/Ben/Documents/Turing/Mod4/nasa-vues/dist/js/webpack:/node_modules/core-js/modules/_descriptors.js">
          <metrics statements="2" coveredstatements="0" conditionals="0" coveredconditionals="0" methods="2" coveredmethods="0"/>
          <line num="2" count="0" type="stmt"/>
          <line num="3" count="0" type="stmt"/>
        </file>
        <file name="_dom-create.js" path="/Users/Ben/Documents/Turing/Mod4/nasa-vues/dist/js/webpack:/node_modules/core-js/modules/_dom-create.js">
          <metrics statements="5" coveredstatements="0" conditionals="4" coveredconditionals="0" methods="1" coveredmethods="0"/>
          <line num="1" count="0" type="stmt"/>
          <line num="2" count="0" type="stmt"/>
          <line num="4" count="0" type="cond" truecount="0" falsecount="2"/>
          <line num="5" count="0" type="stmt"/>
          <line num="6" count="0" type="cond" truecount="0" falsecount="2"/>
        </file>
        <file name="_enum-bug-keys.js" path="/Users/Ben/Documents/Turing/Mod4/nasa-vues/dist/js/webpack:/node_modules/core-js/modules/_enum-bug-keys.js">
          <metrics statements="1" coveredstatements="0" conditionals="0" coveredconditionals="0" methods="0" coveredmethods="0"/>
          <line num="2" count="0" type="stmt"/>
        </file>
        <file name="_export.js" path="/Users/Ben/Documents/Turing/Mod4/nasa-vues/dist/js/webpack:/node_modules/core-js/modules/_export.js">
          <metrics statements="18" coveredstatements="0" conditionals="30" coveredconditionals="0" methods="1" coveredmethods="0"/>
          <line num="1" count="0" type="stmt"/>
          <line num="2" count="0" type="stmt"/>
          <line num="3" count="0" type="stmt"/>
          <line num="4" count="0" type="stmt"/>
          <line num="5" count="0" type="stmt"/>
          <line num="6" count="0" type="stmt"/>
          <line num="8" count="0" type="stmt"/>
          <line num="9" count="0" type="stmt"/>
          <line num="10" count="0" type="stmt"/>
          <line num="11" count="0" type="stmt"/>
          <line num="12" count="0" type="stmt"/>
          <line num="13" count="0" type="stmt"/>
          <line num="14" count="0" type="cond" truecount="0" falsecount="6"/>
          <line num="15" count="0" type="cond" truecount="0" falsecount="4"/>
          <line num="16" count="0" type="cond" truecount="0" falsecount="2"/>
          <line num="19" count="0" type="stmt"/>
          <line num="21" count="0" type="cond" truecount="0" falsecount="3"/>
          <line num="33" count="0" type="stmt"/>
        </file>
        <file name="_fails.js" path="/Users/Ben/Documents/Turing/Mod4/nasa-vues/dist/js/webpack:/node_modules/core-js/modules/_fails.js">
          <metrics statements="4" coveredstatements="0" conditionals="0" coveredconditionals="0" methods="1" coveredmethods="0"/>
          <line num="1" count="0" type="stmt"/>
          <line num="2" count="0" type="stmt"/>
          <line num="3" count="0" type="stmt"/>
          <line num="5" count="0" type="stmt"/>
        </file>
        <file name="_for-of.js" path="/Users/Ben/Documents/Turing/Mod4/nasa-vues/dist/js/webpack:/node_modules/core-js/modules/_for-of.js">
          <metrics statements="18" coveredstatements="0" conditionals="18" coveredconditionals="0" methods="2" coveredmethods="0"/>
          <line num="1" count="0" type="stmt"/>
          <line num="2" count="0" type="stmt"/>
          <line num="3" count="0" type="stmt"/>
          <line num="4" count="0" type="stmt"/>
          <line num="5" count="0" type="stmt"/>
          <line num="6" count="0" type="stmt"/>
          <line num="7" count="0" type="stmt"/>
          <line num="8" count="0" type="stmt"/>
          <line num="9" count="0" type="stmt"/>
          <line num="10" count="0" type="cond" truecount="0" falsecount="2"/>
          <line num="11" count="0" type="cond" truecount="0" falsecount="2"/>
          <line num="12" count="0" type="stmt"/>
          <line num="14" count="0" type="cond" truecount="0" falsecount="2"/>
          <line num="16" count="0" type="cond" truecount="0" falsecount="2"/>
          <line num="18" count="0" type="cond" truecount="0" falsecount="4"/>
          <line num="19" count="0" type="stmt"/>
          <line num="21" count="0" type="cond" truecount="0" falsecount="4"/>
          <line num="24" count="0" type="stmt"/>
        </file>
        <file name="_global.js" path="/Users/Ben/Documents/Turing/Mod4/nasa-vues/dist/js/webpack:/node_modules/core-js/modules/_global.js">
          <metrics statements="2" coveredstatements="0" conditionals="10" coveredconditionals="0" methods="0" coveredmethods="0"/>
          <line num="2" count="0" type="cond" truecount="0" falsecount="2"/>
          <line num="6" count="0" type="cond" truecount="0" falsecount="2"/>
        </file>
        <file name="_has.js" path="/Users/Ben/Documents/Turing/Mod4/nasa-vues/dist/js/webpack:/node_modules/core-js/modules/_has.js">
          <metrics statements="3" coveredstatements="0" conditionals="0" coveredconditionals="0" methods="1" coveredmethods="0"/>
          <line num="1" count="0" type="stmt"/>
          <line num="2" count="0" type="stmt"/>
          <line num="3" count="0" type="stmt"/>
        </file>
        <file name="_hide.js" path="/Users/Ben/Documents/Turing/Mod4/nasa-vues/dist/js/webpack:/node_modules/core-js/modules/_hide.js">
          <metrics statements="5" coveredstatements="0" conditionals="2" coveredconditionals="0" methods="2" coveredmethods="0"/>
          <line num="1" count="0" type="stmt"/>
          <line num="2" count="0" type="stmt"/>
          <line num="3" count="0" type="cond" truecount="0" falsecount="2"/>
          <line num="4" count="0" type="stmt"/>
          <line num="7" count="0" type="stmt"/>
        </file>
        <file name="_html.js" path="/Users/Ben/Documents/Turing/Mod4/nasa-vues/dist/js/webpack:/node_modules/core-js/modules/_html.js">
          <metrics statements="2" coveredstatements="0" conditionals="2" coveredconditionals="0" methods="0" coveredmethods="0"/>
          <line num="1" count="0" type="stmt"/>
          <line num="2" count="0" type="cond" truecount="0" falsecount="2"/>
        </file>
        <file name="_ie8-dom-define.js" path="/Users/Ben/Documents/Turing/Mod4/nasa-vues/dist/js/webpack:/node_modules/core-js/modules/_ie8-dom-define.js">
          <metrics statements="2" coveredstatements="0" conditionals="2" coveredconditionals="0" methods="2" coveredmethods="0"/>
          <line num="1" count="0" type="cond" truecount="0" falsecount="2"/>
          <line num="2" count="0" type="stmt"/>
        </file>
        <file name="_invoke.js" path="/Users/Ben/Documents/Turing/Mod4/nasa-vues/dist/js/webpack:/node_modules/core-js/modules/_invoke.js">
          <metrics statements="9" coveredstatements="0" conditionals="15" coveredconditionals="0" methods="1" coveredmethods="0"/>
          <line num="2" count="0" type="stmt"/>
          <line num="3" count="0" type="stmt"/>
          <line num="4" count="0" type="stmt"/>
          <line num="5" count="0" type="cond" truecount="0" falsecount="7"/>
          <line num="7" count="0" type="cond" truecount="0" falsecount="2"/>
          <line num="9" count="0" type="cond" truecount="0" falsecount="2"/>
          <line num="11" count="0" type="cond" truecount="0" falsecount="2"/>
          <line num="13" count="0" type="cond" truecount="0" falsecount="2"/>
          <line num="15" count="0" type="stmt"/>
        </file>
        <file name="_iobject.js" path="/Users/Ben/Documents/Turing/Mod4/nasa-vues/dist/js/webpack:/node_modules/core-js/modules/_iobject.js">
          <metrics statements="3" coveredstatements="0" conditionals="4" coveredconditionals="0" methods="1" coveredmethods="0"/>
          <line num="2" count="0" type="stmt"/>
          <line num="4" count="0" type="cond" truecount="0" falsecount="2"/>
          <line num="5" count="0" type="cond" truecount="0" falsecount="2"/>
        </file>
        <file name="_is-array-iter.js" path="/Users/Ben/Documents/Turing/Mod4/nasa-vues/dist/js/webpack:/node_modules/core-js/modules/_is-array-iter.js">
          <metrics statements="5" coveredstatements="0" conditionals="3" coveredconditionals="0" methods="1" coveredmethods="0"/>
          <line num="2" count="0" type="stmt"/>
          <line num="3" count="0" type="stmt"/>
          <line num="4" count="0" type="stmt"/>
          <line num="6" count="0" type="stmt"/>
          <line num="7" count="0" type="cond" truecount="0" falsecount="3"/>
        </file>
        <file name="_is-object.js" path="/Users/Ben/Documents/Turing/Mod4/nasa-vues/dist/js/webpack:/node_modules/core-js/modules/_is-object.js">
          <metrics statements="2" coveredstatements="0" conditionals="2" coveredconditionals="0" methods="1" coveredmethods="0"/>
          <line num="1" count="0" type="stmt"/>
          <line num="2" count="0" type="cond" truecount="0" falsecount="2"/>
        </file>
        <file name="_iter-call.js" path="/Users/Ben/Documents/Turing/Mod4/nasa-vues/dist/js/webpack:/node_modules/core-js/modules/_iter-call.js">
          <metrics statements="6" coveredstatements="0" conditionals="4" coveredconditionals="0" methods="1" coveredmethods="0"/>
          <line num="2" count="0" type="stmt"/>
          <line num="3" count="0" type="stmt"/>
          <line num="4" count="0" type="stmt"/>
          <line num="5" count="0" type="cond" truecount="0" falsecount="2"/>
          <line num="8" count="0" type="stmt"/>
          <line num="10" count="0" type="cond" truecount="0" falsecount="2"/>
        </file>
        <file name="_iter-create.js" path="/Users/Ben/Documents/Turing/Mod4/nasa-vues/dist/js/webpack:/node_modules/core-js/modules/_iter-create.js">
          <metrics statements="6" coveredstatements="0" conditionals="0" coveredconditionals="0" methods="2" coveredmethods="0"/>
          <line num="2" count="0" type="stmt"/>
          <line num="3" count="0" type="stmt"/>
          <line num="4" count="0" type="stmt"/>
          <line num="5" count="0" type="stmt"/>
          <line num="8" count="0" type="stmt"/>
          <line num="11" count="0" type="stmt"/>
        </file>
        <file name="_iter-define.js" path="/Users/Ben/Documents/Turing/Mod4/nasa-vues/dist/js/webpack:/node_modules/core-js/modules/_iter-define.js">
          <metrics statements="36" coveredstatements="0" conditionals="51" coveredconditionals="0" methods="7" coveredmethods="0"/>
          <line num="2" count="0" type="stmt"/>
          <line num="3" count="0" type="stmt"/>
          <line num="4" count="0" type="stmt"/>
          <line num="5" count="0" type="stmt"/>
          <line num="6" count="0" type="stmt"/>
          <line num="7" count="0" type="stmt"/>
          <line num="8" count="0" type="stmt"/>
          <line num="9" count="0" type="stmt"/>
          <line num="10" count="0" type="stmt"/>
          <line num="11" count="0" type="cond" truecount="0" falsecount="2"/>
          <line num="12" count="0" type="stmt"/>
          <line num="13" count="0" type="stmt"/>
          <line num="14" count="0" type="stmt"/>
          <line num="16" count="0" type="stmt"/>
          <line num="18" count="0" type="stmt"/>
          <line num="19" count="0" type="stmt"/>
          <line num="20" count="0" type="stmt"/>
          <line num="21" count="0" type="cond" truecount="0" falsecount="4"/>
          <line num="22" count="0" type="stmt"/>
          <line num="23" count="0" type="cond" truecount="0" falsecount="2"/>
          <line num="24" count="0" type="stmt"/>
          <line num="25" count="0" type="stmt"/>
          <line num="27" count="0" type="stmt"/>
          <line num="28" count="0" type="stmt"/>
          <line num="29" count="0" type="stmt"/>
          <line num="30" count="0" type="stmt"/>
          <line num="31" count="0" type="cond" truecount="0" falsecount="4"/>
          <line num="32" count="0" type="cond" truecount="0" falsecount="2"/>
          <line num="33" count="0" type="cond" truecount="0" falsecount="4"/>
          <line num="34" count="0" type="cond" truecount="0" falsecount="3"/>
          <line num="49" count="0" type="stmt"/>
          <line num="58" count="0" type="cond" truecount="0" falsecount="2"/>
          <line num="64" count="0" type="cond" truecount="0" falsecount="2"/>
          <line num="65" count="0" type="cond" truecount="0" falsecount="2"/>
          <line num="66" count="0" type="cond" truecount="0" falsecount="2"/>
          <line num="68" count="0" type="stmt"/>
        </file>
        <file name="_iter-detect.js" path="/Users/Ben/Documents/Turing/Mod4/nasa-vues/dist/js/webpack:/node_modules/core-js/modules/_iter-detect.js">
          <metrics statements="15" coveredstatements="0" conditionals="4" coveredconditionals="0" methods="5" coveredmethods="0"/>
          <line num="1" count="0" type="stmt"/>
          <line num="2" count="0" type="stmt"/>
          <line num="4" count="0" type="stmt"/>
          <line num="5" count="0" type="stmt"/>
          <line num="6" count="0" type="stmt"/>
          <line num="8" count="0" type="stmt"/>
          <line num="11" count="0" type="stmt"/>
          <line num="12" count="0" type="cond" truecount="0" falsecount="4"/>
          <line num="13" count="0" type="stmt"/>
          <line num="14" count="0" type="stmt"/>
          <line num="15" count="0" type="stmt"/>
          <line num="16" count="0" type="stmt"/>
          <line num="17" count="0" type="stmt"/>
          <line num="18" count="0" type="stmt"/>
          <line num="21" count="0" type="stmt"/>
        </file>
        <file name="_iter-step.js" path="/Users/Ben/Documents/Turing/Mod4/nasa-vues/dist/js/webpack:/node_modules/core-js/modules/_iter-step.js">
          <metrics statements="2" coveredstatements="0" conditionals="0" coveredconditionals="0" methods="1" coveredmethods="0"/>
          <line num="1" count="0" type="stmt"/>
          <line num="2" count="0" type="stmt"/>
        </file>
        <file name="_iterators.js" path="/Users/Ben/Documents/Turing/Mod4/nasa-vues/dist/js/webpack:/node_modules/core-js/modules/_iterators.js">
          <metrics statements="1" coveredstatements="0" conditionals="0" coveredconditionals="0" methods="0" coveredmethods="0"/>
          <line num="1" count="0" type="stmt"/>
        </file>
        <file name="_library.js" path="/Users/Ben/Documents/Turing/Mod4/nasa-vues/dist/js/webpack:/node_modules/core-js/modules/_library.js">
          <metrics statements="1" coveredstatements="0" conditionals="0" coveredconditionals="0" methods="0" coveredmethods="0"/>
          <line num="1" count="0" type="stmt"/>
        </file>
        <file name="_microtask.js" path="/Users/Ben/Documents/Turing/Mod4/nasa-vues/dist/js/webpack:/node_modules/core-js/modules/_microtask.js">
          <metrics statements="32" coveredstatements="0" conditionals="24" coveredconditionals="0" methods="7" coveredmethods="0"/>
          <line num="1" count="0" type="stmt"/>
          <line num="2" count="0" type="stmt"/>
          <line num="3" count="0" type="cond" truecount="0" falsecount="2"/>
          <line num="4" count="0" type="stmt"/>
          <line num="5" count="0" type="stmt"/>
          <line num="6" count="0" type="stmt"/>
          <line num="8" count="0" type="stmt"/>
          <line num="11" count="0" type="stmt"/>
          <line num="13" count="0" type="cond" truecount="0" falsecount="3"/>
          <line num="14" count="0" type="stmt"/>
          <line num="15" count="0" type="stmt"/>
          <line num="17" count="0" type="stmt"/>
          <line num="18" count="0" type="stmt"/>
          <line num="22" count="0" type="stmt"/>
          <line num="24" count="0" type="stmt"/>
          <line num="29" count="0" type="cond" truecount="0" falsecount="2"/>
          <line num="30" count="0" type="stmt"/>
          <line num="31" count="0" type="stmt"/>
          <line num="34" count="0" type="cond" truecount="0" falsecount="5"/>
          <line num="35" count="0" type="stmt"/>
          <line num="36" count="0" type="stmt"/>
          <line num="37" count="0" type="stmt"/>
          <line num="39" count="0" type="stmt"/>
          <line num="42" count="0" type="cond" truecount="0" falsecount="4"/>
          <line num="44" count="0" type="stmt"/>
          <line num="45" count="0" type="stmt"/>
          <line num="46" count="0" type="stmt"/>
          <line num="55" count="0" type="stmt"/>
          <line num="57" count="0" type="stmt"/>
          <line num="61" count="0" type="stmt"/>
          <line num="62" count="0" type="stmt"/>
          <line num="63" count="0" type="cond" truecount="0" falsecount="2"/>
        </file>
        <file name="_new-promise-capability.js" path="/Users/Ben/Documents/Turing/Mod4/nasa-vues/dist/js/webpack:/node_modules/core-js/modules/_new-promise-capability.js">
          <metrics statements="6" coveredstatements="0" conditionals="4" coveredconditionals="0" methods="3" coveredmethods="0"/>
          <line num="3" count="0" type="stmt"/>
          <line num="7" count="0" type="stmt"/>
          <line num="8" count="0" type="cond" truecount="0" falsecount="4"/>
          <line num="9" count="0" type="stmt"/>
          <line num="16" count="0" type="stmt"/>
          <line num="17" count="0" type="stmt"/>
        </file>
        <file name="_object-create.js" path="/Users/Ben/Documents/Turing/Mod4/nasa-vues/dist/js/webpack:/node_modules/core-js/modules/_object-create.js">
          <metrics statements="16" coveredstatements="0" conditionals="6" coveredconditionals="0" methods="3" coveredmethods="0"/>
          <line num="2" count="0" type="stmt"/>
          <line num="3" count="0" type="stmt"/>
          <line num="4" count="0" type="stmt"/>
          <line num="5" count="0" type="stmt"/>
          <line num="6" count="0" type="stmt"/>
          <line num="7" count="0" type="stmt"/>
          <line num="10" count="0" type="stmt"/>
          <line num="12" count="0" type="stmt"/>
          <line num="13" count="0" type="stmt"/>
          <line num="14" count="0" type="stmt"/>
          <line num="15" count="0" type="stmt"/>
          <line num="17" count="0" type="stmt"/>
          <line num="27" count="0" type="stmt"/>
          <line num="28" count="0" type="stmt"/>
          <line num="31" count="0" type="cond" truecount="0" falsecount="2"/>
          <line num="40" count="0" type="cond" truecount="0" falsecount="2"/>
        </file>
        <file name="_object-dp.js" path="/Users/Ben/Documents/Turing/Mod4/nasa-vues/dist/js/webpack:/node_modules/core-js/modules/_object-dp.js">
          <metrics statements="5" coveredstatements="0" conditionals="10" coveredconditionals="0" methods="1" coveredmethods="0"/>
          <line num="6" count="0" type="cond" truecount="0" falsecount="2"/>
          <line num="10" count="0" type="cond" truecount="0" falsecount="2"/>
          <line num="11" count="0" type="stmt"/>
          <line num="13" count="0" type="cond" truecount="0" falsecount="4"/>
          <line num="15" count="0" type="stmt"/>
        </file>
        <file name="_object-dps.js" path="/Users/Ben/Documents/Turing/Mod4/nasa-vues/dist/js/webpack:/node_modules/core-js/modules/_object-dps.js">
          <metrics statements="10" coveredstatements="0" conditionals="2" coveredconditionals="0" methods="1" coveredmethods="0"/>
          <line num="1" count="0" type="stmt"/>
          <line num="2" count="0" type="stmt"/>
          <line num="3" count="0" type="stmt"/>
          <line num="5" count="0" type="cond" truecount="0" falsecount="2"/>
          <line num="6" count="0" type="stmt"/>
          <line num="7" count="0" type="stmt"/>
          <line num="8" count="0" type="stmt"/>
          <line num="9" count="0" type="stmt"/>
          <line num="11" count="0" type="stmt"/>
          <line num="12" count="0" type="stmt"/>
        </file>
        <file name="_object-gpo.js" path="/Users/Ben/Documents/Turing/Mod4/nasa-vues/dist/js/webpack:/node_modules/core-js/modules/_object-gpo.js">
          <metrics statements="6" coveredstatements="0" conditionals="10" coveredconditionals="0" methods="1" coveredmethods="0"/>
          <line num="2" count="0" type="stmt"/>
          <line num="3" count="0" type="stmt"/>
          <line num="4" count="0" type="stmt"/>
          <line num="5" count="0" type="stmt"/>
          <line num="7" count="0" type="cond" truecount="0" falsecount="2"/>
          <line num="9" count="0" type="cond" truecount="0" falsecount="2"/>
        </file>
        <file name="_object-keys-internal.js" path="/Users/Ben/Documents/Turing/Mod4/nasa-vues/dist/js/webpack:/node_modules/core-js/modules/_object-keys-internal.js">
          <metrics statements="11" coveredstatements="0" conditionals="6" coveredconditionals="0" methods="1" coveredmethods="0"/>
          <line num="1" count="0" type="stmt"/>
          <line num="2" count="0" type="stmt"/>
          <line num="3" count="0" type="stmt"/>
          <line num="4" count="0" type="stmt"/>
          <line num="6" count="0" type="stmt"/>
          <line num="7" count="0" type="stmt"/>
          <line num="8" count="0" type="stmt"/>
          <line num="9" count="0" type="stmt"/>
          <line num="11" count="0" type="cond" truecount="0" falsecount="3"/>
          <line num="13" count="0" type="cond" truecount="0" falsecount="3"/>
          <line num="16" count="0" type="stmt"/>
        </file>
        <file name="_object-keys.js" path="/Users/Ben/Documents/Turing/Mod4/nasa-vues/dist/js/webpack:/node_modules/core-js/modules/_object-keys.js">
          <metrics statements="4" coveredstatements="0" conditionals="2" coveredconditionals="0" methods="1" coveredmethods="0"/>
          <line num="2" count="0" type="stmt"/>
          <line num="3" count="0" type="stmt"/>
          <line num="5" count="0" type="cond" truecount="0" falsecount="2"/>
          <line num="6" count="0" type="stmt"/>
        </file>
        <file name="_perform.js" path="/Users/Ben/Documents/Turing/Mod4/nasa-vues/dist/js/webpack:/node_modules/core-js/modules/_perform.js">
          <metrics statements="4" coveredstatements="0" conditionals="0" coveredconditionals="0" methods="1" coveredmethods="0"/>
          <line num="1" count="0" type="stmt"/>
          <line num="2" count="0" type="stmt"/>
          <line num="3" count="0" type="stmt"/>
          <line num="5" count="0" type="stmt"/>
        </file>
        <file name="_promise-resolve.js" path="/Users/Ben/Documents/Turing/Mod4/nasa-vues/dist/js/webpack:/node_modules/core-js/modules/_promise-resolve.js">
          <metrics statements="8" coveredstatements="0" conditionals="4" coveredconditionals="0" methods="1" coveredmethods="0"/>
          <line num="1" count="0" type="stmt"/>
          <line num="2" count="0" type="stmt"/>
          <line num="3" count="0" type="stmt"/>
          <line num="5" count="0" type="stmt"/>
          <line num="7" count="0" type="cond" truecount="0" falsecount="4"/>
          <line num="8" count="0" type="stmt"/>
          <line num="9" count="0" type="stmt"/>
          <line num="11" count="0" type="stmt"/>
        </file>
        <file name="_property-desc.js" path="/Users/Ben/Documents/Turing/Mod4/nasa-vues/dist/js/webpack:/node_modules/core-js/modules/_property-desc.js">
          <metrics statements="2" coveredstatements="0" conditionals="0" coveredconditionals="0" methods="1" coveredmethods="0"/>
          <line num="1" count="0" type="stmt"/>
          <line num="2" count="0" type="stmt"/>
        </file>
        <file name="_redefine-all.js" path="/Users/Ben/Documents/Turing/Mod4/nasa-vues/dist/js/webpack:/node_modules/core-js/modules/_redefine-all.js">
          <metrics statements="4" coveredstatements="0" conditionals="0" coveredconditionals="0" methods="1" coveredmethods="0"/>
          <line num="1" count="0" type="stmt"/>
          <line num="2" count="0" type="stmt"/>
          <line num="3" count="0" type="stmt"/>
          <line num="4" count="0" type="stmt"/>
        </file>
        <file name="_redefine.js" path="/Users/Ben/Documents/Turing/Mod4/nasa-vues/dist/js/webpack:/node_modules/core-js/modules/_redefine.js">
          <metrics statements="12" coveredstatements="0" conditionals="19" coveredconditionals="0" methods="3" coveredmethods="0"/>
          <line num="1" count="0" type="stmt"/>
          <line num="2" count="0" type="stmt"/>
          <line num="3" count="0" type="stmt"/>
          <line num="4" count="0" type="stmt"/>
          <line num="5" count="0" type="stmt"/>
          <line num="6" count="0" type="stmt"/>
          <line num="7" count="0" type="stmt"/>
          <line num="9" count="0" type="stmt"/>
          <line num="10" count="0" type="stmt"/>
          <line num="14" count="0" type="stmt"/>
          <line num="15" count="0" type="cond" truecount="0" falsecount="3"/>
          <line num="30" count="0" type="cond" truecount="0" falsecount="3"/>
        </file>
        <file name="_set-species.js" path="/Users/Ben/Documents/Turing/Mod4/nasa-vues/dist/js/webpack:/node_modules/core-js/modules/_set-species.js">
          <metrics statements="8" coveredstatements="0" conditionals="4" coveredconditionals="0" methods="2" coveredmethods="0"/>
          <line num="2" count="0" type="stmt"/>
          <line num="3" count="0" type="stmt"/>
          <line num="4" count="0" type="stmt"/>
          <line num="5" count="0" type="stmt"/>
          <line num="7" count="0" type="stmt"/>
          <line num="8" count="0" type="stmt"/>
          <line num="9" count="0" type="cond" truecount="0" falsecount="4"/>
          <line num="11" count="0" type="stmt"/>
        </file>
        <file name="_set-to-string-tag.js" path="/Users/Ben/Documents/Turing/Mod4/nasa-vues/dist/js/webpack:/node_modules/core-js/modules/_set-to-string-tag.js">
          <metrics statements="5" coveredstatements="0" conditionals="5" coveredconditionals="0" methods="1" coveredmethods="0"/>
          <line num="1" count="0" type="stmt"/>
          <line num="2" count="0" type="stmt"/>
          <line num="3" count="0" type="stmt"/>
          <line num="5" count="0" type="stmt"/>
          <line num="6" count="0" type="cond" truecount="0" falsecount="5"/>
        </file>
        <file name="_shared-key.js" path="/Users/Ben/Documents/Turing/Mod4/nasa-vues/dist/js/webpack:/node_modules/core-js/modules/_shared-key.js">
          <metrics statements="4" coveredstatements="0" conditionals="2" coveredconditionals="0" methods="1" coveredmethods="0"/>
          <line num="1" count="0" type="stmt"/>
          <line num="2" count="0" type="stmt"/>
          <line num="3" count="0" type="stmt"/>
          <line num="4" count="0" type="cond" truecount="0" falsecount="2"/>
        </file>
        <file name="_shared.js" path="/Users/Ben/Documents/Turing/Mod4/nasa-vues/dist/js/webpack:/node_modules/core-js/modules/_shared.js">
          <metrics statements="5" coveredstatements="0" conditionals="6" coveredconditionals="0" methods="1" coveredmethods="0"/>
          <line num="1" count="0" type="stmt"/>
          <line num="2" count="0" type="stmt"/>
          <line num="3" count="0" type="stmt"/>
          <line num="4" count="0" type="cond" truecount="0" falsecount="2"/>
          <line num="7" count="0" type="cond" truecount="0" falsecount="2"/>
        </file>
        <file name="_species-constructor.js" path="/Users/Ben/Documents/Turing/Mod4/nasa-vues/dist/js/webpack:/node_modules/core-js/modules/_species-constructor.js">
          <metrics statements="6" coveredstatements="0" conditionals="2" coveredconditionals="0" methods="1" coveredmethods="0"/>
          <line num="2" count="0" type="stmt"/>
          <line num="3" count="0" type="stmt"/>
          <line num="4" count="0" type="stmt"/>
          <line num="5" count="0" type="stmt"/>
          <line num="6" count="0" type="stmt"/>
          <line num="8" count="0" type="cond" truecount="0" falsecount="2"/>
        </file>
        <file name="_task.js" path="/Users/Ben/Documents/Turing/Mod4/nasa-vues/dist/js/webpack:/node_modules/core-js/modules/_task.js">
          <metrics statements="32" coveredstatements="0" conditionals="22" coveredconditionals="0" methods="11" coveredmethods="0"/>
          <line num="1" count="0" type="stmt"/>
          <line num="2" count="0" type="stmt"/>
          <line num="3" count="0" type="stmt"/>
          <line num="4" count="0" type="stmt"/>
          <line num="5" count="0" type="stmt"/>
          <line num="6" count="0" type="stmt"/>
          <line num="7" count="0" type="stmt"/>
          <line num="8" count="0" type="stmt"/>
          <line num="9" count="0" type="stmt"/>
          <line num="10" count="0" type="stmt"/>
          <line num="11" count="0" type="stmt"/>
          <line num="12" count="0" type="stmt"/>
          <line num="13" count="0" type="stmt"/>
          <line num="15" count="0" type="stmt"/>
          <line num="16" count="0" type="stmt"/>
          <line num="18" count="0" type="cond" truecount="0" falsecount="2"/>
          <line num="19" count="0" type="stmt"/>
          <line num="24" count="0" type="stmt"/>
          <line num="25" count="0" type="stmt"/>
          <line num="28" count="0" type="cond" truecount="0" falsecount="3"/>
          <line num="30" count="0" type="stmt"/>
          <line num="31" count="0" type="stmt"/>
          <line num="32" count="0" type="stmt"/>
          <line num="35" count="0" type="cond" truecount="0" falsecount="2"/>
          <line num="38" count="0" type="stmt"/>
          <line num="40" count="0" type="stmt"/>
          <line num="46" count="0" type="stmt"/>
          <line num="51" count="0" type="stmt"/>
          <line num="63" count="0" type="stmt"/>
          <line num="69" count="0" type="stmt"/>
          <line num="70" count="0" type="stmt"/>
          <line num="77" count="0" type="stmt"/>
        </file>
        <file name="_to-absolute-index.js" path="/Users/Ben/Documents/Turing/Mod4/nasa-vues/dist/js/webpack:/node_modules/core-js/modules/_to-absolute-index.js">
          <metrics statements="5" coveredstatements="0" conditionals="2" coveredconditionals="0" methods="1" coveredmethods="0"/>
          <line num="1" count="0" type="stmt"/>
          <line num="2" count="0" type="stmt"/>
          <line num="3" count="0" type="stmt"/>
          <line num="4" count="0" type="stmt"/>
          <line num="6" count="0" type="cond" truecount="0" falsecount="2"/>
        </file>
        <file name="_to-integer.js" path="/Users/Ben/Documents/Turing/Mod4/nasa-vues/dist/js/webpack:/node_modules/core-js/modules/_to-integer.js">
          <metrics statements="4" coveredstatements="0" conditionals="2" coveredconditionals="0" methods="1" coveredmethods="0"/>
          <line num="2" count="0" type="stmt"/>
          <line num="3" count="0" type="stmt"/>
          <line num="4" count="0" type="stmt"/>
          <line num="5" count="0" type="cond" truecount="0" falsecount="2"/>
        </file>
        <file name="_to-iobject.js" path="/Users/Ben/Documents/Turing/Mod4/nasa-vues/dist/js/webpack:/node_modules/core-js/modules/_to-iobject.js">
          <metrics statements="4" coveredstatements="0" conditionals="0" coveredconditionals="0" methods="1" coveredmethods="0"/>
          <line num="2" count="0" type="stmt"/>
          <line num="3" count="0" type="stmt"/>
          <line num="4" count="0" type="stmt"/>
          <line num="5" count="0" type="stmt"/>
        </file>
        <file name="_to-length.js" path="/Users/Ben/Documents/Turing/Mod4/nasa-vues/dist/js/webpack:/node_modules/core-js/modules/_to-length.js">
          <metrics statements="4" coveredstatements="0" conditionals="2" coveredconditionals="0" methods="1" coveredmethods="0"/>
          <line num="2" count="0" type="stmt"/>
          <line num="3" count="0" type="stmt"/>
          <line num="4" count="0" type="stmt"/>
          <line num="5" count="0" type="cond" truecount="0" falsecount="2"/>
        </file>
        <file name="_to-object.js" path="/Users/Ben/Documents/Turing/Mod4/nasa-vues/dist/js/webpack:/node_modules/core-js/modules/_to-object.js">
          <metrics statements="3" coveredstatements="0" conditionals="0" coveredconditionals="0" methods="1" coveredmethods="0"/>
          <line num="2" count="0" type="stmt"/>
          <line num="3" count="0" type="stmt"/>
          <line num="4" count="0" type="stmt"/>
        </file>
        <file name="_to-primitive.js" path="/Users/Ben/Documents/Turing/Mod4/nasa-vues/dist/js/webpack:/node_modules/core-js/modules/_to-primitive.js">
          <metrics statements="7" coveredstatements="0" conditionals="16" coveredconditionals="0" methods="1" coveredmethods="0"/>
          <line num="2" count="0" type="stmt"/>
          <line num="5" count="0" type="stmt"/>
          <line num="6" count="0" type="cond" truecount="0" falsecount="2"/>
          <line num="8" count="0" type="cond" truecount="0" falsecount="5"/>
          <line num="9" count="0" type="cond" truecount="0" falsecount="4"/>
          <line num="10" count="0" type="cond" truecount="0" falsecount="5"/>
          <line num="11" count="0" type="stmt"/>
        </file>
        <file name="_uid.js" path="/Users/Ben/Documents/Turing/Mod4/nasa-vues/dist/js/webpack:/node_modules/core-js/modules/_uid.js">
          <metrics statements="4" coveredstatements="0" conditionals="2" coveredconditionals="0" methods="1" coveredmethods="0"/>
          <line num="1" count="0" type="stmt"/>
          <line num="2" count="0" type="stmt"/>
          <line num="3" count="0" type="stmt"/>
          <line num="4" count="0" type="cond" truecount="0" falsecount="2"/>
        </file>
        <file name="_user-agent.js" path="/Users/Ben/Documents/Turing/Mod4/nasa-vues/dist/js/webpack:/node_modules/core-js/modules/_user-agent.js">
          <metrics statements="3" coveredstatements="0" conditionals="3" coveredconditionals="0" methods="0" coveredmethods="0"/>
          <line num="1" count="0" type="stmt"/>
          <line num="2" count="0" type="stmt"/>
          <line num="4" count="0" type="cond" truecount="0" falsecount="3"/>
        </file>
        <file name="_wks.js" path="/Users/Ben/Documents/Turing/Mod4/nasa-vues/dist/js/webpack:/node_modules/core-js/modules/_wks.js">
          <metrics statements="7" coveredstatements="0" conditionals="7" coveredconditionals="0" methods="1" coveredmethods="0"/>
          <line num="1" count="0" type="stmt"/>
          <line num="2" count="0" type="stmt"/>
          <line num="3" count="0" type="stmt"/>
          <line num="4" count="0" type="stmt"/>
          <line num="6" count="0" type="stmt"/>
          <line num="7" count="0" type="cond" truecount="0" falsecount="2"/>
          <line num="11" count="0" type="stmt"/>
        </file>
        <file name="core.get-iterator-method.js" path="/Users/Ben/Documents/Turing/Mod4/nasa-vues/dist/js/webpack:/node_modules/core-js/modules/core.get-iterator-method.js">
          <metrics statements="5" coveredstatements="0" conditionals="5" coveredconditionals="0" methods="1" coveredmethods="0"/>
          <line num="1" count="0" type="stmt"/>
          <line num="2" count="0" type="stmt"/>
          <line num="3" count="0" type="stmt"/>
          <line num="4" count="0" type="stmt"/>
          <line num="5" count="0" type="cond" truecount="0" falsecount="5"/>
        </file>
        <file name="es6.array.iterator.js" path="/Users/Ben/Documents/Turing/Mod4/nasa-vues/dist/js/webpack:/node_modules/core-js/modules/es6.array.iterator.js">
          <metrics statements="10" coveredstatements="0" conditionals="8" coveredconditionals="0" methods="2" coveredmethods="0"/>
          <line num="2" count="0" type="stmt"/>
          <line num="3" count="0" type="stmt"/>
          <line num="4" count="0" type="stmt"/>
          <line num="5" count="0" type="stmt"/>
          <line num="11" count="0" type="stmt"/>
          <line num="12" count="0" type="stmt"/>
          <line num="17" count="0" type="stmt"/>
          <line num="18" count="0" type="stmt"/>
          <line num="19" count="0" type="stmt"/>
          <line num="20" count="0" type="cond" truecount="0" falsecount="2"/>
        </file>
        <file name="es6.promise.js" path="/Users/Ben/Documents/Turing/Mod4/nasa-vues/dist/js/webpack:/node_modules/core-js/modules/es6.promise.js">
          <metrics statements="114" coveredstatements="0" conditionals="107" coveredconditionals="0" methods="32" coveredmethods="0"/>
          <line num="2" count="0" type="stmt"/>
          <line num="3" count="0" type="stmt"/>
          <line num="4" count="0" type="stmt"/>
          <line num="5" count="0" type="stmt"/>
          <line num="6" count="0" type="stmt"/>
          <line num="7" count="0" type="stmt"/>
          <line num="8" count="0" type="stmt"/>
          <line num="9" count="0" type="stmt"/>
          <line num="10" count="0" type="stmt"/>
          <line num="11" count="0" type="stmt"/>
          <line num="12" count="0" type="stmt"/>
          <line num="13" count="0" type="stmt"/>
          <line num="14" count="0" type="stmt"/>
          <line num="15" count="0" type="stmt"/>
          <line num="16" count="0" type="stmt"/>
          <line num="17" count="0" type="stmt"/>
          <line num="18" count="0" type="stmt"/>
          <line num="19" count="0" type="stmt"/>
          <line num="20" count="0" type="stmt"/>
          <line num="21" count="0" type="cond" truecount="0" falsecount="2"/>
          <line num="22" count="0" type="cond" truecount="0" falsecount="3"/>
          <line num="23" count="0" type="stmt"/>
          <line num="24" count="0" type="stmt"/>
          <line num="25" count="0" type="stmt"/>
          <line num="27" count="0" type="stmt"/>
          <line num="29" count="0" type="stmt"/>
          <line num="30" count="0" type="stmt"/>
          <line num="32" count="0" type="stmt"/>
          <line num="33" count="0" type="stmt"/>
          <line num="34" count="0" type="stmt"/>
          <line num="37" count="0" type="cond" truecount="0" falsecount="5"/>
          <line num="48" count="0" type="stmt"/>
          <line num="50" count="0" type="cond" truecount="0" falsecount="2"/>
          <line num="52" count="0" type="stmt"/>
          <line num="53" count="0" type="cond" truecount="0" falsecount="2"/>
          <line num="54" count="0" type="stmt"/>
          <line num="55" count="0" type="stmt"/>
          <line num="56" count="0" type="stmt"/>
          <line num="57" count="0" type="stmt"/>
          <line num="58" count="0" type="stmt"/>
          <line num="59" count="0" type="stmt"/>
          <line num="60" count="0" type="stmt"/>
          <line num="61" count="0" type="cond" truecount="0" falsecount="2"/>
          <line num="62" count="0" type="stmt"/>
          <line num="63" count="0" type="stmt"/>
          <line num="64" count="0" type="stmt"/>
          <line num="66" count="0" type="stmt"/>
          <line num="67" count="0" type="stmt"/>
          <line num="88" count="0" type="cond" truecount="0" falsecount="3"/>
          <line num="92" count="0" type="stmt"/>
          <line num="93" count="0" type="stmt"/>
          <line num="98" count="0" type="stmt"/>
          <line num="99" count="0" type="stmt"/>
          <line num="100" count="0" type="stmt"/>
          <line num="101" count="0" type="stmt"/>
          <line num="105" count="0" type="stmt"/>
          <line num="116" count="0" type="cond" truecount="0" falsecount="4"/>
          <line num="119" count="0" type="stmt"/>
          <line num="120" count="0" type="cond" truecount="0" falsecount="2"/>
          <line num="122" count="0" type="stmt"/>
          <line num="123" count="0" type="stmt"/>
          <line num="125" count="0" type="stmt"/>
          <line num="132" count="0" type="stmt"/>
          <line num="133" count="0" type="stmt"/>
          <line num="134" count="0" type="cond" truecount="0" falsecount="2"/>
          <line num="142" count="0" type="stmt"/>
          <line num="143" count="0" type="stmt"/>
          <line num="145" count="0" type="cond" truecount="0" falsecount="2"/>
          <line num="146" count="0" type="stmt"/>
          <line num="148" count="0" type="stmt"/>
          <line num="149" count="0" type="cond" truecount="0" falsecount="2"/>
          <line num="152" count="0" type="stmt"/>
          <line num="153" count="0" type="stmt"/>
          <line num="154" count="0" type="stmt"/>
          <line num="156" count="0" type="stmt"/>
          <line num="165" count="0" type="stmt"/>
          <line num="170" count="0" type="cond" truecount="0" falsecount="2"/>
          <line num="173" count="0" type="stmt"/>
          <line num="176" count="0" type="stmt"/>
          <line num="177" count="0" type="stmt"/>
          <line num="179" count="0" type="stmt"/>
          <line num="184" count="0" type="stmt"/>
          <line num="195" count="0" type="stmt"/>
          <line num="202" count="0" type="stmt"/>
          <line num="206" count="0" type="stmt"/>
          <line num="210" count="0" type="stmt"/>
          <line num="211" count="0" type="stmt"/>
          <line num="216" count="0" type="cond" truecount="0" falsecount="2"/>
          <line num="231" count="0" type="stmt"/>
          <line num="232" count="0" type="stmt"/>
          <line num="234" count="0" type="stmt"/>
          <line num="240" count="0" type="cond" truecount="0" falsecount="2"/>
          <line num="244" count="0" type="stmt"/>
          <line num="248" count="0" type="stmt"/>
          <line num="249" count="0" type="stmt"/>
          <line num="250" count="0" type="stmt"/>
          <line num="251" count="0" type="stmt"/>
          <line num="252" count="0" type="stmt"/>
          <line num="253" count="0" type="stmt"/>
          <line num="254" count="0" type="stmt"/>
          <line num="255" count="0" type="stmt"/>
          <line num="256" count="0" type="stmt"/>
          <line num="257" count="0" type="stmt"/>
          <line num="258" count="0" type="stmt"/>
          <line num="259" count="0" type="stmt"/>
          <line num="262" count="0" type="cond" truecount="0" falsecount="2"/>
          <line num="271" count="0" type="stmt"/>
          <line num="275" count="0" type="stmt"/>
          <line num="276" count="0" type="stmt"/>
          <line num="277" count="0" type="stmt"/>
          <line num="278" count="0" type="stmt"/>
          <line num="279" count="0" type="stmt"/>
          <line num="280" count="0" type="stmt"/>
          <line num="284" count="0" type="stmt"/>
        </file>
        <file name="es7.promise.finally.js" path="/Users/Ben/Documents/Turing/Mod4/nasa-vues/dist/js/webpack:/node_modules/core-js/modules/es7.promise.finally.js">
          <metrics statements="11" coveredstatements="0" conditionals="6" coveredconditionals="0" methods="5" coveredmethods="0"/>
          <line num="3" count="0" type="stmt"/>
          <line num="4" count="0" type="stmt"/>
          <line num="5" count="0" type="stmt"/>
          <line num="6" count="0" type="stmt"/>
          <line num="7" count="0" type="stmt"/>
          <line num="9" count="0" type="stmt"/>
          <line num="10" count="0" type="cond" truecount="0" falsecount="2"/>
          <line num="11" count="0" type="stmt"/>
          <line num="12" count="0" type="stmt"/>
          <line num="14" count="0" type="stmt"/>
          <line num="17" count="0" type="stmt"/>
        </file>
      </package>
      <package name="dist.js.webpack:.node_modules.vue-loader.lib.runtime">
        <metrics statements="13" coveredstatements="0" conditionals="34" coveredconditionals="0" methods="5" coveredmethods="0"/>
        <file name="componentNormalizer.js" path="/Users/Ben/Documents/Turing/Mod4/nasa-vues/dist/js/webpack:/node_modules/vue-loader/lib/runtime/componentNormalizer.js">
          <metrics statements="13" coveredstatements="0" conditionals="34" coveredconditionals="0" methods="5" coveredmethods="0"/>
          <line num="1" count="0" type="stmt"/>
          <line num="18" count="0" type="stmt"/>
          <line num="43" count="0" type="stmt"/>
          <line num="65" count="0" type="cond" truecount="0" falsecount="2"/>
          <line num="69" count="0" type="cond" truecount="0" falsecount="2"/>
          <line num="70" count="0" type="cond" truecount="0" falsecount="2"/>
          <line num="73" count="0" type="stmt"/>
          <line num="75" count="0" type="stmt"/>
          <line num="76" count="0" type="stmt"/>
          <line num="78" count="0" type="stmt"/>
          <line num="82" count="0" type="stmt"/>
          <line num="83" count="0" type="stmt"/>
          <line num="89" count="0" type="stmt"/>
        </file>
      </package>
      <package name="dist.js.webpack:.node_modules.vue.dist">
        <metrics statements="1742" coveredstatements="0" conditionals="2197" coveredconditionals="0" methods="451" coveredmethods="0"/>
        <file name="vue.runtime.esm.js" path="/Users/Ben/Documents/Turing/Mod4/nasa-vues/dist/js/webpack:/node_modules/vue/dist/vue.runtime.esm.js">
          <metrics statements="1742" coveredstatements="0" conditionals="2197" coveredconditionals="0" methods="451" coveredmethods="0"/>
          <line num="8" count="0" type="stmt"/>
          <line num="13" count="0" type="cond" truecount="0" falsecount="2"/>
          <line num="17" count="0" type="cond" truecount="0" falsecount="2"/>
          <line num="21" count="0" type="stmt"/>
          <line num="25" count="0" type="stmt"/>
          <line num="32" count="0" type="stmt"/>
          <line num="47" count="0" type="cond" truecount="0" falsecount="2"/>
          <line num="53" count="0" type="stmt"/>
          <line num="64" count="0" type="stmt"/>
          <line num="68" count="0" type="stmt"/>
          <line num="75" count="0" type="stmt"/>
          <line num="76" count="0" type="cond" truecount="0" falsecount="3"/>
          <line num="83" count="0" type="stmt"/>
          <line num="95" count="0" type="stmt"/>
          <line num="96" count="0" type="cond" truecount="0" falsecount="2"/>
          <line num="109" count="0" type="stmt"/>
          <line num="110" count="0" type="stmt"/>
          <line num="112" count="0" type="stmt"/>
          <line num="113" count="0" type="cond" truecount="0" falsecount="2"/>
          <line num="114" count="0" type="stmt"/>
          <line num="120" count="0" type="stmt"/>
          <line num="125" count="0" type="stmt"/>
          <line num="131" count="0" type="cond" truecount="0" falsecount="2"/>
          <line num="132" count="0" type="stmt"/>
          <line num="133" count="0" type="cond" truecount="0" falsecount="2"/>
          <line num="134" count="0" type="stmt"/>
          <line num="142" count="0" type="stmt"/>
          <line num="144" count="0" type="stmt"/>
          <line num="151" count="0" type="stmt"/>
          <line num="152" count="0" type="stmt"/>
          <line num="153" count="0" type="stmt"/>
          <line num="154" count="0" type="cond" truecount="0" falsecount="2"/>
          <line num="161" count="0" type="stmt"/>
          <line num="162" count="0" type="stmt"/>
          <line num="163" count="0" type="cond" truecount="0" falsecount="2"/>
          <line num="169" count="0" type="stmt"/>
          <line num="170" count="0" type="stmt"/>
          <line num="176" count="0" type="stmt"/>
          <line num="177" count="0" type="stmt"/>
          <line num="178" count="0" type="stmt"/>
          <line num="192" count="0" type="stmt"/>
          <line num="193" count="0" type="stmt"/>
          <line num="201" count="0" type="stmt"/>
          <line num="205" count="0" type="stmt"/>
          <line num="208" count="0" type="stmt"/>
          <line num="216" count="0" type="cond" truecount="0" falsecount="2"/>
          <line num="217" count="0" type="stmt"/>
          <line num="218" count="0" type="stmt"/>
          <line num="219" count="0" type="stmt"/>
          <line num="220" count="0" type="stmt"/>
          <line num="222" count="0" type="stmt"/>
          <line num="229" count="0" type="stmt"/>
          <line num="230" count="0" type="stmt"/>
          <line num="232" count="0" type="stmt"/>
          <line num="240" count="0" type="stmt"/>
          <line num="241" count="0" type="cond" truecount="0" falsecount="2"/>
          <line num="245" count="0" type="stmt"/>
          <line num="260" count="0" type="stmt"/>
          <line num="267" count="0" type="stmt"/>
          <line num="274" count="0" type="cond" truecount="0" falsecount="2"/>
          <line num="275" count="0" type="stmt"/>
          <line num="276" count="0" type="stmt"/>
          <line num="277" count="0" type="cond" truecount="0" falsecount="4"/>
          <line num="278" count="0" type="stmt"/>
          <line num="279" count="0" type="stmt"/>
          <line num="280" count="0" type="stmt"/>
          <line num="281" count="0" type="cond" truecount="0" falsecount="4"/>
          <line num="282" count="0" type="cond" truecount="0" falsecount="2"/>
          <line num="283" count="0" type="stmt"/>
          <line num="285" count="0" type="cond" truecount="0" falsecount="4"/>
          <line num="286" count="0" type="stmt"/>
          <line num="287" count="0" type="cond" truecount="0" falsecount="4"/>
          <line num="288" count="0" type="stmt"/>
          <line num="289" count="0" type="stmt"/>
          <line num="290" count="0" type="cond" truecount="0" falsecount="2"/>
          <line num="291" count="0" type="stmt"/>
          <line num="295" count="0" type="stmt"/>
          <line num="299" count="0" type="stmt"/>
          <line num="301" count="0" type="cond" truecount="0" falsecount="3"/>
          <line num="314" count="0" type="stmt"/>
          <line num="315" count="0" type="cond" truecount="0" falsecount="2"/>
          <line num="317" count="0" type="stmt"/>
          <line num="324" count="0" type="stmt"/>
          <line num="325" count="0" type="stmt"/>
          <line num="326" count="0" type="cond" truecount="0" falsecount="2"/>
          <line num="333" count="0" type="stmt"/>
          <line num="335" count="0" type="stmt"/>
          <line num="341" count="0" type="stmt"/>
          <line num="359" count="0" type="stmt"/>
          <line num="459" count="0" type="stmt"/>
          <line num="460" count="0" type="cond" truecount="0" falsecount="2"/>
          <line num="467" count="0" type="stmt"/>
          <line num="478" count="0" type="stmt"/>
          <line num="480" count="0" type="cond" truecount="0" falsecount="2"/>
          <line num="483" count="0" type="stmt"/>
          <line num="484" count="0" type="stmt"/>
          <line num="485" count="0" type="stmt"/>
          <line num="486" count="0" type="cond" truecount="0" falsecount="2"/>
          <line num="487" count="0" type="stmt"/>
          <line num="489" count="0" type="stmt"/>
          <line num="496" count="0" type="stmt"/>
          <line num="499" count="0" type="stmt"/>
          <line num="500" count="0" type="cond" truecount="0" falsecount="2"/>
          <line num="501" count="0" type="cond" truecount="0" falsecount="2"/>
          <line num="502" count="0" type="cond" truecount="0" falsecount="2"/>
          <line num="503" count="0" type="cond" truecount="0" falsecount="2"/>
          <line num="504" count="0" type="cond" truecount="0" falsecount="2"/>
          <line num="505" count="0" type="cond" truecount="0" falsecount="2"/>
          <line num="506" count="0" type="cond" truecount="0" falsecount="2"/>
          <line num="508" count="0" type="cond" truecount="0" falsecount="2"/>
          <line num="513" count="0" type="stmt"/>
          <line num="514" count="0" type="cond" truecount="0" falsecount="2"/>
          <line num="515" count="0" type="stmt"/>
          <line num="516" count="0" type="stmt"/>
          <line num="517" count="0" type="stmt"/>
          <line num="520" count="0" type="stmt"/>
          <line num="530" count="0" type="stmt"/>
          <line num="541" count="0" type="cond" truecount="0" falsecount="2"/>
          <line num="545" count="0" type="cond" truecount="0" falsecount="2"/>
          <line num="549" count="0" type="cond" truecount="0" falsecount="2"/>
          <line num="553" count="0" type="cond" truecount="0" falsecount="4"/>
          <line num="560" count="0" type="stmt"/>
          <line num="565" count="0" type="stmt"/>
          <line num="568" count="0" type="stmt"/>
          <line num="571" count="0" type="stmt"/>
          <line num="574" count="0" type="stmt"/>
          <line num="577" count="0" type="stmt"/>
          <line num="583" count="0" type="stmt"/>
          <line num="677" count="0" type="stmt"/>
          <line num="683" count="0" type="stmt"/>
          <line num="684" count="0" type="stmt"/>
          <line num="688" count="0" type="stmt"/>
          <line num="689" count="0" type="stmt"/>
          <line num="693" count="0" type="stmt"/>
          <line num="697" count="0" type="cond" truecount="0" falsecount="2"/>
          <line num="704" count="0" type="stmt"/>
          <line num="711" count="0" type="stmt"/>
          <line num="712" count="0" type="stmt"/>
          <line num="720" count="0" type="stmt"/>
          <line num="723" count="0" type="stmt"/>
          <line num="728" count="0" type="stmt"/>
          <line num="734" count="0" type="stmt"/>
          <line num="744" count="0" type="stmt"/>
          <line num="769" count="0" type="stmt"/>
          <line num="773" count="0" type="stmt"/>
          <line num="774" count="0" type="stmt"/>
          <line num="779" count="0" type="cond" truecount="0" falsecount="2"/>
          <line num="782" count="0" type="stmt"/>
          <line num="785" count="0" type="stmt"/>
          <line num="789" count="0" type="stmt"/>
          <line num="797" count="0" type="stmt"/>
          <line num="819" count="0" type="stmt"/>
          <line num="827" count="0" type="stmt"/>
          <line num="828" count="0" type="stmt"/>
          <line num="830" count="0" type="stmt"/>
          <line num="843" count="0" type="stmt"/>
          <line num="845" count="0" type="stmt"/>
          <line num="846" count="0" type="stmt"/>
          <line num="847" count="0" type="stmt"/>
          <line num="848" count="0" type="stmt"/>
          <line num="850" count="0" type="stmt"/>
          <line num="851" count="0" type="stmt"/>
          <line num="853" count="0" type="stmt"/>
          <line num="856" count="0" type="stmt"/>
          <line num="857" count="0" type="stmt"/>
          <line num="859" count="0" type="stmt"/>
          <line num="860" count="0" type="stmt"/>
          <line num="865" count="0" type="stmt"/>
          <line num="871" count="0" type="stmt"/>
          <line num="877" count="0" type="stmt"/>
          <line num="880" count="0" type="stmt"/>
          <line num="889" count="0" type="stmt"/>
          <line num="890" count="0" type="stmt"/>
          <line num="911" count="0" type="stmt"/>
          <line num="913" count="0" type="stmt"/>
          <line num="914" count="0" type="stmt"/>
          <line num="922" count="0" type="stmt"/>
          <line num="923" count="0" type="stmt"/>
          <line num="935" count="0" type="stmt"/>
          <line num="945" count="0" type="stmt"/>
          <line num="946" count="0" type="stmt"/>
          <line num="947" count="0" type="stmt"/>
          <line num="957" count="0" type="cond" truecount="0" falsecount="4"/>
          <line num="975" count="0" type="stmt"/>
          <line num="988" count="0" type="stmt"/>
          <line num="990" count="0" type="stmt"/>
          <line num="991" count="0" type="cond" truecount="0" falsecount="4"/>
          <line num="996" count="0" type="cond" truecount="0" falsecount="2"/>
          <line num="997" count="0" type="cond" truecount="0" falsecount="2"/>
          <line num="998" count="0" type="cond" truecount="0" falsecount="4"/>
          <line num="1002" count="0" type="cond" truecount="0" falsecount="2"/>
          <line num="1003" count="0" type="stmt"/>
          <line num="1007" count="0" type="cond" truecount="0" falsecount="2"/>
          <line num="1017" count="0" type="stmt"/>
          <line num="1020" count="0" type="cond" truecount="0" falsecount="2"/>
          <line num="1022" count="0" type="cond" truecount="0" falsecount="6"/>
          <line num="1053" count="0" type="cond" truecount="0" falsecount="4"/>
          <line num="1056" count="0" type="stmt"/>
          <line num="1058" count="0" type="cond" truecount="0" falsecount="4"/>
          <line num="1060" count="0" type="stmt"/>
          <line num="1062" count="0" type="stmt"/>
          <line num="1063" count="0" type="cond" truecount="0" falsecount="3"/>
          <line num="1088" count="0" type="cond" truecount="0" falsecount="4"/>
          <line num="1089" count="0" type="stmt"/>
          <line num="1092" count="0" type="stmt"/>
          <line num="1093" count="0" type="cond" truecount="0" falsecount="5"/>
          <line num="1115" count="0" type="stmt"/>
          <line num="1116" count="0" type="stmt"/>
          <line num="1131" count="0" type="stmt"/>
          <line num="1152" count="0" type="cond" truecount="0" falsecount="2"/>
          <line num="1155" count="0" type="stmt"/>
          <line num="1156" count="0" type="stmt"/>
          <line num="1169" count="0" type="stmt"/>
          <line num="1180" count="0" type="stmt"/>
          <line num="1194" count="0" type="stmt"/>
          <line num="1202" count="0" type="stmt"/>
          <line num="1205" count="0" type="stmt"/>
          <line num="1208" count="0" type="stmt"/>
          <line num="1217" count="0" type="stmt"/>
          <line num="1222" count="0" type="stmt"/>
          <line num="1246" count="0" type="stmt"/>
          <line num="1256" count="0" type="stmt"/>
          <line num="1272" count="0" type="cond" truecount="0" falsecount="2"/>
          <line num="1273" count="0" type="stmt"/>
          <line num="1282" count="0" type="stmt"/>
          <line num="1301" count="0" type="cond" truecount="0" falsecount="4"/>
          <line num="1305" count="0" type="cond" truecount="0" falsecount="2"/>
          <line num="1306" count="0" type="stmt"/>
          <line num="1308" count="0" type="stmt"/>
          <line num="1309" count="0" type="stmt"/>
          <line num="1310" count="0" type="stmt"/>
          <line num="1311" count="0" type="cond" truecount="0" falsecount="3"/>
          <line num="1318" count="0" type="stmt"/>
          <line num="1336" count="0" type="cond" truecount="0" falsecount="2"/>
          <line num="1337" count="0" type="stmt"/>
          <line num="1340" count="0" type="stmt"/>
          <line num="1347" count="0" type="stmt"/>
          <line num="1348" count="0" type="stmt"/>
          <line num="1383" count="0" type="stmt"/>
          <line num="1384" count="0" type="cond" truecount="0" falsecount="2"/>
          <line num="1385" count="0" type="stmt"/>
          <line num="1387" count="0" type="cond" truecount="0" falsecount="2"/>
          <line num="1388" count="0" type="stmt"/>
          <line num="1389" count="0" type="stmt"/>
          <line num="1390" count="0" type="stmt"/>
          <line num="1398" count="0" type="cond" truecount="0" falsecount="2"/>
          <line num="1399" count="0" type="stmt"/>
          <line num="1400" count="0" type="stmt"/>
          <line num="1406" count="0" type="stmt"/>
          <line num="1413" count="0" type="stmt"/>
          <line num="1420" count="0" type="stmt"/>
          <line num="1421" count="0" type="cond" truecount="0" falsecount="2"/>
          <line num="1422" count="0" type="stmt"/>
          <line num="1423" count="0" type="cond" truecount="0" falsecount="2"/>
          <line num="1424" count="0" type="stmt"/>
          <line num="1425" count="0" type="stmt"/>
          <line num="1427" count="0" type="cond" truecount="0" falsecount="2"/>
          <line num="1428" count="0" type="stmt"/>
          <line num="1429" count="0" type="stmt"/>
          <line num="1430" count="0" type="stmt"/>
          <line num="1434" count="0" type="stmt"/>
          <line num="1447" count="0" type="stmt"/>
          <line num="1448" count="0" type="cond" truecount="0" falsecount="2"/>
          <line num="1449" count="0" type="stmt"/>
          <line num="1450" count="0" type="stmt"/>
          <line num="1451" count="0" type="cond" truecount="0" falsecount="2"/>
          <line num="1493" count="0" type="cond" truecount="0" falsecount="2"/>
          <line num="1498" count="0" type="stmt"/>
          <line num="1499" count="0" type="stmt"/>
          <line num="1504" count="0" type="stmt"/>
          <line num="1506" count="0" type="stmt"/>
          <line num="1507" count="0" type="stmt"/>
          <line num="1509" count="0" type="stmt"/>
          <line num="1510" count="0" type="cond" truecount="0" falsecount="2"/>
          <line num="1515" count="0" type="cond" truecount="0" falsecount="2"/>
          <line num="1516" count="0" type="stmt"/>
          <line num="1518" count="0" type="stmt"/>
          <line num="1533" count="0" type="cond" truecount="0" falsecount="2"/>
          <line num="1536" count="0" type="stmt"/>
          <line num="1538" count="0" type="cond" truecount="0" falsecount="2"/>
          <line num="1539" count="0" type="stmt"/>
          <line num="1540" count="0" type="cond" truecount="0" falsecount="2"/>
          <line num="1541" count="0" type="stmt"/>
          <line num="1542" count="0" type="cond" truecount="0" falsecount="2"/>
          <line num="1544" count="0" type="cond" truecount="0" falsecount="3"/>
          <line num="1551" count="0" type="stmt"/>
          <line num="1564" count="0" type="stmt"/>
          <line num="1565" count="0" type="stmt"/>
          <line num="1566" count="0" type="stmt"/>
          <line num="1568" count="0" type="stmt"/>
          <line num="1569" count="0" type="cond" truecount="0" falsecount="2"/>
          <line num="1570" count="0" type="cond" truecount="0" falsecount="4"/>
          <line num="1571" count="0" type="stmt"/>
          <line num="1572" count="0" type="cond" truecount="0" falsecount="4"/>
          <line num="1575" count="0" type="stmt"/>
          <line num="1582" count="0" type="cond" truecount="0" falsecount="2"/>
          <line num="1583" count="0" type="stmt"/>
          <line num="1586" count="0" type="stmt"/>
          <line num="1587" count="0" type="stmt"/>
          <line num="1598" count="0" type="stmt"/>
          <line num="1606" count="0" type="cond" truecount="0" falsecount="2"/>
          <line num="1609" count="0" type="stmt"/>
          <line num="1621" count="0" type="cond" truecount="0" falsecount="4"/>
          <line num="1717" count="0" type="cond" truecount="0" falsecount="2"/>
          <line num="1718" count="0" type="cond" truecount="0" falsecount="2"/>
          <line num="1722" count="0" type="stmt"/>
          <line num="1726" count="0" type="cond" truecount="0" falsecount="2"/>
          <line num="1727" count="0" type="cond" truecount="0" falsecount="2"/>
          <line num="1729" count="0" type="stmt"/>
          <line num="1730" count="0" type="cond" truecount="0" falsecount="2"/>
          <line num="1731" count="0" type="stmt"/>
          <line num="1734" count="0" type="stmt"/>
          <line num="1783" count="0" type="cond" truecount="0" falsecount="2"/>
          <line num="1784" count="0" type="stmt"/>
          <line num="1785" count="0" type="stmt"/>
          <line num="1786" count="0" type="stmt"/>
          <line num="1787" count="0" type="cond" truecount="0" falsecount="2"/>
          <line num="1788" count="0" type="stmt"/>
          <line num="1789" count="0" type="stmt"/>
          <line num="1790" count="0" type="stmt"/>
          <line num="1791" count="0" type="cond" truecount="0" falsecount="2"/>
          <line num="1793" count="0" type="stmt"/>
          <line num="1799" count="0" type="stmt"/>
          <line num="1803" count="0" type="cond" truecount="0" falsecount="2"/>
          <line num="1804" count="0" type="stmt"/>
          <line num="1805" count="0" type="stmt"/>
          <line num="1807" count="0" type="stmt"/>
          <line num="1810" count="0" type="stmt"/>
          <line num="1818" count="0" type="cond" truecount="0" falsecount="5"/>
          <line num="1819" count="0" type="stmt"/>
          <line num="1821" count="0" type="stmt"/>
          <line num="1827" count="0" type="stmt"/>
          <line num="1828" count="0" type="stmt"/>
          <line num="1831" count="0" type="stmt"/>
          <line num="1832" count="0" type="stmt"/>
          <line num="1833" count="0" type="stmt"/>
          <line num="1834" count="0" type="stmt"/>
          <line num="1835" count="0" type="stmt"/>
          <line num="1849" count="0" type="stmt"/>
          <line num="1856" count="0" type="cond" truecount="0" falsecount="4"/>
          <line num="1857" count="0" type="stmt"/>
          <line num="1858" count="0" type="stmt"/>
          <line num="1860" count="0" type="cond" truecount="0" falsecount="5"/>
          <line num="1865" count="0" type="stmt"/>
          <line num="1866" count="0" type="stmt"/>
          <line num="1867" count="0" type="stmt"/>
          <line num="1869" count="0" type="stmt"/>
          <line num="1873" count="0" type="stmt"/>
          <line num="1874" count="0" type="stmt"/>
          <line num="1880" count="0" type="cond" truecount="0" falsecount="4"/>
          <line num="1881" count="0" type="stmt"/>
          <line num="1882" count="0" type="stmt"/>
          <line num="1883" count="0" type="stmt"/>
          <line num="1893" count="0" type="stmt"/>
          <line num="1901" count="0" type="cond" truecount="0" falsecount="2"/>
          <line num="1902" count="0" type="stmt"/>
          <line num="1903" count="0" type="stmt"/>
          <line num="1904" count="0" type="stmt"/>
          <line num="1906" count="0" type="stmt"/>
          <line num="1914" count="0" type="cond" truecount="0" falsecount="2"/>
          <line num="1915" count="0" type="stmt"/>
          <line num="1916" count="0" type="stmt"/>
          <line num="1918" count="0" type="stmt"/>
          <line num="1920" count="0" type="cond" truecount="0" falsecount="2"/>
          <line num="1933" count="0" type="cond" truecount="0" falsecount="2"/>
          <line num="1934" count="0" type="stmt"/>
          <line num="1935" count="0" type="stmt"/>
          <line num="2032" count="0" type="stmt"/>
          <line num="2040" count="0" type="stmt"/>
          <line num="2046" count="0" type="stmt"/>
          <line num="2047" count="0" type="cond" truecount="0" falsecount="6"/>
          <line num="2050" count="0" type="cond" truecount="0" falsecount="2"/>
          <line num="2051" count="0" type="stmt"/>
          <line num="2052" count="0" type="cond" truecount="0" falsecount="2"/>
          <line num="2053" count="0" type="stmt"/>
          <line num="2055" count="0" type="stmt"/>
          <line num="2057" count="0" type="cond" truecount="0" falsecount="2"/>
          <line num="2058" count="0" type="stmt"/>
          <line num="2059" count="0" type="stmt"/>
          <line num="2061" count="0" type="stmt"/>
          <line num="2063" count="0" type="stmt"/>
          <line num="2092" count="0" type="stmt"/>
          <line num="2093" count="0" type="stmt"/>
          <line num="2094" count="0" type="cond" truecount="0" falsecount="2"/>
          <line num="2095" count="0" type="stmt"/>
          <line num="2096" count="0" type="cond" truecount="0" falsecount="2"/>
          <line num="2097" count="0" type="stmt"/>
          <line num="2099" count="0" type="stmt"/>
          <line num="2109" count="0" type="stmt"/>
          <line num="2111" count="0" type="stmt"/>
          <line num="2112" count="0" type="cond" truecount="0" falsecount="2"/>
          <line num="2114" count="0" type="stmt"/>
          <line num="2115" count="0" type="stmt"/>
          <line num="2119" count="0" type="stmt"/>
          <line num="2123" count="0" type="stmt"/>
          <line num="2135" count="0" type="stmt"/>
          <line num="2136" count="0" type="stmt"/>
          <line num="2157" count="0" type="stmt"/>
          <line num="2158" count="0" type="cond" truecount="0" falsecount="2"/>
          <line num="2168" count="0" type="cond" truecount="0" falsecount="2"/>
          <line num="2172" count="0" type="stmt"/>
          <line num="2175" count="0" type="stmt"/>
          <line num="2181" count="0" type="stmt"/>
          <line num="2210" count="0" type="stmt"/>
          <line num="2211" count="0" type="cond" truecount="0" falsecount="2"/>
          <line num="2214" count="0" type="stmt"/>
          <line num="2215" count="0" type="stmt"/>
          <line num="2216" count="0" type="stmt"/>
          <line num="2217" count="0" type="cond" truecount="0" falsecount="4"/>
          <line num="2218" count="0" type="stmt"/>
          <line num="2219" count="0" type="stmt"/>
          <line num="2236" count="0" type="cond" truecount="0" falsecount="2"/>
          <line num="2240" count="0" type="stmt"/>
          <line num="2250" count="0" type="cond" truecount="0" falsecount="2"/>
          <line num="2251" count="0" type="cond" truecount="0" falsecount="2"/>
          <line num="2256" count="0" type="stmt"/>
          <line num="2257" count="0" type="cond" truecount="0" falsecount="2"/>
          <line num="2262" count="0" type="stmt"/>
          <line num="2265" count="0" type="stmt"/>
          <line num="2283" count="0" type="stmt"/>
          <line num="2284" count="0" type="cond" truecount="0" falsecount="2"/>
          <line num="2285" count="0" type="stmt"/>
          <line num="2288" count="0" type="stmt"/>
          <line num="2296" count="0" type="stmt"/>
          <line num="2304" count="0" type="cond" truecount="0" falsecount="3"/>
          <line num="2308" count="0" type="stmt"/>
          <line num="2310" count="0" type="stmt"/>
          <line num="2311" count="0" type="stmt"/>
          <line num="2352" count="0" type="stmt"/>
          <line num="2364" count="0" type="stmt"/>
          <line num="2376" count="0" type="stmt"/>
          <line num="2379" count="0" type="stmt"/>
          <line num="2387" count="0" type="cond" truecount="0" falsecount="4"/>
          <line num="2388" count="0" type="stmt"/>
          <line num="2391" count="0" type="cond" truecount="0" falsecount="2"/>
          <line num="2392" count="0" type="stmt"/>
          <line num="2395" count="0" type="cond" truecount="0" falsecount="4"/>
          <line num="2396" count="0" type="stmt"/>
          <line num="2399" count="0" type="cond" truecount="0" falsecount="2"/>
          <line num="2401" count="0" type="stmt"/>
          <line num="2403" count="0" type="stmt"/>
          <line num="2404" count="0" type="stmt"/>
          <line num="2406" count="0" type="stmt"/>
          <line num="2407" count="0" type="stmt"/>
          <line num="2408" count="0" type="stmt"/>
          <line num="2411" count="0" type="cond" truecount="0" falsecount="2"/>
          <line num="2416" count="0" type="stmt"/>
          <line num="2418" count="0" type="stmt"/>
          <line num="2426" count="0" type="stmt"/>
          <line num="2431" count="0" type="cond" truecount="0" falsecount="2"/>
          <line num="2437" count="0" type="stmt"/>
          <line num="2458" count="0" type="cond" truecount="0" falsecount="3"/>
          <line num="2468" count="0" type="cond" truecount="0" falsecount="2"/>
          <line num="2482" count="0" type="stmt"/>
          <line num="2491" count="0" type="cond" truecount="0" falsecount="2"/>
          <line num="2497" count="0" type="cond" truecount="0" falsecount="2"/>
          <line num="2498" count="0" type="stmt"/>
          <line num="2499" count="0" type="stmt"/>
          <line num="2500" count="0" type="cond" truecount="0" falsecount="5"/>
          <line num="2501" count="0" type="stmt"/>
          <line num="2512" count="0" type="stmt"/>
          <line num="2515" count="0" type="stmt"/>
          <line num="2516" count="0" type="cond" truecount="0" falsecount="2"/>
          <line num="2524" count="0" type="stmt"/>
          <line num="2528" count="0" type="stmt"/>
          <line num="2532" count="0" type="stmt"/>
[...]
          <line num="7371" count="0" type="cond" truecount="0" falsecount="5"/>
          <line num="7383" count="0" type="stmt"/>
          <line num="7421" count="0" type="cond" truecount="0" falsecount="2"/>
          <line num="7431" count="0" type="cond" truecount="0" falsecount="2"/>
          <line num="7432" count="0" type="stmt"/>
          <line num="7434" count="0" type="stmt"/>
          <line num="7435" count="0" type="stmt"/>
          <line num="7447" count="0" type="cond" truecount="0" falsecount="2"/>
          <line num="7453" count="0" type="cond" truecount="0" falsecount="2"/>
          <line num="7456" count="0" type="stmt"/>
          <line num="7466" count="0" type="stmt"/>
          <line num="7479" count="0" type="stmt"/>
          <line num="7481" count="0" type="stmt"/>
          <line num="7489" count="0" type="cond" truecount="0" falsecount="2"/>
          <line num="7492" count="0" type="stmt"/>
          <line num="7493" count="0" type="cond" truecount="0" falsecount="3"/>
          <line num="7499" count="0" type="stmt"/>
          <line num="7501" count="0" type="stmt"/>
          <line num="7505" count="0" type="stmt"/>
          <line num="7530" count="0" type="cond" truecount="0" falsecount="2"/>
          <line num="7531" count="0" type="stmt"/>
          <line num="7536" count="0" type="stmt"/>
          <line num="7537" count="0" type="stmt"/>
          <line num="7538" count="0" type="cond" truecount="0" falsecount="2"/>
          <line num="7541" count="0" type="stmt"/>
          <line num="7542" count="0" type="cond" truecount="0" falsecount="2"/>
          <line num="7544" count="0" type="cond" truecount="0" falsecount="2"/>
          <line num="7553" count="0" type="stmt"/>
          <line num="7557" count="0" type="stmt"/>
          <line num="7563" count="0" type="stmt"/>
          <line num="7564" count="0" type="stmt"/>
          <line num="7565" count="0" type="cond" truecount="0" falsecount="4"/>
          <line num="7574" count="0" type="stmt"/>
          <line num="7576" count="0" type="cond" truecount="0" falsecount="2"/>
          <line num="7577" count="0" type="stmt"/>
          <line num="7582" count="0" type="cond" truecount="0" falsecount="2"/>
          <line num="7586" count="0" type="stmt"/>
          <line num="7590" count="0" type="cond" truecount="0" falsecount="2"/>
          <line num="7596" count="0" type="stmt"/>
          <line num="7600" count="0" type="stmt"/>
          <line num="7606" count="0" type="stmt"/>
          <line num="7611" count="0" type="cond" truecount="0" falsecount="2"/>
          <line num="7617" count="0" type="stmt"/>
          <line num="7618" count="0" type="stmt"/>
          <line num="7626" count="0" type="cond" truecount="0" falsecount="3"/>
          <line num="7631" count="0" type="stmt"/>
          <line num="7633" count="0" type="stmt"/>
          <line num="7635" count="0" type="stmt"/>
          <line num="7636" count="0" type="cond" truecount="0" falsecount="2"/>
          <line num="7637" count="0" type="stmt"/>
          <line num="7639" count="0" type="cond" truecount="0" falsecount="2"/>
          <line num="7642" count="0" type="stmt"/>
          <line num="7650" count="0" type="stmt"/>
          <line num="7651" count="0" type="stmt"/>
          <line num="7654" count="0" type="cond" truecount="0" falsecount="2"/>
          <line num="7655" count="0" type="stmt"/>
          <line num="7656" count="0" type="cond" truecount="0" falsecount="2"/>
          <line num="7657" count="0" type="stmt"/>
          <line num="7661" count="0" type="stmt"/>
          <line num="7665" count="0" type="stmt"/>
          <line num="7680" count="0" type="cond" truecount="0" falsecount="2"/>
          <line num="7686" count="0" type="stmt"/>
          <line num="7693" count="0" type="stmt"/>
          <line num="7714" count="0" type="cond" truecount="0" falsecount="2"/>
          <line num="7715" count="0" type="cond" truecount="0" falsecount="2"/>
          <line num="7723" count="0" type="stmt"/>
          <line num="7724" count="0" type="stmt"/>
          <line num="7726" count="0" type="stmt"/>
          <line num="7727" count="0" type="stmt"/>
          <line num="7731" count="0" type="stmt"/>
          <line num="7732" count="0" type="stmt"/>
          <line num="7733" count="0" type="stmt"/>
          <line num="7735" count="0" type="stmt"/>
          <line num="7739" count="0" type="cond" truecount="0" falsecount="2"/>
          <line num="7740" count="0" type="stmt"/>
          <line num="7747" count="0" type="stmt"/>
          <line num="7748" count="0" type="cond" truecount="0" falsecount="2"/>
          <line num="7749" count="0" type="stmt"/>
          <line num="7755" count="0" type="cond" truecount="0" falsecount="2"/>
          <line num="7758" count="0" type="cond" truecount="0" falsecount="2"/>
          <line num="7760" count="0" type="stmt"/>
          <line num="7762" count="0" type="stmt"/>
          <line num="7768" count="0" type="stmt"/>
          <line num="7770" count="0" type="stmt"/>
          <line num="7771" count="0" type="cond" truecount="0" falsecount="4"/>
          <line num="7783" count="0" type="stmt"/>
          <line num="7791" count="0" type="stmt"/>
          <line num="7794" count="0" type="stmt"/>
          <line num="7803" count="0" type="stmt"/>
          <line num="7807" count="0" type="cond" truecount="0" falsecount="2"/>
          <line num="7808" count="0" type="stmt"/>
          <line num="7813" count="0" type="stmt"/>
          <line num="7815" count="0" type="cond" truecount="0" falsecount="2"/>
          <line num="7816" count="0" type="stmt"/>
          <line num="7819" count="0" type="cond" truecount="0" falsecount="2"/>
          <line num="7820" count="0" type="stmt"/>
          <line num="7826" count="0" type="stmt"/>
          <line num="7827" count="0" type="stmt"/>
          <line num="7835" count="0" type="cond" truecount="0" falsecount="2"/>
          <line num="7836" count="0" type="stmt"/>
          <line num="7837" count="0" type="stmt"/>
          <line num="7845" count="0" type="cond" truecount="0" falsecount="2"/>
          <line num="7855" count="0" type="stmt"/>
          <line num="7857" count="0" type="cond" truecount="0" falsecount="2"/>
          <line num="7861" count="0" type="stmt"/>
          <line num="7864" count="0" type="stmt"/>
          <line num="7865" count="0" type="cond" truecount="0" falsecount="2"/>
          <line num="7866" count="0" type="cond" truecount="0" falsecount="2"/>
          <line num="7867" count="0" type="stmt"/>
          <line num="7870" count="0" type="stmt"/>
          <line num="7871" count="0" type="stmt"/>
          <line num="7873" count="0" type="stmt"/>
          <line num="7877" count="0" type="stmt"/>
          <line num="7883" count="0" type="stmt"/>
          <line num="7886" count="0" type="stmt"/>
          <line num="7890" count="0" type="stmt"/>
          <line num="7894" count="0" type="stmt"/>
          <line num="7896" count="0" type="stmt"/>
          <line num="7897" count="0" type="stmt"/>
          <line num="7898" count="0" type="stmt"/>
          <line num="7900" count="0" type="stmt"/>
          <line num="7920" count="0" type="stmt"/>
          <line num="7921" count="0" type="stmt"/>
          <line num="7922" count="0" type="cond" truecount="0" falsecount="2"/>
          <line num="7923" count="0" type="cond" truecount="0" falsecount="4"/>
          <line num="7924" count="0" type="stmt"/>
          <line num="7935" count="0" type="cond" truecount="0" falsecount="2"/>
          <line num="7938" count="0" type="stmt"/>
          <line num="7939" count="0" type="stmt"/>
          <line num="7940" count="0" type="stmt"/>
          <line num="7948" count="0" type="stmt"/>
          <line num="7952" count="0" type="stmt"/>
          <line num="7956" count="0" type="stmt"/>
          <line num="7957" count="0" type="cond" truecount="0" falsecount="4"/>
          <line num="7958" count="0" type="cond" truecount="0" falsecount="3"/>
          <line num="7974" count="0" type="cond" truecount="0" falsecount="2"/>
          <line num="7975" count="0" type="stmt"/>
          <line num="7976" count="0" type="stmt"/>
          <line num="7977" count="0" type="stmt"/>
          <line num="7980" count="0" type="cond" truecount="0" falsecount="5"/>
          <line num="7996" count="0" type="cond" truecount="0" falsecount="2"/>
          <line num="7997" count="0" type="stmt"/>
          <line num="8000" count="0" type="cond" truecount="0" falsecount="2"/>
          <line num="8001" count="0" type="stmt"/>
          <line num="8008" count="0" type="stmt"/>
          <line num="8009" count="0" type="cond" truecount="0" falsecount="2"/>
          <line num="8010" count="0" type="stmt"/>
          <line num="8015" count="0" type="stmt"/>
          <line num="8017" count="0" type="stmt"/>
          <line num="8024" count="0" type="cond" truecount="0" falsecount="2"/>
          <line num="8034" count="0" type="stmt"/>
          <line num="8038" count="0" type="stmt"/>
          <line num="8039" count="0" type="stmt"/>
          <line num="8040" count="0" type="stmt"/>
          <line num="8041" count="0" type="stmt"/>
          <line num="8042" count="0" type="cond" truecount="0" falsecount="4"/>
          <line num="8043" count="0" type="stmt"/>
          <line num="8044" count="0" type="stmt"/>
          <line num="8045" count="0" type="stmt"/>
          <line num="8050" count="0" type="stmt"/>
          <line num="8058" count="0" type="stmt"/>
          <line num="8077" count="0" type="stmt"/>
          <line num="8084" count="0" type="cond" truecount="0" falsecount="3"/>
        </file>
      </package>
      <package name="dist.js.webpack:.src">
        <metrics statements="7" coveredstatements="0" conditionals="2" coveredconditionals="0" methods="1" coveredmethods="0"/>
        <file name="App.vue?4241" path="/Users/Ben/Documents/Turing/Mod4/nasa-vues/dist/js/webpack:/src/App.vue?4241">
          <metrics statements="1" coveredstatements="0" conditionals="0" coveredconditionals="0" methods="0" coveredmethods="0"/>
          <line num="1" count="0" type="stmt"/>
        </file>
        <file name="App.vue?bff9" path="/Users/Ben/Documents/Turing/Mod4/nasa-vues/dist/js/webpack:/src/App.vue?bff9">
          <metrics statements="3" coveredstatements="0" conditionals="0" coveredconditionals="0" methods="0" coveredmethods="0"/>
          <line num="9" count="0" type="stmt"/>
          <line num="20" count="0" type="stmt"/>
          <line num="21" count="0" type="stmt"/>
        </file>
        <file name="App.vue?d3ee" path="/Users/Ben/Documents/Turing/Mod4/nasa-vues/dist/js/webpack:/src/App.vue?d3ee">
          <metrics statements="1" coveredstatements="0" conditionals="2" coveredconditionals="0" methods="0" coveredmethods="0"/>
          <line num="1" count="0" type="cond" truecount="0" falsecount="2"/>
        </file>
        <file name="main.js" path="/Users/Ben/Documents/Turing/Mod4/nasa-vues/dist/js/webpack:/src/main.js">
          <metrics statements="2" coveredstatements="0" conditionals="0" coveredconditionals="0" methods="1" coveredmethods="0"/>
          <line num="4" count="0" type="stmt"/>
          <line num="7" count="0" type="stmt"/>
        </file>
      </package>
      <package name="dist.js.webpack:.src.assets">
        <metrics statements="1" coveredstatements="0" conditionals="0" coveredconditionals="0" methods="0" coveredmethods="0"/>
        <file name="logo.png" path="/Users/Ben/Documents/Turing/Mod4/nasa-vues/dist/js/webpack:/src/assets/logo.png">
          <metrics statements="1" coveredstatements="0" conditionals="0" coveredconditionals="0" methods="0" coveredmethods="0"/>
          <line num="1" count="0" type="stmt"/>
        </file>
      </package>
      <package name="dist.js.webpack:.src.components">
        <metrics statements="6" coveredstatements="0" conditionals="10" coveredconditionals="0" methods="4" coveredmethods="0"/>
        <file name="HelloWorld.vue?4efa" path="/Users/Ben/Documents/Turing/Mod4/nasa-vues/dist/js/webpack:/src/components/HelloWorld.vue?4efa">
          <metrics statements="1" coveredstatements="0" conditionals="0" coveredconditionals="0" methods="0" coveredmethods="0"/>
          <line num="1" count="0" type="stmt"/>
        </file>
        <file name="HelloWorld.vue?997f" path="/Users/Ben/Documents/Turing/Mod4/nasa-vues/dist/js/webpack:/src/components/HelloWorld.vue?997f">
          <metrics statements="1" coveredstatements="0" conditionals="0" coveredconditionals="0" methods="0" coveredmethods="0"/>
          <line num="1" count="0" type="stmt"/>
        </file>
        <file name="HelloWorld.vue?9ffc" path="/Users/Ben/Documents/Turing/Mod4/nasa-vues/dist/js/webpack:/src/components/HelloWorld.vue?9ffc">
          <metrics statements="2" coveredstatements="0" conditionals="10" coveredconditionals="0" methods="4" coveredmethods="0"/>
          <line num="1" count="0" type="cond" truecount="0" falsecount="2"/>
          <line num="2" count="0" type="cond" truecount="0" falsecount="8"/>
        </file>
        <file name="HelloWorld.vue?f177" path="/Users/Ben/Documents/Turing/Mod4/nasa-vues/dist/js/webpack:/src/components/HelloWorld.vue?f177">
          <metrics statements="2" coveredstatements="0" conditionals="0" coveredconditionals="0" methods="0" coveredmethods="0"/>
          <line num="20" count="0" type="stmt"/>
          <line num="21" count="0" type="stmt"/>
        </file>
      </package>
      <package name="dist.js.webpack:.webpack">
        <metrics statements="41" coveredstatements="0" conditionals="39" coveredconditionals="0" methods="12" coveredmethods="0"/>
        <file name="bootstrap" path="/Users/Ben/Documents/Turing/Mod4/nasa-vues/dist/js/webpack:/webpack/bootstrap">
          <metrics statements="41" coveredstatements="0" conditionals="39" coveredconditionals="0" methods="12" coveredmethods="0"/>
          <line num="10" count="0" type="stmt"/>
          <line num="11" count="0" type="stmt"/>
          <line num="17" count="0" type="stmt"/>
          <line num="18" count="0" type="cond" truecount="0" falsecount="2"/>
          <line num="22" count="0" type="cond" truecount="0" falsecount="2"/>
          <line num="24" count="0" type="stmt"/>
          <line num="25" count="0" type="stmt"/>
          <line num="32" count="0" type="stmt"/>
          <line num="36" count="0" type="stmt"/>
          <line num="39" count="0" type="stmt"/>
          <line num="40" count="0" type="stmt"/>
          <line num="41" count="0" type="cond" truecount="0" falsecount="2"/>
          <line num="43" count="0" type="cond" truecount="0" falsecount="2"/>
          <line num="48" count="0" type="stmt"/>
          <line num="52" count="0" type="stmt"/>
          <line num="57" count="0" type="stmt"/>
          <line num="61" count="0" type="stmt"/>
          <line num="67" count="0" type="cond" truecount="0" falsecount="2"/>
          <line num="68" count="0" type="stmt"/>
          <line num="71" count="0" type="stmt"/>
          <line num="84" count="0" type="stmt"/>
          <line num="89" count="0" type="stmt"/>
          <line num="96" count="0" type="cond" truecount="0" falsecount="2"/>
          <line num="103" count="0" type="cond" truecount="0" falsecount="3"/>
          <line num="116" count="0" type="cond" truecount="0" falsecount="2"/>
          <line num="117" count="0" type="cond" truecount="0" falsecount="6"/>
          <line num="118" count="0" type="stmt"/>
          <line num="121" count="0" type="cond" truecount="0" falsecount="4"/>
          <line num="122" count="0" type="stmt"/>
          <line num="127" count="0" type="cond" truecount="0" falsecount="2"/>
          <line num="128" count="0" type="cond" truecount="0" falsecount="2"/>
          <line num="129" count="0" type="stmt"/>
          <line num="131" count="0" type="stmt"/>
          <line num="135" count="0" type="stmt"/>
          <line num="140" count="0" type="cond" truecount="0" falsecount="2"/>
          <line num="141" count="0" type="stmt"/>
          <line num="142" count="0" type="stmt"/>
          <line num="144" count="0" type="stmt"/>
          <line num="145" count="0" type="stmt"/>
          <line num="149" count="0" type="stmt"/>
          <line num="151" count="0" type="stmt"/>
        </file>
      </package>
      <package name="src.components">
        <metrics statements="13" coveredstatements="8" conditionals="0" coveredconditionals="0" methods="3" coveredmethods="1"/>
        <file name="NasaVues.vue" path="/Users/Ben/Documents/Turing/Mod4/nasa-vues/src/components/NasaVues.vue">
          <metrics statements="13" coveredstatements="8" conditionals="0" coveredconditionals="0" methods="3" coveredmethods="1"/>
          <line num="31" count="1" type="stmt"/>
          <line num="32" count="1" type="stmt"/>
          <line num="37" count="4" type="stmt"/>
          <line num="43" count="0" type="stmt"/>
          <line num="44" count="0" type="stmt"/>
          <line num="45" count="0" type="stmt"/>
          <line num="46" count="0" type="stmt"/>
          <line num="49" count="4" type="stmt"/>
          <line num="50" count="4" type="stmt"/>
          <line num="51" count="4" type="stmt"/>
          <line num="52" count="4" type="stmt"/>
          <line num="55" count="0" type="stmt"/>
          <line num="59" count="4" type="stmt"/>
        </file>
      </package>
      <package name="src.utils">
        <metrics statements="19" coveredstatements="10" conditionals="0" coveredconditionals="0" methods="3" coveredmethods="2"/>
        <file name="apiCalls.js" path="/Users/Ben/Documents/Turing/Mod4/nasa-vues/src/utils/apiCalls.js">
          <metrics statements="15" coveredstatements="8" conditionals="0" coveredconditionals="0" methods="3" coveredmethods="2"/>
          <line num="45" count="2" type="stmt"/>
          <line num="46" count="4" type="stmt"/>
          <line num="47" count="4" type="stmt"/>
          <line num="48" count="4" type="stmt"/>
          <line num="49" count="4" type="stmt"/>
          <line num="52" count="2" type="stmt"/>
          <line num="53" count="0" type="stmt"/>
          <line num="54" count="0" type="stmt"/>
          <line num="55" count="0" type="stmt"/>
          <line num="56" count="0" type="stmt"/>
          <line num="57" count="0" type="stmt"/>
          <line num="58" count="0" type="stmt"/>
          <line num="60" count="0" type="stmt"/>
          <line num="63" count="2" type="stmt"/>
          <line num="64" count="2" type="stmt"/>
        </file>
        <file name="apiKey.js" path="/Users/Ben/Documents/Turing/Mod4/nasa-vues/src/utils/apiKey.js">
          <metrics statements="1" coveredstatements="0" conditionals="0" coveredconditionals="0" methods="0" coveredmethods="0"/>
          <line num="1" count="0" type="stmt"/>
        </file>
        <file name="mockAPOD.js" path="/Users/Ben/Documents/Turing/Mod4/nasa-vues/src/utils/mockAPOD.js">
          <metrics statements="1" coveredstatements="0" conditionals="0" coveredconditionals="0" methods="0" coveredmethods="0"/>
          <line num="1" count="0" type="stmt"/>
        </file>
        <file name="mockDailys.js" path="/Users/Ben/Documents/Turing/Mod4/nasa-vues/src/utils/mockDailys.js">
          <metrics statements="1" coveredstatements="1" conditionals="0" coveredconditionals="0" methods="0" coveredmethods="0"/>
          <line num="1" count="2" type="stmt"/>
        </file>
        <file name="mockRover.js" path="/Users/Ben/Documents/Turing/Mod4/nasa-vues/src/utils/mockRover.js">
          <metrics statements="1" coveredstatements="1" conditionals="0" coveredconditionals="0" methods="0" coveredmethods="0"/>
          <line num="1" count="2" type="stmt"/>
        </file>
      </package>
    </metrics>
  </project>
</coverage>
