{"/Users/Ben/Documents/Turing/Mod4/nasa-vues/dist/js/webpack:/(webpack)/buildin/global.js": {"path":"/Users/Ben/Documents/Turing/Mod4/nasa-vues/dist/js/webpack:/(webpack)/buildin/global.js","statementMap":{"0":{"start":{"line":4,"column":0},"end":{"line":null,"column":-1}},"1":{"start":{"line":5,"column":0},"end":{"line":null,"column":-1}},"2":{"start":{"line":8,"column":0},"end":{"line":20,"column":0}},"3":{"start":{"line":10,"column":0},"end":{"line":null,"column":-1}},"4":{"start":{"line":13,"column":0},"end":{"line":null,"column":-1}},"5":{"start":{"line":20,"column":0},"end":{"line":null,"column":-1}}},"fnMap":{"0":{"name":"(anonymous_639)","decl":{"start":{"line":4,"column":0},"end":{"line":4,"column":-1}},"loc":{"start":{"line":4,"column":0},"end":{"line":4,"column":-1}}}},"branchMap":{"0":{"loc":{"start":{"line":10,"column":0},"end":{"line":10,"column":-1}},"type":"binary-expr","locations":[{"start":{"line":10,"column":0},"end":{"line":10,"column":-1}},{"start":{"line":10,"column":0},"end":{"line":10,"column":-1}}]},"1":{"loc":{"start":{"line":13,"column":0},"end":{"line":13,"column":-1}},"type":"binary-expr","locations":[{"start":{"line":13,"column":0},"end":{"line":13,"column":-1}},{"start":{"line":13,"column":0},"end":{"line":13,"column":-1}}]}},"s":{"0":0,"1":0,"2":0,"3":0,"4":0,"5":0},"f":{"0":0},"b":{"0":[0,0],"1":[0,0]}}
,"/Users/Ben/Documents/Turing/Mod4/nasa-vues/dist/js/webpack:/node_modules/core-js/modules/_a-function.js": {"path":"/Users/Ben/Documents/Turing/Mod4/nasa-vues/dist/js/webpack:/node_modules/core-js/modules/_a-function.js","statementMap":{"0":{"start":{"line":1,"column":0},"end":{"line":null,"column":-1}},"1":{"start":{"line":2,"column":0},"end":{"line":null,"column":-1}},"2":{"start":{"line":3,"column":0},"end":{"line":null,"column":-1}}},"fnMap":{"0":{"name":"(anonymous_654)","decl":{"start":{"line":1,"column":0},"end":{"line":1,"column":-1}},"loc":{"start":{"line":1,"column":0},"end":{"line":1,"column":-1}}}},"branchMap":{"0":{"loc":{"start":{"line":2,"column":0},"end":{"line":null,"column":-1}},"type":"if","locations":[{"start":{"line":2,"column":0},"end":{"line":null,"column":-1}},{"start":{"line":2,"column":0},"end":{"line":null,"column":-1}}]}},"s":{"0":0,"1":0,"2":0},"f":{"0":0},"b":{"0":[0,0]}}
,"/Users/Ben/Documents/Turing/Mod4/nasa-vues/dist/js/webpack:/node_modules/core-js/modules/_add-to-unscopables.js": {"path":"/Users/Ben/Documents/Turing/Mod4/nasa-vues/dist/js/webpack:/node_modules/core-js/modules/_add-to-unscopables.js","statementMap":{"0":{"start":{"line":2,"column":18},"end":{"line":2,"column":0}},"1":{"start":{"line":3,"column":0},"end":{"line":2,"column":0}},"2":{"start":{"line":3,"column":0},"end":{"line":null,"column":-1}},"3":{"start":{"line":6,"column":0},"end":{"line":null,"column":-1}}},"fnMap":{"0":{"name":"(anonymous_615)","decl":{"start":{"line":5,"column":0},"end":{"line":5,"column":-1}},"loc":{"start":{"line":5,"column":0},"end":{"line":3,"column":0}}}},"branchMap":{"0":{"loc":{"start":{"line":3,"column":0},"end":{"line":3,"column":-1}},"type":"binary-expr","locations":[{"start":{"line":3,"column":0},"end":{"line":3,"column":-1}},{"start":{"line":4,"column":42},"end":{"line":3,"column":0}}]}},"s":{"0":0,"1":0,"2":0,"3":0},"f":{"0":0},"b":{"0":[0,0]}}
,"/Users/Ben/Documents/Turing/Mod4/nasa-vues/dist/js/webpack:/node_modules/core-js/modules/_an-instance.js": {"path":"/Users/Ben/Documents/Turing/Mod4/nasa-vues/dist/js/webpack:/node_modules/core-js/modules/_an-instance.js","statementMap":{"0":{"start":{"line":1,"column":0},"end":{"line":null,"column":-1}},"1":{"start":{"line":2,"column":0},"end":{"line":3,"column":0}},"2":{"start":{"line":3,"column":0},"end":{"line":null,"column":-1}},"3":{"start":{"line":4,"column":3},"end":{"line":null,"column":-1}}},"fnMap":{"0":{"name":"(anonymous_661)","decl":{"start":{"line":1,"column":0},"end":{"line":1,"column":-1}},"loc":{"start":{"line":1,"column":0},"end":{"line":1,"column":-1}}}},"branchMap":{"0":{"loc":{"start":{"line":2,"column":0},"end":{"line":3,"column":0}},"type":"if","locations":[{"start":{"line":2,"column":0},"end":{"line":3,"column":0}},{"start":{"line":2,"column":0},"end":{"line":3,"column":0}}]},"1":{"loc":{"start":{"line":2,"column":0},"end":{"line":2,"column":-1}},"type":"binary-expr","locations":[{"start":{"line":2,"column":0},"end":{"line":2,"column":-1}},{"start":{"line":2,"column":0},"end":{"line":2,"column":-1}},{"start":{"line":2,"column":0},"end":{"line":2,"column":-1}}]}},"s":{"0":0,"1":0,"2":0,"3":0},"f":{"0":0},"b":{"0":[0,0],"1":[0,0,0]}}
,"/Users/Ben/Documents/Turing/Mod4/nasa-vues/dist/js/webpack:/node_modules/core-js/modules/_an-object.js": {"path":"/Users/Ben/Documents/Turing/Mod4/nasa-vues/dist/js/webpack:/node_modules/core-js/modules/_an-object.js","statementMap":{"0":{"start":{"line":1,"column":15},"end":{"line":1,"column":0}},"1":{"start":{"line":2,"column":0},"end":{"line":null,"column":-1}},"2":{"start":{"line":3,"column":0},"end":{"line":null,"column":-1}},"3":{"start":{"line":4,"column":0},"end":{"line":null,"column":-1}}},"fnMap":{"0":{"name":"(anonymous_646)","decl":{"start":{"line":2,"column":0},"end":{"line":2,"column":-1}},"loc":{"start":{"line":2,"column":0},"end":{"line":2,"column":-1}}}},"branchMap":{"0":{"loc":{"start":{"line":3,"column":0},"end":{"line":null,"column":-1}},"type":"if","locations":[{"start":{"line":3,"column":0},"end":{"line":null,"column":-1}},{"start":{"line":3,"column":0},"end":{"line":null,"column":-1}}]}},"s":{"0":0,"1":0,"2":0,"3":0},"f":{"0":0},"b":{"0":[0,0]}}
,"/Users/Ben/Documents/Turing/Mod4/nasa-vues/dist/js/webpack:/node_modules/core-js/modules/_array-includes.js": {"path":"/Users/Ben/Documents/Turing/Mod4/nasa-vues/dist/js/webpack:/node_modules/core-js/modules/_array-includes.js","statementMap":{"0":{"start":{"line":3,"column":16},"end":{"line":3,"column":0}},"1":{"start":{"line":4,"column":15},"end":{"line":3,"column":0}},"2":{"start":{"line":5,"column":22},"end":{"line":3,"column":0}},"3":{"start":{"line":6,"column":0},"end":{"line":null,"column":-1}},"4":{"start":{"line":7,"column":0},"end":{"line":null,"column":-1}},"5":{"start":{"line":8,"column":0},"end":{"line":8,"column":-1}},"6":{"start":{"line":9,"column":0},"end":{"line":8,"column":0}},"7":{"start":{"line":10,"column":0},"end":{"line":8,"column":0}},"8":{"start":{"line":14,"column":0},"end":{"line":20,"column":0}},"9":{"start":{"line":14,"column":0},"end":{"line":17,"column":0}},"10":{"start":{"line":17,"column":0},"end":{"line":null,"column":-1}},"11":{"start":{"line":19,"column":5},"end":{"line":20,"column":0}},"12":{"start":{"line":19,"column":32},"end":{"line":20,"column":0}},"13":{"start":{"line":20,"column":0},"end":{"line":null,"column":-1}},"14":{"start":{"line":21,"column":5},"end":{"line":null,"column":-1}}},"fnMap":{"0":{"name":"(anonymous_633)","decl":{"start":{"line":6,"column":0},"end":{"line":6,"column":-1}},"loc":{"start":{"line":6,"column":0},"end":{"line":6,"column":-1}}},"1":{"name":"(anonymous_634)","decl":{"start":{"line":7,"column":0},"end":{"line":7,"column":-1}},"loc":{"start":{"line":7,"column":0},"end":{"line":7,"column":-1}}}},"branchMap":{"0":{"loc":{"start":{"line":14,"column":0},"end":{"line":20,"column":0}},"type":"if","locations":[{"start":{"line":14,"column":0},"end":{"line":20,"column":0}},{"start":{"line":14,"column":0},"end":{"line":20,"column":0}}]},"1":{"loc":{"start":{"line":14,"column":0},"end":{"line":14,"column":-1}},"type":"binary-expr","locations":[{"start":{"line":14,"column":0},"end":{"line":14,"column":-1}},{"start":{"line":14,"column":0},"end":{"line":14,"column":-1}}]},"2":{"loc":{"start":{"line":17,"column":0},"end":{"line":null,"column":-1}},"type":"if","locations":[{"start":{"line":17,"column":0},"end":{"line":null,"column":-1}},{"start":{"line":17,"column":0},"end":{"line":null,"column":-1}}]},"3":{"loc":{"start":{"line":19,"column":32},"end":{"line":20,"column":0}},"type":"if","locations":[{"start":{"line":19,"column":32},"end":{"line":20,"column":0}},{"start":{"line":19,"column":32},"end":{"line":20,"column":0}}]},"4":{"loc":{"start":{"line":19,"column":32},"end":{"line":19,"column":31}},"type":"binary-expr","locations":[{"start":{"line":19,"column":32},"end":{"line":19,"column":31}},{"start":{"line":19,"column":32},"end":{"line":19,"column":31}},{"start":{"line":20,"column":0},"end":{"line":19,"column":32}}]},"5":{"loc":{"start":{"line":20,"column":0},"end":{"line":20,"column":-1}},"type":"binary-expr","locations":[{"start":{"line":20,"column":0},"end":{"line":20,"column":-1}},{"start":{"line":20,"column":0},"end":{"line":20,"column":-1}},{"start":{"line":20,"column":0},"end":{"line":20,"column":-1}}]},"6":{"loc":{"start":{"line":21,"column":5},"end":{"line":21,"column":4}},"type":"binary-expr","locations":[{"start":{"line":21,"column":5},"end":{"line":21,"column":4}},{"start":{"line":21,"column":5},"end":{"line":21,"column":4}}]}},"s":{"0":0,"1":0,"2":0,"3":0,"4":0,"5":0,"6":0,"7":0,"8":0,"9":0,"10":0,"11":0,"12":0,"13":0,"14":0},"f":{"0":0,"1":0},"b":{"0":[0,0],"1":[0,0],"2":[0,0],"3":[0,0],"4":[0,0,0],"5":[0,0,0],"6":[0,0]}}
,"/Users/Ben/Documents/Turing/Mod4/nasa-vues/dist/js/webpack:/node_modules/core-js/modules/_classof.js": {"path":"/Users/Ben/Documents/Turing/Mod4/nasa-vues/dist/js/webpack:/node_modules/core-js/modules/_classof.js","statementMap":{"0":{"start":{"line":2,"column":10},"end":{"line":2,"column":0}},"1":{"start":{"line":3,"column":10},"end":{"line":2,"column":0}},"2":{"start":{"line":5,"column":47},"end":{"line":2,"column":0}},"3":{"start":{"line":5,"column":27},"end":{"line":null,"column":-1}},"4":{"start":{"line":8,"column":0},"end":{"line":2,"column":0}},"5":{"start":{"line":9,"column":0},"end":{"line":11,"column":3}},"6":{"start":{"line":10,"column":0},"end":{"line":null,"column":-1}},"7":{"start":{"line":14,"column":0},"end":{"line":null,"column":-1}},"8":{"start":{"line":16,"column":0},"end":{"line":null,"column":-1}}},"fnMap":{"0":{"name":"(anonymous_35)","decl":{"start":{"line":5,"column":0},"end":{"line":5,"column":-1}},"loc":{"start":{"line":5,"column":0},"end":{"line":5,"column":-1}}},"1":{"name":"(anonymous_36)","decl":{"start":{"line":8,"column":0},"end":{"line":8,"column":-1}},"loc":{"start":{"line":8,"column":0},"end":{"line":2,"column":0}}},"2":{"name":"(anonymous_37)","decl":{"start":{"line":14,"column":0},"end":{"line":14,"column":-1}},"loc":{"start":{"line":14,"column":0},"end":{"line":14,"column":-1}}}},"branchMap":{"0":{"loc":{"start":{"line":16,"column":0},"end":{"line":16,"column":-1}},"type":"cond-expr","locations":[{"start":{"line":16,"column":0},"end":{"line":16,"column":-1}},{"start":{"line":16,"column":0},"end":{"line":16,"column":-1}}]},"1":{"loc":{"start":{"line":16,"column":0},"end":{"line":16,"column":-1}},"type":"cond-expr","locations":[{"start":{"line":16,"column":0},"end":{"line":16,"column":-1}},{"start":{"line":18,"column":0},"end":{"line":16,"column":0}}]},"2":{"loc":{"start":{"line":18,"column":0},"end":{"line":18,"column":-1}},"type":"cond-expr","locations":[{"start":{"line":18,"column":0},"end":{"line":18,"column":-1}},{"start":{"line":20,"column":0},"end":{"line":16,"column":0}}]},"3":{"loc":{"start":{"line":20,"column":0},"end":{"line":20,"column":-1}},"type":"cond-expr","locations":[{"start":{"line":20,"column":0},"end":{"line":20,"column":-1}},{"start":{"line":22,"column":0},"end":{"line":16,"column":0}}]},"4":{"loc":{"start":{"line":22,"column":0},"end":{"line":22,"column":-1}},"type":"cond-expr","locations":[{"start":{"line":22,"column":0},"end":{"line":22,"column":-1}},{"start":{"line":22,"column":0},"end":{"line":16,"column":0}}]},"5":{"loc":{"start":{"line":22,"column":0},"end":{"line":22,"column":-1}},"type":"binary-expr","locations":[{"start":{"line":22,"column":0},"end":{"line":22,"column":-1}},{"start":{"line":22,"column":0},"end":{"line":22,"column":-1}}]}},"s":{"0":0,"1":0,"2":0,"3":0,"4":0,"5":0,"6":0,"7":0,"8":0},"f":{"0":0,"1":0,"2":0},"b":{"0":[0,0],"1":[0,0],"2":[0,0],"3":[0,0],"4":[0,0],"5":[0,0]}}
,"/Users/Ben/Documents/Turing/Mod4/nasa-vues/dist/js/webpack:/node_modules/core-js/modules/_cof.js": {"path":"/Users/Ben/Documents/Turing/Mod4/nasa-vues/dist/js/webpack:/node_modules/core-js/modules/_cof.js","statementMap":{"0":{"start":{"line":3,"column":0},"end":{"line":null,"column":-1}},"1":{"start":{"line":4,"column":0},"end":{"line":null,"column":-1}}},"fnMap":{"0":{"name":"(anonymous_511)","decl":{"start":{"line":3,"column":0},"end":{"line":3,"column":-1}},"loc":{"start":{"line":3,"column":0},"end":{"line":3,"column":-1}}}},"branchMap":{},"s":{"0":0,"1":0},"f":{"0":0},"b":{}}
,"/Users/Ben/Documents/Turing/Mod4/nasa-vues/dist/js/webpack:/node_modules/core-js/modules/_core.js": {"path":"/Users/Ben/Documents/Turing/Mod4/nasa-vues/dist/js/webpack:/node_modules/core-js/modules/_core.js","statementMap":{"0":{"start":{"line":1,"column":0},"end":{"line":1,"column":-1}},"1":{"start":{"line":2,"column":0},"end":{"line":null,"column":-1}}},"fnMap":{},"branchMap":{"0":{"loc":{"start":{"line":2,"column":0},"end":{"line":2,"column":-1}},"type":"binary-expr","locations":[{"start":{"line":2,"column":0},"end":{"line":2,"column":-1}},{"start":{"line":2,"column":0},"end":{"line":2,"column":-1}}]}},"s":{"0":0,"1":0},"f":{},"b":{"0":[0,0]}}
,"/Users/Ben/Documents/Turing/Mod4/nasa-vues/dist/js/webpack:/node_modules/core-js/modules/_ctx.js": {"path":"/Users/Ben/Documents/Turing/Mod4/nasa-vues/dist/js/webpack:/node_modules/core-js/modules/_ctx.js","statementMap":{"0":{"start":{"line":2,"column":16},"end":{"line":2,"column":0}},"1":{"start":{"line":3,"column":0},"end":{"line":null,"column":-1}},"2":{"start":{"line":5,"column":0},"end":{"line":null,"column":-1}},"3":{"start":{"line":6,"column":0},"end":{"line":null,"column":-1}},"4":{"start":{"line":7,"column":0},"end":{"line":null,"column":-1}},"5":{"start":{"line":8,"column":0},"end":{"line":null,"column":-1}},"6":{"start":{"line":10,"column":0},"end":{"line":null,"column":-1}},"7":{"start":{"line":11,"column":0},"end":{"line":null,"column":-1}},"8":{"start":{"line":13,"column":0},"end":{"line":null,"column":-1}},"9":{"start":{"line":14,"column":0},"end":{"line":null,"column":-1}},"10":{"start":{"line":17,"column":0},"end":{"line":null,"column":-1}},"11":{"start":{"line":18,"column":0},"end":{"line":null,"column":-1}}},"fnMap":{"0":{"name":"(anonymous_609)","decl":{"start":{"line":3,"column":0},"end":{"line":3,"column":-1}},"loc":{"start":{"line":3,"column":0},"end":{"line":3,"column":-1}}},"1":{"name":"(anonymous_610)","decl":{"start":{"line":7,"column":0},"end":{"line":7,"column":-1}},"loc":{"start":{"line":7,"column":0},"end":{"line":7,"column":-1}}},"2":{"name":"(anonymous_611)","decl":{"start":{"line":10,"column":0},"end":{"line":10,"column":-1}},"loc":{"start":{"line":10,"column":0},"end":{"line":10,"column":-1}}},"3":{"name":"(anonymous_612)","decl":{"start":{"line":13,"column":0},"end":{"line":13,"column":-1}},"loc":{"start":{"line":13,"column":0},"end":{"line":13,"column":-1}}},"4":{"name":"(anonymous_613)","decl":{"start":{"line":17,"column":0},"end":{"line":17,"column":-1}},"loc":{"start":{"line":17,"column":0},"end":{"line":17,"column":-1}}}},"branchMap":{"0":{"loc":{"start":{"line":5,"column":0},"end":{"line":null,"column":-1}},"type":"if","locations":[{"start":{"line":5,"column":0},"end":{"line":null,"column":-1}},{"start":{"line":5,"column":0},"end":{"line":null,"column":-1}}]},"1":{"loc":{"start":{"line":7,"column":0},"end":{"line":null,"column":-1}},"type":"switch","locations":[{"start":{"line":7,"column":0},"end":{"line":null,"column":-1}},{"start":{"line":10,"column":0},"end":{"line":null,"column":-1}},{"start":{"line":13,"column":0},"end":{"line":null,"column":-1}}]}},"s":{"0":0,"1":0,"2":0,"3":0,"4":0,"5":0,"6":0,"7":0,"8":0,"9":0,"10":0,"11":0},"f":{"0":0,"1":0,"2":0,"3":0,"4":0},"b":{"0":[0,0],"1":[0,0,0]}}
,"/Users/Ben/Documents/Turing/Mod4/nasa-vues/dist/js/webpack:/node_modules/core-js/modules/_defined.js": {"path":"/Users/Ben/Documents/Turing/Mod4/nasa-vues/dist/js/webpack:/node_modules/core-js/modules/_defined.js","statementMap":{"0":{"start":{"line":2,"column":0},"end":{"line":null,"column":-1}},"1":{"start":{"line":3,"column":0},"end":{"line":null,"column":-1}},"2":{"start":{"line":4,"column":0},"end":{"line":null,"column":-1}}},"fnMap":{"0":{"name":"(anonymous_631)","decl":{"start":{"line":2,"column":0},"end":{"line":2,"column":-1}},"loc":{"start":{"line":2,"column":0},"end":{"line":2,"column":-1}}}},"branchMap":{"0":{"loc":{"start":{"line":3,"column":0},"end":{"line":null,"column":-1}},"type":"if","locations":[{"start":{"line":3,"column":0},"end":{"line":null,"column":-1}},{"start":{"line":3,"column":0},"end":{"line":null,"column":-1}}]}},"s":{"0":0,"1":0,"2":0},"f":{"0":0},"b":{"0":[0,0]}}
,"/Users/Ben/Documents/Turing/Mod4/nasa-vues/dist/js/webpack:/node_modules/core-js/modules/_descriptors.js": {"path":"/Users/Ben/Documents/Turing/Mod4/nasa-vues/dist/js/webpack:/node_modules/core-js/modules/_descriptors.js","statementMap":{"0":{"start":{"line":2,"column":0},"end":{"line":null,"column":-1}},"1":{"start":{"line":3,"column":0},"end":{"line":null,"column":-1}},"2":{"start":{"line":3,"column":60},"end":{"line":null,"column":-1}}},"fnMap":{"0":{"name":"(anonymous_621)","decl":{"start":{"line":2,"column":36},"end":{"line":2,"column":35}},"loc":{"start":{"line":2,"column":36},"end":{"line":2,"column":18}}},"1":{"name":"(anonymous_622)","decl":{"start":{"line":3,"column":41},"end":{"line":3,"column":40}},"loc":{"start":{"line":3,"column":41},"end":{"line":3,"column":60}}}},"branchMap":{},"s":{"0":0,"1":0,"2":0},"f":{"0":0,"1":0},"b":{}}
,"/Users/Ben/Documents/Turing/Mod4/nasa-vues/dist/js/webpack:/node_modules/core-js/modules/_dom-create.js": {"path":"/Users/Ben/Documents/Turing/Mod4/nasa-vues/dist/js/webpack:/node_modules/core-js/modules/_dom-create.js","statementMap":{"0":{"start":{"line":1,"column":15},"end":{"line":1,"column":0}},"1":{"start":{"line":2,"column":15},"end":{"line":1,"column":0}},"2":{"start":{"line":4,"column":0},"end":{"line":1,"column":0}},"3":{"start":{"line":5,"column":0},"end":{"line":null,"column":-1}},"4":{"start":{"line":6,"column":0},"end":{"line":null,"column":-1}}},"fnMap":{"0":{"name":"(anonymous_33)","decl":{"start":{"line":5,"column":0},"end":{"line":5,"column":-1}},"loc":{"start":{"line":5,"column":0},"end":{"line":5,"column":-1}}}},"branchMap":{"0":{"loc":{"start":{"line":4,"column":0},"end":{"line":4,"column":-1}},"type":"binary-expr","locations":[{"start":{"line":4,"column":0},"end":{"line":4,"column":-1}},{"start":{"line":4,"column":0},"end":{"line":1,"column":0}}]},"1":{"loc":{"start":{"line":6,"column":0},"end":{"line":6,"column":-1}},"type":"cond-expr","locations":[{"start":{"line":6,"column":0},"end":{"line":6,"column":-1}},{"start":{"line":6,"column":0},"end":{"line":6,"column":-1}}]}},"s":{"0":0,"1":0,"2":0,"3":0,"4":0},"f":{"0":0},"b":{"0":[0,0],"1":[0,0]}}
,"/Users/Ben/Documents/Turing/Mod4/nasa-vues/dist/js/webpack:/node_modules/core-js/modules/_enum-bug-keys.js": {"path":"/Users/Ben/Documents/Turing/Mod4/nasa-vues/dist/js/webpack:/node_modules/core-js/modules/_enum-bug-keys.js","statementMap":{"0":{"start":{"line":2,"column":0},"end":{"line":null,"column":-1}}},"fnMap":{},"branchMap":{},"s":{"0":0},"f":{},"b":{}}
,"/Users/Ben/Documents/Turing/Mod4/nasa-vues/dist/js/webpack:/node_modules/core-js/modules/_export.js": {"path":"/Users/Ben/Documents/Turing/Mod4/nasa-vues/dist/js/webpack:/node_modules/core-js/modules/_export.js","statementMap":{"0":{"start":{"line":1,"column":13},"end":{"line":1,"column":0}},"1":{"start":{"line":2,"column":11},"end":{"line":1,"column":0}},"2":{"start":{"line":3,"column":11},"end":{"line":1,"column":0}},"3":{"start":{"line":4,"column":15},"end":{"line":1,"column":0}},"4":{"start":{"line":5,"column":10},"end":{"line":1,"column":0}},"5":{"start":{"line":6,"column":0},"end":{"line":1,"column":0}},"6":{"start":{"line":8,"column":0},"end":{"line":1,"column":0}},"7":{"start":{"line":9,"column":0},"end":{"line":9,"column":-1}},"8":{"start":{"line":10,"column":0},"end":{"line":9,"column":0}},"9":{"start":{"line":11,"column":0},"end":{"line":9,"column":0}},"10":{"start":{"line":12,"column":0},"end":{"line":9,"column":0}},"11":{"start":{"line":13,"column":0},"end":{"line":9,"column":0}},"12":{"start":{"line":14,"column":0},"end":{"line":9,"column":0}},"13":{"start":{"line":15,"column":0},"end":{"line":9,"column":0}},"14":{"start":{"line":16,"column":0},"end":{"line":9,"column":0}},"15":{"start":{"line":19,"column":0},"end":{"line":21,"column":0}},"16":{"start":{"line":21,"column":0},"end":{"line":null,"column":-1}},"17":{"start":{"line":33,"column":0},"end":{"line":null,"column":-1}}},"fnMap":{"0":{"name":"(anonymous_569)","decl":{"start":{"line":8,"column":0},"end":{"line":8,"column":-1}},"loc":{"start":{"line":8,"column":0},"end":{"line":1,"column":0}}}},"branchMap":{"0":{"loc":{"start":{"line":14,"column":0},"end":{"line":14,"column":-1}},"type":"cond-expr","locations":[{"start":{"line":14,"column":0},"end":{"line":14,"column":-1}},{"start":{"line":14,"column":0},"end":{"line":9,"column":0}}]},"1":{"loc":{"start":{"line":14,"column":0},"end":{"line":14,"column":-1}},"type":"binary-expr","locations":[{"start":{"line":14,"column":0},"end":{"line":14,"column":-1}},{"start":{"line":14,"column":0},"end":{"line":14,"column":-1}}]},"2":{"loc":{"start":{"line":14,"column":82},"end":{"line":14,"column":81}},"type":"binary-expr","locations":[{"start":{"line":14,"column":82},"end":{"line":14,"column":81}},{"start":{"line":14,"column":82},"end":{"line":14,"column":0}}]},"3":{"loc":{"start":{"line":15,"column":0},"end":{"line":15,"column":-1}},"type":"cond-expr","locations":[{"start":{"line":15,"column":0},"end":{"line":15,"column":-1}},{"start":{"line":15,"column":0},"end":{"line":9,"column":0}}]},"4":{"loc":{"start":{"line":15,"column":0},"end":{"line":15,"column":-1}},"type":"binary-expr","locations":[{"start":{"line":15,"column":0},"end":{"line":15,"column":-1}},{"start":{"line":15,"column":0},"end":{"line":15,"column":-1}}]},"5":{"loc":{"start":{"line":16,"column":0},"end":{"line":16,"column":-1}},"type":"binary-expr","locations":[{"start":{"line":16,"column":0},"end":{"line":16,"column":-1}},{"start":{"line":16,"column":0},"end":{"line":16,"column":-1}}]},"6":{"loc":{"start":{"line":18,"column":0},"end":{"line":18,"column":-1}},"type":"binary-expr","locations":[{"start":{"line":18,"column":0},"end":{"line":18,"column":-1}},{"start":{"line":18,"column":0},"end":{"line":18,"column":-1}}]},"7":{"loc":{"start":{"line":21,"column":0},"end":{"line":21,"column":-1}},"type":"binary-expr","locations":[{"start":{"line":21,"column":0},"end":{"line":21,"column":-1}},{"start":{"line":21,"column":0},"end":{"line":21,"column":-1}},{"start":{"line":21,"column":0},"end":{"line":21,"column":-1}}]},"8":{"loc":{"start":{"line":23,"column":0},"end":{"line":23,"column":-1}},"type":"cond-expr","locations":[{"start":{"line":23,"column":0},"end":{"line":23,"column":-1}},{"start":{"line":23,"column":0},"end":{"line":23,"column":-1}}]},"9":{"loc":{"start":{"line":25,"column":0},"end":{"line":25,"column":-1}},"type":"cond-expr","locations":[{"start":{"line":25,"column":0},"end":{"line":25,"column":-1}},{"start":{"line":25,"column":0},"end":{"line":21,"column":0}}]},"10":{"loc":{"start":{"line":25,"column":0},"end":{"line":25,"column":-1}},"type":"binary-expr","locations":[{"start":{"line":25,"column":0},"end":{"line":25,"column":-1}},{"start":{"line":25,"column":0},"end":{"line":25,"column":-1}}]},"11":{"loc":{"start":{"line":27,"column":0},"end":{"line":27,"column":-1}},"type":"binary-expr","locations":[{"start":{"line":27,"column":0},"end":{"line":27,"column":-1}},{"start":{"line":27,"column":0},"end":{"line":21,"column":0}}]},"12":{"loc":{"start":{"line":29,"column":0},"end":{"line":29,"column":-1}},"type":"binary-expr","locations":[{"start":{"line":29,"column":0},"end":{"line":29,"column":-1}},{"start":{"line":29,"column":0},"end":{"line":21,"column":0}}]},"13":{"loc":{"start":{"line":30,"column":0},"end":{"line":30,"column":-1}},"type":"binary-expr","locations":[{"start":{"line":30,"column":0},"end":{"line":30,"column":-1}},{"start":{"line":30,"column":0},"end":{"line":30,"column":-1}},{"start":{"line":30,"column":0},"end":{"line":30,"column":-1}}]}},"s":{"0":0,"1":0,"2":0,"3":0,"4":0,"5":0,"6":0,"7":0,"8":0,"9":0,"10":0,"11":0,"12":0,"13":0,"14":0,"15":0,"16":0,"17":0},"f":{"0":0},"b":{"0":[0,0],"1":[0,0],"2":[0,0],"3":[0,0],"4":[0,0],"5":[0,0],"6":[0,0],"7":[0,0,0],"8":[0,0],"9":[0,0],"10":[0,0],"11":[0,0],"12":[0,0],"13":[0,0,0]}}
,"/Users/Ben/Documents/Turing/Mod4/nasa-vues/dist/js/webpack:/node_modules/core-js/modules/_fails.js": {"path":"/Users/Ben/Documents/Turing/Mod4/nasa-vues/dist/js/webpack:/node_modules/core-js/modules/_fails.js","statementMap":{"0":{"start":{"line":1,"column":0},"end":{"line":null,"column":-1}},"1":{"start":{"line":2,"column":0},"end":{"line":5,"column":0}},"2":{"start":{"line":3,"column":0},"end":{"line":null,"column":-1}},"3":{"start":{"line":5,"column":0},"end":{"line":null,"column":-1}}},"fnMap":{"0":{"name":"(anonymous_590)","decl":{"start":{"line":1,"column":0},"end":{"line":1,"column":-1}},"loc":{"start":{"line":1,"column":0},"end":{"line":1,"column":-1}}}},"branchMap":{},"s":{"0":0,"1":0,"2":0,"3":0},"f":{"0":0},"b":{}}
,"/Users/Ben/Documents/Turing/Mod4/nasa-vues/dist/js/webpack:/node_modules/core-js/modules/_for-of.js": {"path":"/Users/Ben/Documents/Turing/Mod4/nasa-vues/dist/js/webpack:/node_modules/core-js/modules/_for-of.js","statementMap":{"0":{"start":{"line":1,"column":10},"end":{"line":1,"column":0}},"1":{"start":{"line":2,"column":11},"end":{"line":1,"column":0}},"2":{"start":{"line":3,"column":18},"end":{"line":1,"column":0}},"3":{"start":{"line":4,"column":15},"end":{"line":1,"column":0}},"4":{"start":{"line":5,"column":15},"end":{"line":1,"column":0}},"5":{"start":{"line":6,"column":16},"end":{"line":1,"column":0}},"6":{"start":{"line":7,"column":0},"end":{"line":1,"column":0}},"7":{"start":{"line":8,"column":0},"end":{"line":1,"column":0}},"8":{"start":{"line":9,"column":0},"end":{"line":null,"column":-1}},"9":{"start":{"line":10,"column":0},"end":{"line":10,"column":-1}},"10":{"start":{"line":10,"column":39},"end":{"line":null,"column":-1}},"11":{"start":{"line":11,"column":0},"end":{"line":10,"column":0}},"12":{"start":{"line":12,"column":0},"end":{"line":10,"column":0}},"13":{"start":{"line":14,"column":0},"end":{"line":null,"column":-1}},"14":{"start":{"line":16,"column":0},"end":{"line":21,"column":0}},"15":{"start":{"line":16,"column":0},"end":{"line":18,"column":0}},"16":{"start":{"line":18,"column":0},"end":{"line":null,"column":-1}},"17":{"start":{"line":19,"column":3},"end":{"line":21,"column":0}},"18":{"start":{"line":21,"column":0},"end":{"line":null,"column":-1}},"19":{"start":{"line":24,"column":0},"end":{"line":null,"column":-1}}},"fnMap":{"0":{"name":"(anonymous_529)","decl":{"start":{"line":9,"column":0},"end":{"line":9,"column":-1}},"loc":{"start":{"line":9,"column":0},"end":{"line":9,"column":-1}}},"1":{"name":"(anonymous_530)","decl":{"start":{"line":10,"column":0},"end":{"line":10,"column":-1}},"loc":{"start":{"line":10,"column":0},"end":{"line":10,"column":-1}}}},"branchMap":{"0":{"loc":{"start":{"line":10,"column":0},"end":{"line":10,"column":-1}},"type":"cond-expr","locations":[{"start":{"line":10,"column":0},"end":{"line":10,"column":-1}},{"start":{"line":10,"column":58},"end":{"line":10,"column":0}}]},"1":{"loc":{"start":{"line":11,"column":0},"end":{"line":11,"column":-1}},"type":"cond-expr","locations":[{"start":{"line":11,"column":0},"end":{"line":11,"column":-1}},{"start":{"line":11,"column":0},"end":{"line":11,"column":-1}}]},"2":{"loc":{"start":{"line":14,"column":0},"end":{"line":null,"column":-1}},"type":"if","locations":[{"start":{"line":14,"column":0},"end":{"line":null,"column":-1}},{"start":{"line":14,"column":0},"end":{"line":null,"column":-1}}]},"3":{"loc":{"start":{"line":16,"column":0},"end":{"line":21,"column":0}},"type":"if","locations":[{"start":{"line":16,"column":0},"end":{"line":21,"column":0}},{"start":{"line":16,"column":0},"end":{"line":21,"column":0}}]},"4":{"loc":{"start":{"line":18,"column":0},"end":{"line":null,"column":-1}},"type":"if","locations":[{"start":{"line":18,"column":0},"end":{"line":null,"column":-1}},{"start":{"line":18,"column":0},"end":{"line":null,"column":-1}}]},"5":{"loc":{"start":{"line":17,"column":0},"end":{"line":17,"column":-1}},"type":"cond-expr","locations":[{"start":{"line":17,"column":0},"end":{"line":17,"column":-1}},{"start":{"line":17,"column":0},"end":{"line":17,"column":-1}}]},"6":{"loc":{"start":{"line":18,"column":0},"end":{"line":18,"column":-1}},"type":"binary-expr","locations":[{"start":{"line":18,"column":0},"end":{"line":18,"column":-1}},{"start":{"line":18,"column":0},"end":{"line":18,"column":-1}}]},"7":{"loc":{"start":{"line":21,"column":0},"end":{"line":null,"column":-1}},"type":"if","locations":[{"start":{"line":21,"column":0},"end":{"line":null,"column":-1}},{"start":{"line":21,"column":0},"end":{"line":null,"column":-1}}]},"8":{"loc":{"start":{"line":21,"column":0},"end":{"line":21,"column":-1}},"type":"binary-expr","locations":[{"start":{"line":21,"column":0},"end":{"line":21,"column":-1}},{"start":{"line":21,"column":0},"end":{"line":21,"column":-1}}]}},"s":{"0":0,"1":0,"2":0,"3":0,"4":0,"5":0,"6":0,"7":0,"8":0,"9":0,"10":0,"11":0,"12":0,"13":0,"14":0,"15":0,"16":0,"17":0,"18":0,"19":0},"f":{"0":0,"1":0},"b":{"0":[0,0],"1":[0,0],"2":[0,0],"3":[0,0],"4":[0,0],"5":[0,0],"6":[0,0],"7":[0,0],"8":[0,0]}}
,"/Users/Ben/Documents/Turing/Mod4/nasa-vues/dist/js/webpack:/node_modules/core-js/modules/_global.js": {"path":"/Users/Ben/Documents/Turing/Mod4/nasa-vues/dist/js/webpack:/node_modules/core-js/modules/_global.js","statementMap":{"0":{"start":{"line":2,"column":0},"end":{"line":2,"column":-1}},"1":{"start":{"line":6,"column":0},"end":{"line":null,"column":-1}}},"fnMap":{},"branchMap":{"0":{"loc":{"start":{"line":3,"column":0},"end":{"line":2,"column":0}},"type":"cond-expr","locations":[{"start":{"line":3,"column":0},"end":{"line":2,"column":0}},{"start":{"line":3,"column":0},"end":{"line":2,"column":0}}]},"1":{"loc":{"start":{"line":2,"column":0},"end":{"line":2,"column":-1}},"type":"binary-expr","locations":[{"start":{"line":2,"column":0},"end":{"line":2,"column":-1}},{"start":{"line":2,"column":0},"end":{"line":2,"column":-1}}]},"2":{"loc":{"start":{"line":3,"column":0},"end":{"line":3,"column":-1}},"type":"cond-expr","locations":[{"start":{"line":3,"column":0},"end":{"line":3,"column":-1}},{"start":{"line":5,"column":0},"end":{"line":2,"column":0}}]},"3":{"loc":{"start":{"line":3,"column":0},"end":{"line":3,"column":-1}},"type":"binary-expr","locations":[{"start":{"line":3,"column":0},"end":{"line":3,"column":-1}},{"start":{"line":3,"column":0},"end":{"line":3,"column":-1}}]},"4":{"loc":{"start":{"line":6,"column":0},"end":{"line":6,"column":-1}},"type":"binary-expr","locations":[{"start":{"line":6,"column":0},"end":{"line":6,"column":-1}},{"start":{"line":6,"column":0},"end":{"line":6,"column":-1}}]}},"s":{"0":0,"1":0},"f":{},"b":{"0":[0,0],"1":[0,0],"2":[0,0],"3":[0,0],"4":[0,0]}}
,"/Users/Ben/Documents/Turing/Mod4/nasa-vues/dist/js/webpack:/node_modules/core-js/modules/_has.js": {"path":"/Users/Ben/Documents/Turing/Mod4/nasa-vues/dist/js/webpack:/node_modules/core-js/modules/_has.js","statementMap":{"0":{"start":{"line":1,"column":0},"end":{"line":1,"column":-1}},"1":{"start":{"line":2,"column":0},"end":{"line":null,"column":-1}},"2":{"start":{"line":3,"column":0},"end":{"line":null,"column":-1}}},"fnMap":{"0":{"name":"(anonymous_583)","decl":{"start":{"line":2,"column":0},"end":{"line":2,"column":-1}},"loc":{"start":{"line":2,"column":0},"end":{"line":2,"column":-1}}}},"branchMap":{},"s":{"0":0,"1":0,"2":0},"f":{"0":0},"b":{}}
,"/Users/Ben/Documents/Turing/Mod4/nasa-vues/dist/js/webpack:/node_modules/core-js/modules/_hide.js": {"path":"/Users/Ben/Documents/Turing/Mod4/nasa-vues/dist/js/webpack:/node_modules/core-js/modules/_hide.js","statementMap":{"0":{"start":{"line":1,"column":9},"end":{"line":1,"column":0}},"1":{"start":{"line":2,"column":17},"end":{"line":1,"column":0}},"2":{"start":{"line":3,"column":0},"end":{"line":null,"column":-1}},"3":{"start":{"line":4,"column":0},"end":{"line":null,"column":-1}},"4":{"start":{"line":7,"column":0},"end":{"line":null,"column":-1}}},"fnMap":{"0":{"name":"(anonymous_515)","decl":{"start":{"line":3,"column":41},"end":{"line":3,"column":40}},"loc":{"start":{"line":3,"column":41},"end":{"line":3,"column":17}}},"1":{"name":"(anonymous_516)","decl":{"start":{"line":5,"column":1},"end":{"line":5,"column":0}},"loc":{"start":{"line":5,"column":1},"end":{"line":3,"column":0}}}},"branchMap":{"0":{"loc":{"start":{"line":3,"column":41},"end":{"line":3,"column":17}},"type":"cond-expr","locations":[{"start":{"line":3,"column":41},"end":{"line":3,"column":17}},{"start":{"line":5,"column":1},"end":{"line":3,"column":0}}]}},"s":{"0":0,"1":0,"2":0,"3":0,"4":0},"f":{"0":0,"1":0},"b":{"0":[0,0]}}
,"/Users/Ben/Documents/Turing/Mod4/nasa-vues/dist/js/webpack:/node_modules/core-js/modules/_html.js": {"path":"/Users/Ben/Documents/Turing/Mod4/nasa-vues/dist/js/webpack:/node_modules/core-js/modules/_html.js","statementMap":{"0":{"start":{"line":1,"column":15},"end":{"line":1,"column":0}},"1":{"start":{"line":2,"column":0},"end":{"line":null,"column":-1}}},"fnMap":{},"branchMap":{"0":{"loc":{"start":{"line":2,"column":0},"end":{"line":2,"column":-1}},"type":"binary-expr","locations":[{"start":{"line":2,"column":0},"end":{"line":2,"column":-1}},{"start":{"line":2,"column":0},"end":{"line":2,"column":-1}}]}},"s":{"0":0,"1":0},"f":{},"b":{"0":[0,0]}}
,"/Users/Ben/Documents/Turing/Mod4/nasa-vues/dist/js/webpack:/node_modules/core-js/modules/_ie8-dom-define.js": {"path":"/Users/Ben/Documents/Turing/Mod4/nasa-vues/dist/js/webpack:/node_modules/core-js/modules/_ie8-dom-define.js","statementMap":{"0":{"start":{"line":1,"column":0},"end":{"line":null,"column":-1}},"1":{"start":{"line":2,"column":0},"end":{"line":null,"column":-1}},"2":{"start":{"line":2,"column":89},"end":{"line":null,"column":-1}}},"fnMap":{"0":{"name":"(anonymous_636)","decl":{"start":{"line":1,"column":66},"end":{"line":1,"column":65}},"loc":{"start":{"line":1,"column":66},"end":{"line":1,"column":48}}},"1":{"name":"(anonymous_637)","decl":{"start":{"line":2,"column":70},"end":{"line":2,"column":69}},"loc":{"start":{"line":2,"column":70},"end":{"line":2,"column":89}}}},"branchMap":{"0":{"loc":{"start":{"line":1,"column":0},"end":{"line":1,"column":-1}},"type":"binary-expr","locations":[{"start":{"line":1,"column":0},"end":{"line":1,"column":-1}},{"start":{"line":1,"column":26},"end":{"line":1,"column":0}}]}},"s":{"0":0,"1":0,"2":0},"f":{"0":0,"1":0},"b":{"0":[0,0]}}
,"/Users/Ben/Documents/Turing/Mod4/nasa-vues/dist/js/webpack:/node_modules/core-js/modules/_invoke.js": {"path":"/Users/Ben/Documents/Turing/Mod4/nasa-vues/dist/js/webpack:/node_modules/core-js/modules/_invoke.js","statementMap":{"0":{"start":{"line":2,"column":0},"end":{"line":null,"column":-1}},"1":{"start":{"line":3,"column":0},"end":{"line":3,"column":-1}},"2":{"start":{"line":4,"column":0},"end":{"line":null,"column":-1}},"3":{"start":{"line":5,"column":0},"end":{"line":null,"column":-1}},"4":{"start":{"line":7,"column":0},"end":{"line":null,"column":-1}},"5":{"start":{"line":9,"column":0},"end":{"line":null,"column":-1}},"6":{"start":{"line":11,"column":0},"end":{"line":null,"column":-1}},"7":{"start":{"line":13,"column":0},"end":{"line":null,"column":-1}},"8":{"start":{"line":15,"column":3},"end":{"line":null,"column":-1}}},"fnMap":{"0":{"name":"(anonymous_513)","decl":{"start":{"line":2,"column":0},"end":{"line":2,"column":-1}},"loc":{"start":{"line":2,"column":0},"end":{"line":2,"column":-1}}}},"branchMap":{"0":{"loc":{"start":{"line":5,"column":0},"end":{"line":null,"column":-1}},"type":"switch","locations":[{"start":{"line":5,"column":0},"end":{"line":null,"column":-1}},{"start":{"line":7,"column":0},"end":{"line":null,"column":-1}},{"start":{"line":9,"column":0},"end":{"line":null,"column":-1}},{"start":{"line":11,"column":0},"end":{"line":null,"column":-1}},{"start":{"line":13,"column":0},"end":{"line":null,"column":-1}}]},"1":{"loc":{"start":{"line":5,"column":0},"end":{"line":5,"column":-1}},"type":"cond-expr","locations":[{"start":{"line":5,"column":0},"end":{"line":5,"column":-1}},{"start":{"line":6,"column":0},"end":{"line":5,"column":0}}]},"2":{"loc":{"start":{"line":7,"column":0},"end":{"line":7,"column":-1}},"type":"cond-expr","locations":[{"start":{"line":7,"column":0},"end":{"line":7,"column":-1}},{"start":{"line":8,"column":0},"end":{"line":7,"column":0}}]},"3":{"loc":{"start":{"line":9,"column":0},"end":{"line":9,"column":-1}},"type":"cond-expr","locations":[{"start":{"line":9,"column":0},"end":{"line":9,"column":-1}},{"start":{"line":10,"column":0},"end":{"line":9,"column":0}}]},"4":{"loc":{"start":{"line":11,"column":0},"end":{"line":11,"column":-1}},"type":"cond-expr","locations":[{"start":{"line":11,"column":0},"end":{"line":11,"column":-1}},{"start":{"line":12,"column":0},"end":{"line":11,"column":0}}]},"5":{"loc":{"start":{"line":13,"column":0},"end":{"line":13,"column":-1}},"type":"cond-expr","locations":[{"start":{"line":13,"column":0},"end":{"line":13,"column":-1}},{"start":{"line":14,"column":0},"end":{"line":13,"column":0}}]}},"s":{"0":0,"1":0,"2":0,"3":0,"4":0,"5":0,"6":0,"7":0,"8":0},"f":{"0":0},"b":{"0":[0,0,0,0,0],"1":[0,0],"2":[0,0],"3":[0,0],"4":[0,0],"5":[0,0]}}
,"/Users/Ben/Documents/Turing/Mod4/nasa-vues/dist/js/webpack:/node_modules/core-js/modules/_iobject.js": {"path":"/Users/Ben/Documents/Turing/Mod4/nasa-vues/dist/js/webpack:/node_modules/core-js/modules/_iobject.js","statementMap":{"0":{"start":{"line":2,"column":10},"end":{"line":2,"column":0}},"1":{"start":{"line":4,"column":0},"end":{"line":null,"column":-1}},"2":{"start":{"line":5,"column":0},"end":{"line":null,"column":-1}}},"fnMap":{"0":{"name":"(anonymous_579)","decl":{"start":{"line":4,"column":0},"end":{"line":4,"column":-1}},"loc":{"start":{"line":4,"column":0},"end":{"line":4,"column":-1}}}},"branchMap":{"0":{"loc":{"start":{"line":4,"column":0},"end":{"line":4,"column":-1}},"type":"cond-expr","locations":[{"start":{"line":4,"column":0},"end":{"line":4,"column":-1}},{"start":{"line":4,"column":0},"end":{"line":4,"column":-1}}]},"1":{"loc":{"start":{"line":5,"column":0},"end":{"line":5,"column":-1}},"type":"cond-expr","locations":[{"start":{"line":5,"column":0},"end":{"line":5,"column":-1}},{"start":{"line":5,"column":0},"end":{"line":5,"column":-1}}]}},"s":{"0":0,"1":0,"2":0},"f":{"0":0},"b":{"0":[0,0],"1":[0,0]}}
,"/Users/Ben/Documents/Turing/Mod4/nasa-vues/dist/js/webpack:/node_modules/core-js/modules/_is-array-iter.js": {"path":"/Users/Ben/Documents/Turing/Mod4/nasa-vues/dist/js/webpack:/node_modules/core-js/modules/_is-array-iter.js","statementMap":{"0":{"start":{"line":2,"column":16},"end":{"line":2,"column":0}},"1":{"start":{"line":3,"column":15},"end":{"line":2,"column":0}},"2":{"start":{"line":4,"column":0},"end":{"line":2,"column":0}},"3":{"start":{"line":6,"column":0},"end":{"line":null,"column":-1}},"4":{"start":{"line":7,"column":0},"end":{"line":null,"column":-1}}},"fnMap":{"0":{"name":"(anonymous_518)","decl":{"start":{"line":6,"column":0},"end":{"line":6,"column":-1}},"loc":{"start":{"line":6,"column":0},"end":{"line":6,"column":-1}}}},"branchMap":{"0":{"loc":{"start":{"line":7,"column":0},"end":{"line":7,"column":-1}},"type":"binary-expr","locations":[{"start":{"line":7,"column":0},"end":{"line":7,"column":-1}},{"start":{"line":7,"column":0},"end":{"line":7,"column":-1}},{"start":{"line":7,"column":0},"end":{"line":7,"column":-1}}]}},"s":{"0":0,"1":0,"2":0,"3":0,"4":0},"f":{"0":0},"b":{"0":[0,0,0]}}
,"/Users/Ben/Documents/Turing/Mod4/nasa-vues/dist/js/webpack:/node_modules/core-js/modules/_is-object.js": {"path":"/Users/Ben/Documents/Turing/Mod4/nasa-vues/dist/js/webpack:/node_modules/core-js/modules/_is-object.js","statementMap":{"0":{"start":{"line":1,"column":0},"end":{"line":null,"column":-1}},"1":{"start":{"line":2,"column":0},"end":{"line":null,"column":-1}}},"fnMap":{"0":{"name":"(anonymous_650)","decl":{"start":{"line":1,"column":0},"end":{"line":1,"column":-1}},"loc":{"start":{"line":1,"column":0},"end":{"line":1,"column":-1}}}},"branchMap":{"0":{"loc":{"start":{"line":2,"column":0},"end":{"line":2,"column":-1}},"type":"cond-expr","locations":[{"start":{"line":2,"column":0},"end":{"line":2,"column":-1}},{"start":{"line":2,"column":0},"end":{"line":2,"column":-1}}]}},"s":{"0":0,"1":0},"f":{"0":0},"b":{"0":[0,0]}}
,"/Users/Ben/Documents/Turing/Mod4/nasa-vues/dist/js/webpack:/node_modules/core-js/modules/_iter-call.js": {"path":"/Users/Ben/Documents/Turing/Mod4/nasa-vues/dist/js/webpack:/node_modules/core-js/modules/_iter-call.js","statementMap":{"0":{"start":{"line":2,"column":15},"end":{"line":2,"column":0}},"1":{"start":{"line":3,"column":0},"end":{"line":null,"column":-1}},"2":{"start":{"line":4,"column":0},"end":{"line":10,"column":0}},"3":{"start":{"line":5,"column":0},"end":{"line":null,"column":-1}},"4":{"start":{"line":8,"column":0},"end":{"line":8,"column":-1}},"5":{"start":{"line":10,"column":0},"end":{"line":null,"column":-1}}},"fnMap":{"0":{"name":"(anonymous_31)","decl":{"start":{"line":3,"column":0},"end":{"line":3,"column":-1}},"loc":{"start":{"line":3,"column":0},"end":{"line":3,"column":-1}}}},"branchMap":{"0":{"loc":{"start":{"line":5,"column":0},"end":{"line":5,"column":-1}},"type":"cond-expr","locations":[{"start":{"line":5,"column":0},"end":{"line":5,"column":-1}},{"start":{"line":5,"column":0},"end":{"line":5,"column":-1}}]},"1":{"loc":{"start":{"line":10,"column":0},"end":{"line":10,"column":-1}},"type":"binary-expr","locations":[{"start":{"line":10,"column":0},"end":{"line":10,"column":-1}},{"start":{"line":9,"column":0},"end":{"line":10,"column":0}}]}},"s":{"0":0,"1":0,"2":0,"3":0,"4":0,"5":0},"f":{"0":0},"b":{"0":[0,0],"1":[0,0]}}
,"/Users/Ben/Documents/Turing/Mod4/nasa-vues/dist/js/webpack:/node_modules/core-js/modules/_iter-create.js": {"path":"/Users/Ben/Documents/Turing/Mod4/nasa-vues/dist/js/webpack:/node_modules/core-js/modules/_iter-create.js","statementMap":{"0":{"start":{"line":2,"column":13},"end":{"line":2,"column":0}},"1":{"start":{"line":3,"column":17},"end":{"line":2,"column":0}},"2":{"start":{"line":4,"column":21},"end":{"line":2,"column":0}},"3":{"start":{"line":5,"column":0},"end":{"line":2,"column":0}},"4":{"start":{"line":8,"column":0},"end":{"line":null,"column":-1}},"5":{"start":{"line":8,"column":82},"end":{"line":null,"column":-1}},"6":{"start":{"line":11,"column":0},"end":{"line":null,"column":-1}}},"fnMap":{"0":{"name":"(anonymous_522)","decl":{"start":{"line":8,"column":54},"end":{"line":8,"column":53}},"loc":{"start":{"line":8,"column":54},"end":{"line":8,"column":0}}},"1":{"name":"(anonymous_523)","decl":{"start":{"line":10,"column":0},"end":{"line":10,"column":-1}},"loc":{"start":{"line":10,"column":0},"end":{"line":8,"column":0}}}},"branchMap":{},"s":{"0":0,"1":0,"2":0,"3":0,"4":0,"5":0,"6":0},"f":{"0":0,"1":0},"b":{}}
,"/Users/Ben/Documents/Turing/Mod4/nasa-vues/dist/js/webpack:/node_modules/core-js/modules/_iter-define.js": {"path":"/Users/Ben/Documents/Turing/Mod4/nasa-vues/dist/js/webpack:/node_modules/core-js/modules/_iter-define.js","statementMap":{"0":{"start":{"line":2,"column":14},"end":{"line":2,"column":0}},"1":{"start":{"line":3,"column":14},"end":{"line":2,"column":0}},"2":{"start":{"line":4,"column":15},"end":{"line":2,"column":0}},"3":{"start":{"line":5,"column":11},"end":{"line":2,"column":0}},"4":{"start":{"line":6,"column":16},"end":{"line":2,"column":0}},"5":{"start":{"line":7,"column":18},"end":{"line":2,"column":0}},"6":{"start":{"line":8,"column":21},"end":{"line":2,"column":0}},"7":{"start":{"line":9,"column":21},"end":{"line":2,"column":0}},"8":{"start":{"line":10,"column":15},"end":{"line":2,"column":0}},"9":{"start":{"line":11,"column":0},"end":{"line":2,"column":0}},"10":{"start":{"line":12,"column":0},"end":{"line":2,"column":0}},"11":{"start":{"line":13,"column":0},"end":{"line":2,"column":0}},"12":{"start":{"line":14,"column":0},"end":{"line":2,"column":0}},"13":{"start":{"line":16,"column":0},"end":{"line":2,"column":0}},"14":{"start":{"line":16,"column":30},"end":{"line":null,"column":-1}},"15":{"start":{"line":18,"column":0},"end":{"line":null,"column":-1}},"16":{"start":{"line":19,"column":0},"end":{"line":null,"column":-1}},"17":{"start":{"line":20,"column":0},"end":{"line":20,"column":-1}},"18":{"start":{"line":21,"column":0},"end":{"line":null,"column":-1}},"19":{"start":{"line":22,"column":0},"end":{"line":null,"column":-1}},"20":{"start":{"line":23,"column":0},"end":{"line":null,"column":-1}},"21":{"start":{"line":23,"column":41},"end":{"line":null,"column":-1}},"22":{"start":{"line":24,"column":0},"end":{"line":null,"column":-1}},"23":{"start":{"line":24,"column":45},"end":{"line":null,"column":-1}},"24":{"start":{"line":25,"column":5},"end":{"line":null,"column":-1}},"25":{"start":{"line":25,"column":33},"end":{"line":null,"column":-1}},"26":{"start":{"line":27,"column":0},"end":{"line":20,"column":0}},"27":{"start":{"line":28,"column":0},"end":{"line":20,"column":0}},"28":{"start":{"line":29,"column":0},"end":{"line":20,"column":0}},"29":{"start":{"line":30,"column":0},"end":{"line":20,"column":0}},"30":{"start":{"line":31,"column":0},"end":{"line":20,"column":0}},"31":{"start":{"line":32,"column":0},"end":{"line":20,"column":0}},"32":{"start":{"line":33,"column":0},"end":{"line":20,"column":0}},"33":{"start":{"line":34,"column":0},"end":{"line":20,"column":0}},"34":{"start":{"line":58,"column":0},"end":{"line":66,"column":5}},"35":{"start":{"line":49,"column":34},"end":{"line":null,"column":-1}},"36":{"start":{"line":64,"column":0},"end":{"line":66,"column":5}},"37":{"start":{"line":64,"column":0},"end":{"line":64,"column":-1}},"38":{"start":{"line":65,"column":0},"end":{"line":64,"column":0}},"39":{"start":{"line":66,"column":5},"end":{"line":null,"column":-1}},"40":{"start":{"line":68,"column":0},"end":{"line":null,"column":-1}}},"fnMap":{"0":{"name":"(anonymous_1)","decl":{"start":{"line":16,"column":0},"end":{"line":16,"column":-1}},"loc":{"start":{"line":16,"column":0},"end":{"line":2,"column":0}}},"1":{"name":"(anonymous_2)","decl":{"start":{"line":18,"column":0},"end":{"line":18,"column":-1}},"loc":{"start":{"line":18,"column":0},"end":{"line":18,"column":-1}}},"2":{"name":"(anonymous_3)","decl":{"start":{"line":20,"column":0},"end":{"line":20,"column":-1}},"loc":{"start":{"line":20,"column":0},"end":{"line":20,"column":-1}}},"3":{"name":"(anonymous_4)","decl":{"start":{"line":23,"column":0},"end":{"line":23,"column":-1}},"loc":{"start":{"line":23,"column":0},"end":{"line":23,"column":-1}}},"4":{"name":"(anonymous_5)","decl":{"start":{"line":24,"column":0},"end":{"line":24,"column":-1}},"loc":{"start":{"line":24,"column":0},"end":{"line":24,"column":-1}}},"5":{"name":"(anonymous_6)","decl":{"start":{"line":25,"column":5},"end":{"line":25,"column":4}},"loc":{"start":{"line":25,"column":5},"end":{"line":25,"column":4}}},"6":{"name":"(anonymous_7)","decl":{"start":{"line":49,"column":0},"end":{"line":49,"column":-1}},"loc":{"start":{"line":49,"column":0},"end":{"line":47,"column":0}}}},"branchMap":{"0":{"loc":{"start":{"line":11,"column":0},"end":{"line":11,"column":-1}},"type":"binary-expr","locations":[{"start":{"line":11,"column":0},"end":{"line":11,"column":-1}},{"start":{"line":11,"column":0},"end":{"line":11,"column":-1}}]},"1":{"loc":{"start":{"line":21,"column":0},"end":{"line":null,"column":-1}},"type":"if","locations":[{"start":{"line":21,"column":0},"end":{"line":null,"column":-1}},{"start":{"line":21,"column":0},"end":{"line":null,"column":-1}}]},"2":{"loc":{"start":{"line":21,"column":0},"end":{"line":21,"column":-1}},"type":"binary-expr","locations":[{"start":{"line":21,"column":0},"end":{"line":21,"column":-1}},{"start":{"line":21,"column":0},"end":{"line":21,"column":-1}}]},"3":{"loc":{"start":{"line":23,"column":0},"end":{"line":null,"column":-1}},"type":"switch","locations":[{"start":{"line":23,"column":0},"end":{"line":null,"column":-1}},{"start":{"line":24,"column":0},"end":{"line":null,"column":-1}}]},"4":{"loc":{"start":{"line":31,"column":0},"end":{"line":31,"column":-1}},"type":"binary-expr","locations":[{"start":{"line":31,"column":0},"end":{"line":31,"column":-1}},{"start":{"line":31,"column":0},"end":{"line":31,"column":-1}},{"start":{"line":31,"column":0},"end":{"line":31,"column":-1}},{"start":{"line":31,"column":0},"end":{"line":20,"column":0}}]},"5":{"loc":{"start":{"line":32,"column":0},"end":{"line":32,"column":-1}},"type":"binary-expr","locations":[{"start":{"line":32,"column":0},"end":{"line":32,"column":-1}},{"start":{"line":32,"column":0},"end":{"line":20,"column":0}}]},"6":{"loc":{"start":{"line":33,"column":0},"end":{"line":33,"column":-1}},"type":"cond-expr","locations":[{"start":{"line":33,"column":0},"end":{"line":33,"column":-1}},{"start":{"line":33,"column":0},"end":{"line":20,"column":0}}]},"7":{"loc":{"start":{"line":33,"column":0},"end":{"line":33,"column":-1}},"type":"cond-expr","locations":[{"start":{"line":33,"column":0},"end":{"line":33,"column":-1}},{"start":{"line":33,"column":0},"end":{"line":33,"column":-1}}]},"8":{"loc":{"start":{"line":34,"column":0},"end":{"line":34,"column":-1}},"type":"binary-expr","locations":[{"start":{"line":34,"column":0},"end":{"line":34,"column":-1}},{"start":{"line":34,"column":0},"end":{"line":34,"column":-1}},{"start":{"line":34,"column":0},"end":{"line":20,"column":0}}]},"9":{"loc":{"start":{"line":58,"column":0},"end":{"line":66,"column":5}},"type":"if","locations":[{"start":{"line":58,"column":0},"end":{"line":66,"column":5}},{"start":{"line":58,"column":0},"end":{"line":66,"column":5}}]},"10":{"loc":{"start":{"line":37,"column":0},"end":{"line":37,"column":-1}},"type":"binary-expr","locations":[{"start":{"line":37,"column":0},"end":{"line":37,"column":-1}},{"start":{"line":38,"column":0},"end":{"line":37,"column":0}}]},"11":{"loc":{"start":{"line":39,"column":0},"end":{"line":39,"column":-1}},"type":"binary-expr","locations":[{"start":{"line":39,"column":0},"end":{"line":39,"column":-1}},{"start":{"line":39,"column":0},"end":{"line":39,"column":-1}},{"start":{"line":41,"column":0},"end":{"line":39,"column":0}}]},"12":{"loc":{"start":{"line":43,"column":0},"end":{"line":43,"column":-1}},"type":"binary-expr","locations":[{"start":{"line":43,"column":0},"end":{"line":43,"column":-1}},{"start":{"line":43,"column":0},"end":{"line":43,"column":-1}},{"start":{"line":43,"column":0},"end":{"line":39,"column":0}}]},"13":{"loc":{"start":{"line":47,"column":0},"end":{"line":47,"column":-1}},"type":"binary-expr","locations":[{"start":{"line":47,"column":0},"end":{"line":47,"column":-1}},{"start":{"line":47,"column":0},"end":{"line":47,"column":-1}},{"start":{"line":47,"column":0},"end":{"line":47,"column":-1}},{"start":{"line":48,"column":0},"end":{"line":47,"column":0}}]},"14":{"loc":{"start":{"line":52,"column":0},"end":{"line":52,"column":-1}},"type":"binary-expr","locations":[{"start":{"line":52,"column":0},"end":{"line":52,"column":-1}},{"start":{"line":52,"column":0},"end":{"line":52,"column":-1}},{"start":{"line":52,"column":0},"end":{"line":52,"column":-1}},{"start":{"line":52,"column":0},"end":{"line":52,"column":-1}},{"start":{"line":52,"column":0},"end":{"line":52,"column":-1}},{"start":{"line":53,"column":0},"end":{"line":37,"column":0}}]},"15":{"loc":{"start":{"line":64,"column":0},"end":{"line":66,"column":5}},"type":"if","locations":[{"start":{"line":64,"column":0},"end":{"line":66,"column":5}},{"start":{"line":64,"column":0},"end":{"line":66,"column":5}}]},"16":{"loc":{"start":{"line":60,"column":0},"end":{"line":60,"column":-1}},"type":"cond-expr","locations":[{"start":{"line":60,"column":0},"end":{"line":60,"column":-1}},{"start":{"line":60,"column":0},"end":{"line":59,"column":0}}]},"17":{"loc":{"start":{"line":61,"column":0},"end":{"line":61,"column":-1}},"type":"cond-expr","locations":[{"start":{"line":61,"column":0},"end":{"line":61,"column":-1}},{"start":{"line":61,"column":0},"end":{"line":59,"column":0}}]},"18":{"loc":{"start":{"line":65,"column":0},"end":{"line":65,"column":-1}},"type":"binary-expr","locations":[{"start":{"line":65,"column":0},"end":{"line":65,"column":-1}},{"start":{"line":65,"column":0},"end":{"line":65,"column":-1}}]},"19":{"loc":{"start":{"line":66,"column":5},"end":{"line":66,"column":4}},"type":"binary-expr","locations":[{"start":{"line":66,"column":5},"end":{"line":66,"column":4}},{"start":{"line":66,"column":5},"end":{"line":66,"column":4}}]}},"s":{"0":0,"1":0,"2":0,"3":0,"4":0,"5":0,"6":0,"7":0,"8":0,"9":0,"10":0,"11":0,"12":0,"13":0,"14":0,"15":0,"16":0,"17":0,"18":0,"19":0,"20":0,"21":0,"22":0,"23":0,"24":0,"25":0,"26":0,"27":0,"28":0,"29":0,"30":0,"31":0,"32":0,"33":0,"34":0,"35":0,"36":0,"37":0,"38":0,"39":0,"40":0},"f":{"0":0,"1":0,"2":0,"3":0,"4":0,"5":0,"6":0},"b":{"0":[0,0],"1":[0,0],"2":[0,0],"3":[0,0],"4":[0,0,0,0],"5":[0,0],"6":[0,0],"7":[0,0],"8":[0,0,0],"9":[0,0],"10":[0,0],"11":[0,0,0],"12":[0,0,0],"13":[0,0,0,0],"14":[0,0,0,0,0,0],"15":[0,0],"16":[0,0],"17":[0,0],"18":[0,0],"19":[0,0]}}
,"/Users/Ben/Documents/Turing/Mod4/nasa-vues/dist/js/webpack:/node_modules/core-js/modules/_iter-detect.js": {"path":"/Users/Ben/Documents/Turing/Mod4/nasa-vues/dist/js/webpack:/node_modules/core-js/modules/_iter-detect.js","statementMap":{"0":{"start":{"line":1,"column":15},"end":{"line":1,"column":0}},"1":{"start":{"line":2,"column":0},"end":{"line":1,"column":0}},"2":{"start":{"line":4,"column":0},"end":{"line":11,"column":0}},"3":{"start":{"line":5,"column":0},"end":{"line":5,"column":-1}},"4":{"start":{"line":6,"column":0},"end":{"line":null,"column":-1}},"5":{"start":{"line":6,"column":33},"end":{"line":null,"column":-1}},"6":{"start":{"line":8,"column":33},"end":{"line":null,"column":-1}},"7":{"start":{"line":11,"column":0},"end":{"line":null,"column":-1}},"8":{"start":{"line":12,"column":0},"end":{"line":null,"column":-1}},"9":{"start":{"line":13,"column":0},"end":{"line":13,"column":-1}},"10":{"start":{"line":14,"column":0},"end":{"line":21,"column":0}},"11":{"start":{"line":15,"column":0},"end":{"line":15,"column":-1}},"12":{"start":{"line":16,"column":0},"end":{"line":15,"column":0}},"13":{"start":{"line":17,"column":0},"end":{"line":null,"column":-1}},"14":{"start":{"line":17,"column":29},"end":{"line":null,"column":-1}},"15":{"start":{"line":18,"column":33},"end":{"line":null,"column":-1}},"16":{"start":{"line":21,"column":0},"end":{"line":null,"column":-1}}},"fnMap":{"0":{"name":"(anonymous_571)","decl":{"start":{"line":6,"column":0},"end":{"line":6,"column":-1}},"loc":{"start":{"line":6,"column":0},"end":{"line":6,"column":-1}}},"1":{"name":"(anonymous_572)","decl":{"start":{"line":8,"column":0},"end":{"line":8,"column":-1}},"loc":{"start":{"line":8,"column":0},"end":{"line":8,"column":-1}}},"2":{"name":"(anonymous_573)","decl":{"start":{"line":11,"column":0},"end":{"line":11,"column":-1}},"loc":{"start":{"line":11,"column":0},"end":{"line":11,"column":-1}}},"3":{"name":"(anonymous_574)","decl":{"start":{"line":17,"column":0},"end":{"line":17,"column":-1}},"loc":{"start":{"line":17,"column":0},"end":{"line":17,"column":-1}}},"4":{"name":"(anonymous_575)","decl":{"start":{"line":18,"column":0},"end":{"line":18,"column":-1}},"loc":{"start":{"line":18,"column":0},"end":{"line":17,"column":0}}}},"branchMap":{"0":{"loc":{"start":{"line":12,"column":0},"end":{"line":null,"column":-1}},"type":"if","locations":[{"start":{"line":12,"column":0},"end":{"line":null,"column":-1}},{"start":{"line":12,"column":0},"end":{"line":null,"column":-1}}]},"1":{"loc":{"start":{"line":12,"column":0},"end":{"line":12,"column":-1}},"type":"binary-expr","locations":[{"start":{"line":12,"column":0},"end":{"line":12,"column":-1}},{"start":{"line":12,"column":0},"end":{"line":12,"column":-1}}]}},"s":{"0":0,"1":0,"2":0,"3":0,"4":0,"5":0,"6":0,"7":0,"8":0,"9":0,"10":0,"11":0,"12":0,"13":0,"14":0,"15":0,"16":0},"f":{"0":0,"1":0,"2":0,"3":0,"4":0},"b":{"0":[0,0],"1":[0,0]}}
,"/Users/Ben/Documents/Turing/Mod4/nasa-vues/dist/js/webpack:/node_modules/core-js/modules/_iter-step.js": {"path":"/Users/Ben/Documents/Turing/Mod4/nasa-vues/dist/js/webpack:/node_modules/core-js/modules/_iter-step.js","statementMap":{"0":{"start":{"line":1,"column":0},"end":{"line":null,"column":-1}},"1":{"start":{"line":2,"column":0},"end":{"line":null,"column":-1}}},"fnMap":{"0":{"name":"(anonymous_652)","decl":{"start":{"line":1,"column":0},"end":{"line":1,"column":-1}},"loc":{"start":{"line":1,"column":0},"end":{"line":1,"column":-1}}}},"branchMap":{},"s":{"0":0,"1":0},"f":{"0":0},"b":{}}
,"/Users/Ben/Documents/Turing/Mod4/nasa-vues/dist/js/webpack:/node_modules/core-js/modules/_iterators.js": {"path":"/Users/Ben/Documents/Turing/Mod4/nasa-vues/dist/js/webpack:/node_modules/core-js/modules/_iterators.js","statementMap":{"0":{"start":{"line":1,"column":0},"end":{"line":null,"column":-1}}},"fnMap":{},"branchMap":{},"s":{"0":0},"f":{},"b":{}}
,"/Users/Ben/Documents/Turing/Mod4/nasa-vues/dist/js/webpack:/node_modules/core-js/modules/_library.js": {"path":"/Users/Ben/Documents/Turing/Mod4/nasa-vues/dist/js/webpack:/node_modules/core-js/modules/_library.js","statementMap":{"0":{"start":{"line":1,"column":0},"end":{"line":null,"column":-1}},"1":{"start":{"line":1,"column":0},"end":{"line":1,"column":-1}}},"fnMap":{},"branchMap":{},"s":{"0":0,"1":0},"f":{},"b":{}}
,"/Users/Ben/Documents/Turing/Mod4/nasa-vues/dist/js/webpack:/node_modules/core-js/modules/_microtask.js": {"path":"/Users/Ben/Documents/Turing/Mod4/nasa-vues/dist/js/webpack:/node_modules/core-js/modules/_microtask.js","statementMap":{"0":{"start":{"line":1,"column":13},"end":{"line":1,"column":0}},"1":{"start":{"line":2,"column":16},"end":{"line":1,"column":0}},"2":{"start":{"line":3,"column":0},"end":{"line":1,"column":0}},"3":{"start":{"line":4,"column":0},"end":{"line":1,"column":0}},"4":{"start":{"line":5,"column":0},"end":{"line":1,"column":0}},"5":{"start":{"line":6,"column":29},"end":{"line":1,"column":0}},"6":{"start":{"line":8,"column":0},"end":{"line":null,"column":-1}},"7":{"start":{"line":11,"column":0},"end":{"line":9,"column":0}},"8":{"start":{"line":13,"column":0},"end":{"line":null,"column":-1}},"9":{"start":{"line":14,"column":0},"end":{"line":24,"column":5}},"10":{"start":{"line":15,"column":0},"end":{"line":null,"column":-1}},"11":{"start":{"line":17,"column":0},"end":{"line":22,"column":0}},"12":{"start":{"line":18,"column":0},"end":{"line":null,"column":-1}},"13":{"start":{"line":22,"column":0},"end":{"line":null,"column":-1}},"14":{"start":{"line":24,"column":5},"end":{"line":null,"column":-1}},"15":{"start":{"line":29,"column":0},"end":{"line":61,"column":0}},"16":{"start":{"line":30,"column":0},"end":{"line":29,"column":0}},"17":{"start":{"line":31,"column":0},"end":{"line":null,"column":-1}},"18":{"start":{"line":34,"column":3},"end":{"line":61,"column":0}},"19":{"start":{"line":42,"column":3},"end":{"line":55,"column":0}},"20":{"start":{"line":44,"column":0},"end":{"line":44,"column":-1}},"21":{"start":{"line":45,"column":0},"end":{"line":null,"column":-1}},"22":{"start":{"line":46,"column":0},"end":{"line":null,"column":-1}},"23":{"start":{"line":55,"column":0},"end":{"line":null,"column":-1}},"24":{"start":{"line":57,"column":0},"end":{"line":null,"column":-1}},"25":{"start":{"line":35,"column":0},"end":{"line":35,"column":-1}},"26":{"start":{"line":36,"column":0},"end":{"line":35,"column":0}},"27":{"start":{"line":37,"column":0},"end":{"line":null,"column":-1}},"28":{"start":{"line":39,"column":0},"end":{"line":null,"column":-1}},"29":{"start":{"line":61,"column":0},"end":{"line":null,"column":-1}},"30":{"start":{"line":62,"column":0},"end":{"line":62,"column":-1}},"31":{"start":{"line":63,"column":0},"end":{"line":null,"column":-1}}},"fnMap":{"0":{"name":"(anonymous_597)","decl":{"start":{"line":8,"column":0},"end":{"line":8,"column":-1}},"loc":{"start":{"line":8,"column":0},"end":{"line":8,"column":-1}}},"1":{"name":"(anonymous_598)","decl":{"start":{"line":11,"column":0},"end":{"line":11,"column":-1}},"loc":{"start":{"line":11,"column":0},"end":{"line":9,"column":0}}},"2":{"name":"(anonymous_599)","decl":{"start":{"line":30,"column":0},"end":{"line":30,"column":-1}},"loc":{"start":{"line":30,"column":0},"end":{"line":30,"column":-1}}},"3":{"name":"(anonymous_600)","decl":{"start":{"line":45,"column":0},"end":{"line":45,"column":-1}},"loc":{"start":{"line":45,"column":0},"end":{"line":45,"column":-1}}},"4":{"name":"(anonymous_601)","decl":{"start":{"line":55,"column":0},"end":{"line":55,"column":-1}},"loc":{"start":{"line":55,"column":0},"end":{"line":55,"column":-1}}},"5":{"name":"(anonymous_602)","decl":{"start":{"line":38,"column":0},"end":{"line":38,"column":-1}},"loc":{"start":{"line":38,"column":0},"end":{"line":37,"column":0}}},"6":{"name":"(anonymous_603)","decl":{"start":{"line":61,"column":0},"end":{"line":61,"column":-1}},"loc":{"start":{"line":61,"column":0},"end":{"line":61,"column":-1}}}},"branchMap":{"0":{"loc":{"start":{"line":3,"column":0},"end":{"line":3,"column":-1}},"type":"binary-expr","locations":[{"start":{"line":3,"column":0},"end":{"line":3,"column":-1}},{"start":{"line":3,"column":0},"end":{"line":1,"column":0}}]},"1":{"loc":{"start":{"line":13,"column":0},"end":{"line":13,"column":-1}},"type":"binary-expr","locations":[{"start":{"line":13,"column":0},"end":{"line":13,"column":-1}},{"start":{"line":13,"column":0},"end":{"line":13,"column":-1}},{"start":{"line":13,"column":0},"end":{"line":13,"column":-1}}]},"2":{"loc":{"start":{"line":20,"column":0},"end":{"line":20,"column":-1}},"type":"cond-expr","locations":[{"start":{"line":20,"column":0},"end":{"line":20,"column":-1}},{"start":{"line":21,"column":0},"end":{"line":20,"column":0}}]},"3":{"loc":{"start":{"line":25,"column":0},"end":{"line":25,"column":-1}},"type":"binary-expr","locations":[{"start":{"line":25,"column":0},"end":{"line":25,"column":-1}},{"start":{"line":25,"column":0},"end":{"line":24,"column":5}}]},"4":{"loc":{"start":{"line":29,"column":0},"end":{"line":61,"column":0}},"type":"if","locations":[{"start":{"line":29,"column":0},"end":{"line":61,"column":0}},{"start":{"line":29,"column":0},"end":{"line":61,"column":0}}]},"5":{"loc":{"start":{"line":34,"column":3},"end":{"line":61,"column":0}},"type":"if","locations":[{"start":{"line":34,"column":3},"end":{"line":61,"column":0}},{"start":{"line":34,"column":3},"end":{"line":61,"column":0}}]},"6":{"loc":{"start":{"line":34,"column":3},"end":{"line":34,"column":2}},"type":"binary-expr","locations":[{"start":{"line":34,"column":3},"end":{"line":34,"column":2}},{"start":{"line":34,"column":3},"end":{"line":34,"column":2}},{"start":{"line":34,"column":3},"end":{"line":34,"column":2}}]},"7":{"loc":{"start":{"line":42,"column":3},"end":{"line":55,"column":0}},"type":"if","locations":[{"start":{"line":42,"column":3},"end":{"line":55,"column":0}},{"start":{"line":42,"column":3},"end":{"line":55,"column":0}}]},"8":{"loc":{"start":{"line":42,"column":3},"end":{"line":42,"column":2}},"type":"binary-expr","locations":[{"start":{"line":42,"column":3},"end":{"line":42,"column":2}},{"start":{"line":42,"column":3},"end":{"line":42,"column":2}}]},"9":{"loc":{"start":{"line":63,"column":0},"end":{"line":63,"column":-1}},"type":"binary-expr","locations":[{"start":{"line":63,"column":0},"end":{"line":63,"column":-1}},{"start":{"line":63,"column":0},"end":{"line":63,"column":-1}}]},"10":{"loc":{"start":{"line":64,"column":0},"end":{"line":64,"column":-1}},"type":"binary-expr","locations":[{"start":{"line":64,"column":0},"end":{"line":64,"column":-1}},{"start":{"line":65,"column":0},"end":{"line":64,"column":0}}]}},"s":{"0":0,"1":0,"2":0,"3":0,"4":0,"5":0,"6":0,"7":0,"8":0,"9":0,"10":0,"11":0,"12":0,"13":0,"14":0,"15":0,"16":0,"17":0,"18":0,"19":0,"20":0,"21":0,"22":0,"23":0,"24":0,"25":0,"26":0,"27":0,"28":0,"29":0,"30":0,"31":0},"f":{"0":0,"1":0,"2":0,"3":0,"4":0,"5":0,"6":0},"b":{"0":[0,0],"1":[0,0,0],"2":[0,0],"3":[0,0],"4":[0,0],"5":[0,0],"6":[0,0,0],"7":[0,0],"8":[0,0],"9":[0,0],"10":[0,0]}}
,"/Users/Ben/Documents/Turing/Mod4/nasa-vues/dist/js/webpack:/node_modules/core-js/modules/_new-promise-capability.js": {"path":"/Users/Ben/Documents/Turing/Mod4/nasa-vues/dist/js/webpack:/node_modules/core-js/modules/_new-promise-capability.js","statementMap":{"0":{"start":{"line":3,"column":16},"end":{"line":3,"column":0}},"1":{"start":{"line":7,"column":0},"end":{"line":null,"column":-1}},"2":{"start":{"line":8,"column":0},"end":{"line":null,"column":-1}},"3":{"start":{"line":9,"column":0},"end":{"line":null,"column":-1}},"4":{"start":{"line":16,"column":0},"end":{"line":null,"column":-1}},"5":{"start":{"line":17,"column":0},"end":{"line":null,"column":-1}}},"fnMap":{"0":{"name":"o","decl":{"start":{"line":5,"column":0},"end":{"line":5,"column":-1}},"loc":{"start":{"line":5,"column":0},"end":{"line":16,"column":0}}},"1":{"name":"(anonymous_626)","decl":{"start":{"line":7,"column":0},"end":{"line":7,"column":-1}},"loc":{"start":{"line":7,"column":0},"end":{"line":7,"column":-1}}},"2":{"name":"(anonymous_627)","decl":{"start":{"line":16,"column":0},"end":{"line":16,"column":-1}},"loc":{"start":{"line":16,"column":0},"end":{"line":16,"column":-1}}}},"branchMap":{"0":{"loc":{"start":{"line":8,"column":0},"end":{"line":null,"column":-1}},"type":"if","locations":[{"start":{"line":8,"column":0},"end":{"line":null,"column":-1}},{"start":{"line":8,"column":0},"end":{"line":null,"column":-1}}]},"1":{"loc":{"start":{"line":8,"column":0},"end":{"line":8,"column":-1}},"type":"binary-expr","locations":[{"start":{"line":8,"column":0},"end":{"line":8,"column":-1}},{"start":{"line":8,"column":0},"end":{"line":8,"column":-1}}]}},"s":{"0":0,"1":0,"2":0,"3":0,"4":0,"5":0},"f":{"0":0,"1":0,"2":0},"b":{"0":[0,0],"1":[0,0]}}
,"/Users/Ben/Documents/Turing/Mod4/nasa-vues/dist/js/webpack:/node_modules/core-js/modules/_object-create.js": {"path":"/Users/Ben/Documents/Turing/Mod4/nasa-vues/dist/js/webpack:/node_modules/core-js/modules/_object-create.js","statementMap":{"0":{"start":{"line":2,"column":15},"end":{"line":2,"column":0}},"1":{"start":{"line":3,"column":10},"end":{"line":2,"column":0}},"2":{"start":{"line":4,"column":18},"end":{"line":2,"column":0}},"3":{"start":{"line":5,"column":15},"end":{"line":2,"column":0}},"4":{"start":{"line":6,"column":0},"end":{"line":2,"column":0}},"5":{"start":{"line":7,"column":0},"end":{"line":2,"column":0}},"6":{"start":{"line":10,"column":0},"end":{"line":2,"column":0}},"7":{"start":{"line":12,"column":15},"end":{"line":12,"column":0}},"8":{"start":{"line":13,"column":0},"end":{"line":12,"column":0}},"9":{"start":{"line":14,"column":0},"end":{"line":12,"column":0}},"10":{"start":{"line":15,"column":0},"end":{"line":12,"column":0}},"11":{"start":{"line":17,"column":0},"end":{"line":null,"column":-1}},"12":{"start":{"line":27,"column":0},"end":{"line":null,"column":-1}},"13":{"start":{"line":28,"column":0},"end":{"line":null,"column":-1}},"14":{"start":{"line":31,"column":0},"end":{"line":null,"column":-1}},"15":{"start":{"line":40,"column":0},"end":{"line":null,"column":-1}}},"fnMap":{"0":{"name":"(anonymous_51)","decl":{"start":{"line":6,"column":0},"end":{"line":6,"column":-1}},"loc":{"start":{"line":6,"column":0},"end":{"line":2,"column":0}}},"1":{"name":"(anonymous_52)","decl":{"start":{"line":10,"column":0},"end":{"line":10,"column":-1}},"loc":{"start":{"line":10,"column":0},"end":{"line":2,"column":0}}},"2":{"name":"(anonymous_53)","decl":{"start":{"line":31,"column":0},"end":{"line":31,"column":-1}},"loc":{"start":{"line":31,"column":0},"end":{"line":31,"column":-1}}}},"branchMap":{"0":{"loc":{"start":{"line":31,"column":0},"end":{"line":31,"column":-1}},"type":"binary-expr","locations":[{"start":{"line":31,"column":0},"end":{"line":31,"column":-1}},{"start":{"line":31,"column":0},"end":{"line":31,"column":-1}}]},"1":{"loc":{"start":{"line":34,"column":0},"end":{"line":33,"column":0}},"type":"cond-expr","locations":[{"start":{"line":34,"column":0},"end":{"line":33,"column":0}},{"start":{"line":39,"column":3},"end":{"line":33,"column":0}}]},"2":{"loc":{"start":{"line":40,"column":0},"end":{"line":39,"column":3}},"type":"cond-expr","locations":[{"start":{"line":40,"column":0},"end":{"line":39,"column":3}},{"start":{"line":40,"column":0},"end":{"line":40,"column":-1}}]}},"s":{"0":0,"1":0,"2":0,"3":0,"4":0,"5":0,"6":0,"7":0,"8":0,"9":0,"10":0,"11":0,"12":0,"13":0,"14":0,"15":0},"f":{"0":0,"1":0,"2":0},"b":{"0":[0,0],"1":[0,0],"2":[0,0]}}
,"/Users/Ben/Documents/Turing/Mod4/nasa-vues/dist/js/webpack:/node_modules/core-js/modules/_object-dp.js": {"path":"/Users/Ben/Documents/Turing/Mod4/nasa-vues/dist/js/webpack:/node_modules/core-js/modules/_object-dp.js","statementMap":{"0":{"start":{"line":6,"column":0},"end":{"line":null,"column":-1}},"1":{"start":{"line":10,"column":0},"end":{"line":13,"column":0}},"2":{"start":{"line":11,"column":0},"end":{"line":null,"column":-1}},"3":{"start":{"line":13,"column":0},"end":{"line":null,"column":-1}},"4":{"start":{"line":15,"column":0},"end":{"line":null,"column":-1}}},"fnMap":{"0":{"name":"(anonymous_607)","decl":{"start":{"line":6,"column":36},"end":{"line":6,"column":35}},"loc":{"start":{"line":6,"column":36},"end":{"line":6,"column":0}}}},"branchMap":{"0":{"loc":{"start":{"line":6,"column":12},"end":{"line":6,"column":35}},"type":"cond-expr","locations":[{"start":{"line":6,"column":12},"end":{"line":6,"column":35}},{"start":{"line":6,"column":36},"end":{"line":6,"column":0}}]},"1":{"loc":{"start":{"line":10,"column":0},"end":{"line":13,"column":0}},"type":"if","locations":[{"start":{"line":10,"column":0},"end":{"line":13,"column":0}},{"start":{"line":10,"column":0},"end":{"line":13,"column":0}}]},"2":{"loc":{"start":{"line":13,"column":0},"end":{"line":null,"column":-1}},"type":"if","locations":[{"start":{"line":13,"column":0},"end":{"line":null,"column":-1}},{"start":{"line":13,"column":0},"end":{"line":null,"column":-1}}]},"3":{"loc":{"start":{"line":13,"column":0},"end":{"line":13,"column":-1}},"type":"binary-expr","locations":[{"start":{"line":13,"column":0},"end":{"line":13,"column":-1}},{"start":{"line":13,"column":0},"end":{"line":13,"column":-1}}]},"4":{"loc":{"start":{"line":14,"column":0},"end":{"line":14,"column":-1}},"type":"binary-expr","locations":[{"start":{"line":14,"column":0},"end":{"line":14,"column":-1}},{"start":{"line":14,"column":0},"end":{"line":14,"column":-1}}]}},"s":{"0":0,"1":0,"2":0,"3":0,"4":0},"f":{"0":0},"b":{"0":[0,0],"1":[0,0],"2":[0,0],"3":[0,0],"4":[0,0]}}
,"/Users/Ben/Documents/Turing/Mod4/nasa-vues/dist/js/webpack:/node_modules/core-js/modules/_object-dps.js": {"path":"/Users/Ben/Documents/Turing/Mod4/nasa-vues/dist/js/webpack:/node_modules/core-js/modules/_object-dps.js","statementMap":{"0":{"start":{"line":1,"column":9},"end":{"line":1,"column":0}},"1":{"start":{"line":2,"column":15},"end":{"line":1,"column":0}},"2":{"start":{"line":3,"column":14},"end":{"line":1,"column":0}},"3":{"start":{"line":5,"column":0},"end":{"line":null,"column":-1}},"4":{"start":{"line":6,"column":0},"end":{"line":null,"column":-1}},"5":{"start":{"line":7,"column":0},"end":{"line":7,"column":-1}},"6":{"start":{"line":8,"column":0},"end":{"line":7,"column":0}},"7":{"start":{"line":9,"column":0},"end":{"line":7,"column":0}},"8":{"start":{"line":11,"column":0},"end":{"line":null,"column":-1}},"9":{"start":{"line":12,"column":0},"end":{"line":null,"column":-1}}},"fnMap":{"0":{"name":"(anonymous_17)","decl":{"start":{"line":5,"column":41},"end":{"line":5,"column":40}},"loc":{"start":{"line":5,"column":41},"end":{"line":5,"column":0}}}},"branchMap":{"0":{"loc":{"start":{"line":5,"column":17},"end":{"line":5,"column":40}},"type":"cond-expr","locations":[{"start":{"line":5,"column":17},"end":{"line":5,"column":40}},{"start":{"line":5,"column":41},"end":{"line":5,"column":0}}]}},"s":{"0":0,"1":0,"2":0,"3":0,"4":0,"5":0,"6":0,"7":0,"8":0,"9":0},"f":{"0":0},"b":{"0":[0,0]}}
,"/Users/Ben/Documents/Turing/Mod4/nasa-vues/dist/js/webpack:/node_modules/core-js/modules/_object-gpo.js": {"path":"/Users/Ben/Documents/Turing/Mod4/nasa-vues/dist/js/webpack:/node_modules/core-js/modules/_object-gpo.js","statementMap":{"0":{"start":{"line":2,"column":10},"end":{"line":2,"column":0}},"1":{"start":{"line":3,"column":15},"end":{"line":2,"column":0}},"2":{"start":{"line":4,"column":15},"end":{"line":2,"column":0}},"3":{"start":{"line":5,"column":0},"end":{"line":2,"column":0}},"4":{"start":{"line":7,"column":0},"end":{"line":null,"column":-1}},"5":{"start":{"line":9,"column":0},"end":{"line":null,"column":-1}}},"fnMap":{"0":{"name":"(anonymous_520)","decl":{"start":{"line":7,"column":0},"end":{"line":7,"column":-1}},"loc":{"start":{"line":7,"column":0},"end":{"line":7,"column":-1}}}},"branchMap":{"0":{"loc":{"start":{"line":7,"column":0},"end":{"line":7,"column":-1}},"type":"binary-expr","locations":[{"start":{"line":7,"column":0},"end":{"line":7,"column":-1}},{"start":{"line":7,"column":0},"end":{"line":7,"column":-1}}]},"1":{"loc":{"start":{"line":9,"column":0},"end":{"line":9,"column":-1}},"type":"cond-expr","locations":[{"start":{"line":9,"column":0},"end":{"line":9,"column":-1}},{"start":{"line":10,"column":0},"end":{"line":9,"column":0}}]},"2":{"loc":{"start":{"line":11,"column":0},"end":{"line":10,"column":0}},"type":"cond-expr","locations":[{"start":{"line":11,"column":0},"end":{"line":10,"column":0}},{"start":{"line":12,"column":3},"end":{"line":9,"column":0}}]},"3":{"loc":{"start":{"line":10,"column":0},"end":{"line":10,"column":-1}},"type":"binary-expr","locations":[{"start":{"line":10,"column":0},"end":{"line":10,"column":-1}},{"start":{"line":10,"column":0},"end":{"line":10,"column":-1}}]},"4":{"loc":{"start":{"line":12,"column":3},"end":{"line":12,"column":2}},"type":"cond-expr","locations":[{"start":{"line":12,"column":3},"end":{"line":12,"column":2}},{"start":{"line":12,"column":3},"end":{"line":9,"column":0}}]}},"s":{"0":0,"1":0,"2":0,"3":0,"4":0,"5":0},"f":{"0":0},"b":{"0":[0,0],"1":[0,0],"2":[0,0],"3":[0,0],"4":[0,0]}}
,"/Users/Ben/Documents/Turing/Mod4/nasa-vues/dist/js/webpack:/node_modules/core-js/modules/_object-keys-internal.js": {"path":"/Users/Ben/Documents/Turing/Mod4/nasa-vues/dist/js/webpack:/node_modules/core-js/modules/_object-keys-internal.js","statementMap":{"0":{"start":{"line":1,"column":10},"end":{"line":1,"column":0}},"1":{"start":{"line":2,"column":16},"end":{"line":1,"column":0}},"2":{"start":{"line":3,"column":19},"end":{"line":1,"column":0}},"3":{"start":{"line":4,"column":15},"end":{"line":1,"column":0}},"4":{"start":{"line":6,"column":0},"end":{"line":null,"column":-1}},"5":{"start":{"line":7,"column":0},"end":{"line":7,"column":-1}},"6":{"start":{"line":8,"column":0},"end":{"line":7,"column":0}},"7":{"start":{"line":9,"column":0},"end":{"line":7,"column":0}},"8":{"start":{"line":11,"column":0},"end":{"line":null,"column":-1}},"9":{"start":{"line":13,"column":0},"end":{"line":null,"column":-1}},"10":{"start":{"line":16,"column":0},"end":{"line":null,"column":-1}}},"fnMap":{"0":{"name":"(anonymous_648)","decl":{"start":{"line":6,"column":0},"end":{"line":6,"column":-1}},"loc":{"start":{"line":6,"column":0},"end":{"line":6,"column":-1}}}},"branchMap":{"0":{"loc":{"start":{"line":11,"column":0},"end":{"line":11,"column":-1}},"type":"binary-expr","locations":[{"start":{"line":11,"column":0},"end":{"line":11,"column":-1}},{"start":{"line":11,"column":0},"end":{"line":11,"column":-1}},{"start":{"line":11,"column":0},"end":{"line":11,"column":-1}}]},"1":{"loc":{"start":{"line":13,"column":0},"end":{"line":13,"column":-1}},"type":"binary-expr","locations":[{"start":{"line":13,"column":0},"end":{"line":13,"column":-1}},{"start":{"line":13,"column":0},"end":{"line":13,"column":-1}},{"start":{"line":14,"column":0},"end":{"line":13,"column":0}}]}},"s":{"0":0,"1":0,"2":0,"3":0,"4":0,"5":0,"6":0,"7":0,"8":0,"9":0,"10":0},"f":{"0":0},"b":{"0":[0,0,0],"1":[0,0,0]}}
,"/Users/Ben/Documents/Turing/Mod4/nasa-vues/dist/js/webpack:/node_modules/core-js/modules/_object-keys.js": {"path":"/Users/Ben/Documents/Turing/Mod4/nasa-vues/dist/js/webpack:/node_modules/core-js/modules/_object-keys.js","statementMap":{"0":{"start":{"line":2,"column":12},"end":{"line":2,"column":0}},"1":{"start":{"line":3,"column":18},"end":{"line":2,"column":0}},"2":{"start":{"line":5,"column":0},"end":{"line":null,"column":-1}},"3":{"start":{"line":6,"column":0},"end":{"line":null,"column":-1}}},"fnMap":{"0":{"name":"(anonymous_15)","decl":{"start":{"line":5,"column":0},"end":{"line":5,"column":-1}},"loc":{"start":{"line":5,"column":0},"end":{"line":5,"column":-1}}}},"branchMap":{"0":{"loc":{"start":{"line":5,"column":0},"end":{"line":5,"column":-1}},"type":"binary-expr","locations":[{"start":{"line":5,"column":0},"end":{"line":5,"column":-1}},{"start":{"line":5,"column":0},"end":{"line":5,"column":-1}}]}},"s":{"0":0,"1":0,"2":0,"3":0},"f":{"0":0},"b":{"0":[0,0]}}
,"/Users/Ben/Documents/Turing/Mod4/nasa-vues/dist/js/webpack:/node_modules/core-js/modules/_perform.js": {"path":"/Users/Ben/Documents/Turing/Mod4/nasa-vues/dist/js/webpack:/node_modules/core-js/modules/_perform.js","statementMap":{"0":{"start":{"line":1,"column":0},"end":{"line":null,"column":-1}},"1":{"start":{"line":2,"column":0},"end":{"line":5,"column":12}},"2":{"start":{"line":3,"column":0},"end":{"line":null,"column":-1}},"3":{"start":{"line":5,"column":0},"end":{"line":null,"column":-1}}},"fnMap":{"0":{"name":"(anonymous_617)","decl":{"start":{"line":1,"column":0},"end":{"line":1,"column":-1}},"loc":{"start":{"line":1,"column":0},"end":{"line":1,"column":-1}}}},"branchMap":{},"s":{"0":0,"1":0,"2":0,"3":0},"f":{"0":0},"b":{}}
,"/Users/Ben/Documents/Turing/Mod4/nasa-vues/dist/js/webpack:/node_modules/core-js/modules/_promise-resolve.js": {"path":"/Users/Ben/Documents/Turing/Mod4/nasa-vues/dist/js/webpack:/node_modules/core-js/modules/_promise-resolve.js","statementMap":{"0":{"start":{"line":1,"column":15},"end":{"line":1,"column":0}},"1":{"start":{"line":2,"column":15},"end":{"line":1,"column":0}},"2":{"start":{"line":3,"column":27},"end":{"line":1,"column":0}},"3":{"start":{"line":5,"column":0},"end":{"line":null,"column":-1}},"4":{"start":{"line":7,"column":0},"end":{"line":null,"column":-1}},"5":{"start":{"line":8,"column":0},"end":{"line":8,"column":-1}},"6":{"start":{"line":9,"column":0},"end":{"line":8,"column":0}},"7":{"start":{"line":11,"column":0},"end":{"line":null,"column":-1}}},"fnMap":{"0":{"name":"(anonymous_629)","decl":{"start":{"line":5,"column":0},"end":{"line":5,"column":-1}},"loc":{"start":{"line":5,"column":0},"end":{"line":5,"column":-1}}}},"branchMap":{"0":{"loc":{"start":{"line":7,"column":0},"end":{"line":null,"column":-1}},"type":"if","locations":[{"start":{"line":7,"column":0},"end":{"line":null,"column":-1}},{"start":{"line":7,"column":0},"end":{"line":null,"column":-1}}]},"1":{"loc":{"start":{"line":7,"column":0},"end":{"line":7,"column":-1}},"type":"binary-expr","locations":[{"start":{"line":7,"column":0},"end":{"line":7,"column":-1}},{"start":{"line":7,"column":0},"end":{"line":7,"column":-1}}]}},"s":{"0":0,"1":0,"2":0,"3":0,"4":0,"5":0,"6":0,"7":0},"f":{"0":0},"b":{"0":[0,0],"1":[0,0]}}
[...]
,"/Users/Ben/Documents/Turing/Mod4/nasa-vues/dist/js/webpack:/src/components/HelloWorld.vue?997f": {"path":"/Users/Ben/Documents/Turing/Mod4/nasa-vues/dist/js/webpack:/src/components/HelloWorld.vue?997f","statementMap":{"0":{"start":{"line":1,"column":0},"end":{"line":1,"column":-1}},"1":{"start":{"line":1,"column":486},"end":{"line":null,"column":-1}},"2":{"start":{"line":1,"column":489},"end":{"line":null,"column":-1}},"3":{"start":{"line":1,"column":489},"end":{"line":1,"column":488}}},"fnMap":{},"branchMap":{},"s":{"0":0,"1":0,"2":0,"3":0},"f":{},"b":{}}
,"/Users/Ben/Documents/Turing/Mod4/nasa-vues/dist/js/webpack:/src/components/HelloWorld.vue?9ffc": {"path":"/Users/Ben/Documents/Turing/Mod4/nasa-vues/dist/js/webpack:/src/components/HelloWorld.vue?9ffc","statementMap":{"0":{"start":{"line":1,"column":26},"end":{"line":1,"column":25}},"1":{"start":{"line":1,"column":39},"end":{"line":1,"column":26}},"2":{"start":{"line":1,"column":65},"end":{"line":1,"column":26}},"3":{"start":{"line":1,"column":89},"end":{"line":null,"column":-1}},"4":{"start":{"line":2,"column":36},"end":{"line":2,"column":35}},"5":{"start":{"line":2,"column":49},"end":{"line":2,"column":36}},"6":{"start":{"line":2,"column":75},"end":{"line":2,"column":36}},"7":{"start":{"line":2,"column":99},"end":{"line":null,"column":-1}},"8":{"start":{"line":2,"column":395},"end":{"line":2,"column":394}},"9":{"start":{"line":2,"column":408},"end":{"line":2,"column":395}},"10":{"start":{"line":2,"column":434},"end":{"line":2,"column":395}},"11":{"start":{"line":2,"column":458},"end":{"line":null,"column":-1}},"12":{"start":{"line":2,"column":824},"end":{"line":2,"column":823}},"13":{"start":{"line":2,"column":837},"end":{"line":2,"column":824}},"14":{"start":{"line":2,"column":863},"end":{"line":2,"column":824}},"15":{"start":{"line":2,"column":887},"end":{"line":null,"column":-1}},"16":{"start":{"line":2,"column":1502},"end":{"line":2,"column":1501}},"17":{"start":{"line":2,"column":1515},"end":{"line":2,"column":1502}},"18":{"start":{"line":2,"column":1541},"end":{"line":2,"column":1502}},"19":{"start":{"line":2,"column":1565},"end":{"line":null,"column":-1}}},"fnMap":{"0":{"name":"(anonymous_18)","decl":{"start":{"line":2,"column":19},"end":{"line":2,"column":18}},"loc":{"start":{"line":2,"column":19},"end":{"line":2,"column":18}}},"1":{"name":"(anonymous_19)","decl":{"start":{"line":2,"column":381},"end":{"line":2,"column":380}},"loc":{"start":{"line":2,"column":381},"end":{"line":2,"column":19}}},"2":{"name":"(anonymous_20)","decl":{"start":{"line":2,"column":810},"end":{"line":2,"column":809}},"loc":{"start":{"line":2,"column":810},"end":{"line":2,"column":19}}},"3":{"name":"(anonymous_21)","decl":{"start":{"line":2,"column":1488},"end":{"line":2,"column":1487}},"loc":{"start":{"line":2,"column":1488},"end":{"line":2,"column":19}}}},"branchMap":{"0":{"loc":{"start":{"line":1,"column":65},"end":{"line":1,"column":64}},"type":"binary-expr","locations":[{"start":{"line":1,"column":65},"end":{"line":1,"column":64}},{"start":{"line":1,"column":65},"end":{"line":1,"column":26}}]},"1":{"loc":{"start":{"line":2,"column":75},"end":{"line":2,"column":74}},"type":"binary-expr","locations":[{"start":{"line":2,"column":75},"end":{"line":2,"column":74}},{"start":{"line":2,"column":75},"end":{"line":2,"column":36}}]},"2":{"loc":{"start":{"line":2,"column":434},"end":{"line":2,"column":433}},"type":"binary-expr","locations":[{"start":{"line":2,"column":434},"end":{"line":2,"column":433}},{"start":{"line":2,"column":434},"end":{"line":2,"column":395}}]},"3":{"loc":{"start":{"line":2,"column":863},"end":{"line":2,"column":862}},"type":"binary-expr","locations":[{"start":{"line":2,"column":863},"end":{"line":2,"column":862}},{"start":{"line":2,"column":863},"end":{"line":2,"column":824}}]},"4":{"loc":{"start":{"line":2,"column":1541},"end":{"line":2,"column":1540}},"type":"binary-expr","locations":[{"start":{"line":2,"column":1541},"end":{"line":2,"column":1540}},{"start":{"line":2,"column":1541},"end":{"line":2,"column":1502}}]}},"s":{"0":0,"1":0,"2":0,"3":0,"4":0,"5":0,"6":0,"7":0,"8":0,"9":0,"10":0,"11":0,"12":0,"13":0,"14":0,"15":0,"16":0,"17":0,"18":0,"19":0},"f":{"0":0,"1":0,"2":0,"3":0},"b":{"0":[0,0],"1":[0,0],"2":[0,0],"3":[0,0],"4":[0,0]}}
,"/Users/Ben/Documents/Turing/Mod4/nasa-vues/dist/js/webpack:/src/components/HelloWorld.vue?f177": {"path":"/Users/Ben/Documents/Turing/Mod4/nasa-vues/dist/js/webpack:/src/components/HelloWorld.vue?f177","statementMap":{"0":{"start":{"line":20,"column":0},"end":{"line":null,"column":-1}},"1":{"start":{"line":21,"column":15},"end":{"line":21,"column":14}}},"fnMap":{},"branchMap":{},"s":{"0":0,"1":0},"f":{},"b":{}}
,"/Users/Ben/Documents/Turing/Mod4/nasa-vues/dist/js/webpack:/webpack/bootstrap": {"path":"/Users/Ben/Documents/Turing/Mod4/nasa-vues/dist/js/webpack:/webpack/bootstrap","statementMap":{"0":{"start":{"line":10,"column":0},"end":{"line":11,"column":0}},"1":{"start":{"line":11,"column":0},"end":{"line":null,"column":-1}},"2":{"start":{"line":17,"column":0},"end":{"line":18,"column":0}},"3":{"start":{"line":18,"column":0},"end":{"line":null,"column":-1}},"4":{"start":{"line":22,"column":0},"end":{"line":null,"column":-1}},"5":{"start":{"line":24,"column":0},"end":{"line":25,"column":0}},"6":{"start":{"line":25,"column":0},"end":{"line":null,"column":-1}},"7":{"start":{"line":32,"column":0},"end":{"line":null,"column":-1}},"8":{"start":{"line":36,"column":0},"end":{"line":48,"column":0}},"9":{"start":{"line":39,"column":0},"end":{"line":43,"column":0}},"10":{"start":{"line":40,"column":0},"end":{"line":40,"column":-1}},"11":{"start":{"line":41,"column":0},"end":{"line":null,"column":-1}},"12":{"start":{"line":43,"column":0},"end":{"line":null,"column":-1}},"13":{"start":{"line":48,"column":0},"end":{"line":null,"column":-1}},"14":{"start":{"line":52,"column":0},"end":{"line":52,"column":-1}},"15":{"start":{"line":57,"column":0},"end":{"line":52,"column":0}},"16":{"start":{"line":61,"column":0},"end":{"line":52,"column":0}},"17":{"start":{"line":67,"column":0},"end":{"line":68,"column":0}},"18":{"start":{"line":68,"column":0},"end":{"line":null,"column":-1}},"19":{"start":{"line":71,"column":0},"end":{"line":71,"column":-1}},"20":{"start":{"line":84,"column":0},"end":{"line":null,"column":-1}},"21":{"start":{"line":89,"column":0},"end":{"line":null,"column":-1}},"22":{"start":{"line":96,"column":0},"end":{"line":null,"column":-1}},"23":{"start":{"line":103,"column":0},"end":{"line":null,"column":-1}},"24":{"start":{"line":116,"column":0},"end":{"line":null,"column":-1}},"25":{"start":{"line":117,"column":0},"end":{"line":null,"column":-1}},"26":{"start":{"line":118,"column":0},"end":{"line":118,"column":-1}},"27":{"start":{"line":121,"column":0},"end":{"line":null,"column":-1}},"28":{"start":{"line":121,"column":112},"end":{"line":null,"column":-1}},"29":{"start":{"line":122,"column":0},"end":{"line":null,"column":-1}},"30":{"start":{"line":127,"column":0},"end":{"line":127,"column":-1}},"31":{"start":{"line":128,"column":27},"end":{"line":null,"column":-1}},"32":{"start":{"line":129,"column":33},"end":{"line":null,"column":-1}},"33":{"start":{"line":131,"column":0},"end":{"line":null,"column":-1}},"34":{"start":{"line":135,"column":54},"end":{"line":null,"column":-1}},"35":{"start":{"line":140,"column":0},"end":{"line":140,"column":-1}},"36":{"start":{"line":141,"column":0},"end":{"line":140,"column":0}},"37":{"start":{"line":142,"column":0},"end":{"line":null,"column":-1}},"38":{"start":{"line":144,"column":0},"end":{"line":144,"column":39}},"39":{"start":{"line":144,"column":39},"end":{"line":null,"column":-1}},"40":{"start":{"line":145,"column":0},"end":{"line":145,"column":-1}},"41":{"start":{"line":149,"column":0},"end":{"line":null,"column":-1}},"42":{"start":{"line":151,"column":0},"end":{"line":null,"column":-1}}},"fnMap":{"0":{"name":"t","decl":{"start":{"line":2,"column":0},"end":{"line":2,"column":-1}},"loc":{"start":{"line":2,"column":0},"end":{"line":34,"column":0}}},"1":{"name":"r","decl":{"start":{"line":34,"column":0},"end":{"line":34,"column":-1}},"loc":{"start":{"line":34,"column":0},"end":{"line":52,"column":0}}},"2":{"name":"a","decl":{"start":{"line":64,"column":0},"end":{"line":64,"column":-1}},"loc":{"start":{"line":64,"column":0},"end":{"line":89,"column":0}}},"3":{"name":"(anonymous_4)","decl":{"start":{"line":95,"column":0},"end":{"line":95,"column":-1}},"loc":{"start":{"line":95,"column":0},"end":{"line":89,"column":0}}},"4":{"name":"(anonymous_5)","decl":{"start":{"line":102,"column":0},"end":{"line":102,"column":-1}},"loc":{"start":{"line":102,"column":0},"end":{"line":89,"column":0}}},"5":{"name":"(anonymous_6)","decl":{"start":{"line":114,"column":0},"end":{"line":114,"column":-1}},"loc":{"start":{"line":114,"column":0},"end":{"line":89,"column":0}}},"6":{"name":"(anonymous_7)","decl":{"start":{"line":121,"column":0},"end":{"line":121,"column":-1}},"loc":{"start":{"line":121,"column":0},"end":{"line":121,"column":-1}}},"7":{"name":"(anonymous_8)","decl":{"start":{"line":126,"column":0},"end":{"line":126,"column":-1}},"loc":{"start":{"line":126,"column":0},"end":{"line":89,"column":0}}},"8":{"name":"(anonymous_9)","decl":{"start":{"line":128,"column":0},"end":{"line":128,"column":-1}},"loc":{"start":{"line":128,"column":0},"end":{"line":127,"column":0}}},"9":{"name":"(anonymous_10)","decl":{"start":{"line":129,"column":0},"end":{"line":129,"column":-1}},"loc":{"start":{"line":129,"column":0},"end":{"line":127,"column":0}}},"10":{"name":"(anonymous_11)","decl":{"start":{"line":135,"column":0},"end":{"line":135,"column":-1}},"loc":{"start":{"line":135,"column":0},"end":{"line":89,"column":0}}},"11":{"name":"(anonymous_12)","decl":{"start":{"line":151,"column":0},"end":{"line":151,"column":-1}},"loc":{"start":{"line":151,"column":0},"end":{"line":151,"column":-1}}}},"branchMap":{"0":{"loc":{"start":{"line":12,"column":0},"end":{"line":12,"column":-1}},"type":"binary-expr","locations":[{"start":{"line":12,"column":0},"end":{"line":12,"column":-1}},{"start":{"line":13,"column":0},"end":{"line":11,"column":0}}]},"1":{"loc":{"start":{"line":18,"column":0},"end":{"line":19,"column":-1}},"type":"binary-expr","locations":[{"start":{"line":18,"column":0},"end":{"line":19,"column":-1}},{"start":{"line":19,"column":0},"end":{"line":18,"column":0}}]},"2":{"loc":{"start":{"line":22,"column":0},"end":{"line":22,"column":-1}},"type":"binary-expr","locations":[{"start":{"line":22,"column":0},"end":{"line":22,"column":-1}},{"start":{"line":22,"column":0},"end":{"line":22,"column":-1}}]},"3":{"loc":{"start":{"line":29,"column":0},"end":{"line":29,"column":-1}},"type":"binary-expr","locations":[{"start":{"line":29,"column":0},"end":{"line":29,"column":-1}},{"start":{"line":29,"column":0},"end":{"line":29,"column":-1}}]},"4":{"loc":{"start":{"line":41,"column":0},"end":{"line":41,"column":-1}},"type":"binary-expr","locations":[{"start":{"line":41,"column":0},"end":{"line":41,"column":-1}},{"start":{"line":41,"column":0},"end":{"line":41,"column":-1}}]},"5":{"loc":{"start":{"line":43,"column":0},"end":{"line":43,"column":-1}},"type":"binary-expr","locations":[{"start":{"line":43,"column":0},"end":{"line":43,"column":-1}},{"start":{"line":44,"column":0},"end":{"line":43,"column":0}}]},"6":{"loc":{"start":{"line":67,"column":0},"end":{"line":68,"column":0}},"type":"if","locations":[{"start":{"line":67,"column":0},"end":{"line":68,"column":0}},{"start":{"line":67,"column":0},"end":{"line":68,"column":0}}]},"7":{"loc":{"start":{"line":96,"column":0},"end":{"line":97,"column":-1}},"type":"binary-expr","locations":[{"start":{"line":96,"column":0},"end":{"line":97,"column":-1}},{"start":{"line":97,"column":0},"end":{"line":96,"column":0}}]},"8":{"loc":{"start":{"line":103,"column":0},"end":{"line":103,"column":-1}},"type":"binary-expr","locations":[{"start":{"line":103,"column":0},"end":{"line":103,"column":-1}},{"start":{"line":103,"column":0},"end":{"line":104,"column":-1}},{"start":{"line":104,"column":0},"end":{"line":103,"column":0}}]},"9":{"loc":{"start":{"line":116,"column":0},"end":{"line":null,"column":-1}},"type":"if","locations":[{"start":{"line":116,"column":0},"end":{"line":null,"column":-1}},{"start":{"line":116,"column":0},"end":{"line":null,"column":-1}}]},"10":{"loc":{"start":{"line":115,"column":0},"end":{"line":115,"column":-1}},"type":"binary-expr","locations":[{"start":{"line":115,"column":0},"end":{"line":115,"column":-1}},{"start":{"line":115,"column":0},"end":{"line":115,"column":-1}}]},"11":{"loc":{"start":{"line":117,"column":0},"end":{"line":null,"column":-1}},"type":"if","locations":[{"start":{"line":117,"column":0},"end":{"line":null,"column":-1}},{"start":{"line":117,"column":0},"end":{"line":null,"column":-1}}]},"12":{"loc":{"start":{"line":117,"column":0},"end":{"line":117,"column":-1}},"type":"binary-expr","locations":[{"start":{"line":117,"column":0},"end":{"line":117,"column":-1}},{"start":{"line":117,"column":0},"end":{"line":117,"column":-1}},{"start":{"line":117,"column":0},"end":{"line":117,"column":-1}},{"start":{"line":117,"column":0},"end":{"line":117,"column":-1}}]},"13":{"loc":{"start":{"line":121,"column":0},"end":{"line":null,"column":-1}},"type":"if","locations":[{"start":{"line":121,"column":0},"end":{"line":null,"column":-1}},{"start":{"line":121,"column":0},"end":{"line":null,"column":-1}}]},"14":{"loc":{"start":{"line":121,"column":0},"end":{"line":121,"column":-1}},"type":"binary-expr","locations":[{"start":{"line":121,"column":0},"end":{"line":121,"column":-1}},{"start":{"line":121,"column":0},"end":{"line":121,"column":-1}}]},"15":{"loc":{"start":{"line":128,"column":0},"end":{"line":127,"column":0}},"type":"cond-expr","locations":[{"start":{"line":128,"column":0},"end":{"line":127,"column":0}},{"start":{"line":129,"column":0},"end":{"line":127,"column":0}}]},"16":{"loc":{"start":{"line":127,"column":0},"end":{"line":127,"column":-1}},"type":"binary-expr","locations":[{"start":{"line":127,"column":0},"end":{"line":127,"column":-1}},{"start":{"line":127,"column":0},"end":{"line":127,"column":-1}}]},"17":{"loc":{"start":{"line":140,"column":0},"end":{"line":140,"column":-1}},"type":"binary-expr","locations":[{"start":{"line":140,"column":0},"end":{"line":140,"column":-1}},{"start":{"line":140,"column":0},"end":{"line":140,"column":-1}}]}},"s":{"0":0,"1":0,"2":0,"3":0,"4":0,"5":0,"6":0,"7":0,"8":0,"9":0,"10":0,"11":0,"12":0,"13":0,"14":0,"15":0,"16":0,"17":0,"18":0,"19":0,"20":0,"21":0,"22":0,"23":0,"24":0,"25":0,"26":0,"27":0,"28":0,"29":0,"30":0,"31":0,"32":0,"33":0,"34":0,"35":0,"36":0,"37":0,"38":0,"39":0,"40":0,"41":0,"42":0},"f":{"0":0,"1":0,"2":0,"3":0,"4":0,"5":0,"6":0,"7":0,"8":0,"9":0,"10":0,"11":0},"b":{"0":[0,0],"1":[0,0],"2":[0,0],"3":[0,0],"4":[0,0],"5":[0,0],"6":[0,0],"7":[0,0],"8":[0,0,0],"9":[0,0],"10":[0,0],"11":[0,0],"12":[0,0,0,0],"13":[0,0],"14":[0,0],"15":[0,0],"16":[0,0],"17":[0,0]}}
,"/Users/Ben/Documents/Turing/Mod4/nasa-vues/src/components/NasaVues.vue": {"path":"/Users/Ben/Documents/Turing/Mod4/nasa-vues/src/components/NasaVues.vue","statementMap":{"0":{"start":{"line":31,"column":0},"end":{"line":null,"column":-1}},"1":{"start":{"line":32,"column":0},"end":{"line":null,"column":-1}},"2":{"start":{"line":37,"column":0},"end":{"line":null,"column":-1}},"3":{"start":{"line":43,"column":0},"end":{"line":null,"column":-1}},"4":{"start":{"line":44,"column":0},"end":{"line":null,"column":-1}},"5":{"start":{"line":45,"column":0},"end":{"line":null,"column":-1}},"6":{"start":{"line":46,"column":0},"end":{"line":null,"column":-1}},"7":{"start":{"line":49,"column":0},"end":{"line":null,"column":-1}},"8":{"start":{"line":50,"column":0},"end":{"line":null,"column":-1}},"9":{"start":{"line":51,"column":0},"end":{"line":null,"column":-1}},"10":{"start":{"line":52,"column":0},"end":{"line":null,"column":-1}},"11":{"start":{"line":55,"column":0},"end":{"line":null,"column":-1}},"12":{"start":{"line":59,"column":0},"end":{"line":null,"column":-1}}},"fnMap":{"0":{"name":"(anonymous_1)","decl":{"start":{"line":42,"column":0},"end":{"line":null,"column":-1}},"loc":{"start":{"line":42,"column":0},"end":{"line":47,"column":0}}},"1":{"name":"(anonymous_2)","decl":{"start":{"line":48,"column":0},"end":{"line":null,"column":-1}},"loc":{"start":{"line":48,"column":0},"end":{"line":53,"column":0}}},"2":{"name":"(anonymous_3)","decl":{"start":{"line":54,"column":0},"end":{"line":null,"column":-1}},"loc":{"start":{"line":54,"column":0},"end":{"line":56,"column":0}}}},"branchMap":{},"s":{"0":1,"1":1,"2":4,"3":0,"4":0,"5":0,"6":0,"7":4,"8":4,"9":4,"10":4,"11":0,"12":4},"f":{"0":0,"1":4,"2":0},"b":{}}
,"/Users/Ben/Documents/Turing/Mod4/nasa-vues/src/utils/apiCalls.js": {"path":"/Users/Ben/Documents/Turing/Mod4/nasa-vues/src/utils/apiCalls.js","statementMap":{"0":{"start":{"line":45,"column":25},"end":{"line":50,"column":1}},"1":{"start":{"line":46,"column":18},"end":{"line":46,"column":20}},"2":{"start":{"line":47,"column":20},"end":{"line":47,"column":39}},"3":{"start":{"line":48,"column":4},"end":{"line":48,"column":39}},"4":{"start":{"line":49,"column":4},"end":{"line":49,"column":18}},"5":{"start":{"line":52,"column":26},"end":{"line":61,"column":1}},"6":{"start":{"line":53,"column":20},"end":{"line":53,"column":39}},"7":{"start":{"line":54,"column":18},"end":{"line":54,"column":20}},"8":{"start":{"line":55,"column":12},"end":{"line":55,"column":13}},"9":{"start":{"line":56,"column":4},"end":{"line":59,"column":5}},"10":{"start":{"line":57,"column":8},"end":{"line":57,"column":43}},"11":{"start":{"line":58,"column":8},"end":{"line":58,"column":19}},"12":{"start":{"line":60,"column":4},"end":{"line":60,"column":18}},"13":{"start":{"line":63,"column":29},"end":{"line":65,"column":1}},"14":{"start":{"line":64,"column":4},"end":{"line":64,"column":20}}},"fnMap":{"0":{"name":"(anonymous_0)","decl":{"start":{"line":45,"column":25},"end":{"line":45,"column":26}},"loc":{"start":{"line":45,"column":35},"end":{"line":50,"column":1}},"line":45},"1":{"name":"(anonymous_1)","decl":{"start":{"line":52,"column":26},"end":{"line":52,"column":27}},"loc":{"start":{"line":52,"column":36},"end":{"line":61,"column":1}},"line":52},"2":{"name":"(anonymous_2)","decl":{"start":{"line":63,"column":29},"end":{"line":63,"column":30}},"loc":{"start":{"line":63,"column":35},"end":{"line":65,"column":1}},"line":63}},"branchMap":{},"s":{"0":2,"1":4,"2":4,"3":4,"4":4,"5":2,"6":0,"7":0,"8":0,"9":0,"10":0,"11":0,"12":0,"13":2,"14":2},"f":{"0":4,"1":0,"2":2},"b":{},"_coverageSchema":"332fd63041d2c1bcb487cc26dd0d5f7d97098a6c","hash":"84bb5bce98a2c54f041dd41eb89800a907d1cc03"}
,"/Users/Ben/Documents/Turing/Mod4/nasa-vues/src/utils/apiKey.js": {"path":"/Users/Ben/Documents/Turing/Mod4/nasa-vues/src/utils/apiKey.js","statementMap":{"0":{"start":{"line":1,"column":19},"end":{"line":1,"column":7}}},"fnMap":{},"branchMap":{},"s":{"0":0},"f":{},"b":{}}
,"/Users/Ben/Documents/Turing/Mod4/nasa-vues/src/utils/mockAPOD.js": {"path":"/Users/Ben/Documents/Turing/Mod4/nasa-vues/src/utils/mockAPOD.js","statementMap":{"0":{"start":{"line":1,"column":24},"end":{"line":1,"column":7}}},"fnMap":{},"branchMap":{},"s":{"0":0},"f":{},"b":{}}
,"/Users/Ben/Documents/Turing/Mod4/nasa-vues/src/utils/mockDailys.js": {"path":"/Users/Ben/Documents/Turing/Mod4/nasa-vues/src/utils/mockDailys.js","statementMap":{"0":{"start":{"line":1,"column":26},"end":{"line":152,"column":3}}},"fnMap":{},"branchMap":{},"s":{"0":2},"f":{},"b":{},"_coverageSchema":"332fd63041d2c1bcb487cc26dd0d5f7d97098a6c","hash":"c1461a38a61d4a259a9fdab563d1e4244a931200"}
,"/Users/Ben/Documents/Turing/Mod4/nasa-vues/src/utils/mockRover.js": {"path":"/Users/Ben/Documents/Turing/Mod4/nasa-vues/src/utils/mockRover.js","statementMap":{"0":{"start":{"line":1,"column":25},"end":{"line":20,"column":1}}},"fnMap":{},"branchMap":{},"s":{"0":2},"f":{},"b":{},"_coverageSchema":"332fd63041d2c1bcb487cc26dd0d5f7d97098a6c","hash":"74e43236a95eb83e9680fb576ccb06fa80c5a8b1"}
}
