TN:
SF:/Users/Ben/Documents/Turing/Mod4/nasa-vues/dist/js/webpack:/(webpack)/buildin/global.js
FN:4,(anonymous_639)
FNF:1
FNH:0
FNDA:0,(anonymous_639)
DA:4,0
DA:5,0
DA:8,0
DA:10,0
DA:13,0
DA:20,0
LF:6
LH:0
BRDA:10,0,0,0
BRDA:10,0,1,0
BRDA:13,1,0,0
BRDA:13,1,1,0
BRF:4
BRH:0
end_of_record
TN:
SF:/Users/Ben/Documents/Turing/Mod4/nasa-vues/dist/js/webpack:/node_modules/core-js/modules/_a-function.js
FN:1,(anonymous_654)
FNF:1
FNH:0
FNDA:0,(anonymous_654)
DA:1,0
DA:2,0
DA:3,0
LF:3
LH:0
BRDA:2,0,0,0
BRDA:2,0,1,0
BRF:2
BRH:0
end_of_record
TN:
SF:/Users/Ben/Documents/Turing/Mod4/nasa-vues/dist/js/webpack:/node_modules/core-js/modules/_add-to-unscopables.js
FN:5,(anonymous_615)
FNF:1
FNH:0
FNDA:0,(anonymous_615)
DA:2,0
DA:3,0
DA:6,0
LF:3
LH:0
BRDA:3,0,0,0
BRDA:3,0,1,0
BRF:2
BRH:0
end_of_record
TN:
SF:/Users/Ben/Documents/Turing/Mod4/nasa-vues/dist/js/webpack:/node_modules/core-js/modules/_an-instance.js
FN:1,(anonymous_661)
FNF:1
FNH:0
FNDA:0,(anonymous_661)
DA:1,0
DA:2,0
DA:3,0
DA:4,0
LF:4
LH:0
BRDA:2,0,0,0
BRDA:2,0,1,0
BRDA:2,1,0,0
BRDA:2,1,1,0
BRDA:2,1,2,0
BRF:5
BRH:0
end_of_record
TN:
SF:/Users/Ben/Documents/Turing/Mod4/nasa-vues/dist/js/webpack:/node_modules/core-js/modules/_an-object.js
FN:2,(anonymous_646)
FNF:1
FNH:0
FNDA:0,(anonymous_646)
DA:1,0
DA:2,0
DA:3,0
DA:4,0
LF:4
LH:0
BRDA:3,0,0,0
BRDA:3,0,1,0
BRF:2
BRH:0
end_of_record
TN:
SF:/Users/Ben/Documents/Turing/Mod4/nasa-vues/dist/js/webpack:/node_modules/core-js/modules/_array-includes.js
FN:6,(anonymous_633)
FN:7,(anonymous_634)
FNF:2
FNH:0
FNDA:0,(anonymous_633)
FNDA:0,(anonymous_634)
DA:3,0
DA:4,0
DA:5,0
DA:6,0
DA:7,0
DA:8,0
DA:9,0
DA:10,0
DA:14,0
DA:17,0
DA:19,0
DA:20,0
DA:21,0
LF:13
LH:0
BRDA:14,0,0,0
BRDA:14,0,1,0
BRDA:14,1,0,0
BRDA:14,1,1,0
BRDA:17,2,0,0
BRDA:17,2,1,0
BRDA:19,3,0,0
BRDA:19,3,1,0
BRDA:19,4,0,0
BRDA:19,4,1,0
BRDA:19,4,2,0
BRDA:20,5,0,0
BRDA:20,5,1,0
BRDA:20,5,2,0
BRDA:21,6,0,0
BRDA:21,6,1,0
BRF:16
BRH:0
end_of_record
TN:
SF:/Users/Ben/Documents/Turing/Mod4/nasa-vues/dist/js/webpack:/node_modules/core-js/modules/_classof.js
FN:5,(anonymous_35)
FN:8,(anonymous_36)
FN:14,(anonymous_37)
FNF:3
FNH:0
FNDA:0,(anonymous_35)
FNDA:0,(anonymous_36)
FNDA:0,(anonymous_37)
DA:2,0
DA:3,0
DA:5,0
DA:8,0
DA:9,0
DA:10,0
DA:14,0
DA:16,0
LF:8
LH:0
BRDA:16,0,0,0
BRDA:16,0,1,0
BRDA:16,1,0,0
BRDA:16,1,1,0
BRDA:18,2,0,0
BRDA:18,2,1,0
BRDA:20,3,0,0
BRDA:20,3,1,0
BRDA:22,4,0,0
BRDA:22,4,1,0
BRDA:22,5,0,0
BRDA:22,5,1,0
BRF:12
BRH:0
end_of_record
TN:
SF:/Users/Ben/Documents/Turing/Mod4/nasa-vues/dist/js/webpack:/node_modules/core-js/modules/_cof.js
FN:3,(anonymous_511)
FNF:1
FNH:0
FNDA:0,(anonymous_511)
DA:3,0
DA:4,0
LF:2
LH:0
BRF:0
BRH:0
end_of_record
TN:
SF:/Users/Ben/Documents/Turing/Mod4/nasa-vues/dist/js/webpack:/node_modules/core-js/modules/_core.js
FNF:0
FNH:0
DA:1,0
DA:2,0
LF:2
LH:0
BRDA:2,0,0,0
BRDA:2,0,1,0
BRF:2
BRH:0
end_of_record
TN:
SF:/Users/Ben/Documents/Turing/Mod4/nasa-vues/dist/js/webpack:/node_modules/core-js/modules/_ctx.js
FN:3,(anonymous_609)
FN:7,(anonymous_610)
FN:10,(anonymous_611)
FN:13,(anonymous_612)
FN:17,(anonymous_613)
FNF:5
FNH:0
FNDA:0,(anonymous_609)
FNDA:0,(anonymous_610)
FNDA:0,(anonymous_611)
FNDA:0,(anonymous_612)
FNDA:0,(anonymous_613)
DA:2,0
DA:3,0
DA:5,0
DA:6,0
DA:7,0
DA:8,0
DA:10,0
DA:11,0
DA:13,0
DA:14,0
DA:17,0
DA:18,0
LF:12
LH:0
BRDA:5,0,0,0
BRDA:5,0,1,0
BRDA:7,1,0,0
BRDA:7,1,1,0
BRDA:7,1,2,0
BRF:5
BRH:0
end_of_record
TN:
SF:/Users/Ben/Documents/Turing/Mod4/nasa-vues/dist/js/webpack:/node_modules/core-js/modules/_defined.js
FN:2,(anonymous_631)
FNF:1
FNH:0
FNDA:0,(anonymous_631)
DA:2,0
DA:3,0
DA:4,0
LF:3
LH:0
BRDA:3,0,0,0
BRDA:3,0,1,0
BRF:2
BRH:0
end_of_record
TN:
SF:/Users/Ben/Documents/Turing/Mod4/nasa-vues/dist/js/webpack:/node_modules/core-js/modules/_descriptors.js
FN:2,(anonymous_621)
FN:3,(anonymous_622)
FNF:2
FNH:0
FNDA:0,(anonymous_621)
FNDA:0,(anonymous_622)
DA:2,0
DA:3,0
LF:2
LH:0
BRF:0
BRH:0
end_of_record
TN:
SF:/Users/Ben/Documents/Turing/Mod4/nasa-vues/dist/js/webpack:/node_modules/core-js/modules/_dom-create.js
FN:5,(anonymous_33)
FNF:1
FNH:0
FNDA:0,(anonymous_33)
DA:1,0
DA:2,0
DA:4,0
DA:5,0
DA:6,0
LF:5
LH:0
BRDA:4,0,0,0
BRDA:4,0,1,0
BRDA:6,1,0,0
BRDA:6,1,1,0
BRF:4
BRH:0
end_of_record
TN:
SF:/Users/Ben/Documents/Turing/Mod4/nasa-vues/dist/js/webpack:/node_modules/core-js/modules/_enum-bug-keys.js
FNF:0
FNH:0
DA:2,0
LF:1
LH:0
BRF:0
BRH:0
end_of_record
TN:
SF:/Users/Ben/Documents/Turing/Mod4/nasa-vues/dist/js/webpack:/node_modules/core-js/modules/_export.js
FN:8,(anonymous_569)
FNF:1
FNH:0
FNDA:0,(anonymous_569)
DA:1,0
DA:2,0
DA:3,0
DA:4,0
DA:5,0
DA:6,0
DA:8,0
DA:9,0
DA:10,0
DA:11,0
DA:12,0
DA:13,0
DA:14,0
DA:15,0
DA:16,0
DA:19,0
DA:21,0
DA:33,0
LF:18
LH:0
BRDA:14,0,0,0
BRDA:14,0,1,0
BRDA:14,1,0,0
BRDA:14,1,1,0
BRDA:14,2,0,0
BRDA:14,2,1,0
BRDA:15,3,0,0
BRDA:15,3,1,0
BRDA:15,4,0,0
BRDA:15,4,1,0
BRDA:16,5,0,0
BRDA:16,5,1,0
BRDA:18,6,0,0
BRDA:18,6,1,0
BRDA:21,7,0,0
BRDA:21,7,1,0
BRDA:21,7,2,0
BRDA:23,8,0,0
BRDA:23,8,1,0
BRDA:25,9,0,0
BRDA:25,9,1,0
BRDA:25,10,0,0
BRDA:25,10,1,0
BRDA:27,11,0,0
BRDA:27,11,1,0
BRDA:29,12,0,0
BRDA:29,12,1,0
BRDA:30,13,0,0
BRDA:30,13,1,0
BRDA:30,13,2,0
BRF:30
BRH:0
end_of_record
TN:
SF:/Users/Ben/Documents/Turing/Mod4/nasa-vues/dist/js/webpack:/node_modules/core-js/modules/_fails.js
FN:1,(anonymous_590)
FNF:1
FNH:0
FNDA:0,(anonymous_590)
DA:1,0
DA:2,0
DA:3,0
DA:5,0
LF:4
LH:0
BRF:0
BRH:0
end_of_record
TN:
SF:/Users/Ben/Documents/Turing/Mod4/nasa-vues/dist/js/webpack:/node_modules/core-js/modules/_for-of.js
FN:9,(anonymous_529)
FN:10,(anonymous_530)
FNF:2
FNH:0
FNDA:0,(anonymous_529)
FNDA:0,(anonymous_530)
DA:1,0
DA:2,0
DA:3,0
DA:4,0
DA:5,0
DA:6,0
DA:7,0
DA:8,0
DA:9,0
DA:10,0
DA:11,0
DA:12,0
DA:14,0
DA:16,0
DA:18,0
DA:19,0
DA:21,0
DA:24,0
LF:18
LH:0
BRDA:10,0,0,0
BRDA:10,0,1,0
BRDA:11,1,0,0
BRDA:11,1,1,0
BRDA:14,2,0,0
BRDA:14,2,1,0
BRDA:16,3,0,0
BRDA:16,3,1,0
BRDA:18,4,0,0
BRDA:18,4,1,0
BRDA:17,5,0,0
BRDA:17,5,1,0
BRDA:18,6,0,0
BRDA:18,6,1,0
BRDA:21,7,0,0
BRDA:21,7,1,0
BRDA:21,8,0,0
BRDA:21,8,1,0
BRF:18
BRH:0
end_of_record
TN:
SF:/Users/Ben/Documents/Turing/Mod4/nasa-vues/dist/js/webpack:/node_modules/core-js/modules/_global.js
FNF:0
FNH:0
DA:2,0
DA:6,0
LF:2
LH:0
BRDA:3,0,0,0
BRDA:3,0,1,0
BRDA:2,1,0,0
BRDA:2,1,1,0
BRDA:3,2,0,0
BRDA:3,2,1,0
BRDA:3,3,0,0
BRDA:3,3,1,0
BRDA:6,4,0,0
BRDA:6,4,1,0
BRF:10
BRH:0
end_of_record
TN:
SF:/Users/Ben/Documents/Turing/Mod4/nasa-vues/dist/js/webpack:/node_modules/core-js/modules/_has.js
FN:2,(anonymous_583)
FNF:1
FNH:0
FNDA:0,(anonymous_583)
DA:1,0
DA:2,0
DA:3,0
LF:3
LH:0
BRF:0
BRH:0
end_of_record
TN:
SF:/Users/Ben/Documents/Turing/Mod4/nasa-vues/dist/js/webpack:/node_modules/core-js/modules/_hide.js
FN:3,(anonymous_515)
FN:5,(anonymous_516)
FNF:2
FNH:0
FNDA:0,(anonymous_515)
FNDA:0,(anonymous_516)
DA:1,0
DA:2,0
DA:3,0
DA:4,0
DA:7,0
LF:5
LH:0
BRDA:3,0,0,0
BRDA:3,0,1,0
BRF:2
BRH:0
end_of_record
TN:
SF:/Users/Ben/Documents/Turing/Mod4/nasa-vues/dist/js/webpack:/node_modules/core-js/modules/_html.js
FNF:0
FNH:0
DA:1,0
DA:2,0
LF:2
LH:0
BRDA:2,0,0,0
BRDA:2,0,1,0
BRF:2
BRH:0
end_of_record
TN:
SF:/Users/Ben/Documents/Turing/Mod4/nasa-vues/dist/js/webpack:/node_modules/core-js/modules/_ie8-dom-define.js
FN:1,(anonymous_636)
FN:2,(anonymous_637)
FNF:2
FNH:0
FNDA:0,(anonymous_636)
FNDA:0,(anonymous_637)
DA:1,0
DA:2,0
LF:2
LH:0
BRDA:1,0,0,0
BRDA:1,0,1,0
BRF:2
BRH:0
end_of_record
TN:
SF:/Users/Ben/Documents/Turing/Mod4/nasa-vues/dist/js/webpack:/node_modules/core-js/modules/_invoke.js
FN:2,(anonymous_513)
FNF:1
FNH:0
FNDA:0,(anonymous_513)
DA:2,0
DA:3,0
DA:4,0
DA:5,0
DA:7,0
DA:9,0
DA:11,0
DA:13,0
DA:15,0
LF:9
LH:0
BRDA:5,0,0,0
BRDA:5,0,1,0
BRDA:5,0,2,0
BRDA:5,0,3,0
BRDA:5,0,4,0
BRDA:5,1,0,0
BRDA:5,1,1,0
BRDA:7,2,0,0
BRDA:7,2,1,0
BRDA:9,3,0,0
BRDA:9,3,1,0
BRDA:11,4,0,0
BRDA:11,4,1,0
BRDA:13,5,0,0
BRDA:13,5,1,0
BRF:15
BRH:0
end_of_record
TN:
SF:/Users/Ben/Documents/Turing/Mod4/nasa-vues/dist/js/webpack:/node_modules/core-js/modules/_iobject.js
FN:4,(anonymous_579)
FNF:1
FNH:0
FNDA:0,(anonymous_579)
DA:2,0
DA:4,0
DA:5,0
LF:3
LH:0
BRDA:4,0,0,0
BRDA:4,0,1,0
BRDA:5,1,0,0
BRDA:5,1,1,0
BRF:4
BRH:0
end_of_record
TN:
SF:/Users/Ben/Documents/Turing/Mod4/nasa-vues/dist/js/webpack:/node_modules/core-js/modules/_is-array-iter.js
FN:6,(anonymous_518)
FNF:1
FNH:0
FNDA:0,(anonymous_518)
DA:2,0
DA:3,0
DA:4,0
DA:6,0
DA:7,0
LF:5
LH:0
BRDA:7,0,0,0
BRDA:7,0,1,0
BRDA:7,0,2,0
BRF:3
BRH:0
end_of_record
TN:
SF:/Users/Ben/Documents/Turing/Mod4/nasa-vues/dist/js/webpack:/node_modules/core-js/modules/_is-object.js
FN:1,(anonymous_650)
FNF:1
FNH:0
FNDA:0,(anonymous_650)
DA:1,0
DA:2,0
LF:2
LH:0
BRDA:2,0,0,0
BRDA:2,0,1,0
BRF:2
BRH:0
end_of_record
TN:
SF:/Users/Ben/Documents/Turing/Mod4/nasa-vues/dist/js/webpack:/node_modules/core-js/modules/_iter-call.js
FN:3,(anonymous_31)
FNF:1
FNH:0
FNDA:0,(anonymous_31)
DA:2,0
DA:3,0
DA:4,0
DA:5,0
DA:8,0
DA:10,0
LF:6
LH:0
BRDA:5,0,0,0
BRDA:5,0,1,0
BRDA:10,1,0,0
BRDA:10,1,1,0
BRF:4
BRH:0
end_of_record
TN:
SF:/Users/Ben/Documents/Turing/Mod4/nasa-vues/dist/js/webpack:/node_modules/core-js/modules/_iter-create.js
FN:8,(anonymous_522)
FN:10,(anonymous_523)
FNF:2
FNH:0
FNDA:0,(anonymous_522)
FNDA:0,(anonymous_523)
DA:2,0
DA:3,0
DA:4,0
DA:5,0
DA:8,0
DA:11,0
LF:6
LH:0
BRF:0
BRH:0
end_of_record
TN:
SF:/Users/Ben/Documents/Turing/Mod4/nasa-vues/dist/js/webpack:/node_modules/core-js/modules/_iter-define.js
FN:16,(anonymous_1)
FN:18,(anonymous_2)
FN:20,(anonymous_3)
FN:23,(anonymous_4)
FN:24,(anonymous_5)
FN:25,(anonymous_6)
FN:49,(anonymous_7)
FNF:7
FNH:0
FNDA:0,(anonymous_1)
FNDA:0,(anonymous_2)
FNDA:0,(anonymous_3)
FNDA:0,(anonymous_4)
FNDA:0,(anonymous_5)
FNDA:0,(anonymous_6)
FNDA:0,(anonymous_7)
DA:2,0
DA:3,0
DA:4,0
DA:5,0
DA:6,0
DA:7,0
DA:8,0
DA:9,0
DA:10,0
DA:11,0
DA:12,0
DA:13,0
DA:14,0
DA:16,0
DA:18,0
DA:19,0
DA:20,0
DA:21,0
DA:22,0
DA:23,0
DA:24,0
DA:25,0
DA:27,0
DA:28,0
DA:29,0
DA:30,0
DA:31,0
DA:32,0
DA:33,0
DA:34,0
DA:49,0
DA:58,0
DA:64,0
DA:65,0
DA:66,0
DA:68,0
LF:36
LH:0
BRDA:11,0,0,0
BRDA:11,0,1,0
BRDA:21,1,0,0
BRDA:21,1,1,0
BRDA:21,2,0,0
BRDA:21,2,1,0
BRDA:23,3,0,0
BRDA:23,3,1,0
BRDA:31,4,0,0
BRDA:31,4,1,0
BRDA:31,4,2,0
BRDA:31,4,3,0
BRDA:32,5,0,0
BRDA:32,5,1,0
BRDA:33,6,0,0
BRDA:33,6,1,0
BRDA:33,7,0,0
BRDA:33,7,1,0
BRDA:34,8,0,0
BRDA:34,8,1,0
BRDA:34,8,2,0
BRDA:58,9,0,0
BRDA:58,9,1,0
BRDA:37,10,0,0
BRDA:37,10,1,0
BRDA:39,11,0,0
BRDA:39,11,1,0
BRDA:39,11,2,0
BRDA:43,12,0,0
BRDA:43,12,1,0
BRDA:43,12,2,0
BRDA:47,13,0,0
BRDA:47,13,1,0
BRDA:47,13,2,0
BRDA:47,13,3,0
BRDA:52,14,0,0
BRDA:52,14,1,0
BRDA:52,14,2,0
BRDA:52,14,3,0
BRDA:52,14,4,0
BRDA:52,14,5,0
BRDA:64,15,0,0
BRDA:64,15,1,0
BRDA:60,16,0,0
BRDA:60,16,1,0
BRDA:61,17,0,0
BRDA:61,17,1,0
BRDA:65,18,0,0
BRDA:65,18,1,0
BRDA:66,19,0,0
BRDA:66,19,1,0
BRF:51
BRH:0
end_of_record
TN:
SF:/Users/Ben/Documents/Turing/Mod4/nasa-vues/dist/js/webpack:/node_modules/core-js/modules/_iter-detect.js
FN:6,(anonymous_571)
FN:8,(anonymous_572)
FN:11,(anonymous_573)
FN:17,(anonymous_574)
FN:18,(anonymous_575)
FNF:5
FNH:0
FNDA:0,(anonymous_571)
FNDA:0,(anonymous_572)
FNDA:0,(anonymous_573)
FNDA:0,(anonymous_574)
FNDA:0,(anonymous_575)
DA:1,0
DA:2,0
DA:4,0
DA:5,0
DA:6,0
DA:8,0
DA:11,0
DA:12,0
DA:13,0
DA:14,0
DA:15,0
DA:16,0
DA:17,0
DA:18,0
DA:21,0
LF:15
LH:0
BRDA:12,0,0,0
BRDA:12,0,1,0
BRDA:12,1,0,0
BRDA:12,1,1,0
BRF:4
BRH:0
end_of_record
TN:
SF:/Users/Ben/Documents/Turing/Mod4/nasa-vues/dist/js/webpack:/node_modules/core-js/modules/_iter-step.js
FN:1,(anonymous_652)
FNF:1
FNH:0
FNDA:0,(anonymous_652)
DA:1,0
DA:2,0
LF:2
LH:0
BRF:0
BRH:0
end_of_record
TN:
SF:/Users/Ben/Documents/Turing/Mod4/nasa-vues/dist/js/webpack:/node_modules/core-js/modules/_iterators.js
FNF:0
FNH:0
DA:1,0
LF:1
LH:0
BRF:0
BRH:0
end_of_record
TN:
SF:/Users/Ben/Documents/Turing/Mod4/nasa-vues/dist/js/webpack:/node_modules/core-js/modules/_library.js
FNF:0
FNH:0
DA:1,0
LF:1
LH:0
BRF:0
BRH:0
end_of_record
TN:
SF:/Users/Ben/Documents/Turing/Mod4/nasa-vues/dist/js/webpack:/node_modules/core-js/modules/_microtask.js
FN:8,(anonymous_597)
FN:11,(anonymous_598)
FN:30,(anonymous_599)
FN:45,(anonymous_600)
FN:55,(anonymous_601)
FN:38,(anonymous_602)
FN:61,(anonymous_603)
FNF:7
FNH:0
FNDA:0,(anonymous_597)
FNDA:0,(anonymous_598)
FNDA:0,(anonymous_599)
FNDA:0,(anonymous_600)
FNDA:0,(anonymous_601)
FNDA:0,(anonymous_602)
FNDA:0,(anonymous_603)
DA:1,0
DA:2,0
DA:3,0
DA:4,0
DA:5,0
DA:6,0
DA:8,0
DA:11,0
DA:13,0
DA:14,0
DA:15,0
DA:17,0
DA:18,0
DA:22,0
DA:24,0
DA:29,0
DA:30,0
DA:31,0
DA:34,0
DA:35,0
DA:36,0
DA:37,0
DA:39,0
DA:42,0
DA:44,0
DA:45,0
DA:46,0
DA:55,0
DA:57,0
DA:61,0
DA:62,0
DA:63,0
LF:32
LH:0
BRDA:3,0,0,0
BRDA:3,0,1,0
BRDA:13,1,0,0
BRDA:13,1,1,0
BRDA:13,1,2,0
BRDA:20,2,0,0
BRDA:20,2,1,0
BRDA:25,3,0,0
BRDA:25,3,1,0
BRDA:29,4,0,0
BRDA:29,4,1,0
BRDA:34,5,0,0
BRDA:34,5,1,0
BRDA:34,6,0,0
BRDA:34,6,1,0
BRDA:34,6,2,0
BRDA:42,7,0,0
BRDA:42,7,1,0
BRDA:42,8,0,0
BRDA:42,8,1,0
BRDA:63,9,0,0
BRDA:63,9,1,0
BRDA:64,10,0,0
BRDA:64,10,1,0
BRF:24
BRH:0
end_of_record
TN:
SF:/Users/Ben/Documents/Turing/Mod4/nasa-vues/dist/js/webpack:/node_modules/core-js/modules/_new-promise-capability.js
FN:5,o
FN:7,(anonymous_626)
FN:16,(anonymous_627)
FNF:3
FNH:0
FNDA:0,o
FNDA:0,(anonymous_626)
FNDA:0,(anonymous_627)
DA:3,0
DA:7,0
DA:8,0
DA:9,0
DA:16,0
DA:17,0
LF:6
LH:0
BRDA:8,0,0,0
BRDA:8,0,1,0
BRDA:8,1,0,0
BRDA:8,1,1,0
BRF:4
BRH:0
end_of_record
TN:
SF:/Users/Ben/Documents/Turing/Mod4/nasa-vues/dist/js/webpack:/node_modules/core-js/modules/_object-create.js
FN:6,(anonymous_51)
FN:10,(anonymous_52)
FN:31,(anonymous_53)
FNF:3
FNH:0
FNDA:0,(anonymous_51)
FNDA:0,(anonymous_52)
FNDA:0,(anonymous_53)
DA:2,0
DA:3,0
DA:4,0
DA:5,0
DA:6,0
DA:7,0
DA:10,0
DA:12,0
DA:13,0
DA:14,0
DA:15,0
DA:17,0
DA:27,0
DA:28,0
DA:31,0
DA:40,0
LF:16
LH:0
BRDA:31,0,0,0
BRDA:31,0,1,0
BRDA:34,1,0,0
BRDA:34,1,1,0
BRDA:40,2,0,0
BRDA:40,2,1,0
BRF:6
BRH:0
end_of_record
TN:
SF:/Users/Ben/Documents/Turing/Mod4/nasa-vues/dist/js/webpack:/node_modules/core-js/modules/_object-dp.js
FN:6,(anonymous_607)
FNF:1
FNH:0
FNDA:0,(anonymous_607)
DA:6,0
DA:10,0
DA:11,0
DA:13,0
DA:15,0
LF:5
LH:0
BRDA:6,0,0,0
BRDA:6,0,1,0
BRDA:10,1,0,0
BRDA:10,1,1,0
BRDA:13,2,0,0
BRDA:13,2,1,0
BRDA:13,3,0,0
BRDA:13,3,1,0
BRDA:14,4,0,0
BRDA:14,4,1,0
BRF:10
BRH:0
end_of_record
TN:
SF:/Users/Ben/Documents/Turing/Mod4/nasa-vues/dist/js/webpack:/node_modules/core-js/modules/_object-dps.js
FN:5,(anonymous_17)
FNF:1
FNH:0
FNDA:0,(anonymous_17)
DA:1,0
DA:2,0
DA:3,0
DA:5,0
DA:6,0
DA:7,0
DA:8,0
DA:9,0
DA:11,0
DA:12,0
LF:10
LH:0
BRDA:5,0,0,0
BRDA:5,0,1,0
BRF:2
BRH:0
end_of_record
TN:
SF:/Users/Ben/Documents/Turing/Mod4/nasa-vues/dist/js/webpack:/node_modules/core-js/modules/_object-gpo.js
FN:7,(anonymous_520)
FNF:1
FNH:0
FNDA:0,(anonymous_520)
DA:2,0
DA:3,0
DA:4,0
DA:5,0
DA:7,0
DA:9,0
LF:6
LH:0
BRDA:7,0,0,0
BRDA:7,0,1,0
BRDA:9,1,0,0
BRDA:9,1,1,0
BRDA:11,2,0,0
BRDA:11,2,1,0
BRDA:10,3,0,0
BRDA:10,3,1,0
BRDA:12,4,0,0
BRDA:12,4,1,0
BRF:10
BRH:0
end_of_record
TN:
SF:/Users/Ben/Documents/Turing/Mod4/nasa-vues/dist/js/webpack:/node_modules/core-js/modules/_object-keys-internal.js
FN:6,(anonymous_648)
FNF:1
FNH:0
FNDA:0,(anonymous_648)
DA:1,0
DA:2,0
DA:3,0
DA:4,0
DA:6,0
DA:7,0
DA:8,0
DA:9,0
DA:11,0
DA:13,0
DA:16,0
LF:11
LH:0
BRDA:11,0,0,0
BRDA:11,0,1,0
BRDA:11,0,2,0
BRDA:13,1,0,0
BRDA:13,1,1,0
BRDA:13,1,2,0
BRF:6
BRH:0
end_of_record
TN:
SF:/Users/Ben/Documents/Turing/Mod4/nasa-vues/dist/js/webpack:/node_modules/core-js/modules/_object-keys.js
FN:5,(anonymous_15)
FNF:1
FNH:0
FNDA:0,(anonymous_15)
DA:2,0
DA:3,0
DA:5,0
DA:6,0
LF:4
LH:0
BRDA:5,0,0,0
BRDA:5,0,1,0
BRF:2
BRH:0
end_of_record
TN:
SF:/Users/Ben/Documents/Turing/Mod4/nasa-vues/dist/js/webpack:/node_modules/core-js/modules/_perform.js
FN:1,(anonymous_617)
FNF:1
FNH:0
FNDA:0,(anonymous_617)
DA:1,0
DA:2,0
DA:3,0
DA:5,0
LF:4
LH:0
BRF:0
BRH:0
end_of_record
TN:
SF:/Users/Ben/Documents/Turing/Mod4/nasa-vues/dist/js/webpack:/node_modules/core-js/modules/_promise-resolve.js
FN:5,(anonymous_629)
FNF:1
FNH:0
FNDA:0,(anonymous_629)
DA:1,0
DA:2,0
DA:3,0
DA:5,0
DA:7,0
DA:8,0
DA:9,0
DA:11,0
LF:8
LH:0
BRDA:7,0,0,0
BRDA:7,0,1,0
BRDA:7,1,0,0
BRDA:7,1,1,0
BRF:4
BRH:0
end_of_record
TN:
SF:/Users/Ben/Documents/Turing/Mod4/nasa-vues/dist/js/webpack:/node_modules/core-js/modules/_property-desc.js
FN:1,(anonymous_527)
FNF:1
FNH:0
FNDA:0,(anonymous_527)
DA:1,0
DA:2,0
LF:2
LH:0
BRF:0
BRH:0
end_of_record
TN:
SF:/Users/Ben/Documents/Turing/Mod4/nasa-vues/dist/js/webpack:/node_modules/core-js/modules/_redefine-all.js
FN:2,(anonymous_656)
FNF:1
FNH:0
FNDA:0,(anonymous_656)
DA:1,0
DA:2,0
DA:3,0
DA:4,0
LF:4
LH:0
BRF:0
BRH:0
end_of_record
TN:
SF:/Users/Ben/Documents/Turing/Mod4/nasa-vues/dist/js/webpack:/node_modules/core-js/modules/_redefine.js
FN:9,(anonymous_47)
FN:13,(anonymous_48)
FN:29,(anonymous_49)
FNF:3
FNH:0
FNDA:0,(anonymous_47)
FNDA:0,(anonymous_48)
FNDA:0,(anonymous_49)
DA:1,0
DA:2,0
DA:3,0
DA:4,0
DA:5,0
DA:6,0
DA:7,0
DA:9,0
DA:10,0
DA:14,0
DA:15,0
DA:30,0
LF:12
LH:0
BRDA:15,0,0,0
BRDA:15,0,1,0
BRDA:15,0,2,0
BRDA:16,1,0,0
BRDA:16,1,1,0
BRDA:17,2,0,0
BRDA:17,2,1,0
BRDA:17,2,2,0
BRDA:17,3,0,0
BRDA:17,3,1,0
BRDA:19,4,0,0
BRDA:19,4,1,0
BRDA:23,5,0,0
BRDA:23,5,1,0
BRDA:24,6,0,0
BRDA:24,6,1,0
BRDA:30,7,0,0
BRDA:30,7,1,0
BRDA:30,7,2,0
BRF:19
BRH:0
end_of_record
TN:
SF:/Users/Ben/Documents/Turing/Mod4/nasa-vues/dist/js/webpack:/node_modules/core-js/modules/_set-species.js
FN:7,(anonymous_592)
FN:11,(anonymous_593)
FNF:2
FNH:0
FNDA:0,(anonymous_592)
FNDA:0,(anonymous_593)
DA:2,0
DA:3,0
DA:4,0
DA:5,0
DA:7,0
DA:8,0
DA:9,0
DA:11,0
LF:8
LH:0
BRDA:9,0,0,0
BRDA:9,0,1,0
BRDA:9,0,2,0
BRDA:9,0,3,0
BRF:4
BRH:0
end_of_record
TN:
SF:/Users/Ben/Documents/Turing/Mod4/nasa-vues/dist/js/webpack:/node_modules/core-js/modules/_set-to-string-tag.js
FN:5,(anonymous_595)
FNF:1
FNH:0
FNDA:0,(anonymous_595)
DA:1,0
DA:2,0
DA:3,0
DA:5,0
DA:6,0
LF:5
LH:0
BRDA:6,0,0,0
BRDA:6,0,1,0
BRDA:6,0,2,0
BRDA:6,1,0,0
BRDA:6,1,1,0
BRF:5
BRH:0
end_of_record
TN:
SF:/Users/Ben/Documents/Turing/Mod4/nasa-vues/dist/js/webpack:/node_modules/core-js/modules/_shared-key.js
FN:3,(anonymous_577)
FNF:1
FNH:0
FNDA:0,(anonymous_577)
DA:1,0
DA:2,0
DA:3,0
DA:4,0
LF:4
LH:0
BRDA:4,0,0,0
BRDA:4,0,1,0
BRF:2
BRH:0
end_of_record
TN:
SF:/Users/Ben/Documents/Turing/Mod4/nasa-vues/dist/js/webpack:/node_modules/core-js/modules/_shared.js
FN:6,(anonymous_567)
FNF:1
FNH:0
FNDA:0,(anonymous_567)
DA:1,0
DA:2,0
DA:3,0
DA:4,0
DA:7,0
LF:5
LH:0
BRDA:4,0,0,0
BRDA:4,0,1,0
BRDA:7,1,0,0
BRDA:7,1,1,0
BRDA:10,2,0,0
BRDA:10,2,1,0
BRF:6
BRH:0
end_of_record
TN:
SF:/Users/Ben/Documents/Turing/Mod4/nasa-vues/dist/js/webpack:/node_modules/core-js/modules/_species-constructor.js
FN:5,(anonymous_659)
FNF:1
FNH:0
FNDA:0,(anonymous_659)
DA:2,0
DA:3,0
DA:4,0
DA:5,0
DA:6,0
DA:8,0
LF:6
LH:0
BRDA:8,0,0,0
BRDA:8,0,1,0
BRF:2
BRH:0
end_of_record
TN:
SF:/Users/Ben/Documents/Turing/Mod4/nasa-vues/dist/js/webpack:/node_modules/core-js/modules/_task.js
FN:15,(anonymous_19)
FN:24,(anonymous_20)
FN:29,(anonymous_21)
FN:33,(anonymous_22)
FN:40,(anonymous_23)
FN:45,(anonymous_24)
FN:50,(anonymous_25)
FN:62,(anonymous_26)
FN:68,(anonymous_27)
FN:69,(anonymous_28)
FN:76,(anonymous_29)
FNF:11
FNH:0
FNDA:0,(anonymous_19)
FNDA:0,(anonymous_20)
FNDA:0,(anonymous_21)
FNDA:0,(anonymous_22)
FNDA:0,(anonymous_23)
FNDA:0,(anonymous_24)
FNDA:0,(anonymous_25)
FNDA:0,(anonymous_26)
FNDA:0,(anonymous_27)
FNDA:0,(anonymous_28)
FNDA:0,(anonymous_29)
DA:1,0
DA:2,0
DA:3,0
DA:4,0
DA:5,0
DA:6,0
DA:7,0
DA:8,0
DA:9,0
DA:10,0
DA:11,0
DA:12,0
DA:13,0
DA:15,0
DA:16,0
DA:18,0
DA:19,0
DA:24,0
DA:25,0
DA:28,0
DA:30,0
DA:31,0
DA:32,0
DA:35,0
DA:38,0
DA:40,0
DA:46,0
DA:51,0
DA:63,0
DA:69,0
DA:70,0
DA:77,0
LF:32
LH:0
BRDA:18,0,0,0
BRDA:18,0,1,0
BRDA:28,1,0,0
BRDA:28,1,1,0
BRDA:28,1,2,0
BRDA:35,2,0,0
BRDA:35,2,1,0
BRDA:45,3,0,0
BRDA:45,3,1,0
BRDA:50,4,0,0
BRDA:50,4,1,0
BRDA:49,5,0,0
BRDA:49,5,1,0
BRDA:55,6,0,0
BRDA:55,6,1,0
BRDA:62,7,0,0
BRDA:62,7,1,0
BRDA:61,8,0,0
BRDA:61,8,1,0
BRDA:61,8,2,0
BRDA:68,9,0,0
BRDA:68,9,1,0
BRF:22
BRH:0
end_of_record
TN:
SF:/Users/Ben/Documents/Turing/Mod4/nasa-vues/dist/js/webpack:/node_modules/core-js/modules/_to-absolute-index.js
FN:4,(anonymous_588)
FNF:1
FNH:0
FNDA:0,(anonymous_588)
DA:1,0
DA:2,0
DA:3,0
DA:4,0
DA:6,0
LF:5
LH:0
BRDA:6,0,0,0
BRDA:6,0,1,0
BRF:2
BRH:0
end_of_record
TN:
SF:/Users/Ben/Documents/Turing/Mod4/nasa-vues/dist/js/webpack:/node_modules/core-js/modules/_to-integer.js
FN:4,(anonymous_525)
FNF:1
FNH:0
FNDA:0,(anonymous_525)
DA:2,0
DA:3,0
DA:4,0
DA:5,0
LF:4
LH:0
BRDA:5,0,0,0
BRDA:5,0,1,0
BRF:2
BRH:0
end_of_record
TN:
SF:/Users/Ben/Documents/Turing/Mod4/nasa-vues/dist/js/webpack:/node_modules/core-js/modules/_to-iobject.js
FN:4,(anonymous_581)
FNF:1
FNH:0
FNDA:0,(anonymous_581)
DA:2,0
DA:3,0
DA:4,0
DA:5,0
LF:4
LH:0
BRF:0
BRH:0
end_of_record
TN:
SF:/Users/Ben/Documents/Turing/Mod4/nasa-vues/dist/js/webpack:/node_modules/core-js/modules/_to-length.js
FN:4,(anonymous_619)
FNF:1
FNH:0
FNDA:0,(anonymous_619)
DA:2,0
DA:3,0
DA:4,0
DA:5,0
LF:4
LH:0
BRDA:5,0,0,0
BRDA:5,0,1,0
BRF:2
BRH:0
end_of_record
TN:
SF:/Users/Ben/Documents/Turing/Mod4/nasa-vues/dist/js/webpack:/node_modules/core-js/modules/_to-object.js
FN:3,(anonymous_532)
FNF:1
FNH:0
FNDA:0,(anonymous_532)
DA:2,0
DA:3,0
DA:4,0
LF:3
LH:0
BRF:0
BRH:0
end_of_record
TN:
SF:/Users/Ben/Documents/Turing/Mod4/nasa-vues/dist/js/webpack:/node_modules/core-js/modules/_to-primitive.js
FN:5,(anonymous_585)
FNF:1
FNH:0
FNDA:0,(anonymous_585)
DA:2,0
DA:5,0
DA:6,0
DA:8,0
DA:9,0
DA:10,0
DA:11,0
LF:7
LH:0
BRDA:6,0,0,0
BRDA:6,0,1,0
BRDA:8,1,0,0
BRDA:8,1,1,0
BRDA:8,2,0,0
BRDA:8,2,1,0
BRDA:8,2,2,0
BRDA:9,3,0,0
BRDA:9,3,1,0
BRDA:9,4,0,0
BRDA:9,4,1,0
BRDA:10,5,0,0
BRDA:10,5,1,0
BRDA:10,6,0,0
BRDA:10,6,1,0
BRDA:10,6,2,0
BRF:16
BRH:0
end_of_record
TN:
SF:/Users/Ben/Documents/Turing/Mod4/nasa-vues/dist/js/webpack:/node_modules/core-js/modules/_uid.js
FN:3,(anonymous_641)
FNF:1
FNH:0
FNDA:0,(anonymous_641)
DA:1,0
DA:2,0
DA:3,0
DA:4,0
LF:4
LH:0
BRDA:4,0,0,0
BRDA:4,0,1,0
BRF:2
BRH:0
end_of_record
TN:
SF:/Users/Ben/Documents/Turing/Mod4/nasa-vues/dist/js/webpack:/node_modules/core-js/modules/_user-agent.js
FNF:0
FNH:0
DA:1,0
DA:2,0
DA:4,0
LF:3
LH:0
BRDA:4,0,0,0
BRDA:4,0,1,0
BRDA:4,0,2,0
BRF:3
BRH:0
end_of_record
TN:
SF:/Users/Ben/Documents/Turing/Mod4/nasa-vues/dist/js/webpack:/node_modules/core-js/modules/_wks.js
FN:6,(anonymous_508)
FNF:1
FNH:0
FNDA:0,(anonymous_508)
DA:1,0
DA:2,0
DA:3,0
DA:4,0
DA:6,0
DA:7,0
DA:11,0
LF:7
LH:0
BRDA:7,0,0,0
BRDA:7,0,1,0
BRDA:8,1,0,0
BRDA:8,1,1,0
BRDA:8,1,2,0
BRDA:8,2,0,0
BRDA:8,2,1,0
BRF:7
BRH:0
end_of_record
TN:
SF:/Users/Ben/Documents/Turing/Mod4/nasa-vues/dist/js/webpack:/node_modules/core-js/modules/core.get-iterator-method.js
FN:4,(anonymous_39)
FNF:1
FNH:0
FNDA:0,(anonymous_39)
DA:1,0
DA:2,0
DA:3,0
DA:4,0
DA:5,0
LF:5
LH:0
BRDA:5,0,0,0
BRDA:5,0,1,0
BRDA:5,1,0,0
BRDA:5,1,1,0
BRDA:5,1,2,0
BRF:5
BRH:0
end_of_record
TN:
SF:/Users/Ben/Documents/Turing/Mod4/nasa-vues/dist/js/webpack:/node_modules/core-js/modules/es6.array.iterator.js
FN:11,(anonymous_643)
FN:16,(anonymous_644)
FNF:2
FNH:0
FNDA:0,(anonymous_643)
FNDA:0,(anonymous_644)
DA:2,0
DA:3,0
DA:4,0
DA:5,0
DA:11,0
DA:12,0
DA:17,0
DA:18,0
DA:19,0
DA:20,0
LF:10
LH:0
BRDA:21,0,0,0
BRDA:21,0,1,0
BRDA:20,1,0,0
BRDA:20,1,1,0
BRDA:24,2,0,0
BRDA:24,2,1,0
BRDA:25,3,0,0
BRDA:25,3,1,0
BRF:8
BRH:0
end_of_record
TN:
SF:/Users/Ben/Documents/Turing/Mod4/nasa-vues/dist/js/webpack:/node_modules/core-js/modules/es6.promise.js
FN:25,(anonymous_534)
FN:29,(anonymous_535)
FN:33,(anonymous_536)
FN:48,(anonymous_537)
FN:52,(anonymous_538)
FN:56,(anonymous_539)
FN:60,(anonymous_540)
FN:98,(anonymous_541)
FN:99,(anonymous_542)
FN:104,(anonymous_543)
FN:119,(anonymous_544)
FN:122,(anonymous_545)
FN:123,(anonymous_546)
FN:132,(anonymous_547)
FN:142,(anonymous_548)
FN:151,(anonymous_549)
FN:172,(anonymous_550)
FN:183,(anonymous_551)
FN:194,(anonymous_552)
FN:205,(anonymous_553)
FN:209,(anonymous_554)
FN:215,(anonymous_555)
FN:230,(anonymous_556)
FN:239,(anonymous_557)
FN:243,(anonymous_558)
FN:247,(anonymous_559)
FN:252,(anonymous_560)
FN:256,(anonymous_561)
FN:261,(anonymous_562)
FN:274,(anonymous_563)
FN:278,(anonymous_564)
FN:279,(anonymous_565)
FNF:32
FNH:0
FNDA:0,(anonymous_534)
FNDA:0,(anonymous_535)
FNDA:0,(anonymous_536)
FNDA:0,(anonymous_537)
FNDA:0,(anonymous_538)
FNDA:0,(anonymous_539)
FNDA:0,(anonymous_540)
FNDA:0,(anonymous_541)
FNDA:0,(anonymous_542)
FNDA:0,(anonymous_543)
FNDA:0,(anonymous_544)
FNDA:0,(anonymous_545)
FNDA:0,(anonymous_546)
FNDA:0,(anonymous_547)
FNDA:0,(anonymous_548)
FNDA:0,(anonymous_549)
FNDA:0,(anonymous_550)
FNDA:0,(anonymous_551)
FNDA:0,(anonymous_552)
FNDA:0,(anonymous_553)
FNDA:0,(anonymous_554)
FNDA:0,(anonymous_555)
FNDA:0,(anonymous_556)
FNDA:0,(anonymous_557)
FNDA:0,(anonymous_558)
FNDA:0,(anonymous_559)
FNDA:0,(anonymous_560)
FNDA:0,(anonymous_561)
FNDA:0,(anonymous_562)
FNDA:0,(anonymous_563)
FNDA:0,(anonymous_564)
FNDA:0,(anonymous_565)
DA:2,0
DA:3,0
DA:4,0
DA:5,0
DA:6,0
DA:7,0
DA:8,0
DA:9,0
DA:10,0
DA:11,0
DA:12,0
DA:13,0
DA:14,0
DA:15,0
DA:16,0
DA:17,0
DA:18,0
DA:19,0
DA:20,0
DA:21,0
DA:22,0
DA:23,0
DA:24,0
DA:25,0
DA:27,0
DA:29,0
DA:30,0
DA:32,0
DA:33,0
DA:34,0
DA:37,0
DA:48,0
DA:50,0
DA:52,0
DA:53,0
DA:54,0
DA:55,0
DA:56,0
DA:57,0
DA:58,0
DA:59,0
DA:60,0
DA:61,0
DA:62,0
DA:63,0
DA:64,0
DA:66,0
DA:67,0
DA:88,0
DA:92,0
DA:93,0
DA:98,0
DA:99,0
DA:100,0
DA:101,0
DA:105,0
DA:116,0
DA:119,0
DA:120,0
DA:122,0
DA:123,0
DA:125,0
DA:132,0
DA:133,0
DA:134,0
DA:142,0
DA:143,0
DA:145,0
DA:146,0
DA:148,0
DA:149,0
DA:152,0
DA:153,0
DA:154,0
DA:156,0
DA:165,0
DA:170,0
DA:173,0
DA:176,0
DA:177,0
DA:179,0
DA:184,0
DA:195,0
DA:202,0
DA:206,0
DA:210,0
DA:211,0
DA:216,0
DA:231,0
DA:232,0
DA:234,0
DA:240,0
DA:244,0
DA:248,0
DA:249,0
DA:250,0
DA:251,0
DA:252,0
DA:253,0
DA:254,0
DA:255,0
DA:256,0
DA:257,0
DA:258,0
DA:259,0
DA:262,0
DA:271,0
DA:275,0
DA:276,0
DA:277,0
DA:278,0
DA:279,0
DA:280,0
DA:284,0
LF:114
LH:0
BRDA:21,0,0,0
BRDA:21,0,1,0
BRDA:22,1,0,0
BRDA:22,1,1,0
BRDA:22,1,2,0
BRDA:37,2,0,0
BRDA:37,2,1,0
BRDA:37,2,2,0
BRDA:37,2,3,0
BRDA:37,2,4,0
BRDA:50,3,0,0
BRDA:50,3,1,0
BRDA:53,4,0,0
BRDA:53,4,1,0
BRDA:61,5,0,0
BRDA:61,5,1,0
BRDA:68,6,0,0
BRDA:68,6,1,0
BRDA:68,7,0,0
BRDA:68,7,1,0
BRDA:69,8,0,0
BRDA:69,8,1,0
BRDA:72,9,0,0
BRDA:72,9,1,0
BRDA:74,10,0,0
BRDA:74,10,1,0
BRDA:76,11,0,0
BRDA:76,11,1,0
BRDA:82,12,0,0
BRDA:82,12,1,0
BRDA:84,13,0,0
BRDA:84,13,1,0
BRDA:88,14,0,0
BRDA:88,14,1,0
BRDA:88,14,2,0
BRDA:95,15,0,0
BRDA:95,15,1,0
BRDA:95,15,2,0
BRDA:116,16,0,0
BRDA:116,16,1,0
BRDA:103,17,0,0
BRDA:103,17,1,0
BRDA:106,18,0,0
BRDA:106,18,1,0
BRDA:108,19,0,0
BRDA:108,19,1,0
BRDA:109,20,0,0
BRDA:109,20,1,0
BRDA:109,20,2,0
BRDA:114,21,0,0
BRDA:114,21,1,0
BRDA:114,22,0,0
BRDA:114,22,1,0
BRDA:116,23,0,0
BRDA:116,23,1,0
BRDA:120,24,0,0
BRDA:120,24,1,0
BRDA:126,25,0,0
BRDA:126,25,1,0
BRDA:127,26,0,0
BRDA:127,26,1,0
BRDA:134,27,0,0
BRDA:134,27,1,0
BRDA:136,28,0,0
BRDA:136,28,1,0
BRDA:139,29,0,0
BRDA:139,29,1,0
BRDA:145,30,0,0
BRDA:145,30,1,0
BRDA:147,31,0,0
BRDA:147,31,1,0
BRDA:149,32,0,0
BRDA:149,32,1,0
BRDA:151,33,0,0
BRDA:151,33,1,0
BRDA:170,34,0,0
BRDA:170,34,1,0
BRDA:196,35,0,0
BRDA:196,35,1,0
BRDA:197,36,0,0
BRDA:197,36,1,0
BRDA:198,37,0,0
BRDA:198,37,1,0
BRDA:200,38,0,0
BRDA:200,38,1,0
BRDA:201,39,0,0
BRDA:201,39,1,0
BRDA:217,40,0,0
BRDA:217,40,1,0
BRDA:216,41,0,0
BRDA:216,41,1,0
BRDA:237,42,0,0
BRDA:237,42,1,0
BRDA:240,43,0,0
BRDA:240,43,1,0
BRDA:243,44,0,0
BRDA:243,44,1,0
BRDA:262,45,0,0
BRDA:262,45,1,0
BRDA:264,46,0,0
BRDA:264,46,1,0
BRDA:266,47,0,0
BRDA:266,47,1,0
BRDA:270,48,0,0
BRDA:270,48,1,0
BRDA:283,49,0,0
BRDA:283,49,1,0
BRF:107
BRH:0
end_of_record
TN:
SF:/Users/Ben/Documents/Turing/Mod4/nasa-vues/dist/js/webpack:/node_modules/core-js/modules/es7.promise.finally.js
FN:9,(anonymous_9)
FN:13,(anonymous_10)
FN:14,(anonymous_11)
FN:16,(anonymous_12)
FN:17,(anonymous_13)
FNF:5
FNH:0
FNDA:0,(anonymous_9)
FNDA:0,(anonymous_10)
FNDA:0,(anonymous_11)
FNDA:0,(anonymous_12)
FNDA:0,(anonymous_13)
DA:3,0
DA:4,0
DA:5,0
DA:6,0
DA:7,0
DA:9,0
DA:10,0
DA:11,0
DA:12,0
DA:14,0
DA:17,0
LF:11
LH:0
BRDA:10,0,0,0
BRDA:10,0,1,0
BRDA:13,1,0,0
BRDA:13,1,1,0
BRDA:16,2,0,0
BRDA:16,2,1,0
BRF:6
BRH:0
end_of_record
TN:
SF:/Users/Ben/Documents/Turing/Mod4/nasa-vues/dist/js/webpack:/node_modules/vue-loader/lib/runtime/componentNormalizer.js
FN:7,r
FN:41,(anonymous_42)
FN:65,(anonymous_43)
FN:76,(anonymous_44)
FN:1,(anonymous_45)
FNF:5
FNH:0
FNDA:0,r
FNDA:0,(anonymous_42)
FNDA:0,(anonymous_43)
FNDA:0,(anonymous_44)
FNDA:0,(anonymous_45)
DA:1,0
DA:18,0
DA:43,0
DA:65,0
DA:69,0
DA:70,0
DA:73,0
DA:75,0
DA:76,0
DA:78,0
DA:82,0
DA:83,0
DA:89,0
LF:13
LH:0
BRDA:19,0,0,0
BRDA:19,0,1,0
BRDA:69,1,0,0
BRDA:69,1,1,0
BRDA:23,2,0,0
BRDA:23,2,1,0
BRDA:30,3,0,0
BRDA:30,3,1,0
BRDA:35,4,0,0
BRDA:35,4,1,0
BRDA:41,5,0,0
BRDA:41,5,1,0
BRDA:44,6,0,0
BRDA:44,6,1,0
BRDA:44,6,2,0
BRDA:44,6,3,0
BRDA:44,6,4,0
BRDA:44,6,5,0
BRDA:48,7,0,0
BRDA:48,7,1,0
BRDA:48,7,2,0
BRDA:52,8,0,0
BRDA:52,8,1,0
BRDA:56,9,0,0
BRDA:56,9,1,0
BRDA:56,9,2,0
BRDA:63,10,0,0
BRDA:63,10,1,0
BRDA:65,11,0,0
BRDA:65,11,1,0
BRDA:70,12,0,0
BRDA:70,12,1,0
BRDA:84,13,0,0
BRDA:84,13,1,0
BRF:34
BRH:0
end_of_record
TN:
SF:/Users/Ben/Documents/Turing/Mod4/nasa-vues/dist/js/webpack:/node_modules/vue/dist/vue.runtime.esm.js
FN:12,r
FN:16,o
FN:20,i
FN:24,a
FN:31,s
FN:46,c
FN:63,f
FN:67,l
FN:74,p
FN:82,d
FN:94,v
FN:103,h
FN:113,(anonymous_68)
FN:114,(anonymous_69)
FN:130,m
FN:143,g
FN:150,b
FN:152,(anonymous_73)
FN:162,(anonymous_74)
FN:163,(anonymous_75)
FN:169,(anonymous_76)
FN:177,(anonymous_77)
FN:190,$
FN:191,n
FN:204,k
FN:215,j
FN:228,E
FN:238,T
FN:255,I
FN:260,(anonymous_85)
FN:267,(anonymous_86)
FN:273,N
FN:282,(anonymous_88)
FN:290,(anonymous_89)
FN:313,D
FN:323,L
FN:325,(anonymous_92)
FN:458,V
FN:466,H
FN:479,W
FN:484,(anonymous_96)
FN:518,(anonymous_97)
FN:530,(anonymous_98)
FN:548,st
FN:563,(anonymous_100)
FN:564,t
FN:567,(anonymous_102)
FN:570,(anonymous_103)
FN:573,(anonymous_104)
FN:683,(anonymous_105)
FN:688,(anonymous_106)
FN:692,(anonymous_107)
FN:696,(anonymous_108)
FN:702,(anonymous_109)
FN:722,vt
FN:727,ht
FN:734,(anonymous_112)
FN:773,(anonymous_113)
FN:779,(anonymous_114)
FN:788,gt
FN:796,bt
FN:843,(anonymous_117)
FN:846,(anonymous_118)
FN:879,$t
FN:889,(anonymous_120)
FN:933,St
FN:944,jt
FN:956,Et
FN:981,Tt
FN:1006,(anonymous_125)
FN:1019,(anonymous_126)
FN:1047,It
FN:1082,Pt
FN:1114,Mt
FN:911,(anonymous_130)
FN:921,(anonymous_131)
FN:1151,Dt
FN:1175,Lt
FN:1200,(anonymous_134)
FN:1193,(anonymous_135)
FN:1242,Ft
FN:1266,Rt
FN:1217,(anonymous_138)
FN:1255,(anonymous_139)
FN:1281,(anonymous_140)
FN:1291,(anonymous_141)
FN:1327,(anonymous_142)
FN:1347,(anonymous_143)
FN:1382,Bt
FN:1419,Vt
FN:1446,Ht
FN:1472,zt
FN:1514,s
FN:1526,Wt
FN:1558,Kt
FN:1604,qt
FN:1716,Xt
FN:1721,Gt
FN:1725,Jt
FN:1782,Zt
FN:1802,Qt
FN:1813,Yt
FN:1830,oe
FN:1857,(anonymous_159)
FN:1873,(anonymous_160)
FN:1868,(anonymous_161)
FN:1882,(anonymous_162)
FN:1900,ue
FN:1901,(anonymous_164)
FN:1911,fe
FN:1913,(anonymous_166)
FN:1934,(anonymous_167)
FN:2039,pe
FN:2044,de
FN:2092,(anonymous_170)
FN:2107,ye
FN:2108,e
FN:2126,me
FN:2167,_e
FN:2174,c
FN:2202,ge
FN:2243,be
FN:2282,we
FN:2295,xe
FN:2303,Ce
FN:2307,Ae
FN:2357,Oe
FN:2369,$e
FN:2382,ke
FN:2406,(anonymous_185)
FN:2416,(anonymous_186)
FN:2426,(anonymous_187)
FN:2457,(anonymous_188)
FN:2467,(anonymous_189)
FN:2490,Se
FN:2496,je
FN:2511,Ee
FN:2523,Te
FN:2527,Ie
FN:2531,Pe
FN:2533,r
FN:2541,Me
FN:2551,Ne
FN:2553,(anonymous_199)
FN:2570,(anonymous_200)
FN:2572,r
FN:2581,(anonymous_202)
FN:2619,(anonymous_203)
FN:2656,De
FN:2696,Le
FN:2700,Fe
FN:2720,Ue
FN:2723,(anonymous_208)
FN:2728,Be
FN:2754,Ve
FN:2755,(anonymous_211)
FN:2786,(anonymous_212)
FN:2793,(anonymous_213)
FN:2837,He
FN:2885,(anonymous_215)
FN:2894,(anonymous_216)
FN:2911,ze
FN:2977,We
FN:2984,Ke
FN:3002,qe
FN:3018,Xe
FN:3052,en
FN:3064,nn
FN:3076,(anonymous_224)
FN:3122,rn
FN:3137,on
FN:3144,an
FN:3156,sn
FN:3195,(anonymous_229)
FN:3251,(anonymous_230)
FN:3278,(anonymous_231)
FN:3292,(anonymous_232)
FN:3314,(anonymous_233)
FN:3329,(anonymous_234)
FN:3360,(anonymous_235)
FN:3368,(anonymous_236)
FN:3378,(anonymous_237)
FN:3403,ln
FN:3404,(anonymous_239)
FN:3407,(anonymous_240)
FN:3413,pn
FN:3429,dn
FN:3440,(anonymous_243)
FN:3479,vn
FN:3521,hn
FN:3536,mn
FN:3577,_n
FN:3608,gn
FN:3609,(anonymous_249)
FN:3623,bn
FN:3624,(anonymous_251)
FN:3629,wn
FN:3657,xn
FN:3670,Cn
FN:3686,An
FN:3691,(anonymous_256)
FN:3693,(anonymous_257)
FN:3712,(anonymous_258)
FN:3731,(anonymous_259)
FN:3739,On
FN:3748,$n
FN:3752,(anonymous_262)
FN:3771,kn
FN:3813,Sn
FN:3848,jn
FN:3885,En
FN:3891,Tn
FN:3904,In
FN:3926,Pn
FN:3944,(anonymous_270)
FN:3963,(anonymous_271)
FN:3981,Mn
FN:4006,Nn
FN:4015,Dn
FN:4031,Ln
FN:4039,Fn
FN:4060,Rn
FN:4080,Un
FN:4112,(anonymous_279)
FN:4124,(anonymous_280)
FN:4133,(anonymous_281)
FN:4139,Bn
FN:4180,Vn
FN:4196,Hn
FN:4212,(anonymous_285)
FN:4230,(anonymous_286)
FN:4242,(anonymous_287)
FN:4263,(anonymous_288)
FN:4277,Kn
FN:4376,qn
FN:4394,Xn
FN:4406,Gn
FN:4407,(anonymous_293)
FN:4418,Jn
FN:4445,Yn
FN:4464,tr
FN:4549,er
FN:4570,nr
FN:4581,rr
FN:4593,(anonymous_300)
FN:4596,(anonymous_301)
FN:4616,or
FN:4620,(anonymous_303)
FN:4624,(anonymous_304)
FN:4678,ar
FN:4679,(anonymous_306)
FN:4737,sr
FN:4756,cr
FN:4780,ur
FN:4794,fr
FN:4813,lr
FN:4830,pr
FN:4831,(anonymous_313)
FN:4852,dr
FN:4853,(anonymous_315)
FN:4861,vr
FN:4873,(anonymous_317)
FN:4887,(anonymous_318)
FN:4916,(anonymous_319)
FN:4937,hr
FN:4944,yr
FN:4953,mr
FN:4957,(anonymous_323)
FN:4958,(anonymous_324)
FN:4987,_r
FN:4991,gr
FN:5003,br
FN:5018,wr
FN:5044,(anonymous_329)
FN:5049,(anonymous_330)
FN:5055,(anonymous_331)
FN:5058,(anonymous_332)
FN:5059,(anonymous_333)
FN:5061,(anonymous_334)
FN:5062,(anonymous_335)
FN:5066,(anonymous_336)
FN:5119,Or
FN:5122,(anonymous_338)
FN:5147,(anonymous_339)
FN:5170,(anonymous_340)
FN:5191,(anonymous_341)
FN:5213,(anonymous_342)
FN:5217,(anonymous_343)
FN:5221,(anonymous_344)
FN:5227,Nr
FN:5245,Dr
FN:5254,Lr
FN:5265,Fr
FN:5269,Rr
FN:5283,Ur
FN:5295,Br
FN:5336,(anonymous_352)
FN:5340,Kr
FN:5352,Xr
FN:5384,Jr
FN:5401,Zr
FN:5413,Qr
FN:5417,Yr
FN:5421,to
FN:5425,eo
FN:5429,no
FN:5433,ro
FN:5437,oo
FN:5441,io
FN:5445,ao
FN:5449,so
FN:5453,co
FN:5475,(anonymous_368)
FN:5478,(anonymous_369)
FN:5484,(anonymous_370)
FN:5489,lo
FN:5532,ho
FN:5549,yo
FN:5557,mo
FN:5567,_o
FN:5583,f
FN:5587,l
FN:5588,n
FN:5597,p
FN:5623,d
FN:5690,v
FN:5712,y
FN:5730,m
FN:5752,_
FN:5764,g
FN:5777,b
FN:5784,w
FN:5798,x
FN:5821,C
FN:5827,A
FN:5841,O
FN:5855,$
FN:5884,k
FN:5974,S
FN:5981,j
FN:6056,E
FN:6076,I
FN:6182,(anonymous_398)
FN:6292,(anonymous_399)
FN:6297,bo
FN:6303,wo
FN:6333,(anonymous_402)
FN:6346,(anonymous_403)
FN:6365,Co
FN:6388,Ao
FN:6392,Oo
FN:6410,ko
FN:6451,So
FN:6480,jo
FN:6493,(anonymous_410)
FN:6512,To
FN:6567,Do
FN:6586,Lo
FN:6588,o
FN:6596,Fo
FN:6612,Ro
FN:6625,Uo
FN:6644,Vo
FN:6695,Ho
FN:6703,zo
FN:6713,Wo
FN:6738,(anonymous_422)
FN:6742,(anonymous_423)
FN:6752,Xo
FN:6762,Go
FN:6776,Jo
FN:6810,(anonymous_427)
FN:6834,(anonymous_428)
FN:6849,ri
FN:6905,ai
FN:6914,(anonymous_431)
FN:6930,si
FN:6939,(anonymous_433)
FN:6963,ci
FN:6980,(anonymous_435)
FN:7021,(anonymous_436)
FN:7023,_i
FN:7024,(anonymous_438)
FN:7029,gi
FN:7037,bi
FN:7044,wi
FN:7056,(anonymous_442)
FN:7060,(anonymous_443)
FN:7067,(anonymous_444)
FN:7077,Ci
FN:7127,Ai
FN:7133,(anonymous_447)
FN:7142,Oi
FN:7148,$i
FN:7238,(anonymous_450)
FN:7256,(anonymous_451)
FN:7274,(anonymous_452)
FN:7299,ki
FN:7343,(anonymous_454)
FN:7369,C
FN:7382,(anonymous_456)
FN:7420,Si
FN:7430,ji
FN:7447,Ei
FN:7456,(anonymous_460)
FN:7491,(anonymous_461)
FN:7500,(anonymous_462)
FN:7504,(anonymous_463)
FN:7529,(anonymous_464)
FN:7538,(anonymous_465)
FN:7542,(anonymous_466)
FN:7552,Di
FN:7556,(anonymous_468)
FN:7562,Li
FN:7595,Fi
FN:7596,(anonymous_471)
FN:7599,Ri
FN:7605,Ui
FN:7609,Bi
FN:7616,Vi
FN:7625,Hi
FN:7632,(anonymous_477)
FN:7641,(anonymous_478)
FN:7649,(anonymous_479)
FN:7660,(anonymous_480)
FN:7664,(anonymous_481)
FN:7673,(anonymous_482)
FN:7713,qi
FN:7722,Xi
FN:7738,Gi
FN:7746,Ji
FN:7754,Zi
FN:7758,(anonymous_488)
FN:7760,(anonymous_489)
FN:7767,(anonymous_490)
FN:7860,(anonymous_491)
FN:7870,(anonymous_492)
FN:7873,(anonymous_493)
FN:7893,(anonymous_494)
FN:7897,(anonymous_495)
FN:7912,(anonymous_496)
FN:7955,(anonymous_497)
FN:7973,(anonymous_498)
FN:7979,t
FN:7994,(anonymous_500)
FN:8010,(anonymous_501)
FN:8022,ra
FN:8033,oa
FN:8037,ia
FN:8072,(anonymous_505)
FN:8083,(anonymous_506)
FNF:451
FNH:0
FNDA:0,r
FNDA:0,o
FNDA:0,i
FNDA:0,a
FNDA:0,s
FNDA:0,c
FNDA:0,f
FNDA:0,l
FNDA:0,p
FNDA:0,d
FNDA:0,v
FNDA:0,h
FNDA:0,(anonymous_68)
FNDA:0,(anonymous_69)
FNDA:0,m
FNDA:0,g
FNDA:0,b
FNDA:0,(anonymous_73)
FNDA:0,(anonymous_74)
FNDA:0,(anonymous_75)
FNDA:0,(anonymous_76)
FNDA:0,(anonymous_77)
FNDA:0,$
FNDA:0,n
FNDA:0,k
FNDA:0,j
FNDA:0,E
FNDA:0,T
FNDA:0,I
FNDA:0,(anonymous_85)
FNDA:0,(anonymous_86)
FNDA:0,N
FNDA:0,(anonymous_88)
FNDA:0,(anonymous_89)
FNDA:0,D
FNDA:0,L
FNDA:0,(anonymous_92)
FNDA:0,V
FNDA:0,H
FNDA:0,W
FNDA:0,(anonymous_96)
FNDA:0,(anonymous_97)
FNDA:0,(anonymous_98)
FNDA:0,st
FNDA:0,(anonymous_100)
FNDA:0,t
FNDA:0,(anonymous_102)
FNDA:0,(anonymous_103)
FNDA:0,(anonymous_104)
FNDA:0,(anonymous_105)
FNDA:0,(anonymous_106)
FNDA:0,(anonymous_107)
FNDA:0,(anonymous_108)
FNDA:0,(anonymous_109)
FNDA:0,vt
FNDA:0,ht
FNDA:0,(anonymous_112)
FNDA:0,(anonymous_113)
FNDA:0,(anonymous_114)
FNDA:0,gt
FNDA:0,bt
FNDA:0,(anonymous_117)
FNDA:0,(anonymous_118)
FNDA:0,$t
FNDA:0,(anonymous_120)
FNDA:0,St
FNDA:0,jt
FNDA:0,Et
FNDA:0,Tt
FNDA:0,(anonymous_125)
FNDA:0,(anonymous_126)
FNDA:0,It
FNDA:0,Pt
FNDA:0,Mt
FNDA:0,(anonymous_130)
FNDA:0,(anonymous_131)
FNDA:0,Dt
FNDA:0,Lt
FNDA:0,(anonymous_134)
FNDA:0,(anonymous_135)
FNDA:0,Ft
FNDA:0,Rt
FNDA:0,(anonymous_138)
FNDA:0,(anonymous_139)
FNDA:0,(anonymous_140)
FNDA:0,(anonymous_141)
FNDA:0,(anonymous_142)
FNDA:0,(anonymous_143)
FNDA:0,Bt
FNDA:0,Vt
FNDA:0,Ht
FNDA:0,zt
FNDA:0,s
FNDA:0,Wt
FNDA:0,Kt
FNDA:0,qt
FNDA:0,Xt
FNDA:0,Gt
FNDA:0,Jt
FNDA:0,Zt
FNDA:0,Qt
FNDA:0,Yt
FNDA:0,oe
FNDA:0,(anonymous_159)
FNDA:0,(anonymous_160)
FNDA:0,(anonymous_161)
FNDA:0,(anonymous_162)
FNDA:0,ue
FNDA:0,(anonymous_164)
FNDA:0,fe
FNDA:0,(anonymous_166)
FNDA:0,(anonymous_167)
FNDA:0,pe
FNDA:0,de
FNDA:0,(anonymous_170)
FNDA:0,ye
FNDA:0,e
FNDA:0,me
FNDA:0,_e
FNDA:0,c
FNDA:0,ge
FNDA:0,be
FNDA:0,we
FNDA:0,xe
FNDA:0,Ce
FNDA:0,Ae
FNDA:0,Oe
FNDA:0,$e
FNDA:0,ke
FNDA:0,(anonymous_185)
FNDA:0,(anonymous_186)
FNDA:0,(anonymous_187)
FNDA:0,(anonymous_188)
FNDA:0,(anonymous_189)
FNDA:0,Se
FNDA:0,je
FNDA:0,Ee
FNDA:0,Te
FNDA:0,Ie
FNDA:0,Pe
FNDA:0,r
FNDA:0,Me
FNDA:0,Ne
FNDA:0,(anonymous_199)
FNDA:0,(anonymous_200)
FNDA:0,r
FNDA:0,(anonymous_202)
FNDA:0,(anonymous_203)
FNDA:0,De
FNDA:0,Le
FNDA:0,Fe
FNDA:0,Ue
FNDA:0,(anonymous_208)
FNDA:0,Be
FNDA:0,Ve
FNDA:0,(anonymous_211)
FNDA:0,(anonymous_212)
FNDA:0,(anonymous_213)
FNDA:0,He
FNDA:0,(anonymous_215)
FNDA:0,(anonymous_216)
FNDA:0,ze
FNDA:0,We
FNDA:0,Ke
FNDA:0,qe
FNDA:0,Xe
FNDA:0,en
FNDA:0,nn
FNDA:0,(anonymous_224)
FNDA:0,rn
FNDA:0,on
FNDA:0,an
FNDA:0,sn
FNDA:0,(anonymous_229)
FNDA:0,(anonymous_230)
FNDA:0,(anonymous_231)
FNDA:0,(anonymous_232)
FNDA:0,(anonymous_233)
FNDA:0,(anonymous_234)
FNDA:0,(anonymous_235)
FNDA:0,(anonymous_236)
FNDA:0,(anonymous_237)
FNDA:0,ln
FNDA:0,(anonymous_239)
FNDA:0,(anonymous_240)
FNDA:0,pn
FNDA:0,dn
FNDA:0,(anonymous_243)
FNDA:0,vn
FNDA:0,hn
FNDA:0,mn
FNDA:0,_n
FNDA:0,gn
FNDA:0,(anonymous_249)
FNDA:0,bn
FNDA:0,(anonymous_251)
FNDA:0,wn
FNDA:0,xn
FNDA:0,Cn
FNDA:0,An
FNDA:0,(anonymous_256)
FNDA:0,(anonymous_257)
FNDA:0,(anonymous_258)
FNDA:0,(anonymous_259)
FNDA:0,On
FNDA:0,$n
FNDA:0,(anonymous_262)
FNDA:0,kn
FNDA:0,Sn
FNDA:0,jn
FNDA:0,En
FNDA:0,Tn
FNDA:0,In
FNDA:0,Pn
FNDA:0,(anonymous_270)
FNDA:0,(anonymous_271)
FNDA:0,Mn
FNDA:0,Nn
FNDA:0,Dn
FNDA:0,Ln
FNDA:0,Fn
FNDA:0,Rn
FNDA:0,Un
FNDA:0,(anonymous_279)
FNDA:0,(anonymous_280)
FNDA:0,(anonymous_281)
FNDA:0,Bn
FNDA:0,Vn
FNDA:0,Hn
FNDA:0,(anonymous_285)
FNDA:0,(anonymous_286)
FNDA:0,(anonymous_287)
FNDA:0,(anonymous_288)
FNDA:0,Kn
FNDA:0,qn
FNDA:0,Xn
FNDA:0,Gn
FNDA:0,(anonymous_293)
FNDA:0,Jn
FNDA:0,Yn
FNDA:0,tr
FNDA:0,er
FNDA:0,nr
FNDA:0,rr
FNDA:0,(anonymous_300)
FNDA:0,(anonymous_301)
FNDA:0,or
FNDA:0,(anonymous_303)
FNDA:0,(anonymous_304)
FNDA:0,ar
FNDA:0,(anonymous_306)
FNDA:0,sr
FNDA:0,cr
FNDA:0,ur
FNDA:0,fr
FNDA:0,lr
FNDA:0,pr
FNDA:0,(anonymous_313)
FNDA:0,dr
FNDA:0,(anonymous_315)
FNDA:0,vr
FNDA:0,(anonymous_317)
FNDA:0,(anonymous_318)
FNDA:0,(anonymous_319)
FNDA:0,hr
FNDA:0,yr
FNDA:0,mr
FNDA:0,(anonymous_323)
FNDA:0,(anonymous_324)
FNDA:0,_r
FNDA:0,gr
FNDA:0,br
FNDA:0,wr
FNDA:0,(anonymous_329)
FNDA:0,(anonymous_330)
FNDA:0,(anonymous_331)
FNDA:0,(anonymous_332)
FNDA:0,(anonymous_333)
FNDA:0,(anonymous_334)
FNDA:0,(anonymous_335)
FNDA:0,(anonymous_336)
FNDA:0,Or
FNDA:0,(anonymous_338)
FNDA:0,(anonymous_339)
FNDA:0,(anonymous_340)
FNDA:0,(anonymous_341)
FNDA:0,(anonymous_342)
FNDA:0,(anonymous_343)
FNDA:0,(anonymous_344)
FNDA:0,Nr
FNDA:0,Dr
FNDA:0,Lr
FNDA:0,Fr
FNDA:0,Rr
FNDA:0,Ur
FNDA:0,Br
FNDA:0,(anonymous_352)
FNDA:0,Kr
FNDA:0,Xr
FNDA:0,Jr
FNDA:0,Zr
FNDA:0,Qr
FNDA:0,Yr
FNDA:0,to
FNDA:0,eo
FNDA:0,no
FNDA:0,ro
FNDA:0,oo
FNDA:0,io
FNDA:0,ao
FNDA:0,so
FNDA:0,co
FNDA:0,(anonymous_368)
FNDA:0,(anonymous_369)
FNDA:0,(anonymous_370)
FNDA:0,lo
FNDA:0,ho
FNDA:0,yo
FNDA:0,mo
FNDA:0,_o
FNDA:0,f
FNDA:0,l
FNDA:0,n
FNDA:0,p
FNDA:0,d
FNDA:0,v
FNDA:0,y
FNDA:0,m
FNDA:0,_
FNDA:0,g
FNDA:0,b
FNDA:0,w
FNDA:0,x
FNDA:0,C
FNDA:0,A
FNDA:0,O
FNDA:0,$
FNDA:0,k
FNDA:0,S
FNDA:0,j
FNDA:0,E
FNDA:0,I
FNDA:0,(anonymous_398)
FNDA:0,(anonymous_399)
FNDA:0,bo
FNDA:0,wo
FNDA:0,(anonymous_402)
FNDA:0,(anonymous_403)
FNDA:0,Co
FNDA:0,Ao
FNDA:0,Oo
FNDA:0,ko
FNDA:0,So
FNDA:0,jo
FNDA:0,(anonymous_410)
FNDA:0,To
FNDA:0,Do
FNDA:0,Lo
FNDA:0,o
FNDA:0,Fo
FNDA:0,Ro
FNDA:0,Uo
FNDA:0,Vo
FNDA:0,Ho
FNDA:0,zo
FNDA:0,Wo
FNDA:0,(anonymous_422)
FNDA:0,(anonymous_423)
FNDA:0,Xo
FNDA:0,Go
FNDA:0,Jo
FNDA:0,(anonymous_427)
FNDA:0,(anonymous_428)
FNDA:0,ri
FNDA:0,ai
FNDA:0,(anonymous_431)
FNDA:0,si
FNDA:0,(anonymous_433)
FNDA:0,ci
FNDA:0,(anonymous_435)
FNDA:0,(anonymous_436)
FNDA:0,_i
FNDA:0,(anonymous_438)
FNDA:0,gi
FNDA:0,bi
FNDA:0,wi
FNDA:0,(anonymous_442)
FNDA:0,(anonymous_443)
FNDA:0,(anonymous_444)
FNDA:0,Ci
FNDA:0,Ai
FNDA:0,(anonymous_447)
FNDA:0,Oi
FNDA:0,$i
FNDA:0,(anonymous_450)
FNDA:0,(anonymous_451)
FNDA:0,(anonymous_452)
FNDA:0,ki
FNDA:0,(anonymous_454)
FNDA:0,C
FNDA:0,(anonymous_456)
FNDA:0,Si
FNDA:0,ji
FNDA:0,Ei
FNDA:0,(anonymous_460)
FNDA:0,(anonymous_461)
FNDA:0,(anonymous_462)
FNDA:0,(anonymous_463)
FNDA:0,(anonymous_464)
FNDA:0,(anonymous_465)
FNDA:0,(anonymous_466)
FNDA:0,Di
FNDA:0,(anonymous_468)
FNDA:0,Li
FNDA:0,Fi
FNDA:0,(anonymous_471)
FNDA:0,Ri
FNDA:0,Ui
FNDA:0,Bi
FNDA:0,Vi
FNDA:0,Hi
FNDA:0,(anonymous_477)
FNDA:0,(anonymous_478)
FNDA:0,(anonymous_479)
FNDA:0,(anonymous_480)
FNDA:0,(anonymous_481)
FNDA:0,(anonymous_482)
FNDA:0,qi
FNDA:0,Xi
FNDA:0,Gi
FNDA:0,Ji
FNDA:0,Zi
FNDA:0,(anonymous_488)
FNDA:0,(anonymous_489)
FNDA:0,(anonymous_490)
FNDA:0,(anonymous_491)
FNDA:0,(anonymous_492)
FNDA:0,(anonymous_493)
FNDA:0,(anonymous_494)
FNDA:0,(anonymous_495)
FNDA:0,(anonymous_496)
FNDA:0,(anonymous_497)
FNDA:0,(anonymous_498)
FNDA:0,t
FNDA:0,(anonymous_500)
FNDA:0,(anonymous_501)
FNDA:0,ra
FNDA:0,oa
FNDA:0,ia
FNDA:0,(anonymous_505)
FNDA:0,(anonymous_506)
DA:8,0
DA:13,0
DA:17,0
DA:21,0
DA:25,0
DA:32,0
DA:47,0
DA:53,0
DA:64,0
DA:68,0
DA:75,0
DA:76,0
DA:83,0
DA:95,0
DA:96,0
DA:109,0
DA:110,0
DA:112,0
DA:113,0
DA:114,0
DA:120,0
DA:125,0
DA:131,0
DA:132,0
DA:133,0
DA:134,0
DA:142,0
DA:144,0
DA:151,0
DA:152,0
DA:153,0
DA:154,0
DA:161,0
DA:162,0
DA:163,0
DA:169,0
DA:170,0
DA:176,0
DA:177,0
DA:178,0
DA:192,0
DA:193,0
DA:201,0
DA:205,0
DA:208,0
DA:216,0
DA:217,0
DA:218,0
DA:219,0
DA:220,0
DA:222,0
DA:229,0
DA:230,0
DA:232,0
DA:240,0
DA:241,0
DA:245,0
DA:260,0
DA:267,0
DA:274,0
DA:275,0
DA:276,0
DA:277,0
DA:278,0
DA:279,0
DA:280,0
DA:281,0
DA:282,0
DA:283,0
DA:285,0
DA:286,0
DA:287,0
DA:288,0
DA:289,0
DA:290,0
DA:291,0
DA:295,0
DA:299,0
DA:301,0
DA:314,0
DA:315,0
DA:317,0
DA:324,0
DA:325,0
DA:326,0
DA:333,0
DA:335,0
DA:341,0
DA:359,0
DA:459,0
DA:460,0
DA:467,0
DA:478,0
DA:480,0
DA:483,0
DA:484,0
DA:485,0
DA:486,0
DA:487,0
DA:489,0
DA:496,0
DA:499,0
DA:500,0
DA:501,0
DA:502,0
DA:503,0
DA:504,0
DA:505,0
DA:506,0
DA:508,0
DA:513,0
DA:514,0
DA:515,0
DA:516,0
DA:517,0
DA:520,0
DA:530,0
DA:541,0
DA:545,0
DA:549,0
DA:553,0
DA:560,0
DA:565,0
DA:568,0
DA:571,0
DA:574,0
DA:577,0
DA:583,0
DA:677,0
DA:683,0
DA:684,0
DA:688,0
DA:689,0
DA:693,0
DA:697,0
DA:704,0
DA:711,0
DA:712,0
DA:720,0
DA:723,0
DA:728,0
DA:734,0
DA:744,0
DA:769,0
DA:773,0
DA:774,0
DA:779,0
DA:782,0
DA:785,0
DA:789,0
DA:797,0
DA:819,0
DA:827,0
DA:828,0
DA:830,0
DA:843,0
DA:845,0
DA:846,0
DA:847,0
DA:848,0
DA:850,0
DA:851,0
DA:853,0
DA:856,0
DA:857,0
DA:859,0
DA:860,0
DA:865,0
DA:871,0
DA:877,0
DA:880,0
DA:889,0
DA:890,0
DA:911,0
DA:913,0
DA:914,0
DA:922,0
DA:923,0
DA:935,0
DA:945,0
DA:946,0
DA:947,0
DA:957,0
DA:975,0
DA:988,0
DA:990,0
DA:991,0
DA:996,0
DA:997,0
DA:998,0
DA:1002,0
DA:1003,0
DA:1007,0
DA:1017,0
DA:1020,0
DA:1022,0
DA:1053,0
DA:1056,0
DA:1058,0
DA:1060,0
DA:1062,0
DA:1063,0
DA:1088,0
DA:1089,0
DA:1092,0
DA:1093,0
DA:1115,0
DA:1116,0
DA:1131,0
DA:1152,0
DA:1155,0
DA:1156,0
DA:1169,0
DA:1180,0
DA:1194,0
DA:1202,0
DA:1205,0
DA:1208,0
DA:1217,0
DA:1222,0
DA:1246,0
DA:1256,0
DA:1272,0
DA:1273,0
DA:1282,0
DA:1301,0
DA:1305,0
DA:1306,0
DA:1308,0
DA:1309,0
DA:1310,0
DA:1311,0
DA:1318,0
DA:1336,0
DA:1337,0
DA:1340,0
DA:1347,0
DA:1348,0
DA:1383,0
DA:1384,0
DA:1385,0
DA:1387,0
DA:1388,0
DA:1389,0
DA:1390,0
DA:1398,0
DA:1399,0
DA:1400,0
DA:1406,0
DA:1413,0
DA:1420,0
DA:1421,0
DA:1422,0
DA:1423,0
DA:1424,0
DA:1425,0
DA:1427,0
DA:1428,0
DA:1429,0
DA:1430,0
DA:1434,0
DA:1447,0
DA:1448,0
DA:1449,0
DA:1450,0
DA:1451,0
DA:1493,0
DA:1498,0
DA:1499,0
DA:1504,0
DA:1506,0
DA:1507,0
DA:1509,0
DA:1510,0
DA:1515,0
DA:1516,0
DA:1518,0
DA:1533,0
DA:1536,0
DA:1538,0
DA:1539,0
DA:1540,0
DA:1541,0
DA:1542,0
DA:1544,0
DA:1551,0
DA:1564,0
DA:1565,0
DA:1566,0
DA:1568,0
DA:1569,0
DA:1570,0
DA:1571,0
DA:1572,0
DA:1575,0
DA:1582,0
DA:1583,0
DA:1586,0
DA:1587,0
DA:1598,0
DA:1606,0
DA:1609,0
DA:1621,0
DA:1717,0
DA:1718,0
DA:1722,0
DA:1726,0
DA:1727,0
DA:1729,0
DA:1730,0
DA:1731,0
DA:1734,0
DA:1783,0
DA:1784,0
DA:1785,0
DA:1786,0
DA:1787,0
DA:1788,0
DA:1789,0
DA:1790,0
DA:1791,0
DA:1793,0
DA:1799,0
DA:1803,0
DA:1804,0
DA:1805,0
DA:1807,0
DA:1810,0
DA:1818,0
DA:1819,0
DA:1821,0
DA:1827,0
DA:1828,0
DA:1831,0
DA:1832,0
DA:1833,0
DA:1834,0
DA:1835,0
DA:1849,0
DA:1856,0
DA:1857,0
DA:1858,0
DA:1860,0
DA:1865,0
DA:1866,0
DA:1867,0
DA:1869,0
DA:1873,0
DA:1874,0
DA:1880,0
DA:1881,0
DA:1882,0
DA:1883,0
DA:1893,0
DA:1901,0
DA:1902,0
DA:1903,0
DA:1904,0
DA:1906,0
DA:1914,0
DA:1915,0
DA:1916,0
DA:1918,0
DA:1920,0
DA:1933,0
DA:1934,0
DA:1935,0
DA:2032,0
DA:2040,0
DA:2046,0
DA:2047,0
DA:2050,0
DA:2051,0
DA:2052,0
DA:2053,0
DA:2055,0
DA:2057,0
DA:2058,0
DA:2059,0
DA:2061,0
DA:2063,0
DA:2092,0
DA:2093,0
DA:2094,0
DA:2095,0
DA:2096,0
DA:2097,0
DA:2099,0
DA:2109,0
DA:2111,0
DA:2112,0
DA:2114,0
DA:2115,0
DA:2119,0
DA:2123,0
DA:2135,0
DA:2136,0
DA:2157,0
DA:2158,0
DA:2168,0
DA:2172,0
DA:2175,0
DA:2181,0
DA:2210,0
DA:2211,0
DA:2214,0
DA:2215,0
DA:2216,0
DA:2217,0
DA:2218,0
DA:2219,0
DA:2236,0
DA:2240,0
DA:2250,0
DA:2251,0
DA:2256,0
DA:2257,0
DA:2262,0
DA:2265,0
DA:2283,0
DA:2284,0
DA:2285,0
DA:2288,0
DA:2296,0
DA:2304,0
DA:2308,0
DA:2310,0
DA:2311,0
DA:2352,0
DA:2364,0
DA:2376,0
DA:2379,0
DA:2387,0
DA:2388,0
DA:2391,0
DA:2392,0
DA:2395,0
DA:2396,0
DA:2399,0
DA:2401,0
DA:2403,0
DA:2404,0
DA:2406,0
DA:2407,0
DA:2408,0
DA:2411,0
DA:2416,0
DA:2418,0
DA:2426,0
DA:2431,0
DA:2437,0
DA:2458,0
DA:2468,0
DA:2482,0
DA:2491,0
DA:2497,0
DA:2498,0
DA:2499,0
DA:2500,0
DA:2501,0
DA:2512,0
DA:2515,0
DA:2516,0
DA:2524,0
DA:2528,0
DA:2532,0
DA:2533,0
DA:2534,0
DA:2535,0
DA:2546,0
DA:2552,0
DA:2553,0
DA:2554,0
DA:2555,0
DA:2556,0
DA:2557,0
DA:2567,0
DA:2571,0
DA:2573,0
DA:2578,0
DA:2582,0
DA:2584,0
DA:2586,0
DA:2589,0
DA:2590,0
DA:2591,0
DA:2593,0
DA:2596,0
DA:2597,0
DA:2598,0
DA:2600,0
DA:2602,0
DA:2604,0
DA:2607,0
DA:2608,0
DA:2610,0
DA:2611,0
DA:2612,0
DA:2616,0
DA:2620,0
DA:2633,0
DA:2634,0
DA:2635,0
DA:2637,0
DA:2638,0
DA:2639,0
DA:2641,0
DA:2645,0
DA:2660,0
DA:2661,0
DA:2662,0
DA:2664,0
DA:2665,0
DA:2666,0
DA:2673,0
DA:2674,0
DA:2676,0
DA:2677,0
DA:2678,0
DA:2688,0
DA:2689,0
DA:2693,0
DA:2697,0
DA:2704,0
DA:2705,0
DA:2706,0
DA:2712,0
DA:2717,0
DA:2721,0
DA:2723,0
DA:2724,0
DA:2729,0
DA:2732,0
DA:2733,0
DA:2734,0
DA:2735,0
DA:2737,0
DA:2740,0
DA:2755,0
DA:2756,0
DA:2757,0
DA:2758,0
DA:2759,0
DA:2760,0
DA:2787,0
DA:2788,0
DA:2794,0
DA:2795,0
DA:2798,0
DA:2801,0
DA:2809,0
DA:2810,0
DA:2811,0
DA:2815,0
DA:2886,0
DA:2895,0
DA:2908,0
DA:2924,0
DA:2946,0
DA:2947,0
DA:2950,0
DA:2951,0
DA:2952,0
DA:2953,0
DA:2955,0
DA:2961,0
DA:2962,0
DA:2963,0
DA:2978,0
DA:2979,0
DA:2981,0
DA:2985,0
DA:2987,0
DA:2988,0
DA:2990,0
DA:2991,0
DA:2993,0
DA:2994,0
DA:2995,0
DA:2996,0
DA:2998,0
DA:3003,0
DA:3010,0
DA:3011,0
DA:3012,0
DA:3014,0
DA:3020,0
DA:3021,0
DA:3022,0
DA:3023,0
DA:3024,0
DA:3025,0
DA:3027,0
DA:3031,0
DA:3041,0
DA:3042,0
DA:3043,0
DA:3045,0
DA:3046,0
DA:3047,0
DA:3053,0
DA:3076,0
DA:3080,0
DA:3081,0
DA:3106,0
DA:3107,0
DA:3109,0
DA:3123,0
DA:3124,0
DA:3125,0
DA:3126,0
DA:3127,0
DA:3140,0
DA:3145,0
DA:3146,0
DA:3157,0
DA:3158,0
DA:3160,0
DA:3161,0
DA:3165,0
DA:3166,0
DA:3167,0
DA:3169,0
DA:3172,0
DA:3188,0
DA:3195,0
DA:3202,0
DA:3251,0
DA:3252,0
DA:3254,0
DA:3255,0
DA:3256,0
DA:3258,0
DA:3259,0
DA:3261,0
DA:3266,0
DA:3272,0
DA:3279,0
DA:3280,0
DA:3293,0
DA:3294,0
DA:3295,0
DA:3296,0
DA:3300,0
DA:3301,0
DA:3316,0
DA:3330,0
DA:3331,0
DA:3332,0
DA:3341,0
DA:3343,0
DA:3344,0
DA:3345,0
DA:3347,0
DA:3350,0
DA:3361,0
DA:3369,0
DA:3370,0
DA:3371,0
DA:3379,0
DA:3383,0
DA:3386,0
DA:3387,0
DA:3388,0
DA:3390,0
DA:3396,0
DA:3404,0
DA:3405,0
DA:3408,0
DA:3414,0
DA:3415,0
DA:3416,0
DA:3430,0
DA:3431,0
DA:3434,0
DA:3435,0
DA:3437,0
DA:3440,0
DA:3441,0
DA:3442,0
DA:3465,0
DA:3475,0
DA:3476,0
DA:3480,0
DA:3481,0
DA:3493,0
DA:3494,0
DA:3495,0
DA:3497,0
DA:3498,0
DA:3499,0
DA:3518,0
DA:3523,0
DA:3524,0
DA:3525,0
DA:3528,0
DA:3530,0
DA:3534,0
DA:3538,0
DA:3540,0
DA:3542,0
DA:3543,0
DA:3544,0
DA:3545,0
DA:3582,0
DA:3583,0
DA:3609,0
DA:3610,0
DA:3611,0
DA:3618,0
DA:3624,0
DA:3625,0
DA:3630,0
DA:3631,0
DA:3653,0
DA:3658,0
DA:3659,0
DA:3660,0
DA:3661,0
DA:3662,0
DA:3665,0
DA:3683,0
DA:3690,0
DA:3691,0
DA:3692,0
DA:3693,0
DA:3706,0
DA:3717,0
DA:3718,0
DA:3719,0
DA:3721,0
DA:3723,0
DA:3724,0
DA:3725,0
DA:3726,0
DA:3728,0
DA:3731,0
DA:3732,0
DA:3740,0
DA:3741,0
DA:3749,0
DA:3750,0
DA:3764,0
DA:3772,0
DA:3782,0
DA:3783,0
DA:3784,0
DA:3785,0
DA:3786,0
DA:3787,0
DA:3788,0
DA:3789,0
DA:3791,0
DA:3793,0
DA:3794,0
DA:3795,0
DA:3796,0
DA:3799,0
DA:3804,0
DA:3818,0
DA:3820,0
DA:3821,0
DA:3823,0
DA:3825,0
DA:3826,0
DA:3828,0
DA:3831,0
DA:3832,0
DA:3840,0
DA:3854,0
DA:3856,0
DA:3872,0
DA:3873,0
DA:3886,0
DA:3892,0
DA:3911,0
DA:3912,0
DA:3933,0
DA:3934,0
DA:3940,0
DA:3944,0
DA:3945,0
DA:3950,0
DA:3952,0
DA:3953,0
DA:3957,0
DA:3958,0
DA:3962,0
DA:3963,0
DA:3964,0
DA:3970,0
DA:3973,0
DA:3985,0
DA:3986,0
DA:3989,0
DA:4012,0
DA:4020,0
DA:4021,0
DA:4022,0
DA:4027,0
DA:4032,0
DA:4040,0
DA:4041,0
DA:4047,0
DA:4048,0
DA:4049,0
DA:4050,0
DA:4051,0
DA:4055,0
DA:4061,0
DA:4087,0
DA:4091,0
DA:4103,0
DA:4104,0
DA:4106,0
DA:4112,0
DA:4125,0
DA:4130,0
DA:4133,0
DA:4137,0
DA:4146,0
DA:4147,0
DA:4148,0
DA:4149,0
DA:4150,0
DA:4151,0
DA:4154,0
DA:4158,0
DA:4166,0
DA:4168,0
DA:4169,0
DA:4170,0
DA:4173,0
DA:4174,0
DA:4176,0
DA:4184,0
DA:4193,0
DA:4197,0
DA:4198,0
DA:4211,0
DA:4213,0
DA:4219,0
DA:4220,0
DA:4222,0
DA:4226,0
DA:4231,0
DA:4232,0
DA:4233,0
DA:4243,0
DA:4244,0
DA:4245,0
DA:4264,0
DA:4265,0
DA:4275,0
DA:4284,0
DA:4288,0
DA:4297,0
DA:4306,0
DA:4313,0
DA:4323,0
DA:4335,0
DA:4338,0
DA:4339,0
DA:4344,0
DA:4349,0
DA:4354,0
DA:4355,0
DA:4362,0
DA:4365,0
DA:4366,0
DA:4373,0
DA:4380,0
DA:4386,0
DA:4391,0
DA:4396,0
DA:4397,0
DA:4398,0
DA:4399,0
DA:4400,0
DA:4407,0
DA:4409,0
DA:4413,0
DA:4419,0
DA:4420,0
DA:4422,0
DA:4423,0
DA:4424,0
DA:4425,0
DA:4440,0
DA:4441,0
DA:4461,0
DA:4471,0
DA:4477,0
DA:4483,0
DA:4485,0
DA:4514,0
DA:4538,0
DA:4556,0
DA:4557,0
DA:4558,0
DA:4559,0
DA:4571,0
DA:4582,0
DA:4584,0
DA:4585,0
DA:4586,0
DA:4587,0
DA:4593,0
DA:4596,0
DA:4600,0
DA:4611,0
DA:4618,0
DA:4621,0
DA:4625,0
DA:4626,0
DA:4627,0
DA:4628,0
DA:4630,0
DA:4639,0
DA:4640,0
DA:4642,0
DA:4670,0
DA:4676,0
DA:4679,0
DA:4680,0
DA:4682,0
DA:4738,0
DA:4740,0
DA:4741,0
DA:4744,0
DA:4745,0
DA:4757,0
DA:4758,0
DA:4759,0
DA:4760,0
DA:4761,0
DA:4764,0
DA:4766,0
DA:4768,0
DA:4777,0
DA:4782,0
DA:4783,0
DA:4784,0
DA:4785,0
DA:4786,0
DA:4791,0
DA:4797,0
DA:4798,0
DA:4799,0
DA:4801,0
DA:4807,0
DA:4809,0
DA:4819,0
DA:4822,0
DA:4831,0
DA:4832,0
DA:4833,0
DA:4834,0
DA:4838,0
DA:4846,0
DA:4853,0
DA:4855,0
DA:4867,0
DA:4868,0
DA:4873,0
DA:4874,0
DA:4875,0
DA:4876,0
DA:4877,0
DA:4878,0
DA:4879,0
DA:4882,0
DA:4887,0
DA:4888,0
DA:4917,0
DA:4933,0
DA:4938,0
DA:4939,0
DA:4940,0
DA:4945,0
DA:4946,0
DA:4947,0
DA:4957,0
DA:4958,0
DA:4962,0
DA:4988,0
DA:4992,0
DA:5004,0
DA:5005,0
DA:5006,0
DA:5007,0
DA:5008,0
DA:5009,0
DA:5010,0
DA:5011,0
DA:5024,0
DA:5032,0
DA:5034,0
DA:5045,0
DA:5050,0
DA:5051,0
DA:5056,0
DA:5058,0
DA:5059,0
DA:5062,0
DA:5067,0
DA:5068,0
DA:5069,0
DA:5070,0
DA:5072,0
DA:5073,0
DA:5074,0
DA:5075,0
DA:5076,0
DA:5082,0
DA:5085,0
DA:5086,0
DA:5087,0
DA:5088,0
DA:5093,0
DA:5109,0
DA:5113,0
DA:5121,0
DA:5122,0
DA:5130,0
DA:5148,0
DA:5163,0
DA:5172,0
DA:5187,0
DA:5190,0
DA:5191,0
DA:5192,0
DA:5200,0
DA:5202,0
DA:5211,0
DA:5213,0
DA:5214,0
DA:5217,0
DA:5218,0
DA:5221,0
DA:5222,0
DA:5228,0
DA:5229,0
DA:5230,0
DA:5231,0
DA:5232,0
DA:5237,0
DA:5238,0
DA:5242,0
DA:5246,0
DA:5258,0
DA:5266,0
DA:5270,0
DA:5286,0
DA:5287,0
DA:5292,0
DA:5296,0
DA:5297,0
DA:5298,0
DA:5303,0
DA:5308,0
DA:5313,0
DA:5329,0
DA:5336,0
DA:5337,0
DA:5341,0
DA:5351,0
DA:5354,0
DA:5355,0
DA:5357,0
DA:5358,0
DA:5362,0
DA:5363,0
DA:5365,0
DA:5366,0
DA:5377,0
DA:5385,0
DA:5386,0
DA:5387,0
DA:5395,0
DA:5402,0
DA:5403,0
DA:5414,0
DA:5418,0
DA:5422,0
DA:5426,0
DA:5430,0
DA:5434,0
DA:5438,0
DA:5442,0
DA:5446,0
DA:5450,0
DA:5454,0
DA:5457,0
DA:5474,0
DA:5476,0
DA:5479,0
DA:5485,0
DA:5490,0
DA:5491,0
DA:5493,0
DA:5494,0
DA:5495,0
DA:5496,0
DA:5528,0
DA:5530,0
DA:5533,0
DA:5550,0
DA:5552,0
DA:5553,0
DA:5554,0
DA:5559,0
DA:5560,0
DA:5561,0
DA:5564,0
DA:5569,0
DA:5571,0
DA:5572,0
DA:5574,0
DA:5576,0
DA:5577,0
DA:5584,0
DA:5589,0
DA:5594,0
DA:5598,0
DA:5600,0
DA:5642,0
DA:5646,0
DA:5647,0
DA:5648,0
DA:5649,0
DA:5691,0
DA:5692,0
DA:5693,0
DA:5701,0
DA:5707,0
DA:5713,0
DA:5736,0
DA:5737,0
DA:5739,0
DA:5740,0
DA:5741,0
DA:5743,0
DA:5744,0
DA:5749,0
DA:5753,0
DA:5765,0
DA:5766,0
DA:5769,0
DA:5770,0
DA:5772,0
DA:5778,0
DA:5779,0
DA:5781,0
DA:5785,0
DA:5786,0
DA:5788,0
DA:5800,0
DA:5801,0
DA:5803,0
DA:5804,0
DA:5805,0
DA:5812,0
DA:5822,0
DA:5823,0
DA:5829,0
DA:5830,0
DA:5832,0
DA:5834,0
DA:5835,0
DA:5836,0
DA:5842,0
DA:5843,0
DA:5844,0
DA:5856,0
DA:5858,0
DA:5871,0
DA:5872,0
DA:5874,0
DA:5880,0
DA:5885,0
DA:5886,0
DA:5887,0
DA:5888,0
DA:5889,0
DA:5890,0
DA:5891,0
DA:5892,0
DA:5898,0
DA:5904,0
DA:5905,0
DA:5948,0
DA:5975,0
DA:5976,0
DA:5977,0
DA:5989,0
DA:5993,0
DA:5998,0
DA:6000,0
DA:6001,0
DA:6013,0
DA:6018,0
DA:6023,0
DA:6024,0
DA:6028,0
DA:6029,0
DA:6030,0
DA:6031,0
DA:6032,0
DA:6034,0
DA:6059,0
DA:6060,0
DA:6062,0
DA:6063,0
DA:6073,0
DA:6078,0
DA:6079,0
DA:6080,0
DA:6084,0
DA:6086,0
DA:6094,0
DA:6099,0
DA:6102,0
DA:6103,0
DA:6105,0
DA:6106,0
DA:6109,0
DA:6110,0
DA:6121,0
DA:6127,0
DA:6128,0
DA:6129,0
DA:6130,0
DA:6132,0
DA:6136,0
DA:6146,0
DA:6151,0
DA:6152,0
DA:6153,0
DA:6154,0
DA:6155,0
DA:6157,0
DA:6165,0
DA:6168,0
DA:6182,0
DA:6183,0
DA:6184,0
DA:6188,0
DA:6189,0
DA:6191,0
DA:6193,0
DA:6196,0
DA:6197,0
DA:6199,0
DA:6201,0
DA:6209,0
DA:6212,0
DA:6225,0
DA:6229,0
DA:6230,0
DA:6244,0
DA:6245,0
DA:6246,0
DA:6247,0
DA:6248,0
DA:6249,0
DA:6252,0
DA:6253,0
DA:6254,0
DA:6259,0
DA:6260,0
DA:6262,0
DA:6263,0
DA:6267,0
DA:6269,0
DA:6274,0
DA:6283,0
DA:6289,0
DA:6293,0
DA:6297,0
DA:6304,0
DA:6305,0
DA:6306,0
DA:6307,0
DA:6309,0
DA:6310,0
DA:6313,0
DA:6314,0
DA:6332,0
DA:6333,0
DA:6334,0
DA:6335,0
DA:6338,0
DA:6347,0
DA:6348,0
DA:6353,0
DA:6354,0
DA:6355,0
DA:6363,0
DA:6369,0
DA:6370,0
DA:6372,0
DA:6375,0
DA:6376,0
DA:6385,0
DA:6389,0
DA:6393,0
DA:6394,0
DA:6395,0
DA:6396,0
DA:6398,0
DA:6403,0
DA:6411,0
DA:6412,0
DA:6419,0
DA:6420,0
DA:6421,0
DA:6427,0
DA:6428,0
DA:6440,0
DA:6441,0
DA:6452,0
DA:6481,0
DA:6482,0
DA:6488,0
DA:6493,0
DA:6494,0
DA:6497,0
DA:6501,0
DA:6505,0
DA:6513,0
DA:6514,0
DA:6515,0
DA:6516,0
DA:6528,0
DA:6531,0
DA:6532,0
DA:6543,0
DA:6558,0
DA:6559,0
DA:6569,0
DA:6571,0
DA:6572,0
DA:6578,0
DA:6587,0
DA:6588,0
DA:6589,0
DA:6590,0
DA:6602,0
DA:6616,0
DA:6626,0
DA:6629,0
DA:6630,0
DA:6631,0
DA:6637,0
DA:6645,0
DA:6649,0
DA:6650,0
DA:6651,0
DA:6657,0
DA:6658,0
DA:6662,0
DA:6667,0
DA:6669,0
DA:6672,0
DA:6677,0
DA:6680,0
DA:6682,0
DA:6683,0
DA:6687,0
DA:6696,0
DA:6706,0
DA:6709,0
DA:6710,0
DA:6714,0
DA:6715,0
DA:6716,0
DA:6717,0
DA:6719,0
DA:6721,0
DA:6722,0
DA:6724,0
DA:6725,0
DA:6728,0
DA:6731,0
DA:6738,0
DA:6739,0
DA:6740,0
DA:6741,0
DA:6743,0
DA:6744,0
DA:6745,0
DA:6748,0
DA:6753,0
DA:6756,0
DA:6763,0
DA:6777,0
DA:6780,0
DA:6781,0
DA:6782,0
DA:6783,0
DA:6788,0
DA:6797,0
DA:6798,0
DA:6799,0
DA:6803,0
DA:6808,0
DA:6809,0
DA:6810,0
DA:6812,0
DA:6813,0
DA:6814,0
DA:6815,0
DA:6817,0
DA:6818,0
DA:6822,0
DA:6823,0
DA:6826,0
DA:6831,0
DA:6834,0
DA:6837,0
DA:6838,0
DA:6841,0
DA:6842,0
DA:6843,0
DA:6844,0
DA:6850,0
DA:6851,0
DA:6853,0
DA:6860,0
DA:6861,0
DA:6862,0
DA:6865,0
DA:6867,0
DA:6872,0
DA:6876,0
DA:6878,0
DA:6879,0
DA:6883,0
DA:6884,0
DA:6892,0
DA:6899,0
DA:6907,0
DA:6912,0
DA:6913,0
DA:6914,0
DA:6919,0
DA:6920,0
DA:6932,0
DA:6937,0
DA:6938,0
DA:6939,0
DA:6947,0
DA:6948,0
DA:6949,0
DA:6950,0
DA:6952,0
DA:6964,0
DA:6968,0
DA:6969,0
DA:6974,0
DA:6975,0
DA:6980,0
DA:6981,0
DA:6991,0
DA:6992,0
DA:6993,0
DA:6996,0
DA:6997,0
DA:6998,0
DA:6999,0
DA:7000,0
DA:7017,0
DA:7021,0
DA:7024,0
DA:7025,0
DA:7030,0
DA:7031,0
DA:7038,0
DA:7049,0
DA:7050,0
DA:7051,0
DA:7052,0
DA:7053,0
DA:7054,0
DA:7055,0
DA:7056,0
DA:7057,0
DA:7060,0
DA:7061,0
DA:7067,0
DA:7068,0
DA:7075,0
DA:7078,0
DA:7080,0
DA:7081,0
DA:7082,0
DA:7083,0
DA:7084,0
DA:7085,0
DA:7088,0
DA:7089,0
DA:7091,0
DA:7117,0
DA:7119,0
DA:7129,0
DA:7130,0
DA:7133,0
DA:7134,0
DA:7143,0
DA:7149,0
DA:7152,0
DA:7157,0
DA:7158,0
DA:7167,0
DA:7168,0
DA:7169,0
DA:7170,0
DA:7171,0
DA:7172,0
DA:7173,0
DA:7174,0
DA:7175,0
DA:7176,0
DA:7177,0
DA:7178,0
DA:7179,0
DA:7180,0
DA:7181,0
DA:7182,0
DA:7183,0
DA:7189,0
DA:7190,0
DA:7191,0
DA:7192,0
DA:7196,0
DA:7198,0
DA:7202,0
DA:7205,0
DA:7208,0
DA:7212,0
DA:7215,0
DA:7218,0
DA:7221,0
DA:7225,0
DA:7231,0
DA:7235,0
DA:7236,0
DA:7238,0
DA:7239,0
DA:7254,0
DA:7257,0
DA:7258,0
DA:7259,0
DA:7275,0
DA:7300,0
DA:7303,0
DA:7308,0
DA:7309,0
DA:7310,0
DA:7314,0
DA:7318,0
DA:7319,0
DA:7320,0
DA:7321,0
DA:7322,0
DA:7323,0
DA:7324,0
DA:7325,0
DA:7326,0
DA:7327,0
DA:7328,0
DA:7330,0
DA:7331,0
DA:7333,0
DA:7339,0
DA:7343,0
DA:7344,0
DA:7363,0
DA:7371,0
DA:7383,0
DA:7421,0
DA:7431,0
DA:7432,0
DA:7434,0
DA:7435,0
DA:7447,0
DA:7453,0
DA:7456,0
DA:7466,0
DA:7479,0
DA:7481,0
DA:7489,0
DA:7492,0
DA:7493,0
DA:7499,0
DA:7501,0
DA:7505,0
DA:7530,0
DA:7531,0
DA:7536,0
DA:7537,0
DA:7538,0
DA:7541,0
DA:7542,0
DA:7544,0
DA:7553,0
DA:7557,0
DA:7563,0
DA:7564,0
DA:7565,0
DA:7574,0
DA:7576,0
DA:7577,0
DA:7582,0
DA:7586,0
DA:7590,0
DA:7596,0
DA:7600,0
DA:7606,0
DA:7611,0
DA:7617,0
DA:7618,0
DA:7626,0
DA:7631,0
DA:7633,0
DA:7635,0
DA:7636,0
DA:7637,0
DA:7639,0
DA:7642,0
DA:7650,0
DA:7651,0
DA:7654,0
DA:7655,0
DA:7656,0
DA:7657,0
DA:7661,0
DA:7665,0
DA:7680,0
DA:7686,0
DA:7693,0
DA:7714,0
DA:7715,0
DA:7723,0
DA:7724,0
DA:7726,0
DA:7727,0
DA:7731,0
DA:7732,0
DA:7733,0
DA:7735,0
DA:7739,0
DA:7740,0
DA:7747,0
DA:7748,0
DA:7749,0
DA:7755,0
DA:7758,0
DA:7760,0
DA:7762,0
DA:7768,0
DA:7770,0
DA:7771,0
DA:7783,0
DA:7791,0
DA:7794,0
DA:7803,0
DA:7807,0
DA:7808,0
DA:7813,0
DA:7815,0
DA:7816,0
DA:7819,0
DA:7820,0
DA:7826,0
DA:7827,0
DA:7835,0
DA:7836,0
DA:7837,0
DA:7845,0
DA:7855,0
DA:7857,0
DA:7861,0
DA:7864,0
DA:7865,0
DA:7866,0
DA:7867,0
DA:7870,0
DA:7871,0
DA:7873,0
DA:7877,0
DA:7883,0
DA:7886,0
DA:7890,0
DA:7894,0
DA:7896,0
DA:7897,0
DA:7898,0
DA:7900,0
DA:7920,0
DA:7921,0
DA:7922,0
DA:7923,0
DA:7924,0
DA:7935,0
DA:7938,0
DA:7939,0
DA:7940,0
DA:7948,0
DA:7952,0
DA:7956,0
DA:7957,0
DA:7958,0
DA:7974,0
DA:7975,0
DA:7976,0
DA:7977,0
DA:7980,0
DA:7996,0
DA:7997,0
DA:8000,0
DA:8001,0
DA:8008,0
DA:8009,0
DA:8010,0
DA:8015,0
DA:8017,0
DA:8024,0
DA:8034,0
DA:8038,0
DA:8039,0
DA:8040,0
DA:8041,0
DA:8042,0
DA:8043,0
DA:8044,0
DA:8045,0
DA:8050,0
DA:8058,0
DA:8077,0
DA:8084,0
LF:1742
LH:0
BRDA:13,0,0,0
BRDA:13,0,1,0
BRDA:17,1,0,0
BRDA:17,1,1,0
BRDA:33,2,0,0
BRDA:33,2,1,0
BRDA:33,2,2,0
BRDA:33,2,3,0
BRDA:47,3,0,0
BRDA:47,3,1,0
BRDA:76,4,0,0
BRDA:76,4,1,0
BRDA:76,4,2,0
BRDA:84,5,0,0
BRDA:84,5,1,0
BRDA:86,6,0,0
BRDA:86,6,1,0
BRDA:96,7,0,0
BRDA:96,7,1,0
BRDA:113,8,0,0
BRDA:113,8,1,0
BRDA:131,9,0,0
BRDA:131,9,1,0
BRDA:133,10,0,0
BRDA:133,10,1,0
BRDA:154,11,0,0
BRDA:154,11,1,0
BRDA:163,12,0,0
BRDA:163,12,1,0
BRDA:194,13,0,0
BRDA:194,13,1,0
BRDA:195,14,0,0
BRDA:195,14,1,0
BRDA:209,15,0,0
BRDA:209,15,1,0
BRDA:216,16,0,0
BRDA:216,16,1,0
BRDA:241,17,0,0
BRDA:241,17,1,0
BRDA:274,18,0,0
BRDA:274,18,1,0
BRDA:277,19,0,0
BRDA:277,19,1,0
BRDA:277,20,0,0
BRDA:277,20,1,0
BRDA:301,21,0,0
BRDA:301,21,1,0
BRDA:301,21,2,0
BRDA:281,22,0,0
BRDA:281,22,1,0
BRDA:281,23,0,0
BRDA:281,23,1,0
BRDA:282,24,0,0
BRDA:282,24,1,0
BRDA:285,25,0,0
BRDA:285,25,1,0
BRDA:285,26,0,0
BRDA:285,26,1,0
BRDA:287,27,0,0
BRDA:287,27,1,0
BRDA:287,28,0,0
BRDA:287,28,1,0
BRDA:290,29,0,0
BRDA:290,29,1,0
BRDA:315,30,0,0
BRDA:315,30,1,0
BRDA:326,31,0,0
BRDA:326,31,1,0
BRDA:460,32,0,0
BRDA:460,32,1,0
BRDA:480,33,0,0
BRDA:480,33,1,0
BRDA:486,34,0,0
BRDA:486,34,1,0
BRDA:500,35,0,0
BRDA:500,35,1,0
BRDA:501,36,0,0
BRDA:501,36,1,0
BRDA:502,37,0,0
BRDA:502,37,1,0
BRDA:503,38,0,0
BRDA:503,38,1,0
BRDA:504,39,0,0
BRDA:504,39,1,0
BRDA:505,40,0,0
BRDA:505,40,1,0
BRDA:506,41,0,0
BRDA:506,41,1,0
BRDA:507,42,0,0
BRDA:507,42,1,0
BRDA:507,42,2,0
BRDA:508,43,0,0
BRDA:508,43,1,0
BRDA:514,44,0,0
BRDA:514,44,1,0
BRDA:541,45,0,0
BRDA:541,45,1,0
BRDA:538,46,0,0
BRDA:538,46,1,0
BRDA:538,46,2,0
BRDA:538,46,3,0
BRDA:538,46,4,0
BRDA:545,47,0,0
BRDA:545,47,1,0
BRDA:549,48,0,0
BRDA:549,48,1,0
BRDA:553,49,0,0
BRDA:553,49,1,0
BRDA:553,49,2,0
BRDA:553,49,3,0
BRDA:558,50,0,0
BRDA:558,50,1,0
BRDA:558,51,0,0
BRDA:558,51,1,0
BRDA:697,52,0,0
BRDA:697,52,1,0
BRDA:754,53,0,0
BRDA:754,53,1,0
BRDA:779,54,0,0
BRDA:779,54,1,0
BRDA:803,55,0,0
BRDA:803,55,1,0
BRDA:854,56,0,0
BRDA:854,56,1,0
BRDA:854,56,2,0
BRDA:862,57,0,0
BRDA:862,57,1,0
BRDA:895,58,0,0
BRDA:895,58,1,0
BRDA:896,59,0,0
BRDA:896,59,1,0
BRDA:957,60,0,0
BRDA:957,60,1,0
BRDA:957,61,0,0
BRDA:957,61,1,0
BRDA:962,62,0,0
BRDA:962,62,1,0
BRDA:961,63,0,0
BRDA:961,63,1,0
BRDA:964,64,0,0
BRDA:964,64,1,0
BRDA:964,64,2,0
BRDA:964,64,3,0
BRDA:964,64,4,0
BRDA:964,64,5,0
BRDA:964,64,6,0
BRDA:972,65,0,0
BRDA:972,65,1,0
BRDA:972,65,2,0
BRDA:991,66,0,0
BRDA:991,66,1,0
BRDA:991,67,0,0
BRDA:991,67,1,0
BRDA:996,68,0,0
BRDA:996,68,1,0
BRDA:997,69,0,0
BRDA:997,69,1,0
BRDA:998,70,0,0
BRDA:998,70,1,0
BRDA:998,70,2,0
BRDA:998,70,3,0
BRDA:1002,71,0,0
BRDA:1002,71,1,0
BRDA:1007,72,0,0
BRDA:1007,72,1,0
BRDA:1008,73,0,0
BRDA:1008,73,1,0
BRDA:1010,74,0,0
BRDA:1010,74,1,0
BRDA:1012,75,0,0
BRDA:1012,75,1,0
BRDA:1020,76,0,0
BRDA:1020,76,1,0
BRDA:1022,77,0,0
BRDA:1022,77,1,0
BRDA:1022,77,2,0
BRDA:1022,77,3,0
BRDA:1022,77,4,0
BRDA:1022,77,5,0
BRDA:1032,78,0,0
BRDA:1032,78,1,0
BRDA:1036,79,0,0
BRDA:1036,79,1,0
BRDA:1053,80,0,0
BRDA:1053,80,1,0
BRDA:1053,81,0,0
BRDA:1053,81,1,0
BRDA:1058,82,0,0
BRDA:1058,82,1,0
BRDA:1058,83,0,0
BRDA:1058,83,1,0
BRDA:1068,84,0,0
BRDA:1068,84,1,0
BRDA:1063,85,0,0
BRDA:1063,85,1,0
BRDA:1063,85,2,0
BRDA:1074,86,0,0
BRDA:1074,86,1,0
BRDA:1088,87,0,0
BRDA:1088,87,1,0
BRDA:1088,88,0,0
BRDA:1088,88,1,0
BRDA:1093,89,0,0
BRDA:1093,89,1,0
BRDA:1093,89,2,0
BRDA:1093,89,3,0
BRDA:1093,89,4,0
BRDA:1104,90,0,0
BRDA:1104,90,1,0
BRDA:1117,91,0,0
BRDA:1117,91,1,0
BRDA:1117,91,2,0
BRDA:1118,92,0,0
BRDA:1118,92,1,0
BRDA:1152,93,0,0
BRDA:1152,93,1,0
BRDA:1162,94,0,0
BRDA:1162,94,1,0
BRDA:1162,95,0,0
BRDA:1162,95,1,0
BRDA:1162,95,2,0
BRDA:1162,95,3,0
BRDA:1200,96,0,0
BRDA:1200,96,1,0
BRDA:1203,97,0,0
BRDA:1203,97,1,0
BRDA:1206,98,0,0
BRDA:1206,98,1,0
BRDA:1209,99,0,0
BRDA:1209,99,1,0
BRDA:1185,100,0,0
BRDA:1185,100,1,0
BRDA:1193,101,0,0
BRDA:1193,101,1,0
BRDA:1195,102,0,0
BRDA:1195,102,1,0
BRDA:1196,103,0,0
BRDA:1196,103,1,0
BRDA:1247,104,0,0
BRDA:1247,104,1,0
BRDA:1248,105,0,0
BRDA:1248,105,1,0
BRDA:1250,106,0,0
BRDA:1250,106,1,0
BRDA:1272,107,0,0
BRDA:1272,107,1,0
BRDA:1275,108,0,0
BRDA:1275,108,1,0
BRDA:1236,109,0,0
BRDA:1236,109,1,0
BRDA:1231,110,0,0
BRDA:1231,110,1,0
BRDA:1223,111,0,0
BRDA:1223,111,1,0
BRDA:1301,112,0,0
BRDA:1301,112,1,0
BRDA:1298,113,0,0
BRDA:1298,113,1,0
BRDA:1299,114,0,0
BRDA:1299,114,1,0
BRDA:1301,115,0,0
BRDA:1301,115,1,0
BRDA:1305,116,0,0
BRDA:1305,116,1,0
BRDA:1311,117,0,0
BRDA:1311,117,1,0
BRDA:1311,117,2,0
BRDA:1315,118,0,0
BRDA:1315,118,1,0
BRDA:1316,119,0,0
BRDA:1316,119,1,0
BRDA:1336,120,0,0
BRDA:1336,120,1,0
BRDA:1339,121,0,0
BRDA:1339,121,1,0
BRDA:1349,122,0,0
BRDA:1349,122,1,0
BRDA:1384,123,0,0
BRDA:1384,123,1,0
BRDA:1387,124,0,0
BRDA:1387,124,1,0
BRDA:1391,125,0,0
BRDA:1391,125,1,0
BRDA:1398,126,0,0
BRDA:1398,126,1,0
BRDA:1403,127,0,0
BRDA:1403,127,1,0
BRDA:1421,128,0,0
BRDA:1421,128,1,0
BRDA:1423,129,0,0
BRDA:1423,129,1,0
BRDA:1427,130,0,0
BRDA:1427,130,1,0
BRDA:1431,131,0,0
BRDA:1431,131,1,0
BRDA:1448,132,0,0
BRDA:1448,132,1,0
BRDA:1451,133,0,0
BRDA:1451,133,1,0
BRDA:1493,134,0,0
BRDA:1493,134,1,0
BRDA:1481,135,0,0
BRDA:1481,135,1,0
BRDA:1487,136,0,0
BRDA:1487,136,1,0
BRDA:1494,137,0,0
BRDA:1494,137,1,0
BRDA:1510,138,0,0
BRDA:1510,138,1,0
BRDA:1515,139,0,0
BRDA:1515,139,1,0
BRDA:1533,140,0,0
BRDA:1533,140,1,0
BRDA:1538,141,0,0
BRDA:1538,141,1,0
BRDA:1540,142,0,0
BRDA:1540,142,1,0
BRDA:1542,143,0,0
BRDA:1542,143,1,0
BRDA:1544,144,0,0
BRDA:1544,144,1,0
BRDA:1544,144,2,0
BRDA:1569,145,0,0
BRDA:1569,145,1,0
BRDA:1570,146,0,0
BRDA:1570,146,1,0
BRDA:1570,147,0,0
BRDA:1570,147,1,0
BRDA:1572,148,0,0
BRDA:1572,148,1,0
BRDA:1572,149,0,0
BRDA:1572,149,1,0
BRDA:1576,150,0,0
BRDA:1576,150,1,0
BRDA:1576,150,2,0
BRDA:1582,151,0,0
BRDA:1582,151,1,0
BRDA:1606,152,0,0
BRDA:1606,152,1,0
BRDA:1625,153,0,0
BRDA:1625,153,1,0
BRDA:1621,154,0,0
BRDA:1621,154,1,0
BRDA:1621,154,2,0
BRDA:1621,154,3,0
BRDA:1630,155,0,0
BRDA:1630,155,1,0
BRDA:1629,156,0,0
BRDA:1629,156,1,0
BRDA:1717,157,0,0
BRDA:1717,157,1,0
BRDA:1718,158,0,0
BRDA:1718,158,1,0
BRDA:1726,159,0,0
BRDA:1726,159,1,0
BRDA:1727,160,0,0
BRDA:1727,160,1,0
BRDA:1730,161,0,0
BRDA:1730,161,1,0
BRDA:1783,162,0,0
BRDA:1783,162,1,0
BRDA:1787,163,0,0
BRDA:1787,163,1,0
BRDA:1791,164,0,0
BRDA:1791,164,1,0
BRDA:1803,165,0,0
BRDA:1803,165,1,0
BRDA:1818,166,0,0
BRDA:1818,166,1,0
BRDA:1818,167,0,0
BRDA:1818,167,1,0
BRDA:1818,167,2,0
BRDA:1856,168,0,0
BRDA:1856,168,1,0
BRDA:1856,169,0,0
BRDA:1856,169,1,0
BRDA:1860,170,0,0
BRDA:1860,170,1,0
BRDA:1860,171,0,0
BRDA:1860,171,1,0
BRDA:1860,171,2,0
BRDA:1880,172,0,0
BRDA:1880,172,1,0
BRDA:1880,173,0,0
BRDA:1880,173,1,0
BRDA:1889,174,0,0
BRDA:1889,174,1,0
BRDA:1901,175,0,0
BRDA:1901,175,1,0
BRDA:1933,176,0,0
BRDA:1933,176,1,0
BRDA:1914,177,0,0
BRDA:1914,177,1,0
BRDA:1920,178,0,0
BRDA:1920,178,1,0
BRDA:1924,179,0,0
BRDA:1924,179,1,0
BRDA:1927,180,0,0
BRDA:1927,180,1,0
BRDA:1929,181,0,0
BRDA:1929,181,1,0
BRDA:2047,182,0,0
BRDA:2047,182,1,0
BRDA:2047,183,0,0
BRDA:2047,183,1,0
BRDA:2047,183,2,0
BRDA:2047,183,3,0
BRDA:2050,184,0,0
BRDA:2050,184,1,0
BRDA:2052,185,0,0
BRDA:2052,185,1,0
BRDA:2057,186,0,0
BRDA:2057,186,1,0
BRDA:2094,187,0,0
BRDA:2094,187,1,0
BRDA:2096,188,0,0
BRDA:2096,188,1,0
BRDA:2098,189,0,0
BRDA:2098,189,1,0
BRDA:2112,190,0,0
BRDA:2112,190,1,0
BRDA:2139,191,0,0
BRDA:2139,191,1,0
BRDA:2145,192,0,0
BRDA:2145,192,1,0
BRDA:2145,193,0,0
BRDA:2145,193,1,0
BRDA:2148,194,0,0
BRDA:2148,194,1,0
BRDA:2152,195,0,0
BRDA:2152,195,1,0
BRDA:2158,196,0,0
BRDA:2158,196,1,0
BRDA:2168,197,0,0
BRDA:2168,197,1,0
BRDA:2169,198,0,0
BRDA:2169,198,1,0
BRDA:2183,199,0,0
BRDA:2183,199,1,0
BRDA:2188,200,0,0
BRDA:2188,200,1,0
BRDA:2186,201,0,0
BRDA:2186,201,1,0
BRDA:2211,202,0,0
BRDA:2211,202,1,0
BRDA:2217,203,0,0
BRDA:2217,203,1,0
BRDA:2217,204,0,0
BRDA:2217,204,1,0
BRDA:2236,205,0,0
BRDA:2236,205,1,0
BRDA:2250,206,0,0
BRDA:2250,206,1,0
BRDA:2251,207,0,0
BRDA:2251,207,1,0
BRDA:2253,208,0,0
BRDA:2253,208,1,0
BRDA:2257,209,0,0
BRDA:2257,209,1,0
BRDA:2259,210,0,0
BRDA:2259,210,1,0
BRDA:2284,211,0,0
BRDA:2284,211,1,0
BRDA:2297,212,0,0
BRDA:2297,212,1,0
BRDA:2299,213,0,0
BRDA:2299,213,1,0
BRDA:2304,214,0,0
BRDA:2304,214,1,0
BRDA:2304,214,2,0
BRDA:2312,215,0,0
BRDA:2312,215,1,0
BRDA:2312,215,2,0
BRDA:2317,216,0,0
BRDA:2317,216,1,0
BRDA:2317,217,0,0
BRDA:2317,217,1,0
BRDA:2318,218,0,0
BRDA:2318,218,1,0
BRDA:2320,219,0,0
BRDA:2320,219,1,0
BRDA:2320,219,2,0
BRDA:2327,220,0,0
BRDA:2327,220,1,0
BRDA:2331,221,0,0
BRDA:2331,221,1,0
BRDA:2332,222,0,0
BRDA:2332,222,1,0
BRDA:2339,223,0,0
BRDA:2339,223,1,0
BRDA:2337,224,0,0
BRDA:2337,224,1,0
BRDA:2342,225,0,0
BRDA:2342,225,1,0
BRDA:2342,225,2,0
BRDA:2342,225,3,0
BRDA:2342,225,4,0
BRDA:2359,226,0,0
BRDA:2359,226,1,0
BRDA:2359,226,2,0
BRDA:2359,226,3,0
BRDA:2365,227,0,0
BRDA:2365,227,1,0
BRDA:2387,228,0,0
BRDA:2387,228,1,0
BRDA:2387,229,0,0
BRDA:2387,229,1,0
BRDA:2391,230,0,0
BRDA:2391,230,1,0
BRDA:2395,231,0,0
BRDA:2395,231,1,0
BRDA:2395,232,0,0
BRDA:2395,232,1,0
BRDA:2399,233,0,0
BRDA:2399,233,1,0
BRDA:2411,234,0,0
BRDA:2411,234,1,0
BRDA:2421,235,0,0
BRDA:2421,235,1,0
BRDA:2431,236,0,0
BRDA:2431,236,1,0
BRDA:2439,237,0,0
BRDA:2439,237,1,0
BRDA:2442,238,0,0
BRDA:2442,238,1,0
BRDA:2442,239,0,0
BRDA:2442,239,1,0
BRDA:2445,240,0,0
BRDA:2445,240,1,0
BRDA:2445,240,2,0
BRDA:2448,241,0,0
BRDA:2448,241,1,0
BRDA:2452,242,0,0
BRDA:2452,242,1,0
BRDA:2455,243,0,0
BRDA:2455,243,1,0
BRDA:2458,244,0,0
BRDA:2458,244,1,0
BRDA:2458,244,2,0
BRDA:2462,245,0,0
BRDA:2462,245,1,0
BRDA:2466,246,0,0
BRDA:2466,246,1,0
BRDA:2468,247,0,0
BRDA:2468,247,1,0
BRDA:2483,248,0,0
BRDA:2483,248,1,0
BRDA:2491,249,0,0
BRDA:2491,249,1,0
BRDA:2497,250,0,0
BRDA:2497,250,1,0
BRDA:2500,251,0,0
BRDA:2500,251,1,0
BRDA:2500,252,0,0
BRDA:2500,252,1,0
BRDA:2500,252,2,0
BRDA:2516,253,0,0
BRDA:2516,253,1,0
BRDA:2535,254,0,0
BRDA:2535,254,1,0
BRDA:2547,255,0,0
BRDA:2547,255,1,0
BRDA:2555,256,0,0
BRDA:2555,256,1,0
BRDA:2560,257,0,0
BRDA:2560,257,1,0
BRDA:2563,258,0,0
BRDA:2563,258,1,0
BRDA:2584,259,0,0
BRDA:2584,259,1,0
BRDA:2589,260,0,0
BRDA:2589,260,1,0
BRDA:2597,261,0,0
BRDA:2597,261,1,0
BRDA:2600,262,0,0
BRDA:2600,262,1,0
BRDA:2604,263,0,0
BRDA:2604,263,1,0
BRDA:2610,264,0,0
BRDA:2610,264,1,0
BRDA:2610,265,0,0
BRDA:2610,265,1,0
BRDA:2634,266,0,0
BRDA:2634,266,1,0
BRDA:2635,267,0,0
BRDA:2635,267,1,0
BRDA:2661,268,0,0
BRDA:2661,268,1,0
BRDA:2673,269,0,0
BRDA:2673,269,1,0
BRDA:2668,270,0,0
BRDA:2668,270,1,0
BRDA:2668,270,2,0
BRDA:2668,270,3,0
BRDA:2673,271,0,0
BRDA:2673,271,1,0
BRDA:2673,271,2,0
BRDA:2673,271,3,0
BRDA:2684,272,0,0
BRDA:2684,272,1,0
BRDA:2677,273,0,0
BRDA:2677,273,1,0
BRDA:2679,274,0,0
BRDA:2679,274,1,0
BRDA:2679,275,0,0
BRDA:2679,275,1,0
BRDA:2689,276,0,0
BRDA:2689,276,1,0
BRDA:2697,277,0,0
BRDA:2697,277,1,0
BRDA:2697,277,2,0
BRDA:2704,278,0,0
BRDA:2704,278,1,0
BRDA:2707,279,0,0
BRDA:2707,279,1,0
BRDA:2733,280,0,0
BRDA:2733,280,1,0
BRDA:2733,281,0,0
BRDA:2733,281,1,0
BRDA:2734,282,0,0
BRDA:2734,282,1,0
BRDA:2741,283,0,0
BRDA:2741,283,1,0
BRDA:2768,284,0,0
BRDA:2768,284,1,0
BRDA:2772,285,0,0
BRDA:2772,285,1,0
BRDA:2775,286,0,0
BRDA:2775,286,1,0
BRDA:2779,287,0,0
BRDA:2779,287,1,0
BRDA:2779,287,2,0
BRDA:2779,287,3,0
BRDA:2788,288,0,0
BRDA:2788,288,1,0
BRDA:2795,289,0,0
BRDA:2795,289,1,0
BRDA:2801,290,0,0
BRDA:2801,290,1,0
BRDA:2801,290,2,0
BRDA:2801,290,3,0
BRDA:2806,291,0,0
BRDA:2806,291,1,0
BRDA:2815,292,0,0
BRDA:2815,292,1,0
BRDA:2827,293,0,0
BRDA:2827,293,1,0
BRDA:2831,294,0,0
BRDA:2831,294,1,0
BRDA:2843,295,0,0
BRDA:2843,295,1,0
BRDA:2895,296,0,0
BRDA:2895,296,1,0
BRDA:2895,296,2,0
BRDA:2904,297,0,0
BRDA:2904,297,1,0
BRDA:2925,298,0,0
BRDA:2925,298,1,0
BRDA:2925,298,2,0
BRDA:2925,298,3,0
BRDA:2946,299,0,0
BRDA:2946,299,1,0
BRDA:2934,300,0,0
BRDA:2934,300,1,0
BRDA:2942,301,0,0
BRDA:2942,301,1,0
BRDA:2943,302,0,0
BRDA:2943,302,1,0
BRDA:2946,303,0,0
BRDA:2946,303,1,0
BRDA:2961,304,0,0
BRDA:2961,304,1,0
BRDA:2967,305,0,0
BRDA:2967,305,1,0
BRDA:2978,306,0,0
BRDA:2978,306,1,0
BRDA:2979,307,0,0
BRDA:2979,307,1,0
BRDA:2985,308,0,0
BRDA:2985,308,1,0
BRDA:2987,309,0,0
BRDA:2987,309,1,0
BRDA:2990,310,0,0
BRDA:2990,310,1,0
BRDA:2993,311,0,0
BRDA:2993,311,1,0
BRDA:2993,312,0,0
BRDA:2993,312,1,0
BRDA:3003,313,0,0
BRDA:3003,313,1,0
BRDA:3003,314,0,0
BRDA:3003,314,1,0
BRDA:3003,314,2,0
BRDA:3022,315,0,0
BRDA:3022,315,1,0
BRDA:3031,316,0,0
BRDA:3031,316,1,0
BRDA:3082,317,0,0
BRDA:3082,317,1,0
BRDA:3117,318,0,0
BRDA:3117,318,1,0
BRDA:3117,318,2,0
BRDA:3127,319,0,0
BRDA:3127,319,1,0
BRDA:3127,319,2,0
BRDA:3127,319,3,0
BRDA:3158,320,0,0
BRDA:3158,320,1,0
BRDA:3160,321,0,0
BRDA:3160,321,1,0
BRDA:3166,322,0,0
BRDA:3166,322,1,0
BRDA:3172,323,0,0
BRDA:3172,323,1,0
BRDA:3203,324,0,0
BRDA:3203,324,1,0
BRDA:3209,325,0,0
BRDA:3209,325,1,0
BRDA:3230,326,0,0
BRDA:3230,326,1,0
BRDA:3233,327,0,0
BRDA:3233,327,1,0
BRDA:3243,328,0,0
BRDA:3243,328,1,0
BRDA:3258,329,0,0
BRDA:3258,329,1,0
BRDA:3266,330,0,0
BRDA:3266,330,1,0
BRDA:3280,331,0,0
BRDA:3280,331,1,0
BRDA:3283,332,0,0
BRDA:3283,332,1,0
BRDA:3296,333,0,0
BRDA:3296,333,1,0
BRDA:3317,334,0,0
BRDA:3317,334,1,0
BRDA:3319,335,0,0
BRDA:3319,335,1,0
BRDA:3330,336,0,0
BRDA:3330,336,1,0
BRDA:3332,337,0,0
BRDA:3332,337,1,0
BRDA:3333,338,0,0
BRDA:3333,338,1,0
BRDA:3333,338,2,0
BRDA:3343,339,0,0
BRDA:3343,339,1,0
BRDA:3379,340,0,0
BRDA:3379,340,1,0
BRDA:3383,341,0,0
BRDA:3383,341,1,0
BRDA:3416,342,0,0
BRDA:3416,342,1,0
BRDA:3417,343,0,0
BRDA:3417,343,1,0
BRDA:3419,344,0,0
BRDA:3419,344,1,0
BRDA:3423,345,0,0
BRDA:3423,345,1,0
BRDA:3424,346,0,0
BRDA:3424,346,1,0
BRDA:3424,346,2,0
BRDA:3430,347,0,0
BRDA:3430,347,1,0
BRDA:3437,348,0,0
BRDA:3437,348,1,0
BRDA:3470,349,0,0
BRDA:3470,349,1,0
BRDA:3482,350,0,0
BRDA:3482,350,1,0
BRDA:3483,351,0,0
BRDA:3483,351,1,0
BRDA:3484,352,0,0
BRDA:3484,352,1,0
BRDA:3507,353,0,0
BRDA:3507,353,1,0
BRDA:3507,353,2,0
BRDA:3507,353,3,0
BRDA:3544,354,0,0
BRDA:3544,354,1,0
BRDA:3552,355,0,0
BRDA:3552,355,1,0
BRDA:3556,356,0,0
BRDA:3556,356,1,0
BRDA:3565,357,0,0
BRDA:3565,357,1,0
BRDA:3584,358,0,0
BRDA:3584,358,1,0
BRDA:3585,359,0,0
BRDA:3585,359,1,0
BRDA:3590,360,0,0
BRDA:3590,360,1,0
BRDA:3591,361,0,0
BRDA:3591,361,1,0
BRDA:3590,362,0,0
BRDA:3590,362,1,0
BRDA:3594,363,0,0
BRDA:3594,363,1,0
BRDA:3610,364,0,0
BRDA:3610,364,1,0
BRDA:3611,365,0,0
BRDA:3611,365,1,0
BRDA:3612,366,0,0
BRDA:3612,366,1,0
BRDA:3615,367,0,0
BRDA:3615,367,1,0
BRDA:3653,368,0,0
BRDA:3653,368,1,0
BRDA:3660,369,0,0
BRDA:3660,369,1,0
BRDA:3676,370,0,0
BRDA:3676,370,1,0
BRDA:3680,371,0,0
BRDA:3680,371,1,0
BRDA:3718,372,0,0
BRDA:3718,372,1,0
BRDA:3721,373,0,0
BRDA:3721,373,1,0
BRDA:3724,374,0,0
BRDA:3724,374,1,0
BRDA:3741,375,0,0
BRDA:3741,375,1,0
BRDA:3743,376,0,0
BRDA:3743,376,1,0
BRDA:3750,377,0,0
BRDA:3750,377,1,0
BRDA:3772,378,0,0
BRDA:3772,378,1,0
BRDA:3787,379,0,0
BRDA:3787,379,1,0
BRDA:3787,380,0,0
BRDA:3787,380,1,0
BRDA:3793,381,0,0
BRDA:3793,381,1,0
BRDA:3794,382,0,0
BRDA:3794,382,1,0
BRDA:3797,383,0,0
BRDA:3797,383,1,0
BRDA:3818,384,0,0
BRDA:3818,384,1,0
BRDA:3818,385,0,0
BRDA:3818,385,1,0
BRDA:3823,386,0,0
BRDA:3823,386,1,0
BRDA:3828,387,0,0
BRDA:3828,387,1,0
BRDA:3836,388,0,0
BRDA:3836,388,1,0
BRDA:3857,389,0,0
BRDA:3857,389,1,0
BRDA:3857,390,0,0
BRDA:3857,390,1,0
BRDA:3858,391,0,0
BRDA:3858,391,1,0
BRDA:3867,392,0,0
BRDA:3867,392,1,0
BRDA:3869,393,0,0
BRDA:3869,393,1,0
BRDA:3872,394,0,0
BRDA:3872,394,1,0
BRDA:3874,395,0,0
BRDA:3874,395,1,0
BRDA:3886,396,0,0
BRDA:3886,396,1,0
BRDA:3892,397,0,0
BRDA:3892,397,1,0
BRDA:3911,398,0,0
BRDA:3911,398,1,0
BRDA:3913,399,0,0
BRDA:3913,399,1,0
BRDA:3912,400,0,0
BRDA:3912,400,1,0
BRDA:3912,400,2,0
BRDA:3915,401,0,0
BRDA:3915,401,1,0
BRDA:3917,402,0,0
BRDA:3917,402,1,0
BRDA:3933,403,0,0
BRDA:3933,403,1,0
BRDA:3934,404,0,0
BRDA:3934,404,1,0
BRDA:3940,405,0,0
BRDA:3940,405,1,0
BRDA:3945,406,0,0
BRDA:3945,406,1,0
BRDA:3946,407,0,0
BRDA:3946,407,1,0
BRDA:3946,407,2,0
BRDA:3952,408,0,0
BRDA:3952,408,1,0
BRDA:3954,409,0,0
BRDA:3954,409,1,0
BRDA:3953,410,0,0
BRDA:3953,410,1,0
BRDA:3954,411,0,0
BRDA:3954,411,1,0
BRDA:3955,412,0,0
BRDA:3955,412,1,0
BRDA:3958,413,0,0
BRDA:3958,413,1,0
BRDA:3958,414,0,0
BRDA:3958,414,1,0
BRDA:3958,414,2,0
BRDA:3962,415,0,0
BRDA:3962,415,1,0
BRDA:3985,416,0,0
BRDA:3985,416,1,0
BRDA:3990,417,0,0
BRDA:3990,417,1,0
BRDA:3989,418,0,0
BRDA:3989,418,1,0
BRDA:4011,419,0,0
BRDA:4011,419,1,0
BRDA:4020,420,0,0
BRDA:4020,420,1,0
BRDA:4022,421,0,0
BRDA:4022,421,1,0
BRDA:4022,421,2,0
BRDA:4040,422,0,0
BRDA:4040,422,1,0
BRDA:4041,423,0,0
BRDA:4041,423,1,0
BRDA:4047,424,0,0
BRDA:4047,424,1,0
BRDA:4051,425,0,0
BRDA:4051,425,1,0
BRDA:4092,426,0,0
BRDA:4092,426,1,0
BRDA:4110,427,0,0
BRDA:4110,427,1,0
BRDA:4115,428,0,0
BRDA:4115,428,1,0
BRDA:4120,429,0,0
BRDA:4120,429,1,0
BRDA:4124,430,0,0
BRDA:4124,430,1,0
BRDA:4126,431,0,0
BRDA:4126,431,1,0
BRDA:4126,431,2,0
BRDA:4149,432,0,0
BRDA:4149,432,1,0
BRDA:4151,433,0,0
BRDA:4151,433,1,0
BRDA:4154,434,0,0
BRDA:4154,434,1,0
BRDA:4155,435,0,0
BRDA:4155,435,1,0
BRDA:4168,436,0,0
BRDA:4168,436,1,0
BRDA:4170,437,0,0
BRDA:4170,437,1,0
BRDA:4190,438,0,0
BRDA:4190,438,1,0
BRDA:4191,439,0,0
BRDA:4191,439,1,0
BRDA:4213,440,0,0
BRDA:4213,440,1,0
BRDA:4214,441,0,0
BRDA:4214,441,1,0
BRDA:4214,441,2,0
BRDA:4226,442,0,0
BRDA:4226,442,1,0
BRDA:4245,443,0,0
BRDA:4245,443,1,0
BRDA:4249,444,0,0
BRDA:4249,444,1,0
BRDA:4256,445,0,0
BRDA:4256,445,1,0
BRDA:4265,446,0,0
BRDA:4265,446,1,0
BRDA:4269,447,0,0
BRDA:4269,447,1,0
BRDA:4284,448,0,0
BRDA:4284,448,1,0
BRDA:4297,449,0,0
BRDA:4297,449,1,0
BRDA:4291,450,0,0
BRDA:4291,450,1,0
BRDA:4306,451,0,0
BRDA:4306,451,1,0
BRDA:4306,452,0,0
BRDA:4306,452,1,0
BRDA:4323,453,0,0
BRDA:4323,453,1,0
BRDA:4330,454,0,0
BRDA:4330,454,1,0
BRDA:4338,455,0,0
BRDA:4338,455,1,0
BRDA:4349,456,0,0
BRDA:4349,456,1,0
BRDA:4356,457,0,0
BRDA:4356,457,1,0
BRDA:4365,458,0,0
BRDA:4365,458,1,0
BRDA:4367,459,0,0
BRDA:4367,459,1,0
BRDA:4387,460,0,0
BRDA:4387,460,1,0
BRDA:4400,461,0,0
BRDA:4400,461,1,0
BRDA:4400,461,2,0
BRDA:4400,461,3,0
BRDA:4401,462,0,0
BRDA:4401,462,1,0
BRDA:4419,463,0,0
BRDA:4419,463,1,0
BRDA:4419,463,2,0
BRDA:4420,464,0,0
BRDA:4420,464,1,0
BRDA:4420,464,2,0
BRDA:4421,465,0,0
BRDA:4421,465,1,0
BRDA:4422,466,0,0
BRDA:4422,466,1,0
BRDA:4425,467,0,0
BRDA:4425,467,1,0
BRDA:4427,468,0,0
BRDA:4427,468,1,0
BRDA:4427,469,0,0
BRDA:4427,469,1,0
BRDA:4453,470,0,0
BRDA:4453,470,1,0
BRDA:4453,470,2,0
BRDA:4458,471,0,0
BRDA:4458,471,1,0
BRDA:4471,472,0,0
BRDA:4471,472,1,0
BRDA:4471,473,0,0
BRDA:4471,473,1,0
BRDA:4483,474,0,0
BRDA:4483,474,1,0
BRDA:4480,475,0,0
BRDA:4480,475,1,0
BRDA:4480,475,2,0
BRDA:4515,476,0,0
BRDA:4515,476,1,0
BRDA:4500,477,0,0
BRDA:4500,477,1,0
BRDA:4500,477,2,0
BRDA:4503,478,0,0
BRDA:4503,478,1,0
BRDA:4508,479,0,0
BRDA:4508,479,1,0
BRDA:4509,480,0,0
BRDA:4509,480,1,0
BRDA:4515,481,0,0
BRDA:4515,481,1,0
BRDA:4515,481,2,0
BRDA:4518,482,0,0
BRDA:4518,482,1,0
BRDA:4529,483,0,0
BRDA:4529,483,1,0
BRDA:4522,484,0,0
BRDA:4522,484,1,0
BRDA:4522,484,2,0
BRDA:4539,485,0,0
BRDA:4539,485,1,0
BRDA:4541,486,0,0
BRDA:4541,486,1,0
BRDA:4541,487,0,0
BRDA:4541,487,1,0
BRDA:4542,488,0,0
BRDA:4542,488,1,0
BRDA:4556,489,0,0
BRDA:4556,489,1,0
BRDA:4551,490,0,0
BRDA:4551,490,1,0
BRDA:4559,491,0,0
BRDA:4559,491,1,0
BRDA:4559,491,2,0
BRDA:4559,491,3,0
BRDA:4559,491,4,0
BRDA:4571,492,0,0
BRDA:4571,492,1,0
BRDA:4574,493,0,0
BRDA:4574,493,1,0
BRDA:4586,494,0,0
BRDA:4586,494,1,0
BRDA:4600,495,0,0
BRDA:4600,495,1,0
BRDA:4611,496,0,0
BRDA:4611,496,1,0
BRDA:4611,496,2,0
BRDA:4612,497,0,0
BRDA:4612,497,1,0
BRDA:4630,498,0,0
BRDA:4630,498,1,0
BRDA:4631,499,0,0
BRDA:4631,499,1,0
BRDA:4658,500,0,0
BRDA:4658,500,1,0
BRDA:4699,501,0,0
BRDA:4699,501,1,0
BRDA:4695,502,0,0
BRDA:4695,502,1,0
BRDA:4703,503,0,0
BRDA:4703,503,1,0
BRDA:4731,504,0,0
BRDA:4731,504,1,0
BRDA:4750,505,0,0
BRDA:4750,505,1,0
BRDA:4758,506,0,0
BRDA:4758,506,1,0
BRDA:4761,507,0,0
BRDA:4761,507,1,0
BRDA:4768,508,0,0
BRDA:4768,508,1,0
BRDA:4772,509,0,0
BRDA:4772,509,1,0
BRDA:4786,510,0,0
BRDA:4786,510,1,0
BRDA:4787,511,0,0
BRDA:4787,511,1,0
BRDA:4797,512,0,0
BRDA:4797,512,1,0
BRDA:4799,513,0,0
BRDA:4799,513,1,0
BRDA:4800,514,0,0
BRDA:4800,514,1,0
BRDA:4803,515,0,0
BRDA:4803,515,1,0
BRDA:4803,515,2,0
BRDA:4832,516,0,0
BRDA:4832,516,1,0
BRDA:4833,517,0,0
BRDA:4833,517,1,0
BRDA:4841,518,0,0
BRDA:4841,518,1,0
BRDA:4842,519,0,0
BRDA:4842,519,1,0
BRDA:4874,520,0,0
BRDA:4874,520,1,0
BRDA:4877,521,0,0
BRDA:4877,521,1,0
BRDA:4878,522,0,0
BRDA:4878,522,1,0
BRDA:4882,523,0,0
BRDA:4882,523,1,0
BRDA:4902,524,0,0
BRDA:4902,524,1,0
[...]
BRDA:5704,605,1,0
BRDA:5713,606,0,0
BRDA:5713,606,1,0
BRDA:5719,607,0,0
BRDA:5719,607,1,0
BRDA:5739,608,0,0
BRDA:5739,608,1,0
BRDA:5739,609,0,0
BRDA:5739,609,1,0
BRDA:5753,610,0,0
BRDA:5753,610,1,0
BRDA:5755,611,0,0
BRDA:5755,611,1,0
BRDA:5755,612,0,0
BRDA:5755,612,1,0
BRDA:5765,613,0,0
BRDA:5765,613,1,0
BRDA:5772,614,0,0
BRDA:5772,614,1,0
BRDA:5789,615,0,0
BRDA:5789,615,1,0
BRDA:5790,616,0,0
BRDA:5790,616,1,0
BRDA:5791,617,0,0
BRDA:5791,617,1,0
BRDA:5800,618,0,0
BRDA:5800,618,1,0
BRDA:5805,619,0,0
BRDA:5805,619,1,0
BRDA:5805,619,2,0
BRDA:5812,620,0,0
BRDA:5812,620,1,0
BRDA:5812,620,2,0
BRDA:5812,620,3,0
BRDA:5812,620,4,0
BRDA:5830,621,0,0
BRDA:5830,621,1,0
BRDA:5831,622,0,0
BRDA:5831,622,1,0
BRDA:5831,622,2,0
BRDA:5834,623,0,0
BRDA:5834,623,1,0
BRDA:5844,624,0,0
BRDA:5844,624,1,0
BRDA:5846,625,0,0
BRDA:5846,625,1,0
BRDA:5856,626,0,0
BRDA:5856,626,1,0
BRDA:5856,627,0,0
BRDA:5856,627,1,0
BRDA:5862,628,0,0
BRDA:5862,628,1,0
BRDA:5868,629,0,0
BRDA:5868,629,1,0
BRDA:5868,629,2,0
BRDA:5868,629,3,0
BRDA:5875,630,0,0
BRDA:5875,630,1,0
BRDA:5874,631,0,0
BRDA:5874,631,1,0
BRDA:5904,632,0,0
BRDA:5904,632,1,0
BRDA:5906,633,0,0
BRDA:5906,633,1,0
BRDA:5908,634,0,0
BRDA:5908,634,1,0
BRDA:5910,635,0,0
BRDA:5910,635,1,0
BRDA:5914,636,0,0
BRDA:5914,636,1,0
BRDA:5918,637,0,0
BRDA:5918,637,1,0
BRDA:5919,638,0,0
BRDA:5919,638,1,0
BRDA:5923,639,0,0
BRDA:5923,639,1,0
BRDA:5924,640,0,0
BRDA:5924,640,1,0
BRDA:5928,641,0,0
BRDA:5928,641,1,0
BRDA:5930,642,0,0
BRDA:5930,642,1,0
BRDA:5933,643,0,0
BRDA:5933,643,1,0
BRDA:5937,644,0,0
BRDA:5937,644,1,0
BRDA:5939,645,0,0
BRDA:5939,645,1,0
BRDA:5949,646,0,0
BRDA:5949,646,1,0
BRDA:5949,647,0,0
BRDA:5949,647,1,0
BRDA:5951,648,0,0
BRDA:5951,648,1,0
BRDA:5977,649,0,0
BRDA:5977,649,1,0
BRDA:5977,650,0,0
BRDA:5977,650,1,0
BRDA:5989,651,0,0
BRDA:5989,651,1,0
BRDA:5993,652,0,0
BRDA:5993,652,1,0
BRDA:5993,652,2,0
BRDA:6000,653,0,0
BRDA:6000,653,1,0
BRDA:6002,654,0,0
BRDA:6002,654,1,0
BRDA:6013,655,0,0
BRDA:6013,655,1,0
BRDA:6013,656,0,0
BRDA:6013,656,1,0
BRDA:6013,656,2,0
BRDA:6013,656,3,0
BRDA:6013,656,4,0
BRDA:6024,657,0,0
BRDA:6024,657,1,0
BRDA:6024,657,2,0
BRDA:6024,657,3,0
BRDA:6030,658,0,0
BRDA:6030,658,1,0
BRDA:6030,659,0,0
BRDA:6030,659,1,0
BRDA:6032,660,0,0
BRDA:6032,660,1,0
BRDA:6032,660,2,0
BRDA:6035,661,0,0
BRDA:6035,661,1,0
BRDA:6036,662,0,0
BRDA:6036,662,1,0
BRDA:6035,663,0,0
BRDA:6035,663,1,0
BRDA:6036,664,0,0
BRDA:6036,664,1,0
BRDA:6041,665,0,0
BRDA:6041,665,1,0
BRDA:6041,666,0,0
BRDA:6041,666,1,0
BRDA:6044,667,0,0
BRDA:6044,667,1,0
BRDA:6045,668,0,0
BRDA:6045,668,1,0
BRDA:6048,669,0,0
BRDA:6048,669,1,0
BRDA:6051,670,0,0
BRDA:6051,670,1,0
BRDA:6051,670,2,0
BRDA:6051,670,3,0
BRDA:6059,671,0,0
BRDA:6059,671,1,0
BRDA:6059,672,0,0
BRDA:6059,672,1,0
BRDA:6084,673,0,0
BRDA:6084,673,1,0
BRDA:6081,674,0,0
BRDA:6081,674,1,0
BRDA:6081,674,2,0
BRDA:6084,675,0,0
BRDA:6084,675,1,0
BRDA:6094,676,0,0
BRDA:6094,676,1,0
BRDA:6094,677,0,0
BRDA:6094,677,1,0
BRDA:6095,678,0,0
BRDA:6095,678,1,0
BRDA:6095,678,2,0
BRDA:6102,679,0,0
BRDA:6102,679,1,0
BRDA:6103,680,0,0
BRDA:6103,680,1,0
BRDA:6105,681,0,0
BRDA:6105,681,1,0
BRDA:6109,682,0,0
BRDA:6109,682,1,0
BRDA:6109,683,0,0
BRDA:6109,683,1,0
BRDA:6109,683,2,0
BRDA:6110,684,0,0
BRDA:6110,684,1,0
BRDA:6128,685,0,0
BRDA:6128,685,1,0
BRDA:6128,686,0,0
BRDA:6128,686,1,0
BRDA:6136,687,0,0
BRDA:6136,687,1,0
BRDA:6136,688,0,0
BRDA:6136,688,1,0
BRDA:6151,689,0,0
BRDA:6151,689,1,0
BRDA:6154,690,0,0
BRDA:6154,690,1,0
BRDA:6157,691,0,0
BRDA:6157,691,1,0
BRDA:6157,691,2,0
BRDA:6165,692,0,0
BRDA:6165,692,1,0
BRDA:6183,693,0,0
BRDA:6183,693,1,0
BRDA:6191,694,0,0
BRDA:6191,694,1,0
BRDA:6197,695,0,0
BRDA:6197,695,1,0
BRDA:6197,696,0,0
BRDA:6197,696,1,0
BRDA:6201,697,0,0
BRDA:6201,697,1,0
BRDA:6209,698,0,0
BRDA:6209,698,1,0
BRDA:6205,699,0,0
BRDA:6205,699,1,0
BRDA:6205,699,2,0
BRDA:6209,700,0,0
BRDA:6209,700,1,0
BRDA:6244,701,0,0
BRDA:6244,701,1,0
BRDA:6239,702,0,0
BRDA:6239,702,1,0
BRDA:6252,703,0,0
BRDA:6252,703,1,0
BRDA:6260,704,0,0
BRDA:6260,704,1,0
BRDA:6275,705,0,0
BRDA:6275,705,1,0
BRDA:6276,706,0,0
BRDA:6276,706,1,0
BRDA:6184,707,0,0
BRDA:6184,707,1,0
BRDA:6298,708,0,0
BRDA:6298,708,1,0
BRDA:6298,708,2,0
BRDA:6324,709,0,0
BRDA:6324,709,1,0
BRDA:6326,710,0,0
BRDA:6326,710,1,0
BRDA:6326,710,2,0
BRDA:6319,711,0,0
BRDA:6319,711,1,0
BRDA:6319,711,2,0
BRDA:6332,712,0,0
BRDA:6332,712,1,0
BRDA:6339,713,0,0
BRDA:6339,713,1,0
BRDA:6353,714,0,0
BRDA:6353,714,1,0
BRDA:6345,715,0,0
BRDA:6345,715,1,0
BRDA:6355,716,0,0
BRDA:6355,716,1,0
BRDA:6370,717,0,0
BRDA:6370,717,1,0
BRDA:6377,718,0,0
BRDA:6377,718,1,0
BRDA:6389,719,0,0
BRDA:6389,719,1,0
BRDA:6393,720,0,0
BRDA:6393,720,1,0
BRDA:6394,721,0,0
BRDA:6394,721,1,0
BRDA:6412,722,0,0
BRDA:6412,722,1,0
BRDA:6412,723,0,0
BRDA:6412,723,1,0
BRDA:6412,723,2,0
BRDA:6412,723,3,0
BRDA:6420,724,0,0
BRDA:6420,724,1,0
BRDA:6421,725,0,0
BRDA:6421,725,1,0
BRDA:6423,726,0,0
BRDA:6423,726,1,0
BRDA:6430,727,0,0
BRDA:6430,727,1,0
BRDA:6437,728,0,0
BRDA:6437,728,1,0
BRDA:6437,728,2,0
BRDA:6437,728,3,0
BRDA:6441,729,0,0
BRDA:6441,729,1,0
BRDA:6443,730,0,0
BRDA:6443,730,1,0
BRDA:6444,731,0,0
BRDA:6444,731,1,0
BRDA:6453,732,0,0
BRDA:6453,732,1,0
BRDA:6457,733,0,0
BRDA:6457,733,1,0
BRDA:6458,734,0,0
BRDA:6458,734,1,0
BRDA:6463,735,0,0
BRDA:6463,735,1,0
BRDA:6462,736,0,0
BRDA:6462,736,1,0
BRDA:6468,737,0,0
BRDA:6468,737,1,0
BRDA:6468,738,0,0
BRDA:6468,738,1,0
BRDA:6470,739,0,0
BRDA:6470,739,1,0
BRDA:6471,740,0,0
BRDA:6471,740,1,0
BRDA:6481,741,0,0
BRDA:6481,741,1,0
BRDA:6488,742,0,0
BRDA:6488,742,1,0
BRDA:6489,743,0,0
BRDA:6489,743,1,0
BRDA:6489,743,2,0
BRDA:6489,743,3,0
BRDA:6489,743,4,0
BRDA:6489,743,5,0
BRDA:6516,744,0,0
BRDA:6516,744,1,0
BRDA:6517,745,0,0
BRDA:6517,745,1,0
BRDA:6517,745,2,0
BRDA:6517,745,3,0
BRDA:6517,745,4,0
BRDA:6532,746,0,0
BRDA:6532,746,1,0
BRDA:6537,747,0,0
BRDA:6537,747,1,0
BRDA:6569,748,0,0
BRDA:6569,748,1,0
BRDA:6571,749,0,0
BRDA:6571,749,1,0
BRDA:6572,750,0,0
BRDA:6572,750,1,0
BRDA:6578,751,0,0
BRDA:6578,751,1,0
BRDA:6579,752,0,0
BRDA:6579,752,1,0
BRDA:6590,753,0,0
BRDA:6590,753,1,0
BRDA:6607,754,0,0
BRDA:6607,754,1,0
BRDA:6618,755,0,0
BRDA:6618,755,1,0
BRDA:6620,756,0,0
BRDA:6620,756,1,0
BRDA:6626,757,0,0
BRDA:6626,757,1,0
BRDA:6626,758,0,0
BRDA:6626,758,1,0
BRDA:6629,759,0,0
BRDA:6629,759,1,0
BRDA:6630,760,0,0
BRDA:6630,760,1,0
BRDA:6645,761,0,0
BRDA:6645,761,1,0
BRDA:6645,762,0,0
BRDA:6645,762,1,0
BRDA:6650,763,0,0
BRDA:6650,763,1,0
BRDA:6651,764,0,0
BRDA:6651,764,1,0
BRDA:6653,765,0,0
BRDA:6653,765,1,0
BRDA:6658,766,0,0
BRDA:6658,766,1,0
BRDA:6667,767,0,0
BRDA:6667,767,1,0
BRDA:6667,768,0,0
BRDA:6667,768,1,0
BRDA:6669,769,0,0
BRDA:6669,769,1,0
BRDA:6668,770,0,0
BRDA:6668,770,1,0
BRDA:6672,771,0,0
BRDA:6672,771,1,0
BRDA:6677,772,0,0
BRDA:6677,772,1,0
BRDA:6682,773,0,0
BRDA:6682,773,1,0
BRDA:6683,774,0,0
BRDA:6683,774,1,0
BRDA:6696,775,0,0
BRDA:6696,775,1,0
BRDA:6696,775,2,0
BRDA:6696,775,3,0
BRDA:6710,776,0,0
BRDA:6710,776,1,0
BRDA:6716,777,0,0
BRDA:6716,777,1,0
BRDA:6717,778,0,0
BRDA:6717,778,1,0
BRDA:6721,779,0,0
BRDA:6721,779,1,0
BRDA:6724,780,0,0
BRDA:6724,780,1,0
BRDA:6743,781,0,0
BRDA:6743,781,1,0
BRDA:6745,782,0,0
BRDA:6745,782,1,0
BRDA:6757,783,0,0
BRDA:6757,783,1,0
BRDA:6764,784,0,0
BRDA:6764,784,1,0
BRDA:6767,785,0,0
BRDA:6767,785,1,0
BRDA:6780,786,0,0
BRDA:6780,786,1,0
BRDA:6785,787,0,0
BRDA:6785,787,1,0
BRDA:6785,787,2,0
BRDA:6785,787,3,0
BRDA:6793,788,0,0
BRDA:6793,788,1,0
BRDA:6799,789,0,0
BRDA:6799,789,1,0
BRDA:6799,789,2,0
BRDA:6812,790,0,0
BRDA:6812,790,1,0
BRDA:6814,791,0,0
BRDA:6814,791,1,0
BRDA:6818,792,0,0
BRDA:6818,792,1,0
BRDA:6837,793,0,0
BRDA:6837,793,1,0
BRDA:6835,794,0,0
BRDA:6835,794,1,0
BRDA:6837,795,0,0
BRDA:6837,795,1,0
BRDA:6843,796,0,0
BRDA:6843,796,1,0
BRDA:6853,797,0,0
BRDA:6853,797,1,0
BRDA:6853,798,0,0
BRDA:6853,798,1,0
BRDA:6853,798,2,0
BRDA:6853,798,3,0
BRDA:6862,799,0,0
BRDA:6862,799,1,0
BRDA:6862,799,2,0
BRDA:6865,800,0,0
BRDA:6865,800,1,0
BRDA:6867,801,0,0
BRDA:6867,801,1,0
BRDA:6873,802,0,0
BRDA:6873,802,1,0
BRDA:6879,803,0,0
BRDA:6879,803,1,0
BRDA:6885,804,0,0
BRDA:6885,804,1,0
BRDA:6887,805,0,0
BRDA:6887,805,1,0
BRDA:6907,806,0,0
BRDA:6907,806,1,0
BRDA:6907,807,0,0
BRDA:6907,807,1,0
BRDA:6912,808,0,0
BRDA:6912,808,1,0
BRDA:6914,809,0,0
BRDA:6914,809,1,0
BRDA:6919,810,0,0
BRDA:6919,810,1,0
BRDA:6920,811,0,0
BRDA:6920,811,1,0
BRDA:6932,812,0,0
BRDA:6932,812,1,0
BRDA:6932,813,0,0
BRDA:6932,813,1,0
BRDA:6937,814,0,0
BRDA:6937,814,1,0
BRDA:6939,815,0,0
BRDA:6939,815,1,0
BRDA:6943,816,0,0
BRDA:6943,816,1,0
BRDA:6947,817,0,0
BRDA:6947,817,1,0
BRDA:6954,818,0,0
BRDA:6954,818,1,0
BRDA:6964,819,0,0
BRDA:6964,819,1,0
BRDA:6968,820,0,0
BRDA:6968,820,1,0
BRDA:6974,821,0,0
BRDA:6974,821,1,0
BRDA:6971,822,0,0
BRDA:6971,822,1,0
BRDA:6976,823,0,0
BRDA:6976,823,1,0
BRDA:6991,824,0,0
BRDA:6991,824,1,0
BRDA:7000,825,0,0
BRDA:7000,825,1,0
BRDA:7000,826,0,0
BRDA:7000,826,1,0
BRDA:7000,826,2,0
BRDA:7006,827,0,0
BRDA:7006,827,1,0
BRDA:7006,827,2,0
BRDA:7018,828,0,0
BRDA:7018,828,1,0
BRDA:7019,829,0,0
BRDA:7019,829,1,0
BRDA:7030,830,0,0
BRDA:7030,830,1,0
BRDA:7031,831,0,0
BRDA:7031,831,1,0
BRDA:7038,832,0,0
BRDA:7038,832,1,0
BRDA:7053,833,0,0
BRDA:7053,833,1,0
BRDA:7054,834,0,0
BRDA:7054,834,1,0
BRDA:7061,835,0,0
BRDA:7061,835,1,0
BRDA:7061,835,2,0
BRDA:7068,836,0,0
BRDA:7068,836,1,0
BRDA:7080,837,0,0
BRDA:7080,837,1,0
BRDA:7081,838,0,0
BRDA:7081,838,1,0
BRDA:7083,839,0,0
BRDA:7083,839,1,0
BRDA:7084,840,0,0
BRDA:7084,840,1,0
BRDA:7092,841,0,0
BRDA:7092,841,1,0
BRDA:7092,842,0,0
BRDA:7092,842,1,0
BRDA:7098,843,0,0
BRDA:7098,843,1,0
BRDA:7098,844,0,0
BRDA:7098,844,1,0
BRDA:7106,845,0,0
BRDA:7106,845,1,0
BRDA:7107,846,0,0
BRDA:7107,846,1,0
BRDA:7111,847,0,0
BRDA:7111,847,1,0
BRDA:7112,848,0,0
BRDA:7112,848,1,0
BRDA:7117,849,0,0
BRDA:7117,849,1,0
BRDA:7152,850,0,0
BRDA:7152,850,1,0
BRDA:7158,851,0,0
BRDA:7158,851,1,0
BRDA:7158,852,0,0
BRDA:7158,852,1,0
BRDA:7158,852,2,0
BRDA:7191,853,0,0
BRDA:7191,853,1,0
BRDA:7196,854,0,0
BRDA:7196,854,1,0
BRDA:7198,855,0,0
BRDA:7198,855,1,0
BRDA:7198,856,0,0
BRDA:7198,856,1,0
BRDA:7198,856,2,0
BRDA:7203,857,0,0
BRDA:7203,857,1,0
BRDA:7202,858,0,0
BRDA:7202,858,1,0
BRDA:7206,859,0,0
BRDA:7206,859,1,0
BRDA:7205,860,0,0
BRDA:7205,860,1,0
BRDA:7209,861,0,0
BRDA:7209,861,1,0
BRDA:7208,862,0,0
BRDA:7208,862,1,0
BRDA:7212,863,0,0
BRDA:7212,863,1,0
BRDA:7212,863,2,0
BRDA:7216,864,0,0
BRDA:7216,864,1,0
BRDA:7215,865,0,0
BRDA:7215,865,1,0
BRDA:7218,866,0,0
BRDA:7218,866,1,0
BRDA:7218,866,2,0
BRDA:7221,867,0,0
BRDA:7221,867,1,0
BRDA:7221,867,2,0
BRDA:7227,868,0,0
BRDA:7227,868,1,0
BRDA:7235,869,0,0
BRDA:7235,869,1,0
BRDA:7239,870,0,0
BRDA:7239,870,1,0
BRDA:7244,871,0,0
BRDA:7244,871,1,0
BRDA:7244,872,0,0
BRDA:7244,872,1,0
BRDA:7247,873,0,0
BRDA:7247,873,1,0
BRDA:7249,874,0,0
BRDA:7249,874,1,0
BRDA:7254,875,0,0
BRDA:7254,875,1,0
BRDA:7258,876,0,0
BRDA:7258,876,1,0
BRDA:7258,876,2,0
BRDA:7259,877,0,0
BRDA:7259,877,1,0
BRDA:7259,877,2,0
BRDA:7259,877,3,0
BRDA:7265,878,0,0
BRDA:7265,878,1,0
BRDA:7270,879,0,0
BRDA:7270,879,1,0
BRDA:7271,880,0,0
BRDA:7271,880,1,0
BRDA:7276,881,0,0
BRDA:7276,881,1,0
BRDA:7278,882,0,0
BRDA:7278,882,1,0
BRDA:7280,883,0,0
BRDA:7280,883,1,0
BRDA:7289,884,0,0
BRDA:7289,884,1,0
BRDA:7290,885,0,0
BRDA:7290,885,1,0
BRDA:7291,886,0,0
BRDA:7291,886,1,0
BRDA:7294,887,0,0
BRDA:7294,887,1,0
BRDA:7294,887,2,0
BRDA:7303,888,0,0
BRDA:7303,888,1,0
BRDA:7309,889,0,0
BRDA:7309,889,1,0
BRDA:7309,890,0,0
BRDA:7309,890,1,0
BRDA:7314,891,0,0
BRDA:7314,891,1,0
BRDA:7330,892,0,0
BRDA:7330,892,1,0
BRDA:7335,893,0,0
BRDA:7335,893,1,0
BRDA:7344,894,0,0
BRDA:7344,894,1,0
BRDA:7344,894,2,0
BRDA:7347,895,0,0
BRDA:7347,895,1,0
BRDA:7352,896,0,0
BRDA:7352,896,1,0
BRDA:7352,897,0,0
BRDA:7352,897,1,0
BRDA:7355,898,0,0
BRDA:7355,898,1,0
BRDA:7358,899,0,0
BRDA:7358,899,1,0
BRDA:7364,900,0,0
BRDA:7364,900,1,0
BRDA:7371,901,0,0
BRDA:7371,901,1,0
BRDA:7371,902,0,0
BRDA:7371,902,1,0
BRDA:7371,902,2,0
BRDA:7376,903,0,0
BRDA:7376,903,1,0
BRDA:7378,904,0,0
BRDA:7378,904,1,0
BRDA:7379,905,0,0
BRDA:7379,905,1,0
BRDA:7384,906,0,0
BRDA:7384,906,1,0
BRDA:7386,907,0,0
BRDA:7386,907,1,0
BRDA:7388,908,0,0
BRDA:7388,908,1,0
BRDA:7396,909,0,0
BRDA:7396,909,1,0
BRDA:7397,910,0,0
BRDA:7397,910,1,0
BRDA:7397,910,2,0
BRDA:7421,911,0,0
BRDA:7421,911,1,0
BRDA:7431,912,0,0
BRDA:7431,912,1,0
BRDA:7437,913,0,0
BRDA:7437,913,1,0
BRDA:7439,914,0,0
BRDA:7439,914,1,0
BRDA:7443,915,0,0
BRDA:7443,915,1,0
BRDA:7447,916,0,0
BRDA:7447,916,1,0
BRDA:7453,917,0,0
BRDA:7453,917,1,0
BRDA:7459,918,0,0
BRDA:7459,918,1,0
BRDA:7489,919,0,0
BRDA:7489,919,1,0
BRDA:7493,920,0,0
BRDA:7493,920,1,0
BRDA:7493,920,2,0
BRDA:7503,921,0,0
BRDA:7503,921,1,0
BRDA:7504,922,0,0
BRDA:7504,922,1,0
BRDA:7503,923,0,0
BRDA:7503,923,1,0
BRDA:7511,924,0,0
BRDA:7511,924,1,0
BRDA:7511,924,2,0
BRDA:7513,925,0,0
BRDA:7513,925,1,0
BRDA:7522,926,0,0
BRDA:7522,926,1,0
BRDA:7530,927,0,0
BRDA:7530,927,1,0
BRDA:7538,928,0,0
BRDA:7538,928,1,0
BRDA:7542,929,0,0
BRDA:7542,929,1,0
BRDA:7543,930,0,0
BRDA:7543,930,1,0
BRDA:7544,931,0,0
BRDA:7544,931,1,0
BRDA:7555,932,0,0
BRDA:7555,932,1,0
BRDA:7555,932,2,0
BRDA:7565,933,0,0
BRDA:7565,933,1,0
BRDA:7565,934,0,0
BRDA:7565,934,1,0
BRDA:7576,935,0,0
BRDA:7576,935,1,0
BRDA:7578,936,0,0
BRDA:7578,936,1,0
BRDA:7582,937,0,0
BRDA:7582,937,1,0
BRDA:7583,938,0,0
BRDA:7583,938,1,0
BRDA:7590,939,0,0
BRDA:7590,939,1,0
BRDA:7601,940,0,0
BRDA:7601,940,1,0
BRDA:7611,941,0,0
BRDA:7611,941,1,0
BRDA:7628,942,0,0
BRDA:7628,942,1,0
BRDA:7626,943,0,0
BRDA:7626,943,1,0
BRDA:7626,943,2,0
BRDA:7636,944,0,0
BRDA:7636,944,1,0
BRDA:7638,945,0,0
BRDA:7638,945,1,0
BRDA:7640,946,0,0
BRDA:7640,946,1,0
BRDA:7639,947,0,0
BRDA:7639,947,1,0
BRDA:7645,948,0,0
BRDA:7645,948,1,0
BRDA:7654,949,0,0
BRDA:7654,949,1,0
BRDA:7656,950,0,0
BRDA:7656,950,1,0
BRDA:7658,951,0,0
BRDA:7658,951,1,0
BRDA:7660,952,0,0
BRDA:7660,952,1,0
BRDA:7669,953,0,0
BRDA:7669,953,1,0
BRDA:7680,954,0,0
BRDA:7680,954,1,0
BRDA:7714,955,0,0
BRDA:7714,955,1,0
BRDA:7716,956,0,0
BRDA:7716,956,1,0
BRDA:7715,957,0,0
BRDA:7715,957,1,0
BRDA:7739,958,0,0
BRDA:7739,958,1,0
BRDA:7748,959,0,0
BRDA:7748,959,1,0
BRDA:7755,960,0,0
BRDA:7755,960,1,0
BRDA:7758,961,0,0
BRDA:7758,961,1,0
BRDA:7771,962,0,0
BRDA:7771,962,1,0
BRDA:7771,963,0,0
BRDA:7771,963,1,0
BRDA:7807,964,0,0
BRDA:7807,964,1,0
BRDA:7815,965,0,0
BRDA:7815,965,1,0
BRDA:7819,966,0,0
BRDA:7819,966,1,0
BRDA:7828,967,0,0
BRDA:7828,967,1,0
BRDA:7829,968,0,0
BRDA:7829,968,1,0
BRDA:7832,969,0,0
BRDA:7832,969,1,0
BRDA:7832,970,0,0
BRDA:7832,970,1,0
BRDA:7835,971,0,0
BRDA:7835,971,1,0
BRDA:7845,972,0,0
BRDA:7845,972,1,0
BRDA:7841,973,0,0
BRDA:7841,973,1,0
BRDA:7841,973,2,0
BRDA:7846,974,0,0
BRDA:7846,974,1,0
BRDA:7846,974,2,0
BRDA:7846,974,3,0
BRDA:7846,974,4,0
BRDA:7846,974,5,0
BRDA:7857,975,0,0
BRDA:7857,975,1,0
BRDA:7865,976,0,0
BRDA:7865,976,1,0
BRDA:7866,977,0,0
BRDA:7866,977,1,0
BRDA:7922,978,0,0
BRDA:7922,978,1,0
BRDA:7923,979,0,0
BRDA:7923,979,1,0
BRDA:7923,980,0,0
BRDA:7923,980,1,0
BRDA:7926,981,0,0
BRDA:7926,981,1,0
BRDA:7935,982,0,0
BRDA:7935,982,1,0
BRDA:7943,983,0,0
BRDA:7943,983,1,0
BRDA:7957,984,0,0
BRDA:7957,984,1,0
BRDA:7957,985,0,0
BRDA:7957,985,1,0
BRDA:7958,986,0,0
BRDA:7958,986,1,0
BRDA:7958,986,2,0
BRDA:7974,987,0,0
BRDA:7974,987,1,0
BRDA:7980,988,0,0
BRDA:7980,988,1,0
BRDA:7980,988,2,0
BRDA:7980,988,3,0
BRDA:7980,988,4,0
BRDA:7996,989,0,0
BRDA:7996,989,1,0
BRDA:8000,990,0,0
BRDA:8000,990,1,0
BRDA:8009,991,0,0
BRDA:8009,991,1,0
BRDA:8024,992,0,0
BRDA:8024,992,1,0
BRDA:8028,993,0,0
BRDA:8028,993,1,0
BRDA:8042,994,0,0
BRDA:8042,994,1,0
BRDA:8042,995,0,0
BRDA:8042,995,1,0
BRDA:8069,996,0,0
BRDA:8069,996,1,0
BRDA:8076,997,0,0
BRDA:8076,997,1,0
BRDA:8082,998,0,0
BRDA:8082,998,1,0
BRDA:8084,999,0,0
BRDA:8084,999,1,0
BRDA:8084,999,2,0
BRF:2197
BRH:0
end_of_record
TN:
SF:/Users/Ben/Documents/Turing/Mod4/nasa-vues/dist/js/webpack:/src/App.vue?4241
FNF:0
FNH:0
DA:1,0
LF:1
LH:0
BRF:0
BRH:0
end_of_record
TN:
SF:/Users/Ben/Documents/Turing/Mod4/nasa-vues/dist/js/webpack:/src/App.vue?bff9
FNF:0
FNH:0
DA:9,0
DA:20,0
DA:21,0
LF:3
LH:0
BRF:0
BRH:0
end_of_record
TN:
SF:/Users/Ben/Documents/Turing/Mod4/nasa-vues/dist/js/webpack:/src/App.vue?d3ee
FNF:0
FNH:0
DA:1,0
LF:1
LH:0
BRDA:1,0,0,0
BRDA:1,0,1,0
BRF:2
BRH:0
end_of_record
TN:
SF:/Users/Ben/Documents/Turing/Mod4/nasa-vues/dist/js/webpack:/src/main.js
FN:7,(anonymous_22)
FNF:1
FNH:0
FNDA:0,(anonymous_22)
DA:4,0
DA:7,0
LF:2
LH:0
BRF:0
BRH:0
end_of_record
TN:
SF:/Users/Ben/Documents/Turing/Mod4/nasa-vues/dist/js/webpack:/src/assets/logo.png
FNF:0
FNH:0
DA:1,0
LF:1
LH:0
BRF:0
BRH:0
end_of_record
TN:
SF:/Users/Ben/Documents/Turing/Mod4/nasa-vues/dist/js/webpack:/src/components/HelloWorld.vue?4efa
FNF:0
FNH:0
DA:1,0
LF:1
LH:0
BRF:0
BRH:0
end_of_record
TN:
SF:/Users/Ben/Documents/Turing/Mod4/nasa-vues/dist/js/webpack:/src/components/HelloWorld.vue?997f
FNF:0
FNH:0
DA:1,0
LF:1
LH:0
BRF:0
BRH:0
end_of_record
TN:
SF:/Users/Ben/Documents/Turing/Mod4/nasa-vues/dist/js/webpack:/src/components/HelloWorld.vue?9ffc
FN:2,(anonymous_18)
FN:2,(anonymous_19)
FN:2,(anonymous_20)
FN:2,(anonymous_21)
FNF:4
FNH:0
FNDA:0,(anonymous_18)
FNDA:0,(anonymous_19)
FNDA:0,(anonymous_20)
FNDA:0,(anonymous_21)
DA:1,0
DA:2,0
LF:2
LH:0
BRDA:1,0,0,0
BRDA:1,0,1,0
BRDA:2,1,0,0
BRDA:2,1,1,0
BRDA:2,2,0,0
BRDA:2,2,1,0
BRDA:2,3,0,0
BRDA:2,3,1,0
BRDA:2,4,0,0
BRDA:2,4,1,0
BRF:10
BRH:0
end_of_record
TN:
SF:/Users/Ben/Documents/Turing/Mod4/nasa-vues/dist/js/webpack:/src/components/HelloWorld.vue?f177
FNF:0
FNH:0
DA:20,0
DA:21,0
LF:2
LH:0
BRF:0
BRH:0
end_of_record
TN:
SF:/Users/Ben/Documents/Turing/Mod4/nasa-vues/dist/js/webpack:/webpack/bootstrap
FN:2,t
FN:34,r
FN:64,a
FN:95,(anonymous_4)
FN:102,(anonymous_5)
FN:114,(anonymous_6)
FN:121,(anonymous_7)
FN:126,(anonymous_8)
FN:128,(anonymous_9)
FN:129,(anonymous_10)
FN:135,(anonymous_11)
FN:151,(anonymous_12)
FNF:12
FNH:0
FNDA:0,t
FNDA:0,r
FNDA:0,a
FNDA:0,(anonymous_4)
FNDA:0,(anonymous_5)
FNDA:0,(anonymous_6)
FNDA:0,(anonymous_7)
FNDA:0,(anonymous_8)
FNDA:0,(anonymous_9)
FNDA:0,(anonymous_10)
FNDA:0,(anonymous_11)
FNDA:0,(anonymous_12)
DA:10,0
DA:11,0
DA:17,0
DA:18,0
DA:22,0
DA:24,0
DA:25,0
DA:32,0
DA:36,0
DA:39,0
DA:40,0
DA:41,0
DA:43,0
DA:48,0
DA:52,0
DA:57,0
DA:61,0
DA:67,0
DA:68,0
DA:71,0
DA:84,0
DA:89,0
DA:96,0
DA:103,0
DA:116,0
DA:117,0
DA:118,0
DA:121,0
DA:122,0
DA:127,0
DA:128,0
DA:129,0
DA:131,0
DA:135,0
DA:140,0
DA:141,0
DA:142,0
DA:144,0
DA:145,0
DA:149,0
DA:151,0
LF:41
LH:0
BRDA:12,0,0,0
BRDA:12,0,1,0
BRDA:18,1,0,0
BRDA:18,1,1,0
BRDA:22,2,0,0
BRDA:22,2,1,0
BRDA:29,3,0,0
BRDA:29,3,1,0
BRDA:41,4,0,0
BRDA:41,4,1,0
BRDA:43,5,0,0
BRDA:43,5,1,0
BRDA:67,6,0,0
BRDA:67,6,1,0
BRDA:96,7,0,0
BRDA:96,7,1,0
BRDA:103,8,0,0
BRDA:103,8,1,0
BRDA:103,8,2,0
BRDA:116,9,0,0
BRDA:116,9,1,0
BRDA:115,10,0,0
BRDA:115,10,1,0
BRDA:117,11,0,0
BRDA:117,11,1,0
BRDA:117,12,0,0
BRDA:117,12,1,0
BRDA:117,12,2,0
BRDA:117,12,3,0
BRDA:121,13,0,0
BRDA:121,13,1,0
BRDA:121,14,0,0
BRDA:121,14,1,0
BRDA:128,15,0,0
BRDA:128,15,1,0
BRDA:127,16,0,0
BRDA:127,16,1,0
BRDA:140,17,0,0
BRDA:140,17,1,0
BRF:39
BRH:0
end_of_record
TN:
SF:/Users/Ben/Documents/Turing/Mod4/nasa-vues/src/components/NasaVues.vue
FN:42,(anonymous_1)
FN:48,(anonymous_2)
FN:54,(anonymous_3)
FNF:3
FNH:2
FNDA:1,(anonymous_1)
FNDA:3,(anonymous_2)
FNDA:0,(anonymous_3)
DA:31,1
DA:32,1
DA:37,3
DA:43,1
DA:44,1
DA:45,1
DA:46,1
DA:49,3
DA:50,3
DA:51,3
DA:52,3
DA:55,0
DA:59,3
LF:13
LH:12
BRF:0
BRH:0
end_of_record
TN:
SF:/Users/Ben/Documents/Turing/Mod4/nasa-vues/src/utils/apiCalls.js
FN:45,(anonymous_0)
FN:53,(anonymous_1)
FN:64,(anonymous_2)
FNF:3
FNH:2
FNDA:3,(anonymous_0)
FNDA:1,(anonymous_1)
FNDA:0,(anonymous_2)
DA:45,1
DA:46,3
DA:47,3
DA:48,3
DA:49,3
DA:50,3
DA:53,1
DA:54,1
DA:55,1
DA:56,1
DA:57,1
DA:58,8
DA:59,8
DA:61,1
DA:64,1
DA:65,0
LF:16
LH:15
BRF:0
BRH:0
end_of_record
TN:
SF:/Users/Ben/Documents/Turing/Mod4/nasa-vues/src/utils/apiKey.js
FNF:0
FNH:0
DA:1,0
LF:1
LH:0
BRF:0
BRH:0
end_of_record
TN:
SF:/Users/Ben/Documents/Turing/Mod4/nasa-vues/src/utils/mockAPOD.js
FNF:0
FNH:0
DA:1,0
LF:1
LH:0
BRF:0
BRH:0
end_of_record
TN:
SF:/Users/Ben/Documents/Turing/Mod4/nasa-vues/src/utils/mockDailys.js
FNF:0
FNH:0
DA:1,1
LF:1
LH:1
BRF:0
BRH:0
end_of_record
TN:
SF:/Users/Ben/Documents/Turing/Mod4/nasa-vues/src/utils/mockRover.js
FNF:0
FNH:0
DA:1,1
LF:1
LH:1
BRF:0
BRH:0
end_of_record
